[2024-10-20T16:08:13.972+0000] {processor.py:157} INFO - Started process (PID=70) to work on /opt/airflow/dags/covid_dag.py
[2024-10-20T16:08:13.974+0000] {processor.py:829} INFO - Processing file /opt/airflow/dags/covid_dag.py for tasks to queue
[2024-10-20T16:08:13.983+0000] {logging_mixin.py:154} INFO - [2024-10-20T16:08:13.983+0000] {dagbag.py:536} INFO - Filling up the DagBag from /opt/airflow/dags/covid_dag.py
[2024-10-20T16:08:16.717+0000] {processor.py:839} INFO - DAG(s) dict_keys(['covid_etl']) retrieved from /opt/airflow/dags/covid_dag.py
[2024-10-20T16:08:16.929+0000] {logging_mixin.py:154} INFO - [2024-10-20T16:08:16.928+0000] {dag.py:2941} INFO - Sync 1 DAGs
[2024-10-20T16:08:16.966+0000] {logging_mixin.py:154} INFO - [2024-10-20T16:08:16.966+0000] {dag.py:3722} INFO - Setting next_dagrun for covid_etl to 2024-10-20T00:00:00+00:00, run_after=2024-10-21T00:00:00+00:00
[2024-10-20T16:08:17.027+0000] {processor.py:179} INFO - Processing /opt/airflow/dags/covid_dag.py took 3.069 seconds
[2024-10-20T16:08:47.882+0000] {processor.py:157} INFO - Started process (PID=133) to work on /opt/airflow/dags/covid_dag.py
[2024-10-20T16:08:47.884+0000] {processor.py:829} INFO - Processing file /opt/airflow/dags/covid_dag.py for tasks to queue
[2024-10-20T16:08:47.886+0000] {logging_mixin.py:154} INFO - [2024-10-20T16:08:47.886+0000] {dagbag.py:536} INFO - Filling up the DagBag from /opt/airflow/dags/covid_dag.py
[2024-10-20T16:08:48.755+0000] {processor.py:839} INFO - DAG(s) dict_keys(['covid_etl']) retrieved from /opt/airflow/dags/covid_dag.py
[2024-10-20T16:08:48.800+0000] {logging_mixin.py:154} INFO - [2024-10-20T16:08:48.798+0000] {dag.py:2941} INFO - Sync 1 DAGs
[2024-10-20T16:08:48.838+0000] {logging_mixin.py:154} INFO - [2024-10-20T16:08:48.838+0000] {dag.py:3722} INFO - Setting next_dagrun for covid_etl to 2024-10-20T00:00:00+00:00, run_after=2024-10-21T00:00:00+00:00
[2024-10-20T16:08:48.882+0000] {processor.py:179} INFO - Processing /opt/airflow/dags/covid_dag.py took 1.003 seconds
[2024-10-20T16:09:19.580+0000] {processor.py:157} INFO - Started process (PID=200) to work on /opt/airflow/dags/covid_dag.py
[2024-10-20T16:09:19.582+0000] {processor.py:829} INFO - Processing file /opt/airflow/dags/covid_dag.py for tasks to queue
[2024-10-20T16:09:19.585+0000] {logging_mixin.py:154} INFO - [2024-10-20T16:09:19.585+0000] {dagbag.py:536} INFO - Filling up the DagBag from /opt/airflow/dags/covid_dag.py
[2024-10-20T16:09:20.405+0000] {processor.py:839} INFO - DAG(s) dict_keys(['covid_etl']) retrieved from /opt/airflow/dags/covid_dag.py
[2024-10-20T16:09:20.452+0000] {logging_mixin.py:154} INFO - [2024-10-20T16:09:20.450+0000] {dag.py:2941} INFO - Sync 1 DAGs
[2024-10-20T16:09:20.495+0000] {logging_mixin.py:154} INFO - [2024-10-20T16:09:20.495+0000] {dag.py:3722} INFO - Setting next_dagrun for covid_etl to 2024-10-20T00:00:00+00:00, run_after=2024-10-21T00:00:00+00:00
[2024-10-20T16:09:20.540+0000] {processor.py:179} INFO - Processing /opt/airflow/dags/covid_dag.py took 0.966 seconds
[2024-10-20T16:09:50.778+0000] {processor.py:157} INFO - Started process (PID=260) to work on /opt/airflow/dags/covid_dag.py
[2024-10-20T16:09:50.780+0000] {processor.py:829} INFO - Processing file /opt/airflow/dags/covid_dag.py for tasks to queue
[2024-10-20T16:09:50.784+0000] {logging_mixin.py:154} INFO - [2024-10-20T16:09:50.783+0000] {dagbag.py:536} INFO - Filling up the DagBag from /opt/airflow/dags/covid_dag.py
[2024-10-20T16:09:51.516+0000] {processor.py:839} INFO - DAG(s) dict_keys(['covid_etl']) retrieved from /opt/airflow/dags/covid_dag.py
[2024-10-20T16:09:51.545+0000] {logging_mixin.py:154} INFO - [2024-10-20T16:09:51.545+0000] {dag.py:2941} INFO - Sync 1 DAGs
[2024-10-20T16:09:51.584+0000] {logging_mixin.py:154} INFO - [2024-10-20T16:09:51.583+0000] {dag.py:3722} INFO - Setting next_dagrun for covid_etl to 2024-10-20T00:00:00+00:00, run_after=2024-10-21T00:00:00+00:00
[2024-10-20T16:09:51.618+0000] {processor.py:179} INFO - Processing /opt/airflow/dags/covid_dag.py took 0.844 seconds
[2024-10-20T16:10:21.852+0000] {processor.py:157} INFO - Started process (PID=316) to work on /opt/airflow/dags/covid_dag.py
[2024-10-20T16:10:21.854+0000] {processor.py:829} INFO - Processing file /opt/airflow/dags/covid_dag.py for tasks to queue
[2024-10-20T16:10:21.857+0000] {logging_mixin.py:154} INFO - [2024-10-20T16:10:21.857+0000] {dagbag.py:536} INFO - Filling up the DagBag from /opt/airflow/dags/covid_dag.py
[2024-10-20T16:10:22.588+0000] {processor.py:839} INFO - DAG(s) dict_keys(['covid_etl']) retrieved from /opt/airflow/dags/covid_dag.py
[2024-10-20T16:10:22.618+0000] {logging_mixin.py:154} INFO - [2024-10-20T16:10:22.617+0000] {dag.py:2941} INFO - Sync 1 DAGs
[2024-10-20T16:10:22.655+0000] {logging_mixin.py:154} INFO - [2024-10-20T16:10:22.655+0000] {dag.py:3722} INFO - Setting next_dagrun for covid_etl to 2024-10-20T00:00:00+00:00, run_after=2024-10-21T00:00:00+00:00
[2024-10-20T16:10:22.692+0000] {processor.py:179} INFO - Processing /opt/airflow/dags/covid_dag.py took 0.844 seconds
[2024-10-20T16:10:53.650+0000] {processor.py:157} INFO - Started process (PID=375) to work on /opt/airflow/dags/covid_dag.py
[2024-10-20T16:10:53.651+0000] {processor.py:829} INFO - Processing file /opt/airflow/dags/covid_dag.py for tasks to queue
[2024-10-20T16:10:53.655+0000] {logging_mixin.py:154} INFO - [2024-10-20T16:10:53.655+0000] {dagbag.py:536} INFO - Filling up the DagBag from /opt/airflow/dags/covid_dag.py
[2024-10-20T16:10:54.423+0000] {processor.py:839} INFO - DAG(s) dict_keys(['covid_etl']) retrieved from /opt/airflow/dags/covid_dag.py
[2024-10-20T16:10:54.459+0000] {logging_mixin.py:154} INFO - [2024-10-20T16:10:54.457+0000] {dag.py:2941} INFO - Sync 1 DAGs
[2024-10-20T16:10:54.507+0000] {logging_mixin.py:154} INFO - [2024-10-20T16:10:54.507+0000] {dag.py:3722} INFO - Setting next_dagrun for covid_etl to 2024-10-20T00:00:00+00:00, run_after=2024-10-21T00:00:00+00:00
[2024-10-20T16:10:54.555+0000] {processor.py:179} INFO - Processing /opt/airflow/dags/covid_dag.py took 0.911 seconds
[2024-10-20T16:10:57.163+0000] {processor.py:157} INFO - Started process (PID=404) to work on /opt/airflow/dags/covid_dag.py
[2024-10-20T16:10:57.164+0000] {processor.py:829} INFO - Processing file /opt/airflow/dags/covid_dag.py for tasks to queue
[2024-10-20T16:10:57.168+0000] {logging_mixin.py:154} INFO - [2024-10-20T16:10:57.167+0000] {dagbag.py:536} INFO - Filling up the DagBag from /opt/airflow/dags/covid_dag.py
[2024-10-20T16:10:57.972+0000] {processor.py:839} INFO - DAG(s) dict_keys(['covid_etl']) retrieved from /opt/airflow/dags/covid_dag.py
[2024-10-20T16:10:58.174+0000] {logging_mixin.py:154} INFO - [2024-10-20T16:10:58.173+0000] {dag.py:2941} INFO - Sync 1 DAGs
[2024-10-20T16:10:58.224+0000] {logging_mixin.py:154} INFO - [2024-10-20T16:10:58.223+0000] {dag.py:3722} INFO - Setting next_dagrun for covid_etl to 2024-10-20T00:00:00+00:00, run_after=2024-10-21T00:00:00+00:00
[2024-10-20T16:10:58.288+0000] {processor.py:179} INFO - Processing /opt/airflow/dags/covid_dag.py took 1.129 seconds
[2024-10-20T16:11:28.596+0000] {processor.py:157} INFO - Started process (PID=460) to work on /opt/airflow/dags/covid_dag.py
[2024-10-20T16:11:28.597+0000] {processor.py:829} INFO - Processing file /opt/airflow/dags/covid_dag.py for tasks to queue
[2024-10-20T16:11:28.601+0000] {logging_mixin.py:154} INFO - [2024-10-20T16:11:28.600+0000] {dagbag.py:536} INFO - Filling up the DagBag from /opt/airflow/dags/covid_dag.py
[2024-10-20T16:11:29.502+0000] {processor.py:839} INFO - DAG(s) dict_keys(['covid_etl']) retrieved from /opt/airflow/dags/covid_dag.py
[2024-10-20T16:11:29.571+0000] {logging_mixin.py:154} INFO - [2024-10-20T16:11:29.570+0000] {dag.py:2941} INFO - Sync 1 DAGs
[2024-10-20T16:11:29.661+0000] {logging_mixin.py:154} INFO - [2024-10-20T16:11:29.660+0000] {dag.py:3722} INFO - Setting next_dagrun for covid_etl to 2024-10-20T00:00:00+00:00, run_after=2024-10-21T00:00:00+00:00
[2024-10-20T16:11:29.716+0000] {processor.py:179} INFO - Processing /opt/airflow/dags/covid_dag.py took 1.124 seconds
[2024-10-20T16:25:07.400+0000] {processor.py:157} INFO - Started process (PID=70) to work on /opt/airflow/dags/covid_dag.py
[2024-10-20T16:25:07.403+0000] {processor.py:829} INFO - Processing file /opt/airflow/dags/covid_dag.py for tasks to queue
[2024-10-20T16:25:07.409+0000] {logging_mixin.py:154} INFO - [2024-10-20T16:25:07.408+0000] {dagbag.py:536} INFO - Filling up the DagBag from /opt/airflow/dags/covid_dag.py
[2024-10-20T16:25:09.727+0000] {logging_mixin.py:154} INFO - [2024-10-20T16:25:09.722+0000] {dagbag.py:346} ERROR - Failed to import: /opt/airflow/dags/covid_dag.py
Traceback (most recent call last):
  File "/home/airflow/.local/lib/python3.8/site-packages/airflow/models/dagbag.py", line 342, in parse
    loader.exec_module(new_module)
  File "<frozen importlib._bootstrap_external>", line 843, in exec_module
  File "<frozen importlib._bootstrap>", line 219, in _call_with_frames_removed
  File "/opt/airflow/dags/covid_dag.py", line 8, in <module>
    import pymysql
ModuleNotFoundError: No module named 'pymysql'
[2024-10-20T16:25:09.730+0000] {processor.py:841} WARNING - No viable dags retrieved from /opt/airflow/dags/covid_dag.py
[2024-10-20T16:25:09.761+0000] {processor.py:179} INFO - Processing /opt/airflow/dags/covid_dag.py took 2.368 seconds
[2024-10-20T16:25:39.846+0000] {processor.py:157} INFO - Started process (PID=129) to work on /opt/airflow/dags/covid_dag.py
[2024-10-20T16:25:39.849+0000] {processor.py:829} INFO - Processing file /opt/airflow/dags/covid_dag.py for tasks to queue
[2024-10-20T16:25:39.852+0000] {logging_mixin.py:154} INFO - [2024-10-20T16:25:39.852+0000] {dagbag.py:536} INFO - Filling up the DagBag from /opt/airflow/dags/covid_dag.py
[2024-10-20T16:25:41.095+0000] {logging_mixin.py:154} INFO - [2024-10-20T16:25:41.084+0000] {dagbag.py:346} ERROR - Failed to import: /opt/airflow/dags/covid_dag.py
Traceback (most recent call last):
  File "/home/airflow/.local/lib/python3.8/site-packages/airflow/models/dagbag.py", line 342, in parse
    loader.exec_module(new_module)
  File "<frozen importlib._bootstrap_external>", line 843, in exec_module
  File "<frozen importlib._bootstrap>", line 219, in _call_with_frames_removed
  File "/opt/airflow/dags/covid_dag.py", line 8, in <module>
    import pymysql
ModuleNotFoundError: No module named 'pymysql'
[2024-10-20T16:25:41.097+0000] {processor.py:841} WARNING - No viable dags retrieved from /opt/airflow/dags/covid_dag.py
[2024-10-20T16:25:41.133+0000] {processor.py:179} INFO - Processing /opt/airflow/dags/covid_dag.py took 1.293 seconds
[2024-10-20T16:26:11.262+0000] {processor.py:157} INFO - Started process (PID=185) to work on /opt/airflow/dags/covid_dag.py
[2024-10-20T16:26:11.263+0000] {processor.py:829} INFO - Processing file /opt/airflow/dags/covid_dag.py for tasks to queue
[2024-10-20T16:26:11.265+0000] {logging_mixin.py:154} INFO - [2024-10-20T16:26:11.265+0000] {dagbag.py:536} INFO - Filling up the DagBag from /opt/airflow/dags/covid_dag.py
[2024-10-20T16:26:12.095+0000] {logging_mixin.py:154} INFO - [2024-10-20T16:26:12.087+0000] {dagbag.py:346} ERROR - Failed to import: /opt/airflow/dags/covid_dag.py
Traceback (most recent call last):
  File "/home/airflow/.local/lib/python3.8/site-packages/airflow/models/dagbag.py", line 342, in parse
    loader.exec_module(new_module)
  File "<frozen importlib._bootstrap_external>", line 843, in exec_module
  File "<frozen importlib._bootstrap>", line 219, in _call_with_frames_removed
  File "/opt/airflow/dags/covid_dag.py", line 8, in <module>
    import pymysql
ModuleNotFoundError: No module named 'pymysql'
[2024-10-20T16:26:12.097+0000] {processor.py:841} WARNING - No viable dags retrieved from /opt/airflow/dags/covid_dag.py
[2024-10-20T16:26:12.134+0000] {processor.py:179} INFO - Processing /opt/airflow/dags/covid_dag.py took 0.878 seconds
[2024-10-20T16:27:55.360+0000] {processor.py:157} INFO - Started process (PID=63) to work on /opt/airflow/dags/covid_dag.py
[2024-10-20T16:27:55.361+0000] {processor.py:829} INFO - Processing file /opt/airflow/dags/covid_dag.py for tasks to queue
[2024-10-20T16:27:55.365+0000] {logging_mixin.py:154} INFO - [2024-10-20T16:27:55.364+0000] {dagbag.py:536} INFO - Filling up the DagBag from /opt/airflow/dags/covid_dag.py
[2024-10-20T16:27:56.885+0000] {logging_mixin.py:154} INFO - [2024-10-20T16:27:56.879+0000] {dagbag.py:346} ERROR - Failed to import: /opt/airflow/dags/covid_dag.py
Traceback (most recent call last):
  File "/home/airflow/.local/lib/python3.8/site-packages/airflow/models/dagbag.py", line 342, in parse
    loader.exec_module(new_module)
  File "<frozen importlib._bootstrap_external>", line 843, in exec_module
  File "<frozen importlib._bootstrap>", line 219, in _call_with_frames_removed
  File "/opt/airflow/dags/covid_dag.py", line 8, in <module>
    import pymysql
ModuleNotFoundError: No module named 'pymysql'
[2024-10-20T16:27:56.886+0000] {processor.py:841} WARNING - No viable dags retrieved from /opt/airflow/dags/covid_dag.py
[2024-10-20T16:27:56.914+0000] {processor.py:179} INFO - Processing /opt/airflow/dags/covid_dag.py took 1.557 seconds
[2024-10-20T16:28:27.212+0000] {processor.py:157} INFO - Started process (PID=128) to work on /opt/airflow/dags/covid_dag.py
[2024-10-20T16:28:27.213+0000] {processor.py:829} INFO - Processing file /opt/airflow/dags/covid_dag.py for tasks to queue
[2024-10-20T16:28:27.217+0000] {logging_mixin.py:154} INFO - [2024-10-20T16:28:27.216+0000] {dagbag.py:536} INFO - Filling up the DagBag from /opt/airflow/dags/covid_dag.py
[2024-10-20T16:28:28.289+0000] {logging_mixin.py:154} INFO - [2024-10-20T16:28:28.281+0000] {dagbag.py:346} ERROR - Failed to import: /opt/airflow/dags/covid_dag.py
Traceback (most recent call last):
  File "/home/airflow/.local/lib/python3.8/site-packages/airflow/models/dagbag.py", line 342, in parse
    loader.exec_module(new_module)
  File "<frozen importlib._bootstrap_external>", line 843, in exec_module
  File "<frozen importlib._bootstrap>", line 219, in _call_with_frames_removed
  File "/opt/airflow/dags/covid_dag.py", line 8, in <module>
    import pymysql
ModuleNotFoundError: No module named 'pymysql'
[2024-10-20T16:28:28.292+0000] {processor.py:841} WARNING - No viable dags retrieved from /opt/airflow/dags/covid_dag.py
[2024-10-20T16:28:28.323+0000] {processor.py:179} INFO - Processing /opt/airflow/dags/covid_dag.py took 1.115 seconds
[2024-10-20T16:28:58.577+0000] {processor.py:157} INFO - Started process (PID=192) to work on /opt/airflow/dags/covid_dag.py
[2024-10-20T16:28:58.578+0000] {processor.py:829} INFO - Processing file /opt/airflow/dags/covid_dag.py for tasks to queue
[2024-10-20T16:28:58.580+0000] {logging_mixin.py:154} INFO - [2024-10-20T16:28:58.580+0000] {dagbag.py:536} INFO - Filling up the DagBag from /opt/airflow/dags/covid_dag.py
[2024-10-20T16:28:59.121+0000] {logging_mixin.py:154} INFO - [2024-10-20T16:28:59.116+0000] {dagbag.py:346} ERROR - Failed to import: /opt/airflow/dags/covid_dag.py
Traceback (most recent call last):
  File "/home/airflow/.local/lib/python3.8/site-packages/airflow/models/dagbag.py", line 342, in parse
    loader.exec_module(new_module)
  File "<frozen importlib._bootstrap_external>", line 843, in exec_module
  File "<frozen importlib._bootstrap>", line 219, in _call_with_frames_removed
  File "/opt/airflow/dags/covid_dag.py", line 8, in <module>
    import pymysql
ModuleNotFoundError: No module named 'pymysql'
[2024-10-20T16:28:59.122+0000] {processor.py:841} WARNING - No viable dags retrieved from /opt/airflow/dags/covid_dag.py
[2024-10-20T16:28:59.144+0000] {processor.py:179} INFO - Processing /opt/airflow/dags/covid_dag.py took 0.570 seconds
[2024-10-20T16:29:29.586+0000] {processor.py:157} INFO - Started process (PID=248) to work on /opt/airflow/dags/covid_dag.py
[2024-10-20T16:29:29.587+0000] {processor.py:829} INFO - Processing file /opt/airflow/dags/covid_dag.py for tasks to queue
[2024-10-20T16:29:29.589+0000] {logging_mixin.py:154} INFO - [2024-10-20T16:29:29.589+0000] {dagbag.py:536} INFO - Filling up the DagBag from /opt/airflow/dags/covid_dag.py
[2024-10-20T16:29:30.085+0000] {logging_mixin.py:154} INFO - [2024-10-20T16:29:30.080+0000] {dagbag.py:346} ERROR - Failed to import: /opt/airflow/dags/covid_dag.py
Traceback (most recent call last):
  File "/home/airflow/.local/lib/python3.8/site-packages/airflow/models/dagbag.py", line 342, in parse
    loader.exec_module(new_module)
  File "<frozen importlib._bootstrap_external>", line 843, in exec_module
  File "<frozen importlib._bootstrap>", line 219, in _call_with_frames_removed
  File "/opt/airflow/dags/covid_dag.py", line 8, in <module>
    import pymysql
ModuleNotFoundError: No module named 'pymysql'
[2024-10-20T16:29:30.087+0000] {processor.py:841} WARNING - No viable dags retrieved from /opt/airflow/dags/covid_dag.py
[2024-10-20T16:29:30.107+0000] {processor.py:179} INFO - Processing /opt/airflow/dags/covid_dag.py took 0.525 seconds
[2024-10-20T16:29:34.742+0000] {processor.py:157} INFO - Started process (PID=287) to work on /opt/airflow/dags/covid_dag.py
[2024-10-20T16:29:34.743+0000] {processor.py:829} INFO - Processing file /opt/airflow/dags/covid_dag.py for tasks to queue
[2024-10-20T16:29:34.747+0000] {logging_mixin.py:154} INFO - [2024-10-20T16:29:34.746+0000] {dagbag.py:536} INFO - Filling up the DagBag from /opt/airflow/dags/covid_dag.py
[2024-10-20T16:29:35.228+0000] {logging_mixin.py:154} INFO - [2024-10-20T16:29:35.223+0000] {dagbag.py:346} ERROR - Failed to import: /opt/airflow/dags/covid_dag.py
Traceback (most recent call last):
  File "/home/airflow/.local/lib/python3.8/site-packages/airflow/models/dagbag.py", line 342, in parse
    loader.exec_module(new_module)
  File "<frozen importlib._bootstrap_external>", line 843, in exec_module
  File "<frozen importlib._bootstrap>", line 219, in _call_with_frames_removed
  File "/opt/airflow/dags/covid_dag.py", line 7, in <module>
    import pymysql
ModuleNotFoundError: No module named 'pymysql'
[2024-10-20T16:29:35.230+0000] {processor.py:841} WARNING - No viable dags retrieved from /opt/airflow/dags/covid_dag.py
[2024-10-20T16:29:35.250+0000] {processor.py:179} INFO - Processing /opt/airflow/dags/covid_dag.py took 0.511 seconds
[2024-10-20T16:30:59.454+0000] {processor.py:157} INFO - Started process (PID=81) to work on /opt/airflow/dags/covid_dag.py
[2024-10-20T16:30:59.455+0000] {processor.py:829} INFO - Processing file /opt/airflow/dags/covid_dag.py for tasks to queue
[2024-10-20T16:30:59.460+0000] {logging_mixin.py:154} INFO - [2024-10-20T16:30:59.459+0000] {dagbag.py:536} INFO - Filling up the DagBag from /opt/airflow/dags/covid_dag.py
[2024-10-20T16:31:01.018+0000] {processor.py:839} INFO - DAG(s) dict_keys(['covid_etl']) retrieved from /opt/airflow/dags/covid_dag.py
[2024-10-20T16:31:01.191+0000] {logging_mixin.py:154} INFO - [2024-10-20T16:31:01.190+0000] {dag.py:2941} INFO - Sync 1 DAGs
[2024-10-20T16:31:01.217+0000] {logging_mixin.py:154} INFO - [2024-10-20T16:31:01.217+0000] {dag.py:3722} INFO - Setting next_dagrun for covid_etl to 2024-10-20T00:00:00+00:00, run_after=2024-10-21T00:00:00+00:00
[2024-10-20T16:31:01.281+0000] {processor.py:179} INFO - Processing /opt/airflow/dags/covid_dag.py took 1.832 seconds
[2024-10-20T16:31:31.731+0000] {processor.py:157} INFO - Started process (PID=142) to work on /opt/airflow/dags/covid_dag.py
[2024-10-20T16:31:31.732+0000] {processor.py:829} INFO - Processing file /opt/airflow/dags/covid_dag.py for tasks to queue
[2024-10-20T16:31:31.734+0000] {logging_mixin.py:154} INFO - [2024-10-20T16:31:31.734+0000] {dagbag.py:536} INFO - Filling up the DagBag from /opt/airflow/dags/covid_dag.py
[2024-10-20T16:31:32.262+0000] {processor.py:839} INFO - DAG(s) dict_keys(['covid_etl']) retrieved from /opt/airflow/dags/covid_dag.py
[2024-10-20T16:31:32.283+0000] {logging_mixin.py:154} INFO - [2024-10-20T16:31:32.282+0000] {dag.py:2941} INFO - Sync 1 DAGs
[2024-10-20T16:31:32.308+0000] {logging_mixin.py:154} INFO - [2024-10-20T16:31:32.308+0000] {dag.py:3722} INFO - Setting next_dagrun for covid_etl to 2024-10-20T00:00:00+00:00, run_after=2024-10-21T00:00:00+00:00
[2024-10-20T16:31:32.338+0000] {processor.py:179} INFO - Processing /opt/airflow/dags/covid_dag.py took 0.609 seconds
[2024-10-20T16:32:02.509+0000] {processor.py:157} INFO - Started process (PID=205) to work on /opt/airflow/dags/covid_dag.py
[2024-10-20T16:32:02.510+0000] {processor.py:829} INFO - Processing file /opt/airflow/dags/covid_dag.py for tasks to queue
[2024-10-20T16:32:02.513+0000] {logging_mixin.py:154} INFO - [2024-10-20T16:32:02.512+0000] {dagbag.py:536} INFO - Filling up the DagBag from /opt/airflow/dags/covid_dag.py
[2024-10-20T16:32:03.157+0000] {processor.py:839} INFO - DAG(s) dict_keys(['covid_etl']) retrieved from /opt/airflow/dags/covid_dag.py
[2024-10-20T16:32:03.183+0000] {logging_mixin.py:154} INFO - [2024-10-20T16:32:03.183+0000] {dag.py:2941} INFO - Sync 1 DAGs
[2024-10-20T16:32:03.211+0000] {logging_mixin.py:154} INFO - [2024-10-20T16:32:03.211+0000] {dag.py:3722} INFO - Setting next_dagrun for covid_etl to 2024-10-20T00:00:00+00:00, run_after=2024-10-21T00:00:00+00:00
[2024-10-20T16:32:03.247+0000] {processor.py:179} INFO - Processing /opt/airflow/dags/covid_dag.py took 0.743 seconds
[2024-10-20T16:32:33.510+0000] {processor.py:157} INFO - Started process (PID=265) to work on /opt/airflow/dags/covid_dag.py
[2024-10-20T16:32:33.512+0000] {processor.py:829} INFO - Processing file /opt/airflow/dags/covid_dag.py for tasks to queue
[2024-10-20T16:32:33.515+0000] {logging_mixin.py:154} INFO - [2024-10-20T16:32:33.514+0000] {dagbag.py:536} INFO - Filling up the DagBag from /opt/airflow/dags/covid_dag.py
[2024-10-20T16:32:34.033+0000] {processor.py:839} INFO - DAG(s) dict_keys(['covid_etl']) retrieved from /opt/airflow/dags/covid_dag.py
[2024-10-20T16:32:34.065+0000] {logging_mixin.py:154} INFO - [2024-10-20T16:32:34.065+0000] {dag.py:2941} INFO - Sync 1 DAGs
[2024-10-20T16:32:34.096+0000] {logging_mixin.py:154} INFO - [2024-10-20T16:32:34.095+0000] {dag.py:3722} INFO - Setting next_dagrun for covid_etl to 2024-10-20T00:00:00+00:00, run_after=2024-10-21T00:00:00+00:00
[2024-10-20T16:32:34.127+0000] {processor.py:179} INFO - Processing /opt/airflow/dags/covid_dag.py took 0.620 seconds
[2024-10-20T16:33:04.816+0000] {processor.py:157} INFO - Started process (PID=323) to work on /opt/airflow/dags/covid_dag.py
[2024-10-20T16:33:04.817+0000] {processor.py:829} INFO - Processing file /opt/airflow/dags/covid_dag.py for tasks to queue
[2024-10-20T16:33:04.820+0000] {logging_mixin.py:154} INFO - [2024-10-20T16:33:04.819+0000] {dagbag.py:536} INFO - Filling up the DagBag from /opt/airflow/dags/covid_dag.py
[2024-10-20T16:33:05.304+0000] {processor.py:839} INFO - DAG(s) dict_keys(['covid_etl']) retrieved from /opt/airflow/dags/covid_dag.py
[2024-10-20T16:33:05.324+0000] {logging_mixin.py:154} INFO - [2024-10-20T16:33:05.324+0000] {dag.py:2941} INFO - Sync 1 DAGs
[2024-10-20T16:33:05.347+0000] {logging_mixin.py:154} INFO - [2024-10-20T16:33:05.347+0000] {dag.py:3722} INFO - Setting next_dagrun for covid_etl to 2024-10-20T00:00:00+00:00, run_after=2024-10-21T00:00:00+00:00
[2024-10-20T16:33:05.376+0000] {processor.py:179} INFO - Processing /opt/airflow/dags/covid_dag.py took 0.562 seconds
[2024-10-20T16:33:07.699+0000] {processor.py:157} INFO - Started process (PID=357) to work on /opt/airflow/dags/covid_dag.py
[2024-10-20T16:33:07.700+0000] {processor.py:829} INFO - Processing file /opt/airflow/dags/covid_dag.py for tasks to queue
[2024-10-20T16:33:07.702+0000] {logging_mixin.py:154} INFO - [2024-10-20T16:33:07.702+0000] {dagbag.py:536} INFO - Filling up the DagBag from /opt/airflow/dags/covid_dag.py
[2024-10-20T16:33:08.400+0000] {processor.py:839} INFO - DAG(s) dict_keys(['covid_etl']) retrieved from /opt/airflow/dags/covid_dag.py
[2024-10-20T16:33:08.420+0000] {logging_mixin.py:154} INFO - [2024-10-20T16:33:08.420+0000] {dag.py:2941} INFO - Sync 1 DAGs
[2024-10-20T16:33:08.443+0000] {logging_mixin.py:154} INFO - [2024-10-20T16:33:08.443+0000] {dag.py:3722} INFO - Setting next_dagrun for covid_etl to 2024-10-20T00:00:00+00:00, run_after=2024-10-21T00:00:00+00:00
[2024-10-20T16:33:08.474+0000] {processor.py:179} INFO - Processing /opt/airflow/dags/covid_dag.py took 0.778 seconds
[2024-10-20T16:34:23.338+0000] {processor.py:157} INFO - Started process (PID=82) to work on /opt/airflow/dags/covid_dag.py
[2024-10-20T16:34:23.340+0000] {processor.py:829} INFO - Processing file /opt/airflow/dags/covid_dag.py for tasks to queue
[2024-10-20T16:34:23.344+0000] {logging_mixin.py:154} INFO - [2024-10-20T16:34:23.343+0000] {dagbag.py:536} INFO - Filling up the DagBag from /opt/airflow/dags/covid_dag.py
[2024-10-20T16:34:24.889+0000] {processor.py:839} INFO - DAG(s) dict_keys(['covid_etl']) retrieved from /opt/airflow/dags/covid_dag.py
[2024-10-20T16:34:25.038+0000] {logging_mixin.py:154} INFO - [2024-10-20T16:34:25.037+0000] {dag.py:2941} INFO - Sync 1 DAGs
[2024-10-20T16:34:25.063+0000] {logging_mixin.py:154} INFO - [2024-10-20T16:34:25.063+0000] {dag.py:3722} INFO - Setting next_dagrun for covid_etl to 2024-10-20T00:00:00+00:00, run_after=2024-10-21T00:00:00+00:00
[2024-10-20T16:34:25.095+0000] {processor.py:179} INFO - Processing /opt/airflow/dags/covid_dag.py took 1.762 seconds
[2024-10-20T16:34:56.021+0000] {processor.py:157} INFO - Started process (PID=145) to work on /opt/airflow/dags/covid_dag.py
[2024-10-20T16:34:56.023+0000] {processor.py:829} INFO - Processing file /opt/airflow/dags/covid_dag.py for tasks to queue
[2024-10-20T16:34:56.026+0000] {logging_mixin.py:154} INFO - [2024-10-20T16:34:56.026+0000] {dagbag.py:536} INFO - Filling up the DagBag from /opt/airflow/dags/covid_dag.py
[2024-10-20T16:34:56.738+0000] {processor.py:839} INFO - DAG(s) dict_keys(['covid_etl']) retrieved from /opt/airflow/dags/covid_dag.py
[2024-10-20T16:34:56.780+0000] {logging_mixin.py:154} INFO - [2024-10-20T16:34:56.779+0000] {dag.py:2941} INFO - Sync 1 DAGs
[2024-10-20T16:34:56.822+0000] {logging_mixin.py:154} INFO - [2024-10-20T16:34:56.822+0000] {dag.py:3722} INFO - Setting next_dagrun for covid_etl to 2024-10-20T00:00:00+00:00, run_after=2024-10-21T00:00:00+00:00
[2024-10-20T16:34:56.866+0000] {processor.py:179} INFO - Processing /opt/airflow/dags/covid_dag.py took 0.849 seconds
[2024-10-20T16:35:27.513+0000] {processor.py:157} INFO - Started process (PID=211) to work on /opt/airflow/dags/covid_dag.py
[2024-10-20T16:35:27.514+0000] {processor.py:829} INFO - Processing file /opt/airflow/dags/covid_dag.py for tasks to queue
[2024-10-20T16:35:27.517+0000] {logging_mixin.py:154} INFO - [2024-10-20T16:35:27.516+0000] {dagbag.py:536} INFO - Filling up the DagBag from /opt/airflow/dags/covid_dag.py
[2024-10-20T16:35:28.028+0000] {processor.py:839} INFO - DAG(s) dict_keys(['covid_etl']) retrieved from /opt/airflow/dags/covid_dag.py
[2024-10-20T16:35:28.048+0000] {logging_mixin.py:154} INFO - [2024-10-20T16:35:28.048+0000] {dag.py:2941} INFO - Sync 1 DAGs
[2024-10-20T16:35:28.069+0000] {logging_mixin.py:154} INFO - [2024-10-20T16:35:28.069+0000] {dag.py:3722} INFO - Setting next_dagrun for covid_etl to 2024-10-20T00:00:00+00:00, run_after=2024-10-21T00:00:00+00:00
[2024-10-20T16:35:28.092+0000] {processor.py:179} INFO - Processing /opt/airflow/dags/covid_dag.py took 0.582 seconds
[2024-10-20T16:35:58.227+0000] {processor.py:157} INFO - Started process (PID=271) to work on /opt/airflow/dags/covid_dag.py
[2024-10-20T16:35:58.228+0000] {processor.py:829} INFO - Processing file /opt/airflow/dags/covid_dag.py for tasks to queue
[2024-10-20T16:35:58.230+0000] {logging_mixin.py:154} INFO - [2024-10-20T16:35:58.230+0000] {dagbag.py:536} INFO - Filling up the DagBag from /opt/airflow/dags/covid_dag.py
[2024-10-20T16:35:58.728+0000] {processor.py:839} INFO - DAG(s) dict_keys(['covid_etl']) retrieved from /opt/airflow/dags/covid_dag.py
[2024-10-20T16:35:58.750+0000] {logging_mixin.py:154} INFO - [2024-10-20T16:35:58.749+0000] {dag.py:2941} INFO - Sync 1 DAGs
[2024-10-20T16:35:58.772+0000] {logging_mixin.py:154} INFO - [2024-10-20T16:35:58.771+0000] {dag.py:3722} INFO - Setting next_dagrun for covid_etl to 2024-10-20T00:00:00+00:00, run_after=2024-10-21T00:00:00+00:00
[2024-10-20T16:35:58.796+0000] {processor.py:179} INFO - Processing /opt/airflow/dags/covid_dag.py took 0.571 seconds
[2024-10-20T16:36:28.873+0000] {processor.py:157} INFO - Started process (PID=331) to work on /opt/airflow/dags/covid_dag.py
[2024-10-20T16:36:28.874+0000] {processor.py:829} INFO - Processing file /opt/airflow/dags/covid_dag.py for tasks to queue
[2024-10-20T16:36:28.876+0000] {logging_mixin.py:154} INFO - [2024-10-20T16:36:28.876+0000] {dagbag.py:536} INFO - Filling up the DagBag from /opt/airflow/dags/covid_dag.py
[2024-10-20T16:36:29.326+0000] {processor.py:839} INFO - DAG(s) dict_keys(['covid_etl']) retrieved from /opt/airflow/dags/covid_dag.py
[2024-10-20T16:36:29.345+0000] {logging_mixin.py:154} INFO - [2024-10-20T16:36:29.344+0000] {dag.py:2941} INFO - Sync 1 DAGs
[2024-10-20T16:36:29.364+0000] {logging_mixin.py:154} INFO - [2024-10-20T16:36:29.364+0000] {dag.py:3722} INFO - Setting next_dagrun for covid_etl to 2024-10-20T00:00:00+00:00, run_after=2024-10-21T00:00:00+00:00
[2024-10-20T16:36:29.386+0000] {processor.py:179} INFO - Processing /opt/airflow/dags/covid_dag.py took 0.515 seconds
[2024-10-20T16:36:30.966+0000] {processor.py:157} INFO - Started process (PID=352) to work on /opt/airflow/dags/covid_dag.py
[2024-10-20T16:36:30.967+0000] {processor.py:829} INFO - Processing file /opt/airflow/dags/covid_dag.py for tasks to queue
[2024-10-20T16:36:30.970+0000] {logging_mixin.py:154} INFO - [2024-10-20T16:36:30.970+0000] {dagbag.py:536} INFO - Filling up the DagBag from /opt/airflow/dags/covid_dag.py
[2024-10-20T16:36:31.555+0000] {processor.py:839} INFO - DAG(s) dict_keys(['covid_etl']) retrieved from /opt/airflow/dags/covid_dag.py
[2024-10-20T16:36:31.578+0000] {logging_mixin.py:154} INFO - [2024-10-20T16:36:31.578+0000] {dag.py:2941} INFO - Sync 1 DAGs
[2024-10-20T16:36:31.601+0000] {logging_mixin.py:154} INFO - [2024-10-20T16:36:31.601+0000] {dag.py:3722} INFO - Setting next_dagrun for covid_etl to 2024-10-20T00:00:00+00:00, run_after=2024-10-21T00:00:00+00:00
[2024-10-20T16:36:31.638+0000] {processor.py:179} INFO - Processing /opt/airflow/dags/covid_dag.py took 0.674 seconds
[2024-10-20T16:37:01.828+0000] {processor.py:157} INFO - Started process (PID=412) to work on /opt/airflow/dags/covid_dag.py
[2024-10-20T16:37:01.830+0000] {processor.py:829} INFO - Processing file /opt/airflow/dags/covid_dag.py for tasks to queue
[2024-10-20T16:37:01.833+0000] {logging_mixin.py:154} INFO - [2024-10-20T16:37:01.833+0000] {dagbag.py:536} INFO - Filling up the DagBag from /opt/airflow/dags/covid_dag.py
[2024-10-20T16:37:02.302+0000] {processor.py:839} INFO - DAG(s) dict_keys(['covid_etl']) retrieved from /opt/airflow/dags/covid_dag.py
[2024-10-20T16:37:02.325+0000] {logging_mixin.py:154} INFO - [2024-10-20T16:37:02.325+0000] {dag.py:2941} INFO - Sync 1 DAGs
[2024-10-20T16:37:02.351+0000] {logging_mixin.py:154} INFO - [2024-10-20T16:37:02.351+0000] {dag.py:3722} INFO - Setting next_dagrun for covid_etl to 2024-10-20T00:00:00+00:00, run_after=2024-10-21T00:00:00+00:00
[2024-10-20T16:37:02.380+0000] {processor.py:179} INFO - Processing /opt/airflow/dags/covid_dag.py took 0.554 seconds
[2024-10-20T16:37:13.507+0000] {processor.py:157} INFO - Started process (PID=420) to work on /opt/airflow/dags/covid_dag.py
[2024-10-20T16:37:13.508+0000] {processor.py:829} INFO - Processing file /opt/airflow/dags/covid_dag.py for tasks to queue
[2024-10-20T16:37:13.512+0000] {logging_mixin.py:154} INFO - [2024-10-20T16:37:13.512+0000] {dagbag.py:536} INFO - Filling up the DagBag from /opt/airflow/dags/covid_dag.py
[2024-10-20T16:37:14.034+0000] {processor.py:839} INFO - DAG(s) dict_keys(['covid_etl']) retrieved from /opt/airflow/dags/covid_dag.py
[2024-10-20T16:37:14.064+0000] {logging_mixin.py:154} INFO - [2024-10-20T16:37:14.064+0000] {dag.py:2941} INFO - Sync 1 DAGs
[2024-10-20T16:37:14.097+0000] {logging_mixin.py:154} INFO - [2024-10-20T16:37:14.097+0000] {dag.py:3722} INFO - Setting next_dagrun for covid_etl to 2024-10-20T00:00:00+00:00, run_after=2024-10-21T00:00:00+00:00
[2024-10-20T16:37:14.136+0000] {processor.py:179} INFO - Processing /opt/airflow/dags/covid_dag.py took 0.632 seconds
[2024-10-20T16:37:16.033+0000] {processor.py:157} INFO - Started process (PID=422) to work on /opt/airflow/dags/covid_dag.py
[2024-10-20T16:37:16.034+0000] {processor.py:829} INFO - Processing file /opt/airflow/dags/covid_dag.py for tasks to queue
[2024-10-20T16:37:16.037+0000] {logging_mixin.py:154} INFO - [2024-10-20T16:37:16.036+0000] {dagbag.py:536} INFO - Filling up the DagBag from /opt/airflow/dags/covid_dag.py
[2024-10-20T16:37:16.511+0000] {processor.py:839} INFO - DAG(s) dict_keys(['covid_etl']) retrieved from /opt/airflow/dags/covid_dag.py
[2024-10-20T16:37:16.528+0000] {logging_mixin.py:154} INFO - [2024-10-20T16:37:16.528+0000] {dag.py:2941} INFO - Sync 1 DAGs
[2024-10-20T16:37:16.550+0000] {logging_mixin.py:154} INFO - [2024-10-20T16:37:16.549+0000] {dag.py:3722} INFO - Setting next_dagrun for covid_etl to 2024-10-20T00:00:00+00:00, run_after=2024-10-21T00:00:00+00:00
[2024-10-20T16:37:16.578+0000] {processor.py:179} INFO - Processing /opt/airflow/dags/covid_dag.py took 0.547 seconds
[2024-10-20T16:37:21.230+0000] {processor.py:157} INFO - Started process (PID=424) to work on /opt/airflow/dags/covid_dag.py
[2024-10-20T16:37:21.232+0000] {processor.py:829} INFO - Processing file /opt/airflow/dags/covid_dag.py for tasks to queue
[2024-10-20T16:37:21.234+0000] {logging_mixin.py:154} INFO - [2024-10-20T16:37:21.234+0000] {dagbag.py:536} INFO - Filling up the DagBag from /opt/airflow/dags/covid_dag.py
[2024-10-20T16:37:21.790+0000] {processor.py:839} INFO - DAG(s) dict_keys(['covid_etl']) retrieved from /opt/airflow/dags/covid_dag.py
[2024-10-20T16:37:21.809+0000] {logging_mixin.py:154} INFO - [2024-10-20T16:37:21.808+0000] {dag.py:2941} INFO - Sync 1 DAGs
[2024-10-20T16:37:21.832+0000] {logging_mixin.py:154} INFO - [2024-10-20T16:37:21.832+0000] {dag.py:3722} INFO - Setting next_dagrun for covid_etl to 2024-10-20T00:00:00+00:00, run_after=2024-10-21T00:00:00+00:00
[2024-10-20T16:37:21.862+0000] {processor.py:179} INFO - Processing /opt/airflow/dags/covid_dag.py took 0.634 seconds
[2024-10-20T16:37:23.670+0000] {processor.py:157} INFO - Started process (PID=426) to work on /opt/airflow/dags/covid_dag.py
[2024-10-20T16:37:23.671+0000] {processor.py:829} INFO - Processing file /opt/airflow/dags/covid_dag.py for tasks to queue
[2024-10-20T16:37:23.673+0000] {logging_mixin.py:154} INFO - [2024-10-20T16:37:23.673+0000] {dagbag.py:536} INFO - Filling up the DagBag from /opt/airflow/dags/covid_dag.py
[2024-10-20T16:37:24.199+0000] {processor.py:839} INFO - DAG(s) dict_keys(['covid_etl']) retrieved from /opt/airflow/dags/covid_dag.py
[2024-10-20T16:37:24.221+0000] {logging_mixin.py:154} INFO - [2024-10-20T16:37:24.220+0000] {dag.py:2941} INFO - Sync 1 DAGs
[2024-10-20T16:37:24.250+0000] {logging_mixin.py:154} INFO - [2024-10-20T16:37:24.250+0000] {dag.py:3722} INFO - Setting next_dagrun for covid_etl to 2024-10-20T00:00:00+00:00, run_after=2024-10-21T00:00:00+00:00
[2024-10-20T16:37:24.296+0000] {processor.py:179} INFO - Processing /opt/airflow/dags/covid_dag.py took 0.629 seconds
[2024-10-20T16:37:26.715+0000] {processor.py:157} INFO - Started process (PID=432) to work on /opt/airflow/dags/covid_dag.py
[2024-10-20T16:37:26.716+0000] {processor.py:829} INFO - Processing file /opt/airflow/dags/covid_dag.py for tasks to queue
[2024-10-20T16:37:26.719+0000] {logging_mixin.py:154} INFO - [2024-10-20T16:37:26.719+0000] {dagbag.py:536} INFO - Filling up the DagBag from /opt/airflow/dags/covid_dag.py
[2024-10-20T16:37:27.283+0000] {processor.py:839} INFO - DAG(s) dict_keys(['covid_etl']) retrieved from /opt/airflow/dags/covid_dag.py
[2024-10-20T16:37:27.312+0000] {logging_mixin.py:154} INFO - [2024-10-20T16:37:27.311+0000] {dag.py:2941} INFO - Sync 1 DAGs
[2024-10-20T16:37:27.343+0000] {logging_mixin.py:154} INFO - [2024-10-20T16:37:27.342+0000] {dag.py:3722} INFO - Setting next_dagrun for covid_etl to 2024-10-20T00:00:00+00:00, run_after=2024-10-21T00:00:00+00:00
[2024-10-20T16:37:27.370+0000] {processor.py:179} INFO - Processing /opt/airflow/dags/covid_dag.py took 0.660 seconds
[2024-10-20T16:37:43.106+0000] {processor.py:157} INFO - Started process (PID=484) to work on /opt/airflow/dags/covid_dag.py
[2024-10-20T16:37:43.107+0000] {processor.py:829} INFO - Processing file /opt/airflow/dags/covid_dag.py for tasks to queue
[2024-10-20T16:37:43.109+0000] {logging_mixin.py:154} INFO - [2024-10-20T16:37:43.109+0000] {dagbag.py:536} INFO - Filling up the DagBag from /opt/airflow/dags/covid_dag.py
[2024-10-20T16:37:43.632+0000] {processor.py:839} INFO - DAG(s) dict_keys(['covid_etl']) retrieved from /opt/airflow/dags/covid_dag.py
[2024-10-20T16:37:43.651+0000] {logging_mixin.py:154} INFO - [2024-10-20T16:37:43.650+0000] {dag.py:2941} INFO - Sync 1 DAGs
[2024-10-20T16:37:43.673+0000] {logging_mixin.py:154} INFO - [2024-10-20T16:37:43.673+0000] {dag.py:3722} INFO - Setting next_dagrun for covid_etl to 2024-10-20T00:00:00+00:00, run_after=2024-10-21T00:00:00+00:00
[2024-10-20T16:37:43.704+0000] {processor.py:179} INFO - Processing /opt/airflow/dags/covid_dag.py took 0.601 seconds
[2024-10-20T16:37:51.708+0000] {processor.py:157} INFO - Started process (PID=486) to work on /opt/airflow/dags/covid_dag.py
[2024-10-20T16:37:51.709+0000] {processor.py:829} INFO - Processing file /opt/airflow/dags/covid_dag.py for tasks to queue
[2024-10-20T16:37:51.712+0000] {logging_mixin.py:154} INFO - [2024-10-20T16:37:51.712+0000] {dagbag.py:536} INFO - Filling up the DagBag from /opt/airflow/dags/covid_dag.py
[2024-10-20T16:37:52.401+0000] {processor.py:839} INFO - DAG(s) dict_keys(['covid_etl']) retrieved from /opt/airflow/dags/covid_dag.py
[2024-10-20T16:37:52.498+0000] {logging_mixin.py:154} INFO - [2024-10-20T16:37:52.497+0000] {dag.py:2941} INFO - Sync 1 DAGs
[2024-10-20T16:37:52.520+0000] {logging_mixin.py:154} INFO - [2024-10-20T16:37:52.519+0000] {dag.py:3722} INFO - Setting next_dagrun for covid_etl to 2024-10-20T00:00:00+00:00, run_after=2024-10-21T00:00:00+00:00
[2024-10-20T16:37:52.552+0000] {processor.py:179} INFO - Processing /opt/airflow/dags/covid_dag.py took 0.849 seconds
[2024-10-20T16:37:55.622+0000] {processor.py:157} INFO - Started process (PID=488) to work on /opt/airflow/dags/covid_dag.py
[2024-10-20T16:37:55.623+0000] {processor.py:829} INFO - Processing file /opt/airflow/dags/covid_dag.py for tasks to queue
[2024-10-20T16:37:55.626+0000] {logging_mixin.py:154} INFO - [2024-10-20T16:37:55.625+0000] {dagbag.py:536} INFO - Filling up the DagBag from /opt/airflow/dags/covid_dag.py
[2024-10-20T16:37:56.094+0000] {processor.py:839} INFO - DAG(s) dict_keys(['covid_etl']) retrieved from /opt/airflow/dags/covid_dag.py
[2024-10-20T16:37:56.108+0000] {logging_mixin.py:154} INFO - [2024-10-20T16:37:56.107+0000] {dag.py:2941} INFO - Sync 1 DAGs
[2024-10-20T16:37:56.131+0000] {logging_mixin.py:154} INFO - [2024-10-20T16:37:56.131+0000] {dag.py:3722} INFO - Setting next_dagrun for covid_etl to 2024-10-20T00:00:00+00:00, run_after=2024-10-21T00:00:00+00:00
[2024-10-20T16:37:56.164+0000] {processor.py:179} INFO - Processing /opt/airflow/dags/covid_dag.py took 0.544 seconds
[2024-10-20T16:38:04.404+0000] {processor.py:157} INFO - Started process (PID=542) to work on /opt/airflow/dags/covid_dag.py
[2024-10-20T16:38:04.406+0000] {processor.py:829} INFO - Processing file /opt/airflow/dags/covid_dag.py for tasks to queue
[2024-10-20T16:38:04.409+0000] {logging_mixin.py:154} INFO - [2024-10-20T16:38:04.408+0000] {dagbag.py:536} INFO - Filling up the DagBag from /opt/airflow/dags/covid_dag.py
[2024-10-20T16:38:04.909+0000] {processor.py:839} INFO - DAG(s) dict_keys(['covid_etl']) retrieved from /opt/airflow/dags/covid_dag.py
[2024-10-20T16:38:04.922+0000] {logging_mixin.py:154} INFO - [2024-10-20T16:38:04.921+0000] {dag.py:2941} INFO - Sync 1 DAGs
[2024-10-20T16:38:04.945+0000] {logging_mixin.py:154} INFO - [2024-10-20T16:38:04.945+0000] {dag.py:3722} INFO - Setting next_dagrun for covid_etl to 2024-10-20T00:00:00+00:00, run_after=2024-10-21T00:00:00+00:00
[2024-10-20T16:38:04.971+0000] {processor.py:179} INFO - Processing /opt/airflow/dags/covid_dag.py took 0.570 seconds
[2024-10-20T16:38:06.461+0000] {processor.py:157} INFO - Started process (PID=546) to work on /opt/airflow/dags/covid_dag.py
[2024-10-20T16:38:06.463+0000] {processor.py:829} INFO - Processing file /opt/airflow/dags/covid_dag.py for tasks to queue
[2024-10-20T16:38:06.465+0000] {logging_mixin.py:154} INFO - [2024-10-20T16:38:06.465+0000] {dagbag.py:536} INFO - Filling up the DagBag from /opt/airflow/dags/covid_dag.py
[2024-10-20T16:38:07.002+0000] {processor.py:839} INFO - DAG(s) dict_keys(['covid_etl']) retrieved from /opt/airflow/dags/covid_dag.py
[2024-10-20T16:38:07.018+0000] {logging_mixin.py:154} INFO - [2024-10-20T16:38:07.018+0000] {dag.py:2941} INFO - Sync 1 DAGs
[2024-10-20T16:38:07.047+0000] {logging_mixin.py:154} INFO - [2024-10-20T16:38:07.046+0000] {dag.py:3722} INFO - Setting next_dagrun for covid_etl to 2024-10-20T00:00:00+00:00, run_after=2024-10-21T00:00:00+00:00
[2024-10-20T16:38:07.076+0000] {processor.py:179} INFO - Processing /opt/airflow/dags/covid_dag.py took 0.618 seconds
[2024-10-20T16:38:14.170+0000] {processor.py:157} INFO - Started process (PID=548) to work on /opt/airflow/dags/covid_dag.py
[2024-10-20T16:38:14.172+0000] {processor.py:829} INFO - Processing file /opt/airflow/dags/covid_dag.py for tasks to queue
[2024-10-20T16:38:14.174+0000] {logging_mixin.py:154} INFO - [2024-10-20T16:38:14.174+0000] {dagbag.py:536} INFO - Filling up the DagBag from /opt/airflow/dags/covid_dag.py
[2024-10-20T16:38:14.694+0000] {processor.py:839} INFO - DAG(s) dict_keys(['covid_etl']) retrieved from /opt/airflow/dags/covid_dag.py
[2024-10-20T16:38:14.710+0000] {logging_mixin.py:154} INFO - [2024-10-20T16:38:14.709+0000] {dag.py:2941} INFO - Sync 1 DAGs
[2024-10-20T16:38:14.737+0000] {logging_mixin.py:154} INFO - [2024-10-20T16:38:14.736+0000] {dag.py:3722} INFO - Setting next_dagrun for covid_etl to 2024-10-20T00:00:00+00:00, run_after=2024-10-21T00:00:00+00:00
[2024-10-20T16:38:14.769+0000] {processor.py:179} INFO - Processing /opt/airflow/dags/covid_dag.py took 0.604 seconds
[2024-10-20T16:39:42.756+0000] {processor.py:157} INFO - Started process (PID=82) to work on /opt/airflow/dags/covid_dag.py
[2024-10-20T16:39:42.759+0000] {processor.py:829} INFO - Processing file /opt/airflow/dags/covid_dag.py for tasks to queue
[2024-10-20T16:39:42.763+0000] {logging_mixin.py:154} INFO - [2024-10-20T16:39:42.763+0000] {dagbag.py:536} INFO - Filling up the DagBag from /opt/airflow/dags/covid_dag.py
[2024-10-20T16:39:44.397+0000] {processor.py:839} INFO - DAG(s) dict_keys(['covid_etl']) retrieved from /opt/airflow/dags/covid_dag.py
[2024-10-20T16:39:44.533+0000] {logging_mixin.py:154} INFO - [2024-10-20T16:39:44.533+0000] {dag.py:2941} INFO - Sync 1 DAGs
[2024-10-20T16:39:44.556+0000] {logging_mixin.py:154} INFO - [2024-10-20T16:39:44.556+0000] {dag.py:3722} INFO - Setting next_dagrun for covid_etl to 2024-10-20T00:00:00+00:00, run_after=2024-10-21T00:00:00+00:00
[2024-10-20T16:39:44.589+0000] {processor.py:179} INFO - Processing /opt/airflow/dags/covid_dag.py took 1.838 seconds
[2024-10-20T16:40:15.029+0000] {processor.py:157} INFO - Started process (PID=149) to work on /opt/airflow/dags/covid_dag.py
[2024-10-20T16:40:15.030+0000] {processor.py:829} INFO - Processing file /opt/airflow/dags/covid_dag.py for tasks to queue
[2024-10-20T16:40:15.032+0000] {logging_mixin.py:154} INFO - [2024-10-20T16:40:15.032+0000] {dagbag.py:536} INFO - Filling up the DagBag from /opt/airflow/dags/covid_dag.py
[2024-10-20T16:40:15.577+0000] {processor.py:839} INFO - DAG(s) dict_keys(['covid_etl']) retrieved from /opt/airflow/dags/covid_dag.py
[2024-10-20T16:40:15.597+0000] {logging_mixin.py:154} INFO - [2024-10-20T16:40:15.596+0000] {dag.py:2941} INFO - Sync 1 DAGs
[2024-10-20T16:40:15.620+0000] {logging_mixin.py:154} INFO - [2024-10-20T16:40:15.619+0000] {dag.py:3722} INFO - Setting next_dagrun for covid_etl to 2024-10-20T00:00:00+00:00, run_after=2024-10-21T00:00:00+00:00
[2024-10-20T16:40:15.644+0000] {processor.py:179} INFO - Processing /opt/airflow/dags/covid_dag.py took 0.618 seconds
[2024-10-20T16:40:45.809+0000] {processor.py:157} INFO - Started process (PID=210) to work on /opt/airflow/dags/covid_dag.py
[2024-10-20T16:40:45.812+0000] {processor.py:829} INFO - Processing file /opt/airflow/dags/covid_dag.py for tasks to queue
[2024-10-20T16:40:45.816+0000] {logging_mixin.py:154} INFO - [2024-10-20T16:40:45.816+0000] {dagbag.py:536} INFO - Filling up the DagBag from /opt/airflow/dags/covid_dag.py
[2024-10-20T16:40:46.373+0000] {processor.py:839} INFO - DAG(s) dict_keys(['covid_etl']) retrieved from /opt/airflow/dags/covid_dag.py
[2024-10-20T16:40:46.394+0000] {logging_mixin.py:154} INFO - [2024-10-20T16:40:46.394+0000] {dag.py:2941} INFO - Sync 1 DAGs
[2024-10-20T16:40:46.416+0000] {logging_mixin.py:154} INFO - [2024-10-20T16:40:46.415+0000] {dag.py:3722} INFO - Setting next_dagrun for covid_etl to 2024-10-20T00:00:00+00:00, run_after=2024-10-21T00:00:00+00:00
[2024-10-20T16:40:46.447+0000] {processor.py:179} INFO - Processing /opt/airflow/dags/covid_dag.py took 0.642 seconds
[2024-10-20T16:41:16.866+0000] {processor.py:157} INFO - Started process (PID=266) to work on /opt/airflow/dags/covid_dag.py
[2024-10-20T16:41:16.867+0000] {processor.py:829} INFO - Processing file /opt/airflow/dags/covid_dag.py for tasks to queue
[2024-10-20T16:41:16.869+0000] {logging_mixin.py:154} INFO - [2024-10-20T16:41:16.869+0000] {dagbag.py:536} INFO - Filling up the DagBag from /opt/airflow/dags/covid_dag.py
[2024-10-20T16:41:17.364+0000] {processor.py:839} INFO - DAG(s) dict_keys(['covid_etl']) retrieved from /opt/airflow/dags/covid_dag.py
[2024-10-20T16:41:17.386+0000] {logging_mixin.py:154} INFO - [2024-10-20T16:41:17.386+0000] {dag.py:2941} INFO - Sync 1 DAGs
[2024-10-20T16:41:17.407+0000] {logging_mixin.py:154} INFO - [2024-10-20T16:41:17.407+0000] {dag.py:3722} INFO - Setting next_dagrun for covid_etl to 2024-10-20T00:00:00+00:00, run_after=2024-10-21T00:00:00+00:00
[2024-10-20T16:41:17.433+0000] {processor.py:179} INFO - Processing /opt/airflow/dags/covid_dag.py took 0.570 seconds
[2024-10-20T16:41:30.947+0000] {processor.py:157} INFO - Started process (PID=306) to work on /opt/airflow/dags/covid_dag.py
[2024-10-20T16:41:30.948+0000] {processor.py:829} INFO - Processing file /opt/airflow/dags/covid_dag.py for tasks to queue
[2024-10-20T16:41:30.951+0000] {logging_mixin.py:154} INFO - [2024-10-20T16:41:30.950+0000] {dagbag.py:536} INFO - Filling up the DagBag from /opt/airflow/dags/covid_dag.py
[2024-10-20T16:41:31.486+0000] {processor.py:839} INFO - DAG(s) dict_keys(['covid_etl']) retrieved from /opt/airflow/dags/covid_dag.py
[2024-10-20T16:41:31.589+0000] {logging_mixin.py:154} INFO - [2024-10-20T16:41:31.588+0000] {dag.py:2941} INFO - Sync 1 DAGs
[2024-10-20T16:41:31.611+0000] {logging_mixin.py:154} INFO - [2024-10-20T16:41:31.610+0000] {dag.py:3722} INFO - Setting next_dagrun for covid_etl to 2024-10-20T00:00:00+00:00, run_after=2024-10-21T00:00:00+00:00
[2024-10-20T16:41:31.642+0000] {processor.py:179} INFO - Processing /opt/airflow/dags/covid_dag.py took 0.698 seconds
[2024-10-20T16:41:36.523+0000] {processor.py:157} INFO - Started process (PID=308) to work on /opt/airflow/dags/covid_dag.py
[2024-10-20T16:41:36.524+0000] {processor.py:829} INFO - Processing file /opt/airflow/dags/covid_dag.py for tasks to queue
[2024-10-20T16:41:36.527+0000] {logging_mixin.py:154} INFO - [2024-10-20T16:41:36.526+0000] {dagbag.py:536} INFO - Filling up the DagBag from /opt/airflow/dags/covid_dag.py
[2024-10-20T16:41:37.012+0000] {processor.py:839} INFO - DAG(s) dict_keys(['covid_etl']) retrieved from /opt/airflow/dags/covid_dag.py
[2024-10-20T16:41:37.024+0000] {logging_mixin.py:154} INFO - [2024-10-20T16:41:37.024+0000] {dag.py:2941} INFO - Sync 1 DAGs
[2024-10-20T16:41:37.049+0000] {logging_mixin.py:154} INFO - [2024-10-20T16:41:37.049+0000] {dag.py:3722} INFO - Setting next_dagrun for covid_etl to 2024-10-20T00:00:00+00:00, run_after=2024-10-21T00:00:00+00:00
[2024-10-20T16:41:37.081+0000] {processor.py:179} INFO - Processing /opt/airflow/dags/covid_dag.py took 0.563 seconds
[2024-10-20T16:42:41.942+0000] {processor.py:157} INFO - Started process (PID=82) to work on /opt/airflow/dags/covid_dag.py
[2024-10-20T16:42:41.944+0000] {processor.py:829} INFO - Processing file /opt/airflow/dags/covid_dag.py for tasks to queue
[2024-10-20T16:42:41.947+0000] {logging_mixin.py:154} INFO - [2024-10-20T16:42:41.946+0000] {dagbag.py:536} INFO - Filling up the DagBag from /opt/airflow/dags/covid_dag.py
[2024-10-20T16:42:43.322+0000] {processor.py:839} INFO - DAG(s) dict_keys(['covid_etl']) retrieved from /opt/airflow/dags/covid_dag.py
[2024-10-20T16:42:43.452+0000] {logging_mixin.py:154} INFO - [2024-10-20T16:42:43.451+0000] {dag.py:2941} INFO - Sync 1 DAGs
[2024-10-20T16:42:43.472+0000] {logging_mixin.py:154} INFO - [2024-10-20T16:42:43.472+0000] {dag.py:3722} INFO - Setting next_dagrun for covid_etl to 2024-10-20T00:00:00+00:00, run_after=2024-10-21T00:00:00+00:00
[2024-10-20T16:42:43.502+0000] {processor.py:179} INFO - Processing /opt/airflow/dags/covid_dag.py took 1.563 seconds
[2024-10-20T16:43:13.598+0000] {processor.py:157} INFO - Started process (PID=145) to work on /opt/airflow/dags/covid_dag.py
[2024-10-20T16:43:13.599+0000] {processor.py:829} INFO - Processing file /opt/airflow/dags/covid_dag.py for tasks to queue
[2024-10-20T16:43:13.602+0000] {logging_mixin.py:154} INFO - [2024-10-20T16:43:13.601+0000] {dagbag.py:536} INFO - Filling up the DagBag from /opt/airflow/dags/covid_dag.py
[2024-10-20T16:43:14.166+0000] {processor.py:839} INFO - DAG(s) dict_keys(['covid_etl']) retrieved from /opt/airflow/dags/covid_dag.py
[2024-10-20T16:43:14.189+0000] {logging_mixin.py:154} INFO - [2024-10-20T16:43:14.189+0000] {dag.py:2941} INFO - Sync 1 DAGs
[2024-10-20T16:43:14.214+0000] {logging_mixin.py:154} INFO - [2024-10-20T16:43:14.214+0000] {dag.py:3722} INFO - Setting next_dagrun for covid_etl to 2024-10-20T00:00:00+00:00, run_after=2024-10-21T00:00:00+00:00
[2024-10-20T16:43:14.239+0000] {processor.py:179} INFO - Processing /opt/airflow/dags/covid_dag.py took 0.645 seconds
[2024-10-20T16:43:44.760+0000] {processor.py:157} INFO - Started process (PID=201) to work on /opt/airflow/dags/covid_dag.py
[2024-10-20T16:43:44.760+0000] {processor.py:829} INFO - Processing file /opt/airflow/dags/covid_dag.py for tasks to queue
[2024-10-20T16:43:44.763+0000] {logging_mixin.py:154} INFO - [2024-10-20T16:43:44.762+0000] {dagbag.py:536} INFO - Filling up the DagBag from /opt/airflow/dags/covid_dag.py
[2024-10-20T16:43:45.218+0000] {processor.py:839} INFO - DAG(s) dict_keys(['covid_etl']) retrieved from /opt/airflow/dags/covid_dag.py
[2024-10-20T16:43:45.238+0000] {logging_mixin.py:154} INFO - [2024-10-20T16:43:45.237+0000] {dag.py:2941} INFO - Sync 1 DAGs
[2024-10-20T16:43:45.260+0000] {logging_mixin.py:154} INFO - [2024-10-20T16:43:45.260+0000] {dag.py:3722} INFO - Setting next_dagrun for covid_etl to 2024-10-20T00:00:00+00:00, run_after=2024-10-21T00:00:00+00:00
[2024-10-20T16:43:45.286+0000] {processor.py:179} INFO - Processing /opt/airflow/dags/covid_dag.py took 0.529 seconds
[2024-10-20T16:44:15.391+0000] {processor.py:157} INFO - Started process (PID=260) to work on /opt/airflow/dags/covid_dag.py
[2024-10-20T16:44:15.392+0000] {processor.py:829} INFO - Processing file /opt/airflow/dags/covid_dag.py for tasks to queue
[2024-10-20T16:44:15.395+0000] {logging_mixin.py:154} INFO - [2024-10-20T16:44:15.394+0000] {dagbag.py:536} INFO - Filling up the DagBag from /opt/airflow/dags/covid_dag.py
[2024-10-20T16:44:15.933+0000] {processor.py:839} INFO - DAG(s) dict_keys(['covid_etl']) retrieved from /opt/airflow/dags/covid_dag.py
[2024-10-20T16:44:15.953+0000] {logging_mixin.py:154} INFO - [2024-10-20T16:44:15.952+0000] {dag.py:2941} INFO - Sync 1 DAGs
[2024-10-20T16:44:15.978+0000] {logging_mixin.py:154} INFO - [2024-10-20T16:44:15.978+0000] {dag.py:3722} INFO - Setting next_dagrun for covid_etl to 2024-10-20T00:00:00+00:00, run_after=2024-10-21T00:00:00+00:00
[2024-10-20T16:44:16.003+0000] {processor.py:179} INFO - Processing /opt/airflow/dags/covid_dag.py took 0.614 seconds
[2024-10-20T16:44:46.384+0000] {processor.py:157} INFO - Started process (PID=320) to work on /opt/airflow/dags/covid_dag.py
[2024-10-20T16:44:46.386+0000] {processor.py:829} INFO - Processing file /opt/airflow/dags/covid_dag.py for tasks to queue
[2024-10-20T16:44:46.388+0000] {logging_mixin.py:154} INFO - [2024-10-20T16:44:46.388+0000] {dagbag.py:536} INFO - Filling up the DagBag from /opt/airflow/dags/covid_dag.py
[2024-10-20T16:44:46.899+0000] {processor.py:839} INFO - DAG(s) dict_keys(['covid_etl']) retrieved from /opt/airflow/dags/covid_dag.py
[2024-10-20T16:44:46.921+0000] {logging_mixin.py:154} INFO - [2024-10-20T16:44:46.920+0000] {dag.py:2941} INFO - Sync 1 DAGs
[2024-10-20T16:44:46.942+0000] {logging_mixin.py:154} INFO - [2024-10-20T16:44:46.942+0000] {dag.py:3722} INFO - Setting next_dagrun for covid_etl to 2024-10-20T00:00:00+00:00, run_after=2024-10-21T00:00:00+00:00
[2024-10-20T16:44:46.966+0000] {processor.py:179} INFO - Processing /opt/airflow/dags/covid_dag.py took 0.584 seconds
[2024-10-20T16:45:49.655+0000] {processor.py:157} INFO - Started process (PID=76) to work on /opt/airflow/dags/covid_dag.py
[2024-10-20T16:45:49.657+0000] {processor.py:829} INFO - Processing file /opt/airflow/dags/covid_dag.py for tasks to queue
[2024-10-20T16:45:49.662+0000] {logging_mixin.py:154} INFO - [2024-10-20T16:45:49.661+0000] {dagbag.py:536} INFO - Filling up the DagBag from /opt/airflow/dags/covid_dag.py
[2024-10-20T16:45:51.199+0000] {processor.py:839} INFO - DAG(s) dict_keys(['covid_etl']) retrieved from /opt/airflow/dags/covid_dag.py
[2024-10-20T16:45:51.437+0000] {logging_mixin.py:154} INFO - [2024-10-20T16:45:51.437+0000] {dag.py:2941} INFO - Sync 1 DAGs
[2024-10-20T16:45:51.495+0000] {logging_mixin.py:154} INFO - [2024-10-20T16:45:51.495+0000] {dag.py:3722} INFO - Setting next_dagrun for covid_etl to 2024-10-20T00:00:00+00:00, run_after=2024-10-21T00:00:00+00:00
[2024-10-20T16:45:51.917+0000] {logging_mixin.py:154} INFO - [2024-10-20T16:45:51.915+0000] {dagbag.py:644} ERROR - Failed to write serialized DAG: /opt/airflow/dags/covid_dag.py
Traceback (most recent call last):
  File "/home/airflow/.local/lib/python3.8/site-packages/airflow/models/dagbag.py", line 633, in _serialize_dag_capturing_errors
    dag_was_updated = SerializedDagModel.write_dag(
  File "/home/airflow/.local/lib/python3.8/site-packages/airflow/utils/session.py", line 76, in wrapper
    return func(*args, **kwargs)
  File "/home/airflow/.local/lib/python3.8/site-packages/airflow/models/serialized_dag.py", line 147, in write_dag
    if session.scalar(
  File "/home/airflow/.local/lib/python3.8/site-packages/sqlalchemy/orm/session.py", line 1747, in scalar
    return self.execute(
  File "/home/airflow/.local/lib/python3.8/site-packages/sqlalchemy/orm/session.py", line 1716, in execute
    conn = self._connection_for_bind(bind)
  File "/home/airflow/.local/lib/python3.8/site-packages/sqlalchemy/orm/session.py", line 1555, in _connection_for_bind
    return self._transaction._connection_for_bind(
  File "/home/airflow/.local/lib/python3.8/site-packages/sqlalchemy/orm/session.py", line 724, in _connection_for_bind
    self._assert_active()
  File "/home/airflow/.local/lib/python3.8/site-packages/sqlalchemy/orm/session.py", line 604, in _assert_active
    raise sa_exc.PendingRollbackError(
sqlalchemy.exc.PendingRollbackError: This Session's transaction has been rolled back due to a previous exception during flush. To begin a new transaction with this Session, first issue Session.rollback(). Original exception was: (psycopg2.errors.UniqueViolation) duplicate key value violates unique constraint "serialized_dag_pkey"
DETAIL:  Key (dag_id)=(covid_etl) already exists.

[SQL: INSERT INTO serialized_dag (dag_id, fileloc, fileloc_hash, data, data_compressed, last_updated, dag_hash, processor_subdir) VALUES (%(dag_id)s, %(fileloc)s, %(fileloc_hash)s, %(data)s, %(data_compressed)s, %(last_updated)s, %(dag_hash)s, %(processor_subdir)s)]
[parameters: {'dag_id': 'covid_etl', 'fileloc': '/opt/airflow/dags/covid_dag.py', 'fileloc_hash': 44801745251193866, 'data': '{"__version": 1, "dag": {"_description": "A simple ETL DAG for COVID-19 data", "default_args": {"__var": {"owner": "airflow", "depends_on_past": fals ... (2781 characters truncated) ... "admin", "db_pswd": "admin", "db_port": 3306, "data_path": "/opt/airflow/data/covid_cases_by_province.csv"}}], "dag_dependencies": [], "params": {}}}', 'data_compressed': None, 'last_updated': datetime.datetime(2024, 10, 20, 16, 45, 51, 224321, tzinfo=Timezone('UTC')), 'dag_hash': 'da3909e2a3b689b32442df4d12c2b513', 'processor_subdir': None}]
(Background on this error at: https://sqlalche.me/e/14/gkpj) (Background on this error at: https://sqlalche.me/e/14/7s2a)
[2024-10-20T16:45:51.919+0000] {logging_mixin.py:154} INFO - [2024-10-20T16:45:51.919+0000] {dag.py:2941} INFO - Sync 1 DAGs
[2024-10-20T16:45:51.920+0000] {processor.py:182} ERROR - Got an exception! Propagating...
Traceback (most recent call last):
  File "/home/airflow/.local/lib/python3.8/site-packages/airflow/dag_processing/processor.py", line 178, in _run_file_processor
    _handle_dag_file_processing()
  File "/home/airflow/.local/lib/python3.8/site-packages/airflow/dag_processing/processor.py", line 159, in _handle_dag_file_processing
    result: tuple[int, int] = dag_file_processor.process_file(
  File "/home/airflow/.local/lib/python3.8/site-packages/airflow/utils/session.py", line 79, in wrapper
    return func(*args, session=session, **kwargs)
  File "/home/airflow/.local/lib/python3.8/site-packages/airflow/dag_processing/processor.py", line 857, in process_file
    serialize_errors = DagFileProcessor.save_dag_to_db(
  File "/home/airflow/.local/lib/python3.8/site-packages/airflow/api_internal/internal_api_call.py", line 114, in wrapper
    return func(*args, **kwargs)
  File "/home/airflow/.local/lib/python3.8/site-packages/airflow/utils/session.py", line 79, in wrapper
    return func(*args, session=session, **kwargs)
  File "/home/airflow/.local/lib/python3.8/site-packages/airflow/dag_processing/processor.py", line 893, in save_dag_to_db
    import_errors = DagBag._sync_to_db(dags=dags, processor_subdir=dag_directory, session=session)
  File "/home/airflow/.local/lib/python3.8/site-packages/airflow/utils/session.py", line 76, in wrapper
    return func(*args, **kwargs)
  File "/home/airflow/.local/lib/python3.8/site-packages/airflow/models/dagbag.py", line 654, in _sync_to_db
    for attempt in run_with_db_retries(logger=log):
  File "/home/airflow/.local/lib/python3.8/site-packages/tenacity/__init__.py", line 347, in __iter__
    do = self.iter(retry_state=retry_state)
  File "/home/airflow/.local/lib/python3.8/site-packages/tenacity/__init__.py", line 314, in iter
    return fut.result()
  File "/usr/local/lib/python3.8/concurrent/futures/_base.py", line 437, in result
    return self.__get_result()
  File "/usr/local/lib/python3.8/concurrent/futures/_base.py", line 389, in __get_result
    raise self._exception
  File "/home/airflow/.local/lib/python3.8/site-packages/airflow/models/dagbag.py", line 668, in _sync_to_db
    DAG.bulk_write_to_db(dags.values(), processor_subdir=processor_subdir, session=session)
  File "/home/airflow/.local/lib/python3.8/site-packages/airflow/utils/session.py", line 76, in wrapper
    return func(*args, **kwargs)
  File "/home/airflow/.local/lib/python3.8/site-packages/airflow/models/dag.py", line 2953, in bulk_write_to_db
    orm_dags: list[DagModel] = session.scalars(query).unique().all()
  File "/home/airflow/.local/lib/python3.8/site-packages/sqlalchemy/orm/session.py", line 1778, in scalars
    return self.execute(
  File "/home/airflow/.local/lib/python3.8/site-packages/sqlalchemy/orm/session.py", line 1716, in execute
    conn = self._connection_for_bind(bind)
  File "/home/airflow/.local/lib/python3.8/site-packages/sqlalchemy/orm/session.py", line 1555, in _connection_for_bind
    return self._transaction._connection_for_bind(
  File "/home/airflow/.local/lib/python3.8/site-packages/sqlalchemy/orm/session.py", line 724, in _connection_for_bind
    self._assert_active()
  File "/home/airflow/.local/lib/python3.8/site-packages/sqlalchemy/orm/session.py", line 604, in _assert_active
    raise sa_exc.PendingRollbackError(
sqlalchemy.exc.PendingRollbackError: This Session's transaction has been rolled back due to a previous exception during flush. To begin a new transaction with this Session, first issue Session.rollback(). Original exception was: (psycopg2.errors.UniqueViolation) duplicate key value violates unique constraint "serialized_dag_pkey"
DETAIL:  Key (dag_id)=(covid_etl) already exists.

[SQL: INSERT INTO serialized_dag (dag_id, fileloc, fileloc_hash, data, data_compressed, last_updated, dag_hash, processor_subdir) VALUES (%(dag_id)s, %(fileloc)s, %(fileloc_hash)s, %(data)s, %(data_compressed)s, %(last_updated)s, %(dag_hash)s, %(processor_subdir)s)]
[parameters: {'dag_id': 'covid_etl', 'fileloc': '/opt/airflow/dags/covid_dag.py', 'fileloc_hash': 44801745251193866, 'data': '{"__version": 1, "dag": {"_description": "A simple ETL DAG for COVID-19 data", "default_args": {"__var": {"owner": "airflow", "depends_on_past": fals ... (2781 characters truncated) ... "admin", "db_pswd": "admin", "db_port": 3306, "data_path": "/opt/airflow/data/covid_cases_by_province.csv"}}], "dag_dependencies": [], "params": {}}}', 'data_compressed': None, 'last_updated': datetime.datetime(2024, 10, 20, 16, 45, 51, 224321, tzinfo=Timezone('UTC')), 'dag_hash': 'da3909e2a3b689b32442df4d12c2b513', 'processor_subdir': None}]
(Background on this error at: https://sqlalche.me/e/14/gkpj) (Background on this error at: https://sqlalche.me/e/14/7s2a)
[2024-10-20T16:46:22.241+0000] {processor.py:157} INFO - Started process (PID=143) to work on /opt/airflow/dags/covid_dag.py
[2024-10-20T16:46:22.242+0000] {processor.py:829} INFO - Processing file /opt/airflow/dags/covid_dag.py for tasks to queue
[2024-10-20T16:46:22.244+0000] {logging_mixin.py:154} INFO - [2024-10-20T16:46:22.244+0000] {dagbag.py:536} INFO - Filling up the DagBag from /opt/airflow/dags/covid_dag.py
[2024-10-20T16:46:22.702+0000] {processor.py:839} INFO - DAG(s) dict_keys(['covid_etl']) retrieved from /opt/airflow/dags/covid_dag.py
[2024-10-20T16:46:22.801+0000] {logging_mixin.py:154} INFO - [2024-10-20T16:46:22.801+0000] {dag.py:2941} INFO - Sync 1 DAGs
[2024-10-20T16:46:22.821+0000] {logging_mixin.py:154} INFO - [2024-10-20T16:46:22.821+0000] {dag.py:3722} INFO - Setting next_dagrun for covid_etl to 2024-10-20T00:00:00+00:00, run_after=2024-10-21T00:00:00+00:00
[2024-10-20T16:46:22.844+0000] {processor.py:179} INFO - Processing /opt/airflow/dags/covid_dag.py took 0.607 seconds
[2024-10-20T16:47:54.462+0000] {processor.py:157} INFO - Started process (PID=83) to work on /opt/airflow/dags/covid_dag.py
[2024-10-20T16:47:54.463+0000] {processor.py:829} INFO - Processing file /opt/airflow/dags/covid_dag.py for tasks to queue
[2024-10-20T16:47:54.465+0000] {logging_mixin.py:154} INFO - [2024-10-20T16:47:54.465+0000] {dagbag.py:536} INFO - Filling up the DagBag from /opt/airflow/dags/covid_dag.py
[2024-10-20T16:47:55.831+0000] {processor.py:839} INFO - DAG(s) dict_keys(['covid_etl']) retrieved from /opt/airflow/dags/covid_dag.py
[2024-10-20T16:47:56.114+0000] {logging_mixin.py:154} INFO - [2024-10-20T16:47:56.114+0000] {dag.py:2941} INFO - Sync 1 DAGs
[2024-10-20T16:47:56.141+0000] {logging_mixin.py:154} INFO - [2024-10-20T16:47:56.141+0000] {dag.py:3722} INFO - Setting next_dagrun for covid_etl to 2024-10-20T00:00:00+00:00, run_after=2024-10-21T00:00:00+00:00
[2024-10-20T16:47:56.175+0000] {processor.py:179} INFO - Processing /opt/airflow/dags/covid_dag.py took 1.719 seconds
[2024-10-20T16:48:26.486+0000] {processor.py:157} INFO - Started process (PID=141) to work on /opt/airflow/dags/covid_dag.py
[2024-10-20T16:48:26.488+0000] {processor.py:829} INFO - Processing file /opt/airflow/dags/covid_dag.py for tasks to queue
[2024-10-20T16:48:26.490+0000] {logging_mixin.py:154} INFO - [2024-10-20T16:48:26.490+0000] {dagbag.py:536} INFO - Filling up the DagBag from /opt/airflow/dags/covid_dag.py
[2024-10-20T16:48:26.960+0000] {processor.py:839} INFO - DAG(s) dict_keys(['covid_etl']) retrieved from /opt/airflow/dags/covid_dag.py
[2024-10-20T16:48:26.978+0000] {logging_mixin.py:154} INFO - [2024-10-20T16:48:26.978+0000] {dag.py:2941} INFO - Sync 1 DAGs
[2024-10-20T16:48:26.999+0000] {logging_mixin.py:154} INFO - [2024-10-20T16:48:26.999+0000] {dag.py:3722} INFO - Setting next_dagrun for covid_etl to 2024-10-20T00:00:00+00:00, run_after=2024-10-21T00:00:00+00:00
[2024-10-20T16:48:27.022+0000] {processor.py:179} INFO - Processing /opt/airflow/dags/covid_dag.py took 0.539 seconds
[2024-10-20T16:58:36.575+0000] {processor.py:157} INFO - Started process (PID=90) to work on /opt/airflow/dags/covid_dag.py
[2024-10-20T16:58:36.577+0000] {processor.py:829} INFO - Processing file /opt/airflow/dags/covid_dag.py for tasks to queue
[2024-10-20T16:58:36.579+0000] {logging_mixin.py:154} INFO - [2024-10-20T16:58:36.579+0000] {dagbag.py:536} INFO - Filling up the DagBag from /opt/airflow/dags/covid_dag.py
[2024-10-20T16:58:37.794+0000] {processor.py:839} INFO - DAG(s) dict_keys(['covid_etl']) retrieved from /opt/airflow/dags/covid_dag.py
[2024-10-20T16:58:37.841+0000] {logging_mixin.py:154} INFO - [2024-10-20T16:58:37.840+0000] {dag.py:2941} INFO - Sync 1 DAGs
[2024-10-20T16:58:37.871+0000] {logging_mixin.py:154} INFO - [2024-10-20T16:58:37.870+0000] {dag.py:3722} INFO - Setting next_dagrun for covid_etl to 2024-10-20T00:00:00+00:00, run_after=2024-10-21T00:00:00+00:00
[2024-10-20T16:58:37.897+0000] {processor.py:179} INFO - Processing /opt/airflow/dags/covid_dag.py took 1.325 seconds
[2024-10-20T17:00:33.067+0000] {processor.py:157} INFO - Started process (PID=83) to work on /opt/airflow/dags/covid_dag.py
[2024-10-20T17:00:33.069+0000] {processor.py:829} INFO - Processing file /opt/airflow/dags/covid_dag.py for tasks to queue
[2024-10-20T17:00:33.071+0000] {logging_mixin.py:154} INFO - [2024-10-20T17:00:33.071+0000] {dagbag.py:536} INFO - Filling up the DagBag from /opt/airflow/dags/covid_dag.py
[2024-10-20T17:00:34.831+0000] {processor.py:839} INFO - DAG(s) dict_keys(['covid_etl']) retrieved from /opt/airflow/dags/covid_dag.py
[2024-10-20T17:00:35.164+0000] {logging_mixin.py:154} INFO - [2024-10-20T17:00:35.164+0000] {dag.py:2941} INFO - Sync 1 DAGs
[2024-10-20T17:00:35.207+0000] {logging_mixin.py:154} INFO - [2024-10-20T17:00:35.206+0000] {dag.py:3722} INFO - Setting next_dagrun for covid_etl to 2024-10-20T00:00:00+00:00, run_after=2024-10-21T00:00:00+00:00
[2024-10-20T17:00:35.259+0000] {processor.py:179} INFO - Processing /opt/airflow/dags/covid_dag.py took 2.195 seconds
[2024-10-20T17:01:05.409+0000] {processor.py:157} INFO - Started process (PID=145) to work on /opt/airflow/dags/covid_dag.py
[2024-10-20T17:01:05.410+0000] {processor.py:829} INFO - Processing file /opt/airflow/dags/covid_dag.py for tasks to queue
[2024-10-20T17:01:05.412+0000] {logging_mixin.py:154} INFO - [2024-10-20T17:01:05.412+0000] {dagbag.py:536} INFO - Filling up the DagBag from /opt/airflow/dags/covid_dag.py
[2024-10-20T17:01:05.827+0000] {processor.py:839} INFO - DAG(s) dict_keys(['covid_etl']) retrieved from /opt/airflow/dags/covid_dag.py
[2024-10-20T17:01:05.843+0000] {logging_mixin.py:154} INFO - [2024-10-20T17:01:05.842+0000] {dag.py:2941} INFO - Sync 1 DAGs
[2024-10-20T17:01:05.865+0000] {logging_mixin.py:154} INFO - [2024-10-20T17:01:05.864+0000] {dag.py:3722} INFO - Setting next_dagrun for covid_etl to 2024-10-20T00:00:00+00:00, run_after=2024-10-21T00:00:00+00:00
[2024-10-20T17:01:05.886+0000] {processor.py:179} INFO - Processing /opt/airflow/dags/covid_dag.py took 0.479 seconds
[2024-10-20T17:01:36.076+0000] {processor.py:157} INFO - Started process (PID=203) to work on /opt/airflow/dags/covid_dag.py
[2024-10-20T17:01:36.077+0000] {processor.py:829} INFO - Processing file /opt/airflow/dags/covid_dag.py for tasks to queue
[2024-10-20T17:01:36.078+0000] {logging_mixin.py:154} INFO - [2024-10-20T17:01:36.077+0000] {dagbag.py:536} INFO - Filling up the DagBag from /opt/airflow/dags/covid_dag.py
[2024-10-20T17:01:36.523+0000] {processor.py:839} INFO - DAG(s) dict_keys(['covid_etl']) retrieved from /opt/airflow/dags/covid_dag.py
[2024-10-20T17:01:36.541+0000] {logging_mixin.py:154} INFO - [2024-10-20T17:01:36.541+0000] {dag.py:2941} INFO - Sync 1 DAGs
[2024-10-20T17:01:36.567+0000] {logging_mixin.py:154} INFO - [2024-10-20T17:01:36.567+0000] {dag.py:3722} INFO - Setting next_dagrun for covid_etl to 2024-10-20T00:00:00+00:00, run_after=2024-10-21T00:00:00+00:00
[2024-10-20T17:01:36.590+0000] {processor.py:179} INFO - Processing /opt/airflow/dags/covid_dag.py took 0.518 seconds
[2024-10-20T17:02:07.127+0000] {processor.py:157} INFO - Started process (PID=265) to work on /opt/airflow/dags/covid_dag.py
[2024-10-20T17:02:07.128+0000] {processor.py:829} INFO - Processing file /opt/airflow/dags/covid_dag.py for tasks to queue
[2024-10-20T17:02:07.129+0000] {logging_mixin.py:154} INFO - [2024-10-20T17:02:07.129+0000] {dagbag.py:536} INFO - Filling up the DagBag from /opt/airflow/dags/covid_dag.py
[2024-10-20T17:02:07.590+0000] {processor.py:839} INFO - DAG(s) dict_keys(['covid_etl']) retrieved from /opt/airflow/dags/covid_dag.py
[2024-10-20T17:02:07.609+0000] {logging_mixin.py:154} INFO - [2024-10-20T17:02:07.609+0000] {dag.py:2941} INFO - Sync 1 DAGs
[2024-10-20T17:02:07.630+0000] {logging_mixin.py:154} INFO - [2024-10-20T17:02:07.630+0000] {dag.py:3722} INFO - Setting next_dagrun for covid_etl to 2024-10-20T00:00:00+00:00, run_after=2024-10-21T00:00:00+00:00
[2024-10-20T17:02:07.666+0000] {processor.py:179} INFO - Processing /opt/airflow/dags/covid_dag.py took 0.542 seconds
[2024-10-20T17:02:38.117+0000] {processor.py:157} INFO - Started process (PID=323) to work on /opt/airflow/dags/covid_dag.py
[2024-10-20T17:02:38.118+0000] {processor.py:829} INFO - Processing file /opt/airflow/dags/covid_dag.py for tasks to queue
[2024-10-20T17:02:38.119+0000] {logging_mixin.py:154} INFO - [2024-10-20T17:02:38.118+0000] {dagbag.py:536} INFO - Filling up the DagBag from /opt/airflow/dags/covid_dag.py
[2024-10-20T17:02:38.517+0000] {processor.py:839} INFO - DAG(s) dict_keys(['covid_etl']) retrieved from /opt/airflow/dags/covid_dag.py
[2024-10-20T17:02:38.534+0000] {logging_mixin.py:154} INFO - [2024-10-20T17:02:38.534+0000] {dag.py:2941} INFO - Sync 1 DAGs
[2024-10-20T17:02:38.553+0000] {logging_mixin.py:154} INFO - [2024-10-20T17:02:38.553+0000] {dag.py:3722} INFO - Setting next_dagrun for covid_etl to 2024-10-20T00:00:00+00:00, run_after=2024-10-21T00:00:00+00:00
[2024-10-20T17:02:38.572+0000] {processor.py:179} INFO - Processing /opt/airflow/dags/covid_dag.py took 0.458 seconds
[2024-10-20T17:03:08.884+0000] {processor.py:157} INFO - Started process (PID=388) to work on /opt/airflow/dags/covid_dag.py
[2024-10-20T17:03:08.886+0000] {processor.py:829} INFO - Processing file /opt/airflow/dags/covid_dag.py for tasks to queue
[2024-10-20T17:03:08.888+0000] {logging_mixin.py:154} INFO - [2024-10-20T17:03:08.887+0000] {dagbag.py:536} INFO - Filling up the DagBag from /opt/airflow/dags/covid_dag.py
[2024-10-20T17:03:09.389+0000] {processor.py:839} INFO - DAG(s) dict_keys(['covid_etl']) retrieved from /opt/airflow/dags/covid_dag.py
[2024-10-20T17:03:09.406+0000] {logging_mixin.py:154} INFO - [2024-10-20T17:03:09.405+0000] {dag.py:2941} INFO - Sync 1 DAGs
[2024-10-20T17:03:09.429+0000] {logging_mixin.py:154} INFO - [2024-10-20T17:03:09.429+0000] {dag.py:3722} INFO - Setting next_dagrun for covid_etl to 2024-10-20T00:00:00+00:00, run_after=2024-10-21T00:00:00+00:00
[2024-10-20T17:03:09.449+0000] {processor.py:179} INFO - Processing /opt/airflow/dags/covid_dag.py took 0.570 seconds
[2024-10-20T17:03:39.718+0000] {processor.py:157} INFO - Started process (PID=450) to work on /opt/airflow/dags/covid_dag.py
[2024-10-20T17:03:39.718+0000] {processor.py:829} INFO - Processing file /opt/airflow/dags/covid_dag.py for tasks to queue
[2024-10-20T17:03:39.720+0000] {logging_mixin.py:154} INFO - [2024-10-20T17:03:39.719+0000] {dagbag.py:536} INFO - Filling up the DagBag from /opt/airflow/dags/covid_dag.py
[2024-10-20T17:03:40.103+0000] {processor.py:839} INFO - DAG(s) dict_keys(['covid_etl']) retrieved from /opt/airflow/dags/covid_dag.py
[2024-10-20T17:03:40.119+0000] {logging_mixin.py:154} INFO - [2024-10-20T17:03:40.118+0000] {dag.py:2941} INFO - Sync 1 DAGs
[2024-10-20T17:03:40.136+0000] {logging_mixin.py:154} INFO - [2024-10-20T17:03:40.136+0000] {dag.py:3722} INFO - Setting next_dagrun for covid_etl to 2024-10-20T00:00:00+00:00, run_after=2024-10-21T00:00:00+00:00
[2024-10-20T17:03:40.154+0000] {processor.py:179} INFO - Processing /opt/airflow/dags/covid_dag.py took 0.439 seconds
[2024-10-20T17:04:10.336+0000] {processor.py:157} INFO - Started process (PID=508) to work on /opt/airflow/dags/covid_dag.py
[2024-10-20T17:04:10.337+0000] {processor.py:829} INFO - Processing file /opt/airflow/dags/covid_dag.py for tasks to queue
[2024-10-20T17:04:10.338+0000] {logging_mixin.py:154} INFO - [2024-10-20T17:04:10.338+0000] {dagbag.py:536} INFO - Filling up the DagBag from /opt/airflow/dags/covid_dag.py
[2024-10-20T17:04:10.862+0000] {processor.py:839} INFO - DAG(s) dict_keys(['covid_etl']) retrieved from /opt/airflow/dags/covid_dag.py
[2024-10-20T17:04:10.882+0000] {logging_mixin.py:154} INFO - [2024-10-20T17:04:10.881+0000] {dag.py:2941} INFO - Sync 1 DAGs
[2024-10-20T17:04:10.906+0000] {logging_mixin.py:154} INFO - [2024-10-20T17:04:10.906+0000] {dag.py:3722} INFO - Setting next_dagrun for covid_etl to 2024-10-20T00:00:00+00:00, run_after=2024-10-21T00:00:00+00:00
[2024-10-20T17:04:10.932+0000] {processor.py:179} INFO - Processing /opt/airflow/dags/covid_dag.py took 0.599 seconds
[2024-10-20T17:04:41.535+0000] {processor.py:157} INFO - Started process (PID=566) to work on /opt/airflow/dags/covid_dag.py
[2024-10-20T17:04:41.536+0000] {processor.py:829} INFO - Processing file /opt/airflow/dags/covid_dag.py for tasks to queue
[2024-10-20T17:04:41.537+0000] {logging_mixin.py:154} INFO - [2024-10-20T17:04:41.537+0000] {dagbag.py:536} INFO - Filling up the DagBag from /opt/airflow/dags/covid_dag.py
[2024-10-20T17:04:42.141+0000] {processor.py:839} INFO - DAG(s) dict_keys(['covid_etl']) retrieved from /opt/airflow/dags/covid_dag.py
[2024-10-20T17:04:42.165+0000] {logging_mixin.py:154} INFO - [2024-10-20T17:04:42.165+0000] {dag.py:2941} INFO - Sync 1 DAGs
[2024-10-20T17:04:42.191+0000] {logging_mixin.py:154} INFO - [2024-10-20T17:04:42.191+0000] {dag.py:3722} INFO - Setting next_dagrun for covid_etl to 2024-10-20T00:00:00+00:00, run_after=2024-10-21T00:00:00+00:00
[2024-10-20T17:04:42.216+0000] {processor.py:179} INFO - Processing /opt/airflow/dags/covid_dag.py took 0.683 seconds
[2024-10-20T17:05:12.381+0000] {processor.py:157} INFO - Started process (PID=629) to work on /opt/airflow/dags/covid_dag.py
[2024-10-20T17:05:12.382+0000] {processor.py:829} INFO - Processing file /opt/airflow/dags/covid_dag.py for tasks to queue
[2024-10-20T17:05:12.383+0000] {logging_mixin.py:154} INFO - [2024-10-20T17:05:12.383+0000] {dagbag.py:536} INFO - Filling up the DagBag from /opt/airflow/dags/covid_dag.py
[2024-10-20T17:05:12.880+0000] {processor.py:839} INFO - DAG(s) dict_keys(['covid_etl']) retrieved from /opt/airflow/dags/covid_dag.py
[2024-10-20T17:05:12.900+0000] {logging_mixin.py:154} INFO - [2024-10-20T17:05:12.899+0000] {dag.py:2941} INFO - Sync 1 DAGs
[2024-10-20T17:05:12.921+0000] {logging_mixin.py:154} INFO - [2024-10-20T17:05:12.921+0000] {dag.py:3722} INFO - Setting next_dagrun for covid_etl to 2024-10-20T00:00:00+00:00, run_after=2024-10-21T00:00:00+00:00
[2024-10-20T17:05:12.942+0000] {processor.py:179} INFO - Processing /opt/airflow/dags/covid_dag.py took 0.564 seconds
[2024-10-20T17:05:43.132+0000] {processor.py:157} INFO - Started process (PID=691) to work on /opt/airflow/dags/covid_dag.py
[2024-10-20T17:05:43.134+0000] {processor.py:829} INFO - Processing file /opt/airflow/dags/covid_dag.py for tasks to queue
[2024-10-20T17:05:43.137+0000] {logging_mixin.py:154} INFO - [2024-10-20T17:05:43.136+0000] {dagbag.py:536} INFO - Filling up the DagBag from /opt/airflow/dags/covid_dag.py
[2024-10-20T17:05:43.764+0000] {processor.py:839} INFO - DAG(s) dict_keys(['covid_etl']) retrieved from /opt/airflow/dags/covid_dag.py
[2024-10-20T17:05:43.783+0000] {logging_mixin.py:154} INFO - [2024-10-20T17:05:43.782+0000] {dag.py:2941} INFO - Sync 1 DAGs
[2024-10-20T17:05:43.807+0000] {logging_mixin.py:154} INFO - [2024-10-20T17:05:43.807+0000] {dag.py:3722} INFO - Setting next_dagrun for covid_etl to 2024-10-20T00:00:00+00:00, run_after=2024-10-21T00:00:00+00:00
[2024-10-20T17:05:43.827+0000] {processor.py:179} INFO - Processing /opt/airflow/dags/covid_dag.py took 0.699 seconds
[2024-10-20T17:06:14.107+0000] {processor.py:157} INFO - Started process (PID=761) to work on /opt/airflow/dags/covid_dag.py
[2024-10-20T17:06:14.108+0000] {processor.py:829} INFO - Processing file /opt/airflow/dags/covid_dag.py for tasks to queue
[2024-10-20T17:06:14.110+0000] {logging_mixin.py:154} INFO - [2024-10-20T17:06:14.109+0000] {dagbag.py:536} INFO - Filling up the DagBag from /opt/airflow/dags/covid_dag.py
[2024-10-20T17:06:14.587+0000] {processor.py:839} INFO - DAG(s) dict_keys(['covid_etl']) retrieved from /opt/airflow/dags/covid_dag.py
[2024-10-20T17:06:14.605+0000] {logging_mixin.py:154} INFO - [2024-10-20T17:06:14.604+0000] {dag.py:2941} INFO - Sync 1 DAGs
[2024-10-20T17:06:14.626+0000] {logging_mixin.py:154} INFO - [2024-10-20T17:06:14.626+0000] {dag.py:3722} INFO - Setting next_dagrun for covid_etl to 2024-10-20T00:00:00+00:00, run_after=2024-10-21T00:00:00+00:00
[2024-10-20T17:06:14.648+0000] {processor.py:179} INFO - Processing /opt/airflow/dags/covid_dag.py took 0.544 seconds
[2024-10-20T17:06:44.891+0000] {processor.py:157} INFO - Started process (PID=818) to work on /opt/airflow/dags/covid_dag.py
[2024-10-20T17:06:44.892+0000] {processor.py:829} INFO - Processing file /opt/airflow/dags/covid_dag.py for tasks to queue
[2024-10-20T17:06:44.893+0000] {logging_mixin.py:154} INFO - [2024-10-20T17:06:44.892+0000] {dagbag.py:536} INFO - Filling up the DagBag from /opt/airflow/dags/covid_dag.py
[2024-10-20T17:06:45.389+0000] {processor.py:839} INFO - DAG(s) dict_keys(['covid_etl']) retrieved from /opt/airflow/dags/covid_dag.py
[2024-10-20T17:06:45.416+0000] {logging_mixin.py:154} INFO - [2024-10-20T17:06:45.415+0000] {dag.py:2941} INFO - Sync 1 DAGs
[2024-10-20T17:06:45.438+0000] {logging_mixin.py:154} INFO - [2024-10-20T17:06:45.437+0000] {dag.py:3722} INFO - Setting next_dagrun for covid_etl to 2024-10-20T00:00:00+00:00, run_after=2024-10-21T00:00:00+00:00
[2024-10-20T17:06:45.461+0000] {processor.py:179} INFO - Processing /opt/airflow/dags/covid_dag.py took 0.573 seconds
[2024-10-20T17:07:15.585+0000] {processor.py:157} INFO - Started process (PID=891) to work on /opt/airflow/dags/covid_dag.py
[2024-10-20T17:07:15.586+0000] {processor.py:829} INFO - Processing file /opt/airflow/dags/covid_dag.py for tasks to queue
[2024-10-20T17:07:15.587+0000] {logging_mixin.py:154} INFO - [2024-10-20T17:07:15.586+0000] {dagbag.py:536} INFO - Filling up the DagBag from /opt/airflow/dags/covid_dag.py
[2024-10-20T17:07:16.201+0000] {processor.py:839} INFO - DAG(s) dict_keys(['covid_etl']) retrieved from /opt/airflow/dags/covid_dag.py
[2024-10-20T17:07:16.218+0000] {logging_mixin.py:154} INFO - [2024-10-20T17:07:16.218+0000] {dag.py:2941} INFO - Sync 1 DAGs
[2024-10-20T17:07:16.237+0000] {logging_mixin.py:154} INFO - [2024-10-20T17:07:16.236+0000] {dag.py:3722} INFO - Setting next_dagrun for covid_etl to 2024-10-20T00:00:00+00:00, run_after=2024-10-21T00:00:00+00:00
[2024-10-20T17:07:16.257+0000] {processor.py:179} INFO - Processing /opt/airflow/dags/covid_dag.py took 0.675 seconds
[2024-10-20T17:07:46.844+0000] {processor.py:157} INFO - Started process (PID=967) to work on /opt/airflow/dags/covid_dag.py
[2024-10-20T17:07:46.845+0000] {processor.py:829} INFO - Processing file /opt/airflow/dags/covid_dag.py for tasks to queue
[2024-10-20T17:07:46.848+0000] {logging_mixin.py:154} INFO - [2024-10-20T17:07:46.847+0000] {dagbag.py:536} INFO - Filling up the DagBag from /opt/airflow/dags/covid_dag.py
[2024-10-20T17:07:47.517+0000] {processor.py:839} INFO - DAG(s) dict_keys(['covid_etl']) retrieved from /opt/airflow/dags/covid_dag.py
[2024-10-20T17:07:47.538+0000] {logging_mixin.py:154} INFO - [2024-10-20T17:07:47.538+0000] {dag.py:2941} INFO - Sync 1 DAGs
[2024-10-20T17:07:47.566+0000] {logging_mixin.py:154} INFO - [2024-10-20T17:07:47.565+0000] {dag.py:3722} INFO - Setting next_dagrun for covid_etl to 2024-10-20T00:00:00+00:00, run_after=2024-10-21T00:00:00+00:00
[2024-10-20T17:07:47.595+0000] {processor.py:179} INFO - Processing /opt/airflow/dags/covid_dag.py took 0.755 seconds
[2024-10-20T17:08:57.916+0000] {processor.py:157} INFO - Started process (PID=76) to work on /opt/airflow/dags/covid_dag.py
[2024-10-20T17:08:57.919+0000] {processor.py:829} INFO - Processing file /opt/airflow/dags/covid_dag.py for tasks to queue
[2024-10-20T17:08:57.927+0000] {logging_mixin.py:154} INFO - [2024-10-20T17:08:57.926+0000] {dagbag.py:536} INFO - Filling up the DagBag from /opt/airflow/dags/covid_dag.py
[2024-10-20T17:09:00.068+0000] {processor.py:839} INFO - DAG(s) dict_keys(['covid_etl']) retrieved from /opt/airflow/dags/covid_dag.py
[2024-10-20T17:09:00.293+0000] {logging_mixin.py:154} INFO - [2024-10-20T17:09:00.293+0000] {dag.py:2941} INFO - Sync 1 DAGs
[2024-10-20T17:09:00.322+0000] {logging_mixin.py:154} INFO - [2024-10-20T17:09:00.321+0000] {dag.py:3722} INFO - Setting next_dagrun for covid_etl to 2024-10-20T00:00:00+00:00, run_after=2024-10-21T00:00:00+00:00
[2024-10-20T17:09:00.351+0000] {processor.py:179} INFO - Processing /opt/airflow/dags/covid_dag.py took 2.447 seconds
[2024-10-20T17:09:31.049+0000] {processor.py:157} INFO - Started process (PID=142) to work on /opt/airflow/dags/covid_dag.py
[2024-10-20T17:09:31.050+0000] {processor.py:829} INFO - Processing file /opt/airflow/dags/covid_dag.py for tasks to queue
[2024-10-20T17:09:31.052+0000] {logging_mixin.py:154} INFO - [2024-10-20T17:09:31.052+0000] {dagbag.py:536} INFO - Filling up the DagBag from /opt/airflow/dags/covid_dag.py
[2024-10-20T17:09:31.528+0000] {processor.py:839} INFO - DAG(s) dict_keys(['covid_etl']) retrieved from /opt/airflow/dags/covid_dag.py
[2024-10-20T17:09:31.551+0000] {logging_mixin.py:154} INFO - [2024-10-20T17:09:31.550+0000] {dag.py:2941} INFO - Sync 1 DAGs
[2024-10-20T17:09:31.601+0000] {logging_mixin.py:154} INFO - [2024-10-20T17:09:31.601+0000] {dag.py:3722} INFO - Setting next_dagrun for covid_etl to 2024-10-20T00:00:00+00:00, run_after=2024-10-21T00:00:00+00:00
[2024-10-20T17:09:31.642+0000] {processor.py:179} INFO - Processing /opt/airflow/dags/covid_dag.py took 0.596 seconds
[2024-10-20T17:10:01.843+0000] {processor.py:157} INFO - Started process (PID=200) to work on /opt/airflow/dags/covid_dag.py
[2024-10-20T17:10:01.844+0000] {processor.py:829} INFO - Processing file /opt/airflow/dags/covid_dag.py for tasks to queue
[2024-10-20T17:10:01.848+0000] {logging_mixin.py:154} INFO - [2024-10-20T17:10:01.847+0000] {dagbag.py:536} INFO - Filling up the DagBag from /opt/airflow/dags/covid_dag.py
[2024-10-20T17:10:02.428+0000] {processor.py:839} INFO - DAG(s) dict_keys(['covid_etl']) retrieved from /opt/airflow/dags/covid_dag.py
[2024-10-20T17:10:02.455+0000] {logging_mixin.py:154} INFO - [2024-10-20T17:10:02.454+0000] {dag.py:2941} INFO - Sync 1 DAGs
[2024-10-20T17:10:02.481+0000] {logging_mixin.py:154} INFO - [2024-10-20T17:10:02.481+0000] {dag.py:3722} INFO - Setting next_dagrun for covid_etl to 2024-10-20T00:00:00+00:00, run_after=2024-10-21T00:00:00+00:00
[2024-10-20T17:10:02.517+0000] {processor.py:179} INFO - Processing /opt/airflow/dags/covid_dag.py took 0.678 seconds
[2024-10-20T17:10:32.791+0000] {processor.py:157} INFO - Started process (PID=258) to work on /opt/airflow/dags/covid_dag.py
[2024-10-20T17:10:32.792+0000] {processor.py:829} INFO - Processing file /opt/airflow/dags/covid_dag.py for tasks to queue
[2024-10-20T17:10:32.794+0000] {logging_mixin.py:154} INFO - [2024-10-20T17:10:32.794+0000] {dagbag.py:536} INFO - Filling up the DagBag from /opt/airflow/dags/covid_dag.py
[2024-10-20T17:10:33.189+0000] {processor.py:839} INFO - DAG(s) dict_keys(['covid_etl']) retrieved from /opt/airflow/dags/covid_dag.py
[2024-10-20T17:10:33.207+0000] {logging_mixin.py:154} INFO - [2024-10-20T17:10:33.206+0000] {dag.py:2941} INFO - Sync 1 DAGs
[2024-10-20T17:10:33.226+0000] {logging_mixin.py:154} INFO - [2024-10-20T17:10:33.226+0000] {dag.py:3722} INFO - Setting next_dagrun for covid_etl to 2024-10-20T00:00:00+00:00, run_after=2024-10-21T00:00:00+00:00
[2024-10-20T17:10:33.249+0000] {processor.py:179} INFO - Processing /opt/airflow/dags/covid_dag.py took 0.462 seconds
[2024-10-20T17:11:03.542+0000] {processor.py:157} INFO - Started process (PID=316) to work on /opt/airflow/dags/covid_dag.py
[2024-10-20T17:11:03.543+0000] {processor.py:829} INFO - Processing file /opt/airflow/dags/covid_dag.py for tasks to queue
[2024-10-20T17:11:03.545+0000] {logging_mixin.py:154} INFO - [2024-10-20T17:11:03.545+0000] {dagbag.py:536} INFO - Filling up the DagBag from /opt/airflow/dags/covid_dag.py
[2024-10-20T17:11:04.037+0000] {processor.py:839} INFO - DAG(s) dict_keys(['covid_etl']) retrieved from /opt/airflow/dags/covid_dag.py
[2024-10-20T17:11:04.057+0000] {logging_mixin.py:154} INFO - [2024-10-20T17:11:04.057+0000] {dag.py:2941} INFO - Sync 1 DAGs
[2024-10-20T17:11:04.078+0000] {logging_mixin.py:154} INFO - [2024-10-20T17:11:04.078+0000] {dag.py:3722} INFO - Setting next_dagrun for covid_etl to 2024-10-20T00:00:00+00:00, run_after=2024-10-21T00:00:00+00:00
[2024-10-20T17:11:04.101+0000] {processor.py:179} INFO - Processing /opt/airflow/dags/covid_dag.py took 0.561 seconds
[2024-10-20T17:11:34.257+0000] {processor.py:157} INFO - Started process (PID=374) to work on /opt/airflow/dags/covid_dag.py
[2024-10-20T17:11:34.259+0000] {processor.py:829} INFO - Processing file /opt/airflow/dags/covid_dag.py for tasks to queue
[2024-10-20T17:11:34.261+0000] {logging_mixin.py:154} INFO - [2024-10-20T17:11:34.261+0000] {dagbag.py:536} INFO - Filling up the DagBag from /opt/airflow/dags/covid_dag.py
[2024-10-20T17:11:34.721+0000] {processor.py:839} INFO - DAG(s) dict_keys(['covid_etl']) retrieved from /opt/airflow/dags/covid_dag.py
[2024-10-20T17:11:34.739+0000] {logging_mixin.py:154} INFO - [2024-10-20T17:11:34.738+0000] {dag.py:2941} INFO - Sync 1 DAGs
[2024-10-20T17:11:34.761+0000] {logging_mixin.py:154} INFO - [2024-10-20T17:11:34.761+0000] {dag.py:3722} INFO - Setting next_dagrun for covid_etl to 2024-10-20T00:00:00+00:00, run_after=2024-10-21T00:00:00+00:00
[2024-10-20T17:11:34.783+0000] {processor.py:179} INFO - Processing /opt/airflow/dags/covid_dag.py took 0.529 seconds
[2024-10-20T17:12:04.998+0000] {processor.py:157} INFO - Started process (PID=441) to work on /opt/airflow/dags/covid_dag.py
[2024-10-20T17:12:04.999+0000] {processor.py:829} INFO - Processing file /opt/airflow/dags/covid_dag.py for tasks to queue
[2024-10-20T17:12:05.002+0000] {logging_mixin.py:154} INFO - [2024-10-20T17:12:05.002+0000] {dagbag.py:536} INFO - Filling up the DagBag from /opt/airflow/dags/covid_dag.py
[2024-10-20T17:12:05.498+0000] {processor.py:839} INFO - DAG(s) dict_keys(['covid_etl']) retrieved from /opt/airflow/dags/covid_dag.py
[2024-10-20T17:12:05.517+0000] {logging_mixin.py:154} INFO - [2024-10-20T17:12:05.516+0000] {dag.py:2941} INFO - Sync 1 DAGs
[2024-10-20T17:12:05.538+0000] {logging_mixin.py:154} INFO - [2024-10-20T17:12:05.537+0000] {dag.py:3722} INFO - Setting next_dagrun for covid_etl to 2024-10-20T00:00:00+00:00, run_after=2024-10-21T00:00:00+00:00
[2024-10-20T17:12:05.560+0000] {processor.py:179} INFO - Processing /opt/airflow/dags/covid_dag.py took 0.565 seconds
[2024-10-20T17:12:36.142+0000] {processor.py:157} INFO - Started process (PID=501) to work on /opt/airflow/dags/covid_dag.py
[2024-10-20T17:12:36.144+0000] {processor.py:829} INFO - Processing file /opt/airflow/dags/covid_dag.py for tasks to queue
[2024-10-20T17:12:36.147+0000] {logging_mixin.py:154} INFO - [2024-10-20T17:12:36.146+0000] {dagbag.py:536} INFO - Filling up the DagBag from /opt/airflow/dags/covid_dag.py
[2024-10-20T17:12:36.756+0000] {processor.py:839} INFO - DAG(s) dict_keys(['covid_etl']) retrieved from /opt/airflow/dags/covid_dag.py
[2024-10-20T17:12:36.775+0000] {logging_mixin.py:154} INFO - [2024-10-20T17:12:36.775+0000] {dag.py:2941} INFO - Sync 1 DAGs
[2024-10-20T17:12:36.800+0000] {logging_mixin.py:154} INFO - [2024-10-20T17:12:36.800+0000] {dag.py:3722} INFO - Setting next_dagrun for covid_etl to 2024-10-20T00:00:00+00:00, run_after=2024-10-21T00:00:00+00:00
[2024-10-20T17:12:36.828+0000] {processor.py:179} INFO - Processing /opt/airflow/dags/covid_dag.py took 0.688 seconds
[2024-10-20T17:13:07.008+0000] {processor.py:157} INFO - Started process (PID=581) to work on /opt/airflow/dags/covid_dag.py
[2024-10-20T17:13:07.010+0000] {processor.py:829} INFO - Processing file /opt/airflow/dags/covid_dag.py for tasks to queue
[2024-10-20T17:13:07.012+0000] {logging_mixin.py:154} INFO - [2024-10-20T17:13:07.012+0000] {dagbag.py:536} INFO - Filling up the DagBag from /opt/airflow/dags/covid_dag.py
[2024-10-20T17:13:07.528+0000] {processor.py:839} INFO - DAG(s) dict_keys(['covid_etl']) retrieved from /opt/airflow/dags/covid_dag.py
[2024-10-20T17:13:07.545+0000] {logging_mixin.py:154} INFO - [2024-10-20T17:13:07.544+0000] {dag.py:2941} INFO - Sync 1 DAGs
[2024-10-20T17:13:07.564+0000] {logging_mixin.py:154} INFO - [2024-10-20T17:13:07.564+0000] {dag.py:3722} INFO - Setting next_dagrun for covid_etl to 2024-10-20T00:00:00+00:00, run_after=2024-10-21T00:00:00+00:00
[2024-10-20T17:13:07.583+0000] {processor.py:179} INFO - Processing /opt/airflow/dags/covid_dag.py took 0.577 seconds
[2024-10-20T17:14:34.321+0000] {processor.py:157} INFO - Started process (PID=76) to work on /opt/airflow/dags/covid_dag.py
[2024-10-20T17:14:34.322+0000] {processor.py:829} INFO - Processing file /opt/airflow/dags/covid_dag.py for tasks to queue
[2024-10-20T17:14:34.325+0000] {logging_mixin.py:154} INFO - [2024-10-20T17:14:34.324+0000] {dagbag.py:536} INFO - Filling up the DagBag from /opt/airflow/dags/covid_dag.py
[2024-10-20T17:14:35.839+0000] {processor.py:839} INFO - DAG(s) dict_keys(['covid_etl']) retrieved from /opt/airflow/dags/covid_dag.py
[2024-10-20T17:14:36.053+0000] {logging_mixin.py:154} INFO - [2024-10-20T17:14:36.052+0000] {dag.py:2941} INFO - Sync 1 DAGs
[2024-10-20T17:14:36.075+0000] {logging_mixin.py:154} INFO - [2024-10-20T17:14:36.075+0000] {dag.py:3722} INFO - Setting next_dagrun for covid_etl to 2024-10-20T00:00:00+00:00, run_after=2024-10-21T00:00:00+00:00
[2024-10-20T17:14:36.101+0000] {processor.py:179} INFO - Processing /opt/airflow/dags/covid_dag.py took 1.783 seconds
[2024-10-20T17:15:06.742+0000] {processor.py:157} INFO - Started process (PID=141) to work on /opt/airflow/dags/covid_dag.py
[2024-10-20T17:15:06.745+0000] {processor.py:829} INFO - Processing file /opt/airflow/dags/covid_dag.py for tasks to queue
[2024-10-20T17:15:06.749+0000] {logging_mixin.py:154} INFO - [2024-10-20T17:15:06.749+0000] {dagbag.py:536} INFO - Filling up the DagBag from /opt/airflow/dags/covid_dag.py
[2024-10-20T17:15:07.468+0000] {processor.py:839} INFO - DAG(s) dict_keys(['covid_etl']) retrieved from /opt/airflow/dags/covid_dag.py
[2024-10-20T17:15:07.488+0000] {logging_mixin.py:154} INFO - [2024-10-20T17:15:07.487+0000] {dag.py:2941} INFO - Sync 1 DAGs
[2024-10-20T17:15:07.514+0000] {logging_mixin.py:154} INFO - [2024-10-20T17:15:07.514+0000] {dag.py:3722} INFO - Setting next_dagrun for covid_etl to 2024-10-20T00:00:00+00:00, run_after=2024-10-21T00:00:00+00:00
[2024-10-20T17:15:07.540+0000] {processor.py:179} INFO - Processing /opt/airflow/dags/covid_dag.py took 0.812 seconds
[2024-10-20T17:15:37.986+0000] {processor.py:157} INFO - Started process (PID=199) to work on /opt/airflow/dags/covid_dag.py
[2024-10-20T17:15:37.987+0000] {processor.py:829} INFO - Processing file /opt/airflow/dags/covid_dag.py for tasks to queue
[2024-10-20T17:15:37.991+0000] {logging_mixin.py:154} INFO - [2024-10-20T17:15:37.990+0000] {dagbag.py:536} INFO - Filling up the DagBag from /opt/airflow/dags/covid_dag.py
[2024-10-20T17:15:38.495+0000] {processor.py:839} INFO - DAG(s) dict_keys(['covid_etl']) retrieved from /opt/airflow/dags/covid_dag.py
[2024-10-20T17:15:38.513+0000] {logging_mixin.py:154} INFO - [2024-10-20T17:15:38.512+0000] {dag.py:2941} INFO - Sync 1 DAGs
[2024-10-20T17:15:38.535+0000] {logging_mixin.py:154} INFO - [2024-10-20T17:15:38.534+0000] {dag.py:3722} INFO - Setting next_dagrun for covid_etl to 2024-10-20T00:00:00+00:00, run_after=2024-10-21T00:00:00+00:00
[2024-10-20T17:15:38.558+0000] {processor.py:179} INFO - Processing /opt/airflow/dags/covid_dag.py took 0.576 seconds
[2024-10-20T17:16:08.811+0000] {processor.py:157} INFO - Started process (PID=273) to work on /opt/airflow/dags/covid_dag.py
[2024-10-20T17:16:08.812+0000] {processor.py:829} INFO - Processing file /opt/airflow/dags/covid_dag.py for tasks to queue
[2024-10-20T17:16:08.814+0000] {logging_mixin.py:154} INFO - [2024-10-20T17:16:08.814+0000] {dagbag.py:536} INFO - Filling up the DagBag from /opt/airflow/dags/covid_dag.py
[2024-10-20T17:16:09.229+0000] {processor.py:839} INFO - DAG(s) dict_keys(['covid_etl']) retrieved from /opt/airflow/dags/covid_dag.py
[2024-10-20T17:16:09.247+0000] {logging_mixin.py:154} INFO - [2024-10-20T17:16:09.246+0000] {dag.py:2941} INFO - Sync 1 DAGs
[2024-10-20T17:16:09.265+0000] {logging_mixin.py:154} INFO - [2024-10-20T17:16:09.264+0000] {dag.py:3722} INFO - Setting next_dagrun for covid_etl to 2024-10-20T00:00:00+00:00, run_after=2024-10-21T00:00:00+00:00
[2024-10-20T17:16:09.285+0000] {processor.py:179} INFO - Processing /opt/airflow/dags/covid_dag.py took 0.477 seconds
[2024-10-20T17:16:39.362+0000] {processor.py:157} INFO - Started process (PID=333) to work on /opt/airflow/dags/covid_dag.py
[2024-10-20T17:16:39.362+0000] {processor.py:829} INFO - Processing file /opt/airflow/dags/covid_dag.py for tasks to queue
[2024-10-20T17:16:39.364+0000] {logging_mixin.py:154} INFO - [2024-10-20T17:16:39.364+0000] {dagbag.py:536} INFO - Filling up the DagBag from /opt/airflow/dags/covid_dag.py
[2024-10-20T17:16:39.755+0000] {processor.py:839} INFO - DAG(s) dict_keys(['covid_etl']) retrieved from /opt/airflow/dags/covid_dag.py
[2024-10-20T17:16:39.772+0000] {logging_mixin.py:154} INFO - [2024-10-20T17:16:39.772+0000] {dag.py:2941} INFO - Sync 1 DAGs
[2024-10-20T17:16:39.791+0000] {logging_mixin.py:154} INFO - [2024-10-20T17:16:39.790+0000] {dag.py:3722} INFO - Setting next_dagrun for covid_etl to 2024-10-20T00:00:00+00:00, run_after=2024-10-21T00:00:00+00:00
[2024-10-20T17:16:39.811+0000] {processor.py:179} INFO - Processing /opt/airflow/dags/covid_dag.py took 0.451 seconds
