[2024-10-20T16:04:59.111+0000] {processor.py:157} INFO - Started process (PID=111) to work on /home/airflow/.local/lib/python3.8/site-packages/airflow/example_dags/example_sla_dag.py
[2024-10-20T16:04:59.114+0000] {processor.py:829} INFO - Processing file /home/airflow/.local/lib/python3.8/site-packages/airflow/example_dags/example_sla_dag.py for tasks to queue
[2024-10-20T16:04:59.118+0000] {logging_mixin.py:154} INFO - [2024-10-20T16:04:59.118+0000] {dagbag.py:536} INFO - Filling up the DagBag from /home/airflow/.local/lib/python3.8/site-packages/airflow/example_dags/example_sla_dag.py
[2024-10-20T16:04:59.149+0000] {processor.py:839} INFO - DAG(s) dict_keys(['example_sla_dag']) retrieved from /home/airflow/.local/lib/python3.8/site-packages/airflow/example_dags/example_sla_dag.py
[2024-10-20T16:04:59.215+0000] {logging_mixin.py:154} INFO - [2024-10-20T16:04:59.214+0000] {dag.py:2941} INFO - Sync 1 DAGs
[2024-10-20T16:04:59.299+0000] {logging_mixin.py:154} INFO - [2024-10-20T16:04:59.298+0000] {dag.py:3722} INFO - Setting next_dagrun for example_sla_dag to 2024-10-20T16:02:00+00:00, run_after=2024-10-20T16:04:00+00:00
[2024-10-20T16:04:59.353+0000] {processor.py:179} INFO - Processing /home/airflow/.local/lib/python3.8/site-packages/airflow/example_dags/example_sla_dag.py took 0.248 seconds
[2024-10-20T16:05:29.421+0000] {processor.py:157} INFO - Started process (PID=165) to work on /home/airflow/.local/lib/python3.8/site-packages/airflow/example_dags/example_sla_dag.py
[2024-10-20T16:05:29.428+0000] {processor.py:829} INFO - Processing file /home/airflow/.local/lib/python3.8/site-packages/airflow/example_dags/example_sla_dag.py for tasks to queue
[2024-10-20T16:05:29.431+0000] {logging_mixin.py:154} INFO - [2024-10-20T16:05:29.431+0000] {dagbag.py:536} INFO - Filling up the DagBag from /home/airflow/.local/lib/python3.8/site-packages/airflow/example_dags/example_sla_dag.py
[2024-10-20T16:05:29.444+0000] {processor.py:839} INFO - DAG(s) dict_keys(['example_sla_dag']) retrieved from /home/airflow/.local/lib/python3.8/site-packages/airflow/example_dags/example_sla_dag.py
[2024-10-20T16:05:29.478+0000] {logging_mixin.py:154} INFO - [2024-10-20T16:05:29.478+0000] {dag.py:2941} INFO - Sync 1 DAGs
[2024-10-20T16:05:29.522+0000] {logging_mixin.py:154} INFO - [2024-10-20T16:05:29.522+0000] {dag.py:3722} INFO - Setting next_dagrun for example_sla_dag to 2024-10-20T16:02:00+00:00, run_after=2024-10-20T16:04:00+00:00
[2024-10-20T16:05:29.563+0000] {processor.py:179} INFO - Processing /home/airflow/.local/lib/python3.8/site-packages/airflow/example_dags/example_sla_dag.py took 0.146 seconds
[2024-10-20T16:05:59.693+0000] {processor.py:157} INFO - Started process (PID=219) to work on /home/airflow/.local/lib/python3.8/site-packages/airflow/example_dags/example_sla_dag.py
[2024-10-20T16:05:59.695+0000] {processor.py:829} INFO - Processing file /home/airflow/.local/lib/python3.8/site-packages/airflow/example_dags/example_sla_dag.py for tasks to queue
[2024-10-20T16:05:59.697+0000] {logging_mixin.py:154} INFO - [2024-10-20T16:05:59.697+0000] {dagbag.py:536} INFO - Filling up the DagBag from /home/airflow/.local/lib/python3.8/site-packages/airflow/example_dags/example_sla_dag.py
[2024-10-20T16:05:59.712+0000] {processor.py:839} INFO - DAG(s) dict_keys(['example_sla_dag']) retrieved from /home/airflow/.local/lib/python3.8/site-packages/airflow/example_dags/example_sla_dag.py
[2024-10-20T16:05:59.744+0000] {logging_mixin.py:154} INFO - [2024-10-20T16:05:59.743+0000] {dag.py:2941} INFO - Sync 1 DAGs
[2024-10-20T16:05:59.806+0000] {logging_mixin.py:154} INFO - [2024-10-20T16:05:59.805+0000] {dag.py:3722} INFO - Setting next_dagrun for example_sla_dag to 2024-10-20T16:02:00+00:00, run_after=2024-10-20T16:04:00+00:00
[2024-10-20T16:05:59.838+0000] {processor.py:179} INFO - Processing /home/airflow/.local/lib/python3.8/site-packages/airflow/example_dags/example_sla_dag.py took 0.148 seconds
[2024-10-20T16:06:30.717+0000] {processor.py:157} INFO - Started process (PID=273) to work on /home/airflow/.local/lib/python3.8/site-packages/airflow/example_dags/example_sla_dag.py
[2024-10-20T16:06:30.720+0000] {processor.py:829} INFO - Processing file /home/airflow/.local/lib/python3.8/site-packages/airflow/example_dags/example_sla_dag.py for tasks to queue
[2024-10-20T16:06:30.733+0000] {logging_mixin.py:154} INFO - [2024-10-20T16:06:30.732+0000] {dagbag.py:536} INFO - Filling up the DagBag from /home/airflow/.local/lib/python3.8/site-packages/airflow/example_dags/example_sla_dag.py
[2024-10-20T16:06:30.767+0000] {processor.py:839} INFO - DAG(s) dict_keys(['example_sla_dag']) retrieved from /home/airflow/.local/lib/python3.8/site-packages/airflow/example_dags/example_sla_dag.py
[2024-10-20T16:06:30.825+0000] {logging_mixin.py:154} INFO - [2024-10-20T16:06:30.825+0000] {dag.py:2941} INFO - Sync 1 DAGs
[2024-10-20T16:06:30.902+0000] {logging_mixin.py:154} INFO - [2024-10-20T16:06:30.902+0000] {dag.py:3722} INFO - Setting next_dagrun for example_sla_dag to 2024-10-20T16:04:00+00:00, run_after=2024-10-20T16:06:00+00:00
[2024-10-20T16:06:30.966+0000] {processor.py:179} INFO - Processing /home/airflow/.local/lib/python3.8/site-packages/airflow/example_dags/example_sla_dag.py took 0.264 seconds
[2024-10-20T16:07:01.180+0000] {processor.py:157} INFO - Started process (PID=327) to work on /home/airflow/.local/lib/python3.8/site-packages/airflow/example_dags/example_sla_dag.py
[2024-10-20T16:07:01.183+0000] {processor.py:829} INFO - Processing file /home/airflow/.local/lib/python3.8/site-packages/airflow/example_dags/example_sla_dag.py for tasks to queue
[2024-10-20T16:07:01.187+0000] {logging_mixin.py:154} INFO - [2024-10-20T16:07:01.186+0000] {dagbag.py:536} INFO - Filling up the DagBag from /home/airflow/.local/lib/python3.8/site-packages/airflow/example_dags/example_sla_dag.py
[2024-10-20T16:07:01.201+0000] {processor.py:839} INFO - DAG(s) dict_keys(['example_sla_dag']) retrieved from /home/airflow/.local/lib/python3.8/site-packages/airflow/example_dags/example_sla_dag.py
[2024-10-20T16:07:01.240+0000] {logging_mixin.py:154} INFO - [2024-10-20T16:07:01.240+0000] {dag.py:2941} INFO - Sync 1 DAGs
[2024-10-20T16:07:01.285+0000] {logging_mixin.py:154} INFO - [2024-10-20T16:07:01.285+0000] {dag.py:3722} INFO - Setting next_dagrun for example_sla_dag to 2024-10-20T16:04:00+00:00, run_after=2024-10-20T16:06:00+00:00
[2024-10-20T16:07:01.320+0000] {processor.py:179} INFO - Processing /home/airflow/.local/lib/python3.8/site-packages/airflow/example_dags/example_sla_dag.py took 0.145 seconds
[2024-10-20T16:08:21.493+0000] {processor.py:157} INFO - Started process (PID=112) to work on /home/airflow/.local/lib/python3.8/site-packages/airflow/example_dags/example_sla_dag.py
[2024-10-20T16:08:21.495+0000] {processor.py:829} INFO - Processing file /home/airflow/.local/lib/python3.8/site-packages/airflow/example_dags/example_sla_dag.py for tasks to queue
[2024-10-20T16:08:21.498+0000] {logging_mixin.py:154} INFO - [2024-10-20T16:08:21.498+0000] {dagbag.py:536} INFO - Filling up the DagBag from /home/airflow/.local/lib/python3.8/site-packages/airflow/example_dags/example_sla_dag.py
[2024-10-20T16:08:21.512+0000] {processor.py:839} INFO - DAG(s) dict_keys(['example_sla_dag']) retrieved from /home/airflow/.local/lib/python3.8/site-packages/airflow/example_dags/example_sla_dag.py
[2024-10-20T16:08:21.569+0000] {logging_mixin.py:154} INFO - [2024-10-20T16:08:21.568+0000] {dag.py:2941} INFO - Sync 1 DAGs
[2024-10-20T16:08:21.618+0000] {logging_mixin.py:154} INFO - [2024-10-20T16:08:21.618+0000] {dag.py:3722} INFO - Setting next_dagrun for example_sla_dag to 2024-10-20T16:06:00+00:00, run_after=2024-10-20T16:08:00+00:00
[2024-10-20T16:08:21.664+0000] {processor.py:179} INFO - Processing /home/airflow/.local/lib/python3.8/site-packages/airflow/example_dags/example_sla_dag.py took 0.178 seconds
[2024-10-20T16:08:52.419+0000] {processor.py:157} INFO - Started process (PID=168) to work on /home/airflow/.local/lib/python3.8/site-packages/airflow/example_dags/example_sla_dag.py
[2024-10-20T16:08:52.421+0000] {processor.py:829} INFO - Processing file /home/airflow/.local/lib/python3.8/site-packages/airflow/example_dags/example_sla_dag.py for tasks to queue
[2024-10-20T16:08:52.424+0000] {logging_mixin.py:154} INFO - [2024-10-20T16:08:52.423+0000] {dagbag.py:536} INFO - Filling up the DagBag from /home/airflow/.local/lib/python3.8/site-packages/airflow/example_dags/example_sla_dag.py
[2024-10-20T16:08:52.437+0000] {processor.py:839} INFO - DAG(s) dict_keys(['example_sla_dag']) retrieved from /home/airflow/.local/lib/python3.8/site-packages/airflow/example_dags/example_sla_dag.py
[2024-10-20T16:08:52.472+0000] {logging_mixin.py:154} INFO - [2024-10-20T16:08:52.472+0000] {dag.py:2941} INFO - Sync 1 DAGs
[2024-10-20T16:08:52.513+0000] {logging_mixin.py:154} INFO - [2024-10-20T16:08:52.513+0000] {dag.py:3722} INFO - Setting next_dagrun for example_sla_dag to 2024-10-20T16:06:00+00:00, run_after=2024-10-20T16:08:00+00:00
[2024-10-20T16:08:52.549+0000] {processor.py:179} INFO - Processing /home/airflow/.local/lib/python3.8/site-packages/airflow/example_dags/example_sla_dag.py took 0.134 seconds
[2024-10-20T16:09:23.155+0000] {processor.py:157} INFO - Started process (PID=224) to work on /home/airflow/.local/lib/python3.8/site-packages/airflow/example_dags/example_sla_dag.py
[2024-10-20T16:09:23.157+0000] {processor.py:829} INFO - Processing file /home/airflow/.local/lib/python3.8/site-packages/airflow/example_dags/example_sla_dag.py for tasks to queue
[2024-10-20T16:09:23.159+0000] {logging_mixin.py:154} INFO - [2024-10-20T16:09:23.159+0000] {dagbag.py:536} INFO - Filling up the DagBag from /home/airflow/.local/lib/python3.8/site-packages/airflow/example_dags/example_sla_dag.py
[2024-10-20T16:09:23.171+0000] {processor.py:839} INFO - DAG(s) dict_keys(['example_sla_dag']) retrieved from /home/airflow/.local/lib/python3.8/site-packages/airflow/example_dags/example_sla_dag.py
[2024-10-20T16:09:23.201+0000] {logging_mixin.py:154} INFO - [2024-10-20T16:09:23.201+0000] {dag.py:2941} INFO - Sync 1 DAGs
[2024-10-20T16:09:23.249+0000] {logging_mixin.py:154} INFO - [2024-10-20T16:09:23.249+0000] {dag.py:3722} INFO - Setting next_dagrun for example_sla_dag to 2024-10-20T16:06:00+00:00, run_after=2024-10-20T16:08:00+00:00
[2024-10-20T16:09:23.286+0000] {processor.py:179} INFO - Processing /home/airflow/.local/lib/python3.8/site-packages/airflow/example_dags/example_sla_dag.py took 0.135 seconds
[2024-10-20T16:09:53.493+0000] {processor.py:157} INFO - Started process (PID=280) to work on /home/airflow/.local/lib/python3.8/site-packages/airflow/example_dags/example_sla_dag.py
[2024-10-20T16:09:53.496+0000] {processor.py:829} INFO - Processing file /home/airflow/.local/lib/python3.8/site-packages/airflow/example_dags/example_sla_dag.py for tasks to queue
[2024-10-20T16:09:53.501+0000] {logging_mixin.py:154} INFO - [2024-10-20T16:09:53.500+0000] {dagbag.py:536} INFO - Filling up the DagBag from /home/airflow/.local/lib/python3.8/site-packages/airflow/example_dags/example_sla_dag.py
[2024-10-20T16:09:53.515+0000] {processor.py:839} INFO - DAG(s) dict_keys(['example_sla_dag']) retrieved from /home/airflow/.local/lib/python3.8/site-packages/airflow/example_dags/example_sla_dag.py
[2024-10-20T16:09:53.557+0000] {logging_mixin.py:154} INFO - [2024-10-20T16:09:53.556+0000] {dag.py:2941} INFO - Sync 1 DAGs
[2024-10-20T16:09:53.608+0000] {logging_mixin.py:154} INFO - [2024-10-20T16:09:53.608+0000] {dag.py:3722} INFO - Setting next_dagrun for example_sla_dag to 2024-10-20T16:06:00+00:00, run_after=2024-10-20T16:08:00+00:00
[2024-10-20T16:09:53.649+0000] {processor.py:179} INFO - Processing /home/airflow/.local/lib/python3.8/site-packages/airflow/example_dags/example_sla_dag.py took 0.161 seconds
[2024-10-20T16:10:24.182+0000] {processor.py:157} INFO - Started process (PID=336) to work on /home/airflow/.local/lib/python3.8/site-packages/airflow/example_dags/example_sla_dag.py
[2024-10-20T16:10:24.184+0000] {processor.py:829} INFO - Processing file /home/airflow/.local/lib/python3.8/site-packages/airflow/example_dags/example_sla_dag.py for tasks to queue
[2024-10-20T16:10:24.190+0000] {logging_mixin.py:154} INFO - [2024-10-20T16:10:24.189+0000] {dagbag.py:536} INFO - Filling up the DagBag from /home/airflow/.local/lib/python3.8/site-packages/airflow/example_dags/example_sla_dag.py
[2024-10-20T16:10:24.206+0000] {processor.py:839} INFO - DAG(s) dict_keys(['example_sla_dag']) retrieved from /home/airflow/.local/lib/python3.8/site-packages/airflow/example_dags/example_sla_dag.py
[2024-10-20T16:10:24.242+0000] {logging_mixin.py:154} INFO - [2024-10-20T16:10:24.242+0000] {dag.py:2941} INFO - Sync 1 DAGs
[2024-10-20T16:10:24.288+0000] {logging_mixin.py:154} INFO - [2024-10-20T16:10:24.288+0000] {dag.py:3722} INFO - Setting next_dagrun for example_sla_dag to 2024-10-20T16:08:00+00:00, run_after=2024-10-20T16:10:00+00:00
[2024-10-20T16:10:24.322+0000] {processor.py:179} INFO - Processing /home/airflow/.local/lib/python3.8/site-packages/airflow/example_dags/example_sla_dag.py took 0.148 seconds
[2024-10-20T16:10:55.740+0000] {processor.py:157} INFO - Started process (PID=392) to work on /home/airflow/.local/lib/python3.8/site-packages/airflow/example_dags/example_sla_dag.py
[2024-10-20T16:10:55.742+0000] {processor.py:829} INFO - Processing file /home/airflow/.local/lib/python3.8/site-packages/airflow/example_dags/example_sla_dag.py for tasks to queue
[2024-10-20T16:10:55.747+0000] {logging_mixin.py:154} INFO - [2024-10-20T16:10:55.746+0000] {dagbag.py:536} INFO - Filling up the DagBag from /home/airflow/.local/lib/python3.8/site-packages/airflow/example_dags/example_sla_dag.py
[2024-10-20T16:10:55.763+0000] {processor.py:839} INFO - DAG(s) dict_keys(['example_sla_dag']) retrieved from /home/airflow/.local/lib/python3.8/site-packages/airflow/example_dags/example_sla_dag.py
[2024-10-20T16:10:55.809+0000] {logging_mixin.py:154} INFO - [2024-10-20T16:10:55.809+0000] {dag.py:2941} INFO - Sync 1 DAGs
[2024-10-20T16:10:55.861+0000] {logging_mixin.py:154} INFO - [2024-10-20T16:10:55.860+0000] {dag.py:3722} INFO - Setting next_dagrun for example_sla_dag to 2024-10-20T16:08:00+00:00, run_after=2024-10-20T16:10:00+00:00
[2024-10-20T16:10:55.904+0000] {processor.py:179} INFO - Processing /home/airflow/.local/lib/python3.8/site-packages/airflow/example_dags/example_sla_dag.py took 0.168 seconds
[2024-10-20T16:11:26.092+0000] {processor.py:157} INFO - Started process (PID=448) to work on /home/airflow/.local/lib/python3.8/site-packages/airflow/example_dags/example_sla_dag.py
[2024-10-20T16:11:26.094+0000] {processor.py:829} INFO - Processing file /home/airflow/.local/lib/python3.8/site-packages/airflow/example_dags/example_sla_dag.py for tasks to queue
[2024-10-20T16:11:26.101+0000] {logging_mixin.py:154} INFO - [2024-10-20T16:11:26.100+0000] {dagbag.py:536} INFO - Filling up the DagBag from /home/airflow/.local/lib/python3.8/site-packages/airflow/example_dags/example_sla_dag.py
[2024-10-20T16:11:26.123+0000] {processor.py:839} INFO - DAG(s) dict_keys(['example_sla_dag']) retrieved from /home/airflow/.local/lib/python3.8/site-packages/airflow/example_dags/example_sla_dag.py
[2024-10-20T16:11:26.175+0000] {logging_mixin.py:154} INFO - [2024-10-20T16:11:26.174+0000] {dag.py:2941} INFO - Sync 1 DAGs
[2024-10-20T16:11:26.290+0000] {logging_mixin.py:154} INFO - [2024-10-20T16:11:26.289+0000] {dag.py:3722} INFO - Setting next_dagrun for example_sla_dag to 2024-10-20T16:08:00+00:00, run_after=2024-10-20T16:10:00+00:00
[2024-10-20T16:11:26.344+0000] {processor.py:179} INFO - Processing /home/airflow/.local/lib/python3.8/site-packages/airflow/example_dags/example_sla_dag.py took 0.265 seconds
[2024-10-20T16:25:13.015+0000] {processor.py:157} INFO - Started process (PID=105) to work on /home/airflow/.local/lib/python3.8/site-packages/airflow/example_dags/example_sla_dag.py
[2024-10-20T16:25:13.017+0000] {processor.py:829} INFO - Processing file /home/airflow/.local/lib/python3.8/site-packages/airflow/example_dags/example_sla_dag.py for tasks to queue
[2024-10-20T16:25:13.021+0000] {logging_mixin.py:154} INFO - [2024-10-20T16:25:13.021+0000] {dagbag.py:536} INFO - Filling up the DagBag from /home/airflow/.local/lib/python3.8/site-packages/airflow/example_dags/example_sla_dag.py
[2024-10-20T16:25:13.053+0000] {processor.py:839} INFO - DAG(s) dict_keys(['example_sla_dag']) retrieved from /home/airflow/.local/lib/python3.8/site-packages/airflow/example_dags/example_sla_dag.py
[2024-10-20T16:25:13.086+0000] {logging_mixin.py:154} INFO - [2024-10-20T16:25:13.086+0000] {dag.py:2941} INFO - Sync 1 DAGs
[2024-10-20T16:25:13.126+0000] {logging_mixin.py:154} INFO - [2024-10-20T16:25:13.126+0000] {dag.py:3722} INFO - Setting next_dagrun for example_sla_dag to 2024-10-20T16:22:00+00:00, run_after=2024-10-20T16:24:00+00:00
[2024-10-20T16:25:13.153+0000] {processor.py:179} INFO - Processing /home/airflow/.local/lib/python3.8/site-packages/airflow/example_dags/example_sla_dag.py took 0.147 seconds
[2024-10-20T16:25:43.922+0000] {processor.py:157} INFO - Started process (PID=161) to work on /home/airflow/.local/lib/python3.8/site-packages/airflow/example_dags/example_sla_dag.py
[2024-10-20T16:25:43.923+0000] {processor.py:829} INFO - Processing file /home/airflow/.local/lib/python3.8/site-packages/airflow/example_dags/example_sla_dag.py for tasks to queue
[2024-10-20T16:25:43.926+0000] {logging_mixin.py:154} INFO - [2024-10-20T16:25:43.925+0000] {dagbag.py:536} INFO - Filling up the DagBag from /home/airflow/.local/lib/python3.8/site-packages/airflow/example_dags/example_sla_dag.py
[2024-10-20T16:25:43.938+0000] {processor.py:839} INFO - DAG(s) dict_keys(['example_sla_dag']) retrieved from /home/airflow/.local/lib/python3.8/site-packages/airflow/example_dags/example_sla_dag.py
[2024-10-20T16:25:43.963+0000] {logging_mixin.py:154} INFO - [2024-10-20T16:25:43.963+0000] {dag.py:2941} INFO - Sync 1 DAGs
[2024-10-20T16:25:43.990+0000] {logging_mixin.py:154} INFO - [2024-10-20T16:25:43.990+0000] {dag.py:3722} INFO - Setting next_dagrun for example_sla_dag to 2024-10-20T16:22:00+00:00, run_after=2024-10-20T16:24:00+00:00
[2024-10-20T16:25:44.015+0000] {processor.py:179} INFO - Processing /home/airflow/.local/lib/python3.8/site-packages/airflow/example_dags/example_sla_dag.py took 0.096 seconds
[2024-10-20T16:26:14.976+0000] {processor.py:157} INFO - Started process (PID=217) to work on /home/airflow/.local/lib/python3.8/site-packages/airflow/example_dags/example_sla_dag.py
[2024-10-20T16:26:14.977+0000] {processor.py:829} INFO - Processing file /home/airflow/.local/lib/python3.8/site-packages/airflow/example_dags/example_sla_dag.py for tasks to queue
[2024-10-20T16:26:14.980+0000] {logging_mixin.py:154} INFO - [2024-10-20T16:26:14.979+0000] {dagbag.py:536} INFO - Filling up the DagBag from /home/airflow/.local/lib/python3.8/site-packages/airflow/example_dags/example_sla_dag.py
[2024-10-20T16:26:14.994+0000] {processor.py:839} INFO - DAG(s) dict_keys(['example_sla_dag']) retrieved from /home/airflow/.local/lib/python3.8/site-packages/airflow/example_dags/example_sla_dag.py
[2024-10-20T16:26:15.030+0000] {logging_mixin.py:154} INFO - [2024-10-20T16:26:15.029+0000] {dag.py:2941} INFO - Sync 1 DAGs
[2024-10-20T16:26:15.076+0000] {logging_mixin.py:154} INFO - [2024-10-20T16:26:15.076+0000] {dag.py:3722} INFO - Setting next_dagrun for example_sla_dag to 2024-10-20T16:24:00+00:00, run_after=2024-10-20T16:26:00+00:00
[2024-10-20T16:26:15.112+0000] {processor.py:179} INFO - Processing /home/airflow/.local/lib/python3.8/site-packages/airflow/example_dags/example_sla_dag.py took 0.141 seconds
[2024-10-20T16:27:59.404+0000] {processor.py:157} INFO - Started process (PID=105) to work on /home/airflow/.local/lib/python3.8/site-packages/airflow/example_dags/example_sla_dag.py
[2024-10-20T16:27:59.406+0000] {processor.py:829} INFO - Processing file /home/airflow/.local/lib/python3.8/site-packages/airflow/example_dags/example_sla_dag.py for tasks to queue
[2024-10-20T16:27:59.408+0000] {logging_mixin.py:154} INFO - [2024-10-20T16:27:59.408+0000] {dagbag.py:536} INFO - Filling up the DagBag from /home/airflow/.local/lib/python3.8/site-packages/airflow/example_dags/example_sla_dag.py
[2024-10-20T16:27:59.418+0000] {processor.py:839} INFO - DAG(s) dict_keys(['example_sla_dag']) retrieved from /home/airflow/.local/lib/python3.8/site-packages/airflow/example_dags/example_sla_dag.py
[2024-10-20T16:27:59.433+0000] {logging_mixin.py:154} INFO - [2024-10-20T16:27:59.433+0000] {dag.py:2941} INFO - Sync 1 DAGs
[2024-10-20T16:27:59.480+0000] {logging_mixin.py:154} INFO - [2024-10-20T16:27:59.480+0000] {dag.py:3722} INFO - Setting next_dagrun for example_sla_dag to 2024-10-20T16:24:00+00:00, run_after=2024-10-20T16:26:00+00:00
[2024-10-20T16:27:59.510+0000] {processor.py:179} INFO - Processing /home/airflow/.local/lib/python3.8/site-packages/airflow/example_dags/example_sla_dag.py took 0.109 seconds
[2024-10-20T16:28:30.192+0000] {processor.py:157} INFO - Started process (PID=161) to work on /home/airflow/.local/lib/python3.8/site-packages/airflow/example_dags/example_sla_dag.py
[2024-10-20T16:28:30.193+0000] {processor.py:829} INFO - Processing file /home/airflow/.local/lib/python3.8/site-packages/airflow/example_dags/example_sla_dag.py for tasks to queue
[2024-10-20T16:28:30.197+0000] {logging_mixin.py:154} INFO - [2024-10-20T16:28:30.196+0000] {dagbag.py:536} INFO - Filling up the DagBag from /home/airflow/.local/lib/python3.8/site-packages/airflow/example_dags/example_sla_dag.py
[2024-10-20T16:28:30.206+0000] {processor.py:839} INFO - DAG(s) dict_keys(['example_sla_dag']) retrieved from /home/airflow/.local/lib/python3.8/site-packages/airflow/example_dags/example_sla_dag.py
[2024-10-20T16:28:30.234+0000] {logging_mixin.py:154} INFO - [2024-10-20T16:28:30.234+0000] {dag.py:2941} INFO - Sync 1 DAGs
[2024-10-20T16:28:30.278+0000] {logging_mixin.py:154} INFO - [2024-10-20T16:28:30.278+0000] {dag.py:3722} INFO - Setting next_dagrun for example_sla_dag to 2024-10-20T16:26:00+00:00, run_after=2024-10-20T16:28:00+00:00
[2024-10-20T16:28:30.313+0000] {processor.py:179} INFO - Processing /home/airflow/.local/lib/python3.8/site-packages/airflow/example_dags/example_sla_dag.py took 0.125 seconds
[2024-10-20T16:29:00.579+0000] {processor.py:157} INFO - Started process (PID=217) to work on /home/airflow/.local/lib/python3.8/site-packages/airflow/example_dags/example_sla_dag.py
[2024-10-20T16:29:00.580+0000] {processor.py:829} INFO - Processing file /home/airflow/.local/lib/python3.8/site-packages/airflow/example_dags/example_sla_dag.py for tasks to queue
[2024-10-20T16:29:00.583+0000] {logging_mixin.py:154} INFO - [2024-10-20T16:29:00.583+0000] {dagbag.py:536} INFO - Filling up the DagBag from /home/airflow/.local/lib/python3.8/site-packages/airflow/example_dags/example_sla_dag.py
[2024-10-20T16:29:00.591+0000] {processor.py:839} INFO - DAG(s) dict_keys(['example_sla_dag']) retrieved from /home/airflow/.local/lib/python3.8/site-packages/airflow/example_dags/example_sla_dag.py
[2024-10-20T16:29:00.616+0000] {logging_mixin.py:154} INFO - [2024-10-20T16:29:00.616+0000] {dag.py:2941} INFO - Sync 1 DAGs
[2024-10-20T16:29:00.647+0000] {logging_mixin.py:154} INFO - [2024-10-20T16:29:00.647+0000] {dag.py:3722} INFO - Setting next_dagrun for example_sla_dag to 2024-10-20T16:26:00+00:00, run_after=2024-10-20T16:28:00+00:00
[2024-10-20T16:29:00.671+0000] {processor.py:179} INFO - Processing /home/airflow/.local/lib/python3.8/site-packages/airflow/example_dags/example_sla_dag.py took 0.095 seconds
[2024-10-20T16:29:31.257+0000] {processor.py:157} INFO - Started process (PID=273) to work on /home/airflow/.local/lib/python3.8/site-packages/airflow/example_dags/example_sla_dag.py
[2024-10-20T16:29:31.258+0000] {processor.py:829} INFO - Processing file /home/airflow/.local/lib/python3.8/site-packages/airflow/example_dags/example_sla_dag.py for tasks to queue
[2024-10-20T16:29:31.260+0000] {logging_mixin.py:154} INFO - [2024-10-20T16:29:31.260+0000] {dagbag.py:536} INFO - Filling up the DagBag from /home/airflow/.local/lib/python3.8/site-packages/airflow/example_dags/example_sla_dag.py
[2024-10-20T16:29:31.267+0000] {processor.py:839} INFO - DAG(s) dict_keys(['example_sla_dag']) retrieved from /home/airflow/.local/lib/python3.8/site-packages/airflow/example_dags/example_sla_dag.py
[2024-10-20T16:29:31.288+0000] {logging_mixin.py:154} INFO - [2024-10-20T16:29:31.288+0000] {dag.py:2941} INFO - Sync 1 DAGs
[2024-10-20T16:29:31.316+0000] {logging_mixin.py:154} INFO - [2024-10-20T16:29:31.316+0000] {dag.py:3722} INFO - Setting next_dagrun for example_sla_dag to 2024-10-20T16:26:00+00:00, run_after=2024-10-20T16:28:00+00:00
[2024-10-20T16:29:31.338+0000] {processor.py:179} INFO - Processing /home/airflow/.local/lib/python3.8/site-packages/airflow/example_dags/example_sla_dag.py took 0.083 seconds
[2024-10-20T16:31:03.317+0000] {processor.py:157} INFO - Started process (PID=123) to work on /home/airflow/.local/lib/python3.8/site-packages/airflow/example_dags/example_sla_dag.py
[2024-10-20T16:31:03.319+0000] {processor.py:829} INFO - Processing file /home/airflow/.local/lib/python3.8/site-packages/airflow/example_dags/example_sla_dag.py for tasks to queue
[2024-10-20T16:31:03.322+0000] {logging_mixin.py:154} INFO - [2024-10-20T16:31:03.322+0000] {dagbag.py:536} INFO - Filling up the DagBag from /home/airflow/.local/lib/python3.8/site-packages/airflow/example_dags/example_sla_dag.py
[2024-10-20T16:31:03.334+0000] {processor.py:839} INFO - DAG(s) dict_keys(['example_sla_dag']) retrieved from /home/airflow/.local/lib/python3.8/site-packages/airflow/example_dags/example_sla_dag.py
[2024-10-20T16:31:03.368+0000] {logging_mixin.py:154} INFO - [2024-10-20T16:31:03.368+0000] {dag.py:2941} INFO - Sync 1 DAGs
[2024-10-20T16:31:03.414+0000] {logging_mixin.py:154} INFO - [2024-10-20T16:31:03.414+0000] {dag.py:3722} INFO - Setting next_dagrun for example_sla_dag to 2024-10-20T16:28:00+00:00, run_after=2024-10-20T16:30:00+00:00
[2024-10-20T16:31:03.447+0000] {processor.py:179} INFO - Processing /home/airflow/.local/lib/python3.8/site-packages/airflow/example_dags/example_sla_dag.py took 0.133 seconds
[2024-10-20T16:31:34.176+0000] {processor.py:157} INFO - Started process (PID=179) to work on /home/airflow/.local/lib/python3.8/site-packages/airflow/example_dags/example_sla_dag.py
[2024-10-20T16:31:34.177+0000] {processor.py:829} INFO - Processing file /home/airflow/.local/lib/python3.8/site-packages/airflow/example_dags/example_sla_dag.py for tasks to queue
[2024-10-20T16:31:34.180+0000] {logging_mixin.py:154} INFO - [2024-10-20T16:31:34.180+0000] {dagbag.py:536} INFO - Filling up the DagBag from /home/airflow/.local/lib/python3.8/site-packages/airflow/example_dags/example_sla_dag.py
[2024-10-20T16:31:34.189+0000] {processor.py:839} INFO - DAG(s) dict_keys(['example_sla_dag']) retrieved from /home/airflow/.local/lib/python3.8/site-packages/airflow/example_dags/example_sla_dag.py
[2024-10-20T16:31:34.210+0000] {logging_mixin.py:154} INFO - [2024-10-20T16:31:34.209+0000] {dag.py:2941} INFO - Sync 1 DAGs
[2024-10-20T16:31:34.235+0000] {logging_mixin.py:154} INFO - [2024-10-20T16:31:34.235+0000] {dag.py:3722} INFO - Setting next_dagrun for example_sla_dag to 2024-10-20T16:28:00+00:00, run_after=2024-10-20T16:30:00+00:00
[2024-10-20T16:31:34.261+0000] {processor.py:179} INFO - Processing /home/airflow/.local/lib/python3.8/site-packages/airflow/example_dags/example_sla_dag.py took 0.087 seconds
[2024-10-20T16:32:05.136+0000] {processor.py:157} INFO - Started process (PID=235) to work on /home/airflow/.local/lib/python3.8/site-packages/airflow/example_dags/example_sla_dag.py
[2024-10-20T16:32:05.138+0000] {processor.py:829} INFO - Processing file /home/airflow/.local/lib/python3.8/site-packages/airflow/example_dags/example_sla_dag.py for tasks to queue
[2024-10-20T16:32:05.141+0000] {logging_mixin.py:154} INFO - [2024-10-20T16:32:05.140+0000] {dagbag.py:536} INFO - Filling up the DagBag from /home/airflow/.local/lib/python3.8/site-packages/airflow/example_dags/example_sla_dag.py
[2024-10-20T16:32:05.150+0000] {processor.py:839} INFO - DAG(s) dict_keys(['example_sla_dag']) retrieved from /home/airflow/.local/lib/python3.8/site-packages/airflow/example_dags/example_sla_dag.py
[2024-10-20T16:32:05.182+0000] {logging_mixin.py:154} INFO - [2024-10-20T16:32:05.182+0000] {dag.py:2941} INFO - Sync 1 DAGs
[2024-10-20T16:32:05.216+0000] {logging_mixin.py:154} INFO - [2024-10-20T16:32:05.215+0000] {dag.py:3722} INFO - Setting next_dagrun for example_sla_dag to 2024-10-20T16:30:00+00:00, run_after=2024-10-20T16:32:00+00:00
[2024-10-20T16:32:05.248+0000] {processor.py:179} INFO - Processing /home/airflow/.local/lib/python3.8/site-packages/airflow/example_dags/example_sla_dag.py took 0.115 seconds
[2024-10-20T16:32:35.591+0000] {processor.py:157} INFO - Started process (PID=291) to work on /home/airflow/.local/lib/python3.8/site-packages/airflow/example_dags/example_sla_dag.py
[2024-10-20T16:32:35.593+0000] {processor.py:829} INFO - Processing file /home/airflow/.local/lib/python3.8/site-packages/airflow/example_dags/example_sla_dag.py for tasks to queue
[2024-10-20T16:32:35.597+0000] {logging_mixin.py:154} INFO - [2024-10-20T16:32:35.596+0000] {dagbag.py:536} INFO - Filling up the DagBag from /home/airflow/.local/lib/python3.8/site-packages/airflow/example_dags/example_sla_dag.py
[2024-10-20T16:32:35.608+0000] {processor.py:839} INFO - DAG(s) dict_keys(['example_sla_dag']) retrieved from /home/airflow/.local/lib/python3.8/site-packages/airflow/example_dags/example_sla_dag.py
[2024-10-20T16:32:35.640+0000] {logging_mixin.py:154} INFO - [2024-10-20T16:32:35.640+0000] {dag.py:2941} INFO - Sync 1 DAGs
[2024-10-20T16:32:35.670+0000] {logging_mixin.py:154} INFO - [2024-10-20T16:32:35.670+0000] {dag.py:3722} INFO - Setting next_dagrun for example_sla_dag to 2024-10-20T16:30:00+00:00, run_after=2024-10-20T16:32:00+00:00
[2024-10-20T16:32:35.693+0000] {processor.py:179} INFO - Processing /home/airflow/.local/lib/python3.8/site-packages/airflow/example_dags/example_sla_dag.py took 0.110 seconds
[2024-10-20T16:33:06.897+0000] {processor.py:157} INFO - Started process (PID=347) to work on /home/airflow/.local/lib/python3.8/site-packages/airflow/example_dags/example_sla_dag.py
[2024-10-20T16:33:06.899+0000] {processor.py:829} INFO - Processing file /home/airflow/.local/lib/python3.8/site-packages/airflow/example_dags/example_sla_dag.py for tasks to queue
[2024-10-20T16:33:06.903+0000] {logging_mixin.py:154} INFO - [2024-10-20T16:33:06.902+0000] {dagbag.py:536} INFO - Filling up the DagBag from /home/airflow/.local/lib/python3.8/site-packages/airflow/example_dags/example_sla_dag.py
[2024-10-20T16:33:06.919+0000] {processor.py:839} INFO - DAG(s) dict_keys(['example_sla_dag']) retrieved from /home/airflow/.local/lib/python3.8/site-packages/airflow/example_dags/example_sla_dag.py
[2024-10-20T16:33:06.954+0000] {logging_mixin.py:154} INFO - [2024-10-20T16:33:06.953+0000] {dag.py:2941} INFO - Sync 1 DAGs
[2024-10-20T16:33:06.985+0000] {logging_mixin.py:154} INFO - [2024-10-20T16:33:06.985+0000] {dag.py:3722} INFO - Setting next_dagrun for example_sla_dag to 2024-10-20T16:30:00+00:00, run_after=2024-10-20T16:32:00+00:00
[2024-10-20T16:33:07.020+0000] {processor.py:179} INFO - Processing /home/airflow/.local/lib/python3.8/site-packages/airflow/example_dags/example_sla_dag.py took 0.130 seconds
[2024-10-20T16:34:27.093+0000] {processor.py:157} INFO - Started process (PID=124) to work on /home/airflow/.local/lib/python3.8/site-packages/airflow/example_dags/example_sla_dag.py
[2024-10-20T16:34:27.095+0000] {processor.py:829} INFO - Processing file /home/airflow/.local/lib/python3.8/site-packages/airflow/example_dags/example_sla_dag.py for tasks to queue
[2024-10-20T16:34:27.097+0000] {logging_mixin.py:154} INFO - [2024-10-20T16:34:27.097+0000] {dagbag.py:536} INFO - Filling up the DagBag from /home/airflow/.local/lib/python3.8/site-packages/airflow/example_dags/example_sla_dag.py
[2024-10-20T16:34:27.107+0000] {processor.py:839} INFO - DAG(s) dict_keys(['example_sla_dag']) retrieved from /home/airflow/.local/lib/python3.8/site-packages/airflow/example_dags/example_sla_dag.py
[2024-10-20T16:34:27.134+0000] {logging_mixin.py:154} INFO - [2024-10-20T16:34:27.134+0000] {dag.py:2941} INFO - Sync 1 DAGs
[2024-10-20T16:34:27.175+0000] {logging_mixin.py:154} INFO - [2024-10-20T16:34:27.174+0000] {dag.py:3722} INFO - Setting next_dagrun for example_sla_dag to 2024-10-20T16:32:00+00:00, run_after=2024-10-20T16:34:00+00:00
[2024-10-20T16:34:27.199+0000] {processor.py:179} INFO - Processing /home/airflow/.local/lib/python3.8/site-packages/airflow/example_dags/example_sla_dag.py took 0.109 seconds
[2024-10-20T16:34:59.211+0000] {processor.py:157} INFO - Started process (PID=180) to work on /home/airflow/.local/lib/python3.8/site-packages/airflow/example_dags/example_sla_dag.py
[2024-10-20T16:34:59.214+0000] {processor.py:829} INFO - Processing file /home/airflow/.local/lib/python3.8/site-packages/airflow/example_dags/example_sla_dag.py for tasks to queue
[2024-10-20T16:34:59.216+0000] {logging_mixin.py:154} INFO - [2024-10-20T16:34:59.216+0000] {dagbag.py:536} INFO - Filling up the DagBag from /home/airflow/.local/lib/python3.8/site-packages/airflow/example_dags/example_sla_dag.py
[2024-10-20T16:34:59.224+0000] {processor.py:839} INFO - DAG(s) dict_keys(['example_sla_dag']) retrieved from /home/airflow/.local/lib/python3.8/site-packages/airflow/example_dags/example_sla_dag.py
[2024-10-20T16:34:59.250+0000] {logging_mixin.py:154} INFO - [2024-10-20T16:34:59.249+0000] {dag.py:2941} INFO - Sync 1 DAGs
[2024-10-20T16:34:59.282+0000] {logging_mixin.py:154} INFO - [2024-10-20T16:34:59.282+0000] {dag.py:3722} INFO - Setting next_dagrun for example_sla_dag to 2024-10-20T16:32:00+00:00, run_after=2024-10-20T16:34:00+00:00
[2024-10-20T16:34:59.318+0000] {processor.py:179} INFO - Processing /home/airflow/.local/lib/python3.8/site-packages/airflow/example_dags/example_sla_dag.py took 0.109 seconds
[2024-10-20T16:35:29.576+0000] {processor.py:157} INFO - Started process (PID=236) to work on /home/airflow/.local/lib/python3.8/site-packages/airflow/example_dags/example_sla_dag.py
[2024-10-20T16:35:29.577+0000] {processor.py:829} INFO - Processing file /home/airflow/.local/lib/python3.8/site-packages/airflow/example_dags/example_sla_dag.py for tasks to queue
[2024-10-20T16:35:29.579+0000] {logging_mixin.py:154} INFO - [2024-10-20T16:35:29.579+0000] {dagbag.py:536} INFO - Filling up the DagBag from /home/airflow/.local/lib/python3.8/site-packages/airflow/example_dags/example_sla_dag.py
[2024-10-20T16:35:29.588+0000] {processor.py:839} INFO - DAG(s) dict_keys(['example_sla_dag']) retrieved from /home/airflow/.local/lib/python3.8/site-packages/airflow/example_dags/example_sla_dag.py
[2024-10-20T16:35:29.609+0000] {logging_mixin.py:154} INFO - [2024-10-20T16:35:29.609+0000] {dag.py:2941} INFO - Sync 1 DAGs
[2024-10-20T16:35:29.634+0000] {logging_mixin.py:154} INFO - [2024-10-20T16:35:29.633+0000] {dag.py:3722} INFO - Setting next_dagrun for example_sla_dag to 2024-10-20T16:32:00+00:00, run_after=2024-10-20T16:34:00+00:00
[2024-10-20T16:35:29.660+0000] {processor.py:179} INFO - Processing /home/airflow/.local/lib/python3.8/site-packages/airflow/example_dags/example_sla_dag.py took 0.087 seconds
[2024-10-20T16:35:59.768+0000] {processor.py:157} INFO - Started process (PID=292) to work on /home/airflow/.local/lib/python3.8/site-packages/airflow/example_dags/example_sla_dag.py
[2024-10-20T16:35:59.769+0000] {processor.py:829} INFO - Processing file /home/airflow/.local/lib/python3.8/site-packages/airflow/example_dags/example_sla_dag.py for tasks to queue
[2024-10-20T16:35:59.771+0000] {logging_mixin.py:154} INFO - [2024-10-20T16:35:59.771+0000] {dagbag.py:536} INFO - Filling up the DagBag from /home/airflow/.local/lib/python3.8/site-packages/airflow/example_dags/example_sla_dag.py
[2024-10-20T16:35:59.780+0000] {processor.py:839} INFO - DAG(s) dict_keys(['example_sla_dag']) retrieved from /home/airflow/.local/lib/python3.8/site-packages/airflow/example_dags/example_sla_dag.py
[2024-10-20T16:35:59.805+0000] {logging_mixin.py:154} INFO - [2024-10-20T16:35:59.804+0000] {dag.py:2941} INFO - Sync 1 DAGs
[2024-10-20T16:35:59.838+0000] {logging_mixin.py:154} INFO - [2024-10-20T16:35:59.837+0000] {dag.py:3722} INFO - Setting next_dagrun for example_sla_dag to 2024-10-20T16:32:00+00:00, run_after=2024-10-20T16:34:00+00:00
[2024-10-20T16:35:59.867+0000] {processor.py:179} INFO - Processing /home/airflow/.local/lib/python3.8/site-packages/airflow/example_dags/example_sla_dag.py took 0.103 seconds
[2024-10-20T16:36:30.624+0000] {processor.py:157} INFO - Started process (PID=348) to work on /home/airflow/.local/lib/python3.8/site-packages/airflow/example_dags/example_sla_dag.py
[2024-10-20T16:36:30.625+0000] {processor.py:829} INFO - Processing file /home/airflow/.local/lib/python3.8/site-packages/airflow/example_dags/example_sla_dag.py for tasks to queue
[2024-10-20T16:36:30.628+0000] {logging_mixin.py:154} INFO - [2024-10-20T16:36:30.628+0000] {dagbag.py:536} INFO - Filling up the DagBag from /home/airflow/.local/lib/python3.8/site-packages/airflow/example_dags/example_sla_dag.py
[2024-10-20T16:36:30.637+0000] {processor.py:839} INFO - DAG(s) dict_keys(['example_sla_dag']) retrieved from /home/airflow/.local/lib/python3.8/site-packages/airflow/example_dags/example_sla_dag.py
[2024-10-20T16:36:30.661+0000] {logging_mixin.py:154} INFO - [2024-10-20T16:36:30.660+0000] {dag.py:2941} INFO - Sync 1 DAGs
[2024-10-20T16:36:30.692+0000] {logging_mixin.py:154} INFO - [2024-10-20T16:36:30.692+0000] {dag.py:3722} INFO - Setting next_dagrun for example_sla_dag to 2024-10-20T16:34:00+00:00, run_after=2024-10-20T16:36:00+00:00
[2024-10-20T16:36:30.739+0000] {processor.py:179} INFO - Processing /home/airflow/.local/lib/python3.8/site-packages/airflow/example_dags/example_sla_dag.py took 0.117 seconds
[2024-10-20T16:37:01.316+0000] {processor.py:157} INFO - Started process (PID=404) to work on /home/airflow/.local/lib/python3.8/site-packages/airflow/example_dags/example_sla_dag.py
[2024-10-20T16:37:01.318+0000] {processor.py:829} INFO - Processing file /home/airflow/.local/lib/python3.8/site-packages/airflow/example_dags/example_sla_dag.py for tasks to queue
[2024-10-20T16:37:01.321+0000] {logging_mixin.py:154} INFO - [2024-10-20T16:37:01.320+0000] {dagbag.py:536} INFO - Filling up the DagBag from /home/airflow/.local/lib/python3.8/site-packages/airflow/example_dags/example_sla_dag.py
[2024-10-20T16:37:01.333+0000] {processor.py:839} INFO - DAG(s) dict_keys(['example_sla_dag']) retrieved from /home/airflow/.local/lib/python3.8/site-packages/airflow/example_dags/example_sla_dag.py
[2024-10-20T16:37:01.364+0000] {logging_mixin.py:154} INFO - [2024-10-20T16:37:01.364+0000] {dag.py:2941} INFO - Sync 1 DAGs
[2024-10-20T16:37:01.409+0000] {logging_mixin.py:154} INFO - [2024-10-20T16:37:01.409+0000] {dag.py:3722} INFO - Setting next_dagrun for example_sla_dag to 2024-10-20T16:34:00+00:00, run_after=2024-10-20T16:36:00+00:00
[2024-10-20T16:37:01.444+0000] {processor.py:179} INFO - Processing /home/airflow/.local/lib/python3.8/site-packages/airflow/example_dags/example_sla_dag.py took 0.132 seconds
[2024-10-20T16:37:32.285+0000] {processor.py:157} INFO - Started process (PID=470) to work on /home/airflow/.local/lib/python3.8/site-packages/airflow/example_dags/example_sla_dag.py
[2024-10-20T16:37:32.286+0000] {processor.py:829} INFO - Processing file /home/airflow/.local/lib/python3.8/site-packages/airflow/example_dags/example_sla_dag.py for tasks to queue
[2024-10-20T16:37:32.289+0000] {logging_mixin.py:154} INFO - [2024-10-20T16:37:32.289+0000] {dagbag.py:536} INFO - Filling up the DagBag from /home/airflow/.local/lib/python3.8/site-packages/airflow/example_dags/example_sla_dag.py
[2024-10-20T16:37:32.298+0000] {processor.py:839} INFO - DAG(s) dict_keys(['example_sla_dag']) retrieved from /home/airflow/.local/lib/python3.8/site-packages/airflow/example_dags/example_sla_dag.py
[2024-10-20T16:37:32.324+0000] {logging_mixin.py:154} INFO - [2024-10-20T16:37:32.324+0000] {dag.py:2941} INFO - Sync 1 DAGs
[2024-10-20T16:37:32.353+0000] {logging_mixin.py:154} INFO - [2024-10-20T16:37:32.353+0000] {dag.py:3722} INFO - Setting next_dagrun for example_sla_dag to 2024-10-20T16:34:00+00:00, run_after=2024-10-20T16:36:00+00:00
[2024-10-20T16:37:32.379+0000] {processor.py:179} INFO - Processing /home/airflow/.local/lib/python3.8/site-packages/airflow/example_dags/example_sla_dag.py took 0.097 seconds
[2024-10-20T16:38:02.545+0000] {processor.py:157} INFO - Started process (PID=530) to work on /home/airflow/.local/lib/python3.8/site-packages/airflow/example_dags/example_sla_dag.py
[2024-10-20T16:38:02.546+0000] {processor.py:829} INFO - Processing file /home/airflow/.local/lib/python3.8/site-packages/airflow/example_dags/example_sla_dag.py for tasks to queue
[2024-10-20T16:38:02.549+0000] {logging_mixin.py:154} INFO - [2024-10-20T16:38:02.548+0000] {dagbag.py:536} INFO - Filling up the DagBag from /home/airflow/.local/lib/python3.8/site-packages/airflow/example_dags/example_sla_dag.py
[2024-10-20T16:38:02.558+0000] {processor.py:839} INFO - DAG(s) dict_keys(['example_sla_dag']) retrieved from /home/airflow/.local/lib/python3.8/site-packages/airflow/example_dags/example_sla_dag.py
[2024-10-20T16:38:02.583+0000] {logging_mixin.py:154} INFO - [2024-10-20T16:38:02.583+0000] {dag.py:2941} INFO - Sync 1 DAGs
[2024-10-20T16:38:02.613+0000] {logging_mixin.py:154} INFO - [2024-10-20T16:38:02.613+0000] {dag.py:3722} INFO - Setting next_dagrun for example_sla_dag to 2024-10-20T16:36:00+00:00, run_after=2024-10-20T16:38:00+00:00
[2024-10-20T16:38:02.637+0000] {processor.py:179} INFO - Processing /home/airflow/.local/lib/python3.8/site-packages/airflow/example_dags/example_sla_dag.py took 0.095 seconds
[2024-10-20T16:39:46.897+0000] {processor.py:157} INFO - Started process (PID=124) to work on /home/airflow/.local/lib/python3.8/site-packages/airflow/example_dags/example_sla_dag.py
[2024-10-20T16:39:46.899+0000] {processor.py:829} INFO - Processing file /home/airflow/.local/lib/python3.8/site-packages/airflow/example_dags/example_sla_dag.py for tasks to queue
[2024-10-20T16:39:46.902+0000] {logging_mixin.py:154} INFO - [2024-10-20T16:39:46.902+0000] {dagbag.py:536} INFO - Filling up the DagBag from /home/airflow/.local/lib/python3.8/site-packages/airflow/example_dags/example_sla_dag.py
[2024-10-20T16:39:46.917+0000] {processor.py:839} INFO - DAG(s) dict_keys(['example_sla_dag']) retrieved from /home/airflow/.local/lib/python3.8/site-packages/airflow/example_dags/example_sla_dag.py
[2024-10-20T16:39:46.949+0000] {logging_mixin.py:154} INFO - [2024-10-20T16:39:46.949+0000] {dag.py:2941} INFO - Sync 1 DAGs
[2024-10-20T16:39:46.984+0000] {logging_mixin.py:154} INFO - [2024-10-20T16:39:46.984+0000] {dag.py:3722} INFO - Setting next_dagrun for example_sla_dag to 2024-10-20T16:36:00+00:00, run_after=2024-10-20T16:38:00+00:00
[2024-10-20T16:39:47.014+0000] {processor.py:179} INFO - Processing /home/airflow/.local/lib/python3.8/site-packages/airflow/example_dags/example_sla_dag.py took 0.121 seconds
[2024-10-20T16:40:17.488+0000] {processor.py:157} INFO - Started process (PID=180) to work on /home/airflow/.local/lib/python3.8/site-packages/airflow/example_dags/example_sla_dag.py
[2024-10-20T16:40:17.490+0000] {processor.py:829} INFO - Processing file /home/airflow/.local/lib/python3.8/site-packages/airflow/example_dags/example_sla_dag.py for tasks to queue
[2024-10-20T16:40:17.492+0000] {logging_mixin.py:154} INFO - [2024-10-20T16:40:17.492+0000] {dagbag.py:536} INFO - Filling up the DagBag from /home/airflow/.local/lib/python3.8/site-packages/airflow/example_dags/example_sla_dag.py
[2024-10-20T16:40:17.505+0000] {processor.py:839} INFO - DAG(s) dict_keys(['example_sla_dag']) retrieved from /home/airflow/.local/lib/python3.8/site-packages/airflow/example_dags/example_sla_dag.py
[2024-10-20T16:40:17.548+0000] {logging_mixin.py:154} INFO - [2024-10-20T16:40:17.548+0000] {dag.py:2941} INFO - Sync 1 DAGs
[2024-10-20T16:40:17.590+0000] {logging_mixin.py:154} INFO - [2024-10-20T16:40:17.590+0000] {dag.py:3722} INFO - Setting next_dagrun for example_sla_dag to 2024-10-20T16:38:00+00:00, run_after=2024-10-20T16:40:00+00:00
[2024-10-20T16:40:17.620+0000] {processor.py:179} INFO - Processing /home/airflow/.local/lib/python3.8/site-packages/airflow/example_dags/example_sla_dag.py took 0.137 seconds
[2024-10-20T16:40:48.449+0000] {processor.py:157} INFO - Started process (PID=236) to work on /home/airflow/.local/lib/python3.8/site-packages/airflow/example_dags/example_sla_dag.py
[2024-10-20T16:40:48.451+0000] {processor.py:829} INFO - Processing file /home/airflow/.local/lib/python3.8/site-packages/airflow/example_dags/example_sla_dag.py for tasks to queue
[2024-10-20T16:40:48.455+0000] {logging_mixin.py:154} INFO - [2024-10-20T16:40:48.454+0000] {dagbag.py:536} INFO - Filling up the DagBag from /home/airflow/.local/lib/python3.8/site-packages/airflow/example_dags/example_sla_dag.py
[2024-10-20T16:40:48.465+0000] {processor.py:839} INFO - DAG(s) dict_keys(['example_sla_dag']) retrieved from /home/airflow/.local/lib/python3.8/site-packages/airflow/example_dags/example_sla_dag.py
[2024-10-20T16:40:48.490+0000] {logging_mixin.py:154} INFO - [2024-10-20T16:40:48.489+0000] {dag.py:2941} INFO - Sync 1 DAGs
[2024-10-20T16:40:48.524+0000] {logging_mixin.py:154} INFO - [2024-10-20T16:40:48.524+0000] {dag.py:3722} INFO - Setting next_dagrun for example_sla_dag to 2024-10-20T16:38:00+00:00, run_after=2024-10-20T16:40:00+00:00
[2024-10-20T16:40:48.552+0000] {processor.py:179} INFO - Processing /home/airflow/.local/lib/python3.8/site-packages/airflow/example_dags/example_sla_dag.py took 0.108 seconds
[2024-10-20T16:41:18.736+0000] {processor.py:157} INFO - Started process (PID=292) to work on /home/airflow/.local/lib/python3.8/site-packages/airflow/example_dags/example_sla_dag.py
[2024-10-20T16:41:18.737+0000] {processor.py:829} INFO - Processing file /home/airflow/.local/lib/python3.8/site-packages/airflow/example_dags/example_sla_dag.py for tasks to queue
[2024-10-20T16:41:18.739+0000] {logging_mixin.py:154} INFO - [2024-10-20T16:41:18.739+0000] {dagbag.py:536} INFO - Filling up the DagBag from /home/airflow/.local/lib/python3.8/site-packages/airflow/example_dags/example_sla_dag.py
[2024-10-20T16:41:18.747+0000] {processor.py:839} INFO - DAG(s) dict_keys(['example_sla_dag']) retrieved from /home/airflow/.local/lib/python3.8/site-packages/airflow/example_dags/example_sla_dag.py
[2024-10-20T16:41:18.769+0000] {logging_mixin.py:154} INFO - [2024-10-20T16:41:18.769+0000] {dag.py:2941} INFO - Sync 1 DAGs
[2024-10-20T16:41:18.796+0000] {logging_mixin.py:154} INFO - [2024-10-20T16:41:18.796+0000] {dag.py:3722} INFO - Setting next_dagrun for example_sla_dag to 2024-10-20T16:38:00+00:00, run_after=2024-10-20T16:40:00+00:00
[2024-10-20T16:41:18.825+0000] {processor.py:179} INFO - Processing /home/airflow/.local/lib/python3.8/site-packages/airflow/example_dags/example_sla_dag.py took 0.092 seconds
[2024-10-20T16:42:45.291+0000] {processor.py:157} INFO - Started process (PID=117) to work on /home/airflow/.local/lib/python3.8/site-packages/airflow/example_dags/example_sla_dag.py
[2024-10-20T16:42:45.292+0000] {processor.py:829} INFO - Processing file /home/airflow/.local/lib/python3.8/site-packages/airflow/example_dags/example_sla_dag.py for tasks to queue
[2024-10-20T16:42:45.294+0000] {logging_mixin.py:154} INFO - [2024-10-20T16:42:45.294+0000] {dagbag.py:536} INFO - Filling up the DagBag from /home/airflow/.local/lib/python3.8/site-packages/airflow/example_dags/example_sla_dag.py
[2024-10-20T16:42:45.302+0000] {processor.py:839} INFO - DAG(s) dict_keys(['example_sla_dag']) retrieved from /home/airflow/.local/lib/python3.8/site-packages/airflow/example_dags/example_sla_dag.py
[2024-10-20T16:42:45.330+0000] {logging_mixin.py:154} INFO - [2024-10-20T16:42:45.330+0000] {dag.py:2941} INFO - Sync 1 DAGs
[2024-10-20T16:42:45.357+0000] {logging_mixin.py:154} INFO - [2024-10-20T16:42:45.357+0000] {dag.py:3722} INFO - Setting next_dagrun for example_sla_dag to 2024-10-20T16:40:00+00:00, run_after=2024-10-20T16:42:00+00:00
[2024-10-20T16:42:45.378+0000] {processor.py:179} INFO - Processing /home/airflow/.local/lib/python3.8/site-packages/airflow/example_dags/example_sla_dag.py took 0.089 seconds
[2024-10-20T16:43:16.017+0000] {processor.py:157} INFO - Started process (PID=173) to work on /home/airflow/.local/lib/python3.8/site-packages/airflow/example_dags/example_sla_dag.py
[2024-10-20T16:43:16.019+0000] {processor.py:829} INFO - Processing file /home/airflow/.local/lib/python3.8/site-packages/airflow/example_dags/example_sla_dag.py for tasks to queue
[2024-10-20T16:43:16.021+0000] {logging_mixin.py:154} INFO - [2024-10-20T16:43:16.021+0000] {dagbag.py:536} INFO - Filling up the DagBag from /home/airflow/.local/lib/python3.8/site-packages/airflow/example_dags/example_sla_dag.py
[2024-10-20T16:43:16.030+0000] {processor.py:839} INFO - DAG(s) dict_keys(['example_sla_dag']) retrieved from /home/airflow/.local/lib/python3.8/site-packages/airflow/example_dags/example_sla_dag.py
[2024-10-20T16:43:16.054+0000] {logging_mixin.py:154} INFO - [2024-10-20T16:43:16.053+0000] {dag.py:2941} INFO - Sync 1 DAGs
[2024-10-20T16:43:16.079+0000] {logging_mixin.py:154} INFO - [2024-10-20T16:43:16.079+0000] {dag.py:3722} INFO - Setting next_dagrun for example_sla_dag to 2024-10-20T16:40:00+00:00, run_after=2024-10-20T16:42:00+00:00
[2024-10-20T16:43:16.103+0000] {processor.py:179} INFO - Processing /home/airflow/.local/lib/python3.8/site-packages/airflow/example_dags/example_sla_dag.py took 0.088 seconds
[2024-10-20T16:43:46.569+0000] {processor.py:157} INFO - Started process (PID=229) to work on /home/airflow/.local/lib/python3.8/site-packages/airflow/example_dags/example_sla_dag.py
[2024-10-20T16:43:46.570+0000] {processor.py:829} INFO - Processing file /home/airflow/.local/lib/python3.8/site-packages/airflow/example_dags/example_sla_dag.py for tasks to queue
[2024-10-20T16:43:46.573+0000] {logging_mixin.py:154} INFO - [2024-10-20T16:43:46.572+0000] {dagbag.py:536} INFO - Filling up the DagBag from /home/airflow/.local/lib/python3.8/site-packages/airflow/example_dags/example_sla_dag.py
[2024-10-20T16:43:46.580+0000] {processor.py:839} INFO - DAG(s) dict_keys(['example_sla_dag']) retrieved from /home/airflow/.local/lib/python3.8/site-packages/airflow/example_dags/example_sla_dag.py
[2024-10-20T16:43:46.600+0000] {logging_mixin.py:154} INFO - [2024-10-20T16:43:46.600+0000] {dag.py:2941} INFO - Sync 1 DAGs
[2024-10-20T16:43:46.626+0000] {logging_mixin.py:154} INFO - [2024-10-20T16:43:46.625+0000] {dag.py:3722} INFO - Setting next_dagrun for example_sla_dag to 2024-10-20T16:40:00+00:00, run_after=2024-10-20T16:42:00+00:00
[2024-10-20T16:43:46.648+0000] {processor.py:179} INFO - Processing /home/airflow/.local/lib/python3.8/site-packages/airflow/example_dags/example_sla_dag.py took 0.081 seconds
[2024-10-20T16:44:17.211+0000] {processor.py:157} INFO - Started process (PID=292) to work on /home/airflow/.local/lib/python3.8/site-packages/airflow/example_dags/example_sla_dag.py
[2024-10-20T16:44:17.212+0000] {processor.py:829} INFO - Processing file /home/airflow/.local/lib/python3.8/site-packages/airflow/example_dags/example_sla_dag.py for tasks to queue
[2024-10-20T16:44:17.215+0000] {logging_mixin.py:154} INFO - [2024-10-20T16:44:17.215+0000] {dagbag.py:536} INFO - Filling up the DagBag from /home/airflow/.local/lib/python3.8/site-packages/airflow/example_dags/example_sla_dag.py
[2024-10-20T16:44:17.227+0000] {processor.py:839} INFO - DAG(s) dict_keys(['example_sla_dag']) retrieved from /home/airflow/.local/lib/python3.8/site-packages/airflow/example_dags/example_sla_dag.py
[2024-10-20T16:44:17.253+0000] {logging_mixin.py:154} INFO - [2024-10-20T16:44:17.252+0000] {dag.py:2941} INFO - Sync 1 DAGs
[2024-10-20T16:44:17.285+0000] {logging_mixin.py:154} INFO - [2024-10-20T16:44:17.285+0000] {dag.py:3722} INFO - Setting next_dagrun for example_sla_dag to 2024-10-20T16:42:00+00:00, run_after=2024-10-20T16:44:00+00:00
[2024-10-20T16:44:17.312+0000] {processor.py:179} INFO - Processing /home/airflow/.local/lib/python3.8/site-packages/airflow/example_dags/example_sla_dag.py took 0.103 seconds
[2024-10-20T16:44:47.840+0000] {processor.py:157} INFO - Started process (PID=348) to work on /home/airflow/.local/lib/python3.8/site-packages/airflow/example_dags/example_sla_dag.py
[2024-10-20T16:44:47.841+0000] {processor.py:829} INFO - Processing file /home/airflow/.local/lib/python3.8/site-packages/airflow/example_dags/example_sla_dag.py for tasks to queue
[2024-10-20T16:44:47.843+0000] {logging_mixin.py:154} INFO - [2024-10-20T16:44:47.843+0000] {dagbag.py:536} INFO - Filling up the DagBag from /home/airflow/.local/lib/python3.8/site-packages/airflow/example_dags/example_sla_dag.py
[2024-10-20T16:44:47.852+0000] {processor.py:839} INFO - DAG(s) dict_keys(['example_sla_dag']) retrieved from /home/airflow/.local/lib/python3.8/site-packages/airflow/example_dags/example_sla_dag.py
[2024-10-20T16:44:47.877+0000] {logging_mixin.py:154} INFO - [2024-10-20T16:44:47.877+0000] {dag.py:2941} INFO - Sync 1 DAGs
[2024-10-20T16:44:47.928+0000] {logging_mixin.py:154} INFO - [2024-10-20T16:44:47.927+0000] {dag.py:3722} INFO - Setting next_dagrun for example_sla_dag to 2024-10-20T16:42:00+00:00, run_after=2024-10-20T16:44:00+00:00
[2024-10-20T16:44:47.983+0000] {processor.py:179} INFO - Processing /home/airflow/.local/lib/python3.8/site-packages/airflow/example_dags/example_sla_dag.py took 0.146 seconds
[2024-10-20T16:45:54.361+0000] {processor.py:157} INFO - Started process (PID=119) to work on /home/airflow/.local/lib/python3.8/site-packages/airflow/example_dags/example_sla_dag.py
[2024-10-20T16:45:54.362+0000] {processor.py:829} INFO - Processing file /home/airflow/.local/lib/python3.8/site-packages/airflow/example_dags/example_sla_dag.py for tasks to queue
[2024-10-20T16:45:54.365+0000] {logging_mixin.py:154} INFO - [2024-10-20T16:45:54.365+0000] {dagbag.py:536} INFO - Filling up the DagBag from /home/airflow/.local/lib/python3.8/site-packages/airflow/example_dags/example_sla_dag.py
[2024-10-20T16:45:54.376+0000] {processor.py:839} INFO - DAG(s) dict_keys(['example_sla_dag']) retrieved from /home/airflow/.local/lib/python3.8/site-packages/airflow/example_dags/example_sla_dag.py
[2024-10-20T16:45:54.406+0000] {logging_mixin.py:154} INFO - [2024-10-20T16:45:54.406+0000] {dag.py:2941} INFO - Sync 1 DAGs
[2024-10-20T16:45:54.439+0000] {logging_mixin.py:154} INFO - [2024-10-20T16:45:54.438+0000] {dag.py:3722} INFO - Setting next_dagrun for example_sla_dag to 2024-10-20T16:42:00+00:00, run_after=2024-10-20T16:44:00+00:00
[2024-10-20T16:45:54.466+0000] {processor.py:179} INFO - Processing /home/airflow/.local/lib/python3.8/site-packages/airflow/example_dags/example_sla_dag.py took 0.108 seconds
[2024-10-20T16:46:25.058+0000] {processor.py:157} INFO - Started process (PID=177) to work on /home/airflow/.local/lib/python3.8/site-packages/airflow/example_dags/example_sla_dag.py
[2024-10-20T16:46:25.059+0000] {processor.py:829} INFO - Processing file /home/airflow/.local/lib/python3.8/site-packages/airflow/example_dags/example_sla_dag.py for tasks to queue
[2024-10-20T16:46:25.061+0000] {logging_mixin.py:154} INFO - [2024-10-20T16:46:25.061+0000] {dagbag.py:536} INFO - Filling up the DagBag from /home/airflow/.local/lib/python3.8/site-packages/airflow/example_dags/example_sla_dag.py
[2024-10-20T16:46:25.069+0000] {processor.py:839} INFO - DAG(s) dict_keys(['example_sla_dag']) retrieved from /home/airflow/.local/lib/python3.8/site-packages/airflow/example_dags/example_sla_dag.py
[2024-10-20T16:46:25.090+0000] {logging_mixin.py:154} INFO - [2024-10-20T16:46:25.090+0000] {dag.py:2941} INFO - Sync 1 DAGs
[2024-10-20T16:46:25.115+0000] {logging_mixin.py:154} INFO - [2024-10-20T16:46:25.115+0000] {dag.py:3722} INFO - Setting next_dagrun for example_sla_dag to 2024-10-20T16:44:00+00:00, run_after=2024-10-20T16:46:00+00:00
[2024-10-20T16:46:25.136+0000] {processor.py:179} INFO - Processing /home/airflow/.local/lib/python3.8/site-packages/airflow/example_dags/example_sla_dag.py took 0.081 seconds
[2024-10-20T16:47:58.957+0000] {processor.py:157} INFO - Started process (PID=126) to work on /home/airflow/.local/lib/python3.8/site-packages/airflow/example_dags/example_sla_dag.py
[2024-10-20T16:47:58.959+0000] {processor.py:829} INFO - Processing file /home/airflow/.local/lib/python3.8/site-packages/airflow/example_dags/example_sla_dag.py for tasks to queue
[2024-10-20T16:47:58.962+0000] {logging_mixin.py:154} INFO - [2024-10-20T16:47:58.961+0000] {dagbag.py:536} INFO - Filling up the DagBag from /home/airflow/.local/lib/python3.8/site-packages/airflow/example_dags/example_sla_dag.py
[2024-10-20T16:47:58.977+0000] {processor.py:839} INFO - DAG(s) dict_keys(['example_sla_dag']) retrieved from /home/airflow/.local/lib/python3.8/site-packages/airflow/example_dags/example_sla_dag.py
[2024-10-20T16:47:59.003+0000] {logging_mixin.py:154} INFO - [2024-10-20T16:47:59.003+0000] {dag.py:2941} INFO - Sync 1 DAGs
[2024-10-20T16:47:59.034+0000] {logging_mixin.py:154} INFO - [2024-10-20T16:47:59.034+0000] {dag.py:3722} INFO - Setting next_dagrun for example_sla_dag to 2024-10-20T16:44:00+00:00, run_after=2024-10-20T16:46:00+00:00
[2024-10-20T16:47:59.059+0000] {processor.py:179} INFO - Processing /home/airflow/.local/lib/python3.8/site-packages/airflow/example_dags/example_sla_dag.py took 0.105 seconds
[2024-10-20T16:48:29.331+0000] {processor.py:157} INFO - Started process (PID=184) to work on /home/airflow/.local/lib/python3.8/site-packages/airflow/example_dags/example_sla_dag.py
[2024-10-20T16:48:29.332+0000] {processor.py:829} INFO - Processing file /home/airflow/.local/lib/python3.8/site-packages/airflow/example_dags/example_sla_dag.py for tasks to queue
[2024-10-20T16:48:29.335+0000] {logging_mixin.py:154} INFO - [2024-10-20T16:48:29.335+0000] {dagbag.py:536} INFO - Filling up the DagBag from /home/airflow/.local/lib/python3.8/site-packages/airflow/example_dags/example_sla_dag.py
[2024-10-20T16:48:29.343+0000] {processor.py:839} INFO - DAG(s) dict_keys(['example_sla_dag']) retrieved from /home/airflow/.local/lib/python3.8/site-packages/airflow/example_dags/example_sla_dag.py
[2024-10-20T16:48:29.366+0000] {logging_mixin.py:154} INFO - [2024-10-20T16:48:29.365+0000] {dag.py:2941} INFO - Sync 1 DAGs
[2024-10-20T16:48:29.400+0000] {logging_mixin.py:154} INFO - [2024-10-20T16:48:29.400+0000] {dag.py:3722} INFO - Setting next_dagrun for example_sla_dag to 2024-10-20T16:46:00+00:00, run_after=2024-10-20T16:48:00+00:00
[2024-10-20T16:48:29.426+0000] {processor.py:179} INFO - Processing /home/airflow/.local/lib/python3.8/site-packages/airflow/example_dags/example_sla_dag.py took 0.098 seconds
[2024-10-20T16:58:40.819+0000] {processor.py:157} INFO - Started process (PID=131) to work on /home/airflow/.local/lib/python3.8/site-packages/airflow/example_dags/example_sla_dag.py
[2024-10-20T16:58:40.820+0000] {processor.py:829} INFO - Processing file /home/airflow/.local/lib/python3.8/site-packages/airflow/example_dags/example_sla_dag.py for tasks to queue
[2024-10-20T16:58:40.822+0000] {logging_mixin.py:154} INFO - [2024-10-20T16:58:40.822+0000] {dagbag.py:536} INFO - Filling up the DagBag from /home/airflow/.local/lib/python3.8/site-packages/airflow/example_dags/example_sla_dag.py
[2024-10-20T16:58:40.830+0000] {processor.py:839} INFO - DAG(s) dict_keys(['example_sla_dag']) retrieved from /home/airflow/.local/lib/python3.8/site-packages/airflow/example_dags/example_sla_dag.py
[2024-10-20T16:58:40.851+0000] {logging_mixin.py:154} INFO - [2024-10-20T16:58:40.851+0000] {dag.py:2941} INFO - Sync 1 DAGs
[2024-10-20T16:58:40.878+0000] {logging_mixin.py:154} INFO - [2024-10-20T16:58:40.878+0000] {dag.py:3722} INFO - Setting next_dagrun for example_sla_dag to 2024-10-20T16:56:00+00:00, run_after=2024-10-20T16:58:00+00:00
[2024-10-20T16:58:40.903+0000] {processor.py:179} INFO - Processing /home/airflow/.local/lib/python3.8/site-packages/airflow/example_dags/example_sla_dag.py took 0.087 seconds
[2024-10-20T17:00:39.815+0000] {processor.py:157} INFO - Started process (PID=127) to work on /home/airflow/.local/lib/python3.8/site-packages/airflow/example_dags/example_sla_dag.py
[2024-10-20T17:00:39.817+0000] {processor.py:829} INFO - Processing file /home/airflow/.local/lib/python3.8/site-packages/airflow/example_dags/example_sla_dag.py for tasks to queue
[2024-10-20T17:00:39.820+0000] {logging_mixin.py:154} INFO - [2024-10-20T17:00:39.820+0000] {dagbag.py:536} INFO - Filling up the DagBag from /home/airflow/.local/lib/python3.8/site-packages/airflow/example_dags/example_sla_dag.py
[2024-10-20T17:00:39.833+0000] {processor.py:839} INFO - DAG(s) dict_keys(['example_sla_dag']) retrieved from /home/airflow/.local/lib/python3.8/site-packages/airflow/example_dags/example_sla_dag.py
[2024-10-20T17:00:39.859+0000] {logging_mixin.py:154} INFO - [2024-10-20T17:00:39.859+0000] {dag.py:2941} INFO - Sync 1 DAGs
[2024-10-20T17:00:39.890+0000] {logging_mixin.py:154} INFO - [2024-10-20T17:00:39.890+0000] {dag.py:3722} INFO - Setting next_dagrun for example_sla_dag to 2024-10-20T16:58:00+00:00, run_after=2024-10-20T17:00:00+00:00
[2024-10-20T17:00:39.914+0000] {processor.py:179} INFO - Processing /home/airflow/.local/lib/python3.8/site-packages/airflow/example_dags/example_sla_dag.py took 0.102 seconds
[2024-10-20T17:01:10.000+0000] {processor.py:157} INFO - Started process (PID=187) to work on /home/airflow/.local/lib/python3.8/site-packages/airflow/example_dags/example_sla_dag.py
[2024-10-20T17:01:10.001+0000] {processor.py:829} INFO - Processing file /home/airflow/.local/lib/python3.8/site-packages/airflow/example_dags/example_sla_dag.py for tasks to queue
[2024-10-20T17:01:10.004+0000] {logging_mixin.py:154} INFO - [2024-10-20T17:01:10.003+0000] {dagbag.py:536} INFO - Filling up the DagBag from /home/airflow/.local/lib/python3.8/site-packages/airflow/example_dags/example_sla_dag.py
[2024-10-20T17:01:10.011+0000] {processor.py:839} INFO - DAG(s) dict_keys(['example_sla_dag']) retrieved from /home/airflow/.local/lib/python3.8/site-packages/airflow/example_dags/example_sla_dag.py
[2024-10-20T17:01:10.028+0000] {logging_mixin.py:154} INFO - [2024-10-20T17:01:10.028+0000] {dag.py:2941} INFO - Sync 1 DAGs
[2024-10-20T17:01:10.050+0000] {logging_mixin.py:154} INFO - [2024-10-20T17:01:10.050+0000] {dag.py:3722} INFO - Setting next_dagrun for example_sla_dag to 2024-10-20T16:58:00+00:00, run_after=2024-10-20T17:00:00+00:00
[2024-10-20T17:01:10.069+0000] {processor.py:179} INFO - Processing /home/airflow/.local/lib/python3.8/site-packages/airflow/example_dags/example_sla_dag.py took 0.071 seconds
[2024-10-20T17:01:40.818+0000] {processor.py:157} INFO - Started process (PID=245) to work on /home/airflow/.local/lib/python3.8/site-packages/airflow/example_dags/example_sla_dag.py
[2024-10-20T17:01:40.819+0000] {processor.py:829} INFO - Processing file /home/airflow/.local/lib/python3.8/site-packages/airflow/example_dags/example_sla_dag.py for tasks to queue
[2024-10-20T17:01:40.820+0000] {logging_mixin.py:154} INFO - [2024-10-20T17:01:40.820+0000] {dagbag.py:536} INFO - Filling up the DagBag from /home/airflow/.local/lib/python3.8/site-packages/airflow/example_dags/example_sla_dag.py
[2024-10-20T17:01:40.829+0000] {processor.py:839} INFO - DAG(s) dict_keys(['example_sla_dag']) retrieved from /home/airflow/.local/lib/python3.8/site-packages/airflow/example_dags/example_sla_dag.py
[2024-10-20T17:01:40.854+0000] {logging_mixin.py:154} INFO - [2024-10-20T17:01:40.853+0000] {dag.py:2941} INFO - Sync 1 DAGs
[2024-10-20T17:01:40.882+0000] {logging_mixin.py:154} INFO - [2024-10-20T17:01:40.882+0000] {dag.py:3722} INFO - Setting next_dagrun for example_sla_dag to 2024-10-20T16:58:00+00:00, run_after=2024-10-20T17:00:00+00:00
[2024-10-20T17:01:40.912+0000] {processor.py:179} INFO - Processing /home/airflow/.local/lib/python3.8/site-packages/airflow/example_dags/example_sla_dag.py took 0.097 seconds
[2024-10-20T17:02:11.862+0000] {processor.py:157} INFO - Started process (PID=307) to work on /home/airflow/.local/lib/python3.8/site-packages/airflow/example_dags/example_sla_dag.py
[2024-10-20T17:02:11.863+0000] {processor.py:829} INFO - Processing file /home/airflow/.local/lib/python3.8/site-packages/airflow/example_dags/example_sla_dag.py for tasks to queue
[2024-10-20T17:02:11.865+0000] {logging_mixin.py:154} INFO - [2024-10-20T17:02:11.864+0000] {dagbag.py:536} INFO - Filling up the DagBag from /home/airflow/.local/lib/python3.8/site-packages/airflow/example_dags/example_sla_dag.py
[2024-10-20T17:02:11.873+0000] {processor.py:839} INFO - DAG(s) dict_keys(['example_sla_dag']) retrieved from /home/airflow/.local/lib/python3.8/site-packages/airflow/example_dags/example_sla_dag.py
[2024-10-20T17:02:11.893+0000] {logging_mixin.py:154} INFO - [2024-10-20T17:02:11.893+0000] {dag.py:2941} INFO - Sync 1 DAGs
[2024-10-20T17:02:11.918+0000] {logging_mixin.py:154} INFO - [2024-10-20T17:02:11.918+0000] {dag.py:3722} INFO - Setting next_dagrun for example_sla_dag to 2024-10-20T17:00:00+00:00, run_after=2024-10-20T17:02:00+00:00
[2024-10-20T17:02:11.985+0000] {processor.py:179} INFO - Processing /home/airflow/.local/lib/python3.8/site-packages/airflow/example_dags/example_sla_dag.py took 0.126 seconds
[2024-10-20T17:02:42.297+0000] {processor.py:157} INFO - Started process (PID=365) to work on /home/airflow/.local/lib/python3.8/site-packages/airflow/example_dags/example_sla_dag.py
[2024-10-20T17:02:42.298+0000] {processor.py:829} INFO - Processing file /home/airflow/.local/lib/python3.8/site-packages/airflow/example_dags/example_sla_dag.py for tasks to queue
[2024-10-20T17:02:42.299+0000] {logging_mixin.py:154} INFO - [2024-10-20T17:02:42.299+0000] {dagbag.py:536} INFO - Filling up the DagBag from /home/airflow/.local/lib/python3.8/site-packages/airflow/example_dags/example_sla_dag.py
[2024-10-20T17:02:42.306+0000] {processor.py:839} INFO - DAG(s) dict_keys(['example_sla_dag']) retrieved from /home/airflow/.local/lib/python3.8/site-packages/airflow/example_dags/example_sla_dag.py
[2024-10-20T17:02:42.325+0000] {logging_mixin.py:154} INFO - [2024-10-20T17:02:42.325+0000] {dag.py:2941} INFO - Sync 1 DAGs
[2024-10-20T17:02:42.348+0000] {logging_mixin.py:154} INFO - [2024-10-20T17:02:42.348+0000] {dag.py:3722} INFO - Setting next_dagrun for example_sla_dag to 2024-10-20T17:00:00+00:00, run_after=2024-10-20T17:02:00+00:00
[2024-10-20T17:02:42.383+0000] {processor.py:179} INFO - Processing /home/airflow/.local/lib/python3.8/site-packages/airflow/example_dags/example_sla_dag.py took 0.088 seconds
[2024-10-20T17:03:13.286+0000] {processor.py:157} INFO - Started process (PID=423) to work on /home/airflow/.local/lib/python3.8/site-packages/airflow/example_dags/example_sla_dag.py
[2024-10-20T17:03:13.287+0000] {processor.py:829} INFO - Processing file /home/airflow/.local/lib/python3.8/site-packages/airflow/example_dags/example_sla_dag.py for tasks to queue
[2024-10-20T17:03:13.288+0000] {logging_mixin.py:154} INFO - [2024-10-20T17:03:13.288+0000] {dagbag.py:536} INFO - Filling up the DagBag from /home/airflow/.local/lib/python3.8/site-packages/airflow/example_dags/example_sla_dag.py
[2024-10-20T17:03:13.294+0000] {processor.py:839} INFO - DAG(s) dict_keys(['example_sla_dag']) retrieved from /home/airflow/.local/lib/python3.8/site-packages/airflow/example_dags/example_sla_dag.py
[2024-10-20T17:03:13.315+0000] {logging_mixin.py:154} INFO - [2024-10-20T17:03:13.315+0000] {dag.py:2941} INFO - Sync 1 DAGs
[2024-10-20T17:03:13.338+0000] {logging_mixin.py:154} INFO - [2024-10-20T17:03:13.338+0000] {dag.py:3722} INFO - Setting next_dagrun for example_sla_dag to 2024-10-20T17:00:00+00:00, run_after=2024-10-20T17:02:00+00:00
[2024-10-20T17:03:13.356+0000] {processor.py:179} INFO - Processing /home/airflow/.local/lib/python3.8/site-packages/airflow/example_dags/example_sla_dag.py took 0.073 seconds
[2024-10-20T17:03:43.443+0000] {processor.py:157} INFO - Started process (PID=481) to work on /home/airflow/.local/lib/python3.8/site-packages/airflow/example_dags/example_sla_dag.py
[2024-10-20T17:03:43.444+0000] {processor.py:829} INFO - Processing file /home/airflow/.local/lib/python3.8/site-packages/airflow/example_dags/example_sla_dag.py for tasks to queue
[2024-10-20T17:03:43.445+0000] {logging_mixin.py:154} INFO - [2024-10-20T17:03:43.445+0000] {dagbag.py:536} INFO - Filling up the DagBag from /home/airflow/.local/lib/python3.8/site-packages/airflow/example_dags/example_sla_dag.py
[2024-10-20T17:03:43.453+0000] {processor.py:839} INFO - DAG(s) dict_keys(['example_sla_dag']) retrieved from /home/airflow/.local/lib/python3.8/site-packages/airflow/example_dags/example_sla_dag.py
[2024-10-20T17:03:43.472+0000] {logging_mixin.py:154} INFO - [2024-10-20T17:03:43.472+0000] {dag.py:2941} INFO - Sync 1 DAGs
[2024-10-20T17:03:43.496+0000] {logging_mixin.py:154} INFO - [2024-10-20T17:03:43.495+0000] {dag.py:3722} INFO - Setting next_dagrun for example_sla_dag to 2024-10-20T17:00:00+00:00, run_after=2024-10-20T17:02:00+00:00
[2024-10-20T17:03:43.515+0000] {processor.py:179} INFO - Processing /home/airflow/.local/lib/python3.8/site-packages/airflow/example_dags/example_sla_dag.py took 0.074 seconds
[2024-10-20T17:04:14.274+0000] {processor.py:157} INFO - Started process (PID=539) to work on /home/airflow/.local/lib/python3.8/site-packages/airflow/example_dags/example_sla_dag.py
[2024-10-20T17:04:14.275+0000] {processor.py:829} INFO - Processing file /home/airflow/.local/lib/python3.8/site-packages/airflow/example_dags/example_sla_dag.py for tasks to queue
[2024-10-20T17:04:14.277+0000] {logging_mixin.py:154} INFO - [2024-10-20T17:04:14.276+0000] {dagbag.py:536} INFO - Filling up the DagBag from /home/airflow/.local/lib/python3.8/site-packages/airflow/example_dags/example_sla_dag.py
[2024-10-20T17:04:14.286+0000] {processor.py:839} INFO - DAG(s) dict_keys(['example_sla_dag']) retrieved from /home/airflow/.local/lib/python3.8/site-packages/airflow/example_dags/example_sla_dag.py
[2024-10-20T17:04:14.310+0000] {logging_mixin.py:154} INFO - [2024-10-20T17:04:14.310+0000] {dag.py:2941} INFO - Sync 1 DAGs
[2024-10-20T17:04:14.336+0000] {logging_mixin.py:154} INFO - [2024-10-20T17:04:14.336+0000] {dag.py:3722} INFO - Setting next_dagrun for example_sla_dag to 2024-10-20T17:02:00+00:00, run_after=2024-10-20T17:04:00+00:00
[2024-10-20T17:04:14.361+0000] {processor.py:179} INFO - Processing /home/airflow/.local/lib/python3.8/site-packages/airflow/example_dags/example_sla_dag.py took 0.091 seconds
[2024-10-20T17:04:45.047+0000] {processor.py:157} INFO - Started process (PID=597) to work on /home/airflow/.local/lib/python3.8/site-packages/airflow/example_dags/example_sla_dag.py
[2024-10-20T17:04:45.048+0000] {processor.py:829} INFO - Processing file /home/airflow/.local/lib/python3.8/site-packages/airflow/example_dags/example_sla_dag.py for tasks to queue
[2024-10-20T17:04:45.049+0000] {logging_mixin.py:154} INFO - [2024-10-20T17:04:45.049+0000] {dagbag.py:536} INFO - Filling up the DagBag from /home/airflow/.local/lib/python3.8/site-packages/airflow/example_dags/example_sla_dag.py
[2024-10-20T17:04:45.059+0000] {processor.py:839} INFO - DAG(s) dict_keys(['example_sla_dag']) retrieved from /home/airflow/.local/lib/python3.8/site-packages/airflow/example_dags/example_sla_dag.py
[2024-10-20T17:04:45.084+0000] {logging_mixin.py:154} INFO - [2024-10-20T17:04:45.084+0000] {dag.py:2941} INFO - Sync 1 DAGs
[2024-10-20T17:04:45.115+0000] {logging_mixin.py:154} INFO - [2024-10-20T17:04:45.114+0000] {dag.py:3722} INFO - Setting next_dagrun for example_sla_dag to 2024-10-20T17:02:00+00:00, run_after=2024-10-20T17:04:00+00:00
[2024-10-20T17:04:45.140+0000] {processor.py:179} INFO - Processing /home/airflow/.local/lib/python3.8/site-packages/airflow/example_dags/example_sla_dag.py took 0.096 seconds
[2024-10-20T17:05:15.551+0000] {processor.py:157} INFO - Started process (PID=655) to work on /home/airflow/.local/lib/python3.8/site-packages/airflow/example_dags/example_sla_dag.py
[2024-10-20T17:05:15.553+0000] {processor.py:829} INFO - Processing file /home/airflow/.local/lib/python3.8/site-packages/airflow/example_dags/example_sla_dag.py for tasks to queue
[2024-10-20T17:05:15.554+0000] {logging_mixin.py:154} INFO - [2024-10-20T17:05:15.553+0000] {dagbag.py:536} INFO - Filling up the DagBag from /home/airflow/.local/lib/python3.8/site-packages/airflow/example_dags/example_sla_dag.py
[2024-10-20T17:05:15.563+0000] {processor.py:839} INFO - DAG(s) dict_keys(['example_sla_dag']) retrieved from /home/airflow/.local/lib/python3.8/site-packages/airflow/example_dags/example_sla_dag.py
[2024-10-20T17:05:15.586+0000] {logging_mixin.py:154} INFO - [2024-10-20T17:05:15.585+0000] {dag.py:2941} INFO - Sync 1 DAGs
[2024-10-20T17:05:15.619+0000] {logging_mixin.py:154} INFO - [2024-10-20T17:05:15.618+0000] {dag.py:3722} INFO - Setting next_dagrun for example_sla_dag to 2024-10-20T17:02:00+00:00, run_after=2024-10-20T17:04:00+00:00
[2024-10-20T17:05:15.644+0000] {processor.py:179} INFO - Processing /home/airflow/.local/lib/python3.8/site-packages/airflow/example_dags/example_sla_dag.py took 0.097 seconds
[2024-10-20T17:05:46.365+0000] {processor.py:157} INFO - Started process (PID=717) to work on /home/airflow/.local/lib/python3.8/site-packages/airflow/example_dags/example_sla_dag.py
[2024-10-20T17:05:46.366+0000] {processor.py:829} INFO - Processing file /home/airflow/.local/lib/python3.8/site-packages/airflow/example_dags/example_sla_dag.py for tasks to queue
[2024-10-20T17:05:46.368+0000] {logging_mixin.py:154} INFO - [2024-10-20T17:05:46.367+0000] {dagbag.py:536} INFO - Filling up the DagBag from /home/airflow/.local/lib/python3.8/site-packages/airflow/example_dags/example_sla_dag.py
[2024-10-20T17:05:46.378+0000] {processor.py:839} INFO - DAG(s) dict_keys(['example_sla_dag']) retrieved from /home/airflow/.local/lib/python3.8/site-packages/airflow/example_dags/example_sla_dag.py
[2024-10-20T17:05:46.403+0000] {logging_mixin.py:154} INFO - [2024-10-20T17:05:46.403+0000] {dag.py:2941} INFO - Sync 1 DAGs
[2024-10-20T17:05:46.434+0000] {logging_mixin.py:154} INFO - [2024-10-20T17:05:46.434+0000] {dag.py:3722} INFO - Setting next_dagrun for example_sla_dag to 2024-10-20T17:02:00+00:00, run_after=2024-10-20T17:04:00+00:00
[2024-10-20T17:05:46.464+0000] {processor.py:179} INFO - Processing /home/airflow/.local/lib/python3.8/site-packages/airflow/example_dags/example_sla_dag.py took 0.103 seconds
[2024-10-20T17:06:17.287+0000] {processor.py:157} INFO - Started process (PID=779) to work on /home/airflow/.local/lib/python3.8/site-packages/airflow/example_dags/example_sla_dag.py
[2024-10-20T17:06:17.288+0000] {processor.py:829} INFO - Processing file /home/airflow/.local/lib/python3.8/site-packages/airflow/example_dags/example_sla_dag.py for tasks to queue
[2024-10-20T17:06:17.289+0000] {logging_mixin.py:154} INFO - [2024-10-20T17:06:17.289+0000] {dagbag.py:536} INFO - Filling up the DagBag from /home/airflow/.local/lib/python3.8/site-packages/airflow/example_dags/example_sla_dag.py
[2024-10-20T17:06:17.296+0000] {processor.py:839} INFO - DAG(s) dict_keys(['example_sla_dag']) retrieved from /home/airflow/.local/lib/python3.8/site-packages/airflow/example_dags/example_sla_dag.py
[2024-10-20T17:06:17.316+0000] {logging_mixin.py:154} INFO - [2024-10-20T17:06:17.316+0000] {dag.py:2941} INFO - Sync 1 DAGs
[2024-10-20T17:06:17.341+0000] {logging_mixin.py:154} INFO - [2024-10-20T17:06:17.341+0000] {dag.py:3722} INFO - Setting next_dagrun for example_sla_dag to 2024-10-20T17:04:00+00:00, run_after=2024-10-20T17:06:00+00:00
[2024-10-20T17:06:17.364+0000] {processor.py:179} INFO - Processing /home/airflow/.local/lib/python3.8/site-packages/airflow/example_dags/example_sla_dag.py took 0.079 seconds
[2024-10-20T17:06:47.397+0000] {processor.py:157} INFO - Started process (PID=841) to work on /home/airflow/.local/lib/python3.8/site-packages/airflow/example_dags/example_sla_dag.py
[2024-10-20T17:06:47.399+0000] {processor.py:829} INFO - Processing file /home/airflow/.local/lib/python3.8/site-packages/airflow/example_dags/example_sla_dag.py for tasks to queue
[2024-10-20T17:06:47.399+0000] {logging_mixin.py:154} INFO - [2024-10-20T17:06:47.399+0000] {dagbag.py:536} INFO - Filling up the DagBag from /home/airflow/.local/lib/python3.8/site-packages/airflow/example_dags/example_sla_dag.py
[2024-10-20T17:06:47.406+0000] {processor.py:839} INFO - DAG(s) dict_keys(['example_sla_dag']) retrieved from /home/airflow/.local/lib/python3.8/site-packages/airflow/example_dags/example_sla_dag.py
[2024-10-20T17:06:47.427+0000] {logging_mixin.py:154} INFO - [2024-10-20T17:06:47.426+0000] {dag.py:2941} INFO - Sync 1 DAGs
[2024-10-20T17:06:47.452+0000] {logging_mixin.py:154} INFO - [2024-10-20T17:06:47.452+0000] {dag.py:3722} INFO - Setting next_dagrun for example_sla_dag to 2024-10-20T17:04:00+00:00, run_after=2024-10-20T17:06:00+00:00
[2024-10-20T17:06:47.471+0000] {processor.py:179} INFO - Processing /home/airflow/.local/lib/python3.8/site-packages/airflow/example_dags/example_sla_dag.py took 0.077 seconds
[2024-10-20T17:07:18.031+0000] {processor.py:157} INFO - Started process (PID=907) to work on /home/airflow/.local/lib/python3.8/site-packages/airflow/example_dags/example_sla_dag.py
[2024-10-20T17:07:18.032+0000] {processor.py:829} INFO - Processing file /home/airflow/.local/lib/python3.8/site-packages/airflow/example_dags/example_sla_dag.py for tasks to queue
[2024-10-20T17:07:18.034+0000] {logging_mixin.py:154} INFO - [2024-10-20T17:07:18.034+0000] {dagbag.py:536} INFO - Filling up the DagBag from /home/airflow/.local/lib/python3.8/site-packages/airflow/example_dags/example_sla_dag.py
[2024-10-20T17:07:18.043+0000] {processor.py:839} INFO - DAG(s) dict_keys(['example_sla_dag']) retrieved from /home/airflow/.local/lib/python3.8/site-packages/airflow/example_dags/example_sla_dag.py
[2024-10-20T17:07:18.071+0000] {logging_mixin.py:154} INFO - [2024-10-20T17:07:18.071+0000] {dag.py:2941} INFO - Sync 1 DAGs
[2024-10-20T17:07:18.102+0000] {logging_mixin.py:154} INFO - [2024-10-20T17:07:18.102+0000] {dag.py:3722} INFO - Setting next_dagrun for example_sla_dag to 2024-10-20T17:04:00+00:00, run_after=2024-10-20T17:06:00+00:00
[2024-10-20T17:07:18.337+0000] {processor.py:179} INFO - Processing /home/airflow/.local/lib/python3.8/site-packages/airflow/example_dags/example_sla_dag.py took 0.309 seconds
[2024-10-20T17:07:48.775+0000] {processor.py:157} INFO - Started process (PID=991) to work on /home/airflow/.local/lib/python3.8/site-packages/airflow/example_dags/example_sla_dag.py
[2024-10-20T17:07:48.777+0000] {processor.py:829} INFO - Processing file /home/airflow/.local/lib/python3.8/site-packages/airflow/example_dags/example_sla_dag.py for tasks to queue
[2024-10-20T17:07:48.778+0000] {logging_mixin.py:154} INFO - [2024-10-20T17:07:48.777+0000] {dagbag.py:536} INFO - Filling up the DagBag from /home/airflow/.local/lib/python3.8/site-packages/airflow/example_dags/example_sla_dag.py
[2024-10-20T17:07:48.788+0000] {processor.py:839} INFO - DAG(s) dict_keys(['example_sla_dag']) retrieved from /home/airflow/.local/lib/python3.8/site-packages/airflow/example_dags/example_sla_dag.py
[2024-10-20T17:07:48.813+0000] {logging_mixin.py:154} INFO - [2024-10-20T17:07:48.812+0000] {dag.py:2941} INFO - Sync 1 DAGs
[2024-10-20T17:07:48.845+0000] {logging_mixin.py:154} INFO - [2024-10-20T17:07:48.844+0000] {dag.py:3722} INFO - Setting next_dagrun for example_sla_dag to 2024-10-20T17:04:00+00:00, run_after=2024-10-20T17:06:00+00:00
[2024-10-20T17:07:48.870+0000] {processor.py:179} INFO - Processing /home/airflow/.local/lib/python3.8/site-packages/airflow/example_dags/example_sla_dag.py took 0.098 seconds
[2024-10-20T17:09:02.994+0000] {processor.py:157} INFO - Started process (PID=119) to work on /home/airflow/.local/lib/python3.8/site-packages/airflow/example_dags/example_sla_dag.py
[2024-10-20T17:09:02.996+0000] {processor.py:829} INFO - Processing file /home/airflow/.local/lib/python3.8/site-packages/airflow/example_dags/example_sla_dag.py for tasks to queue
[2024-10-20T17:09:02.998+0000] {logging_mixin.py:154} INFO - [2024-10-20T17:09:02.998+0000] {dagbag.py:536} INFO - Filling up the DagBag from /home/airflow/.local/lib/python3.8/site-packages/airflow/example_dags/example_sla_dag.py
[2024-10-20T17:09:03.009+0000] {processor.py:839} INFO - DAG(s) dict_keys(['example_sla_dag']) retrieved from /home/airflow/.local/lib/python3.8/site-packages/airflow/example_dags/example_sla_dag.py
[2024-10-20T17:09:03.035+0000] {logging_mixin.py:154} INFO - [2024-10-20T17:09:03.035+0000] {dag.py:2941} INFO - Sync 1 DAGs
[2024-10-20T17:09:03.065+0000] {logging_mixin.py:154} INFO - [2024-10-20T17:09:03.065+0000] {dag.py:3722} INFO - Setting next_dagrun for example_sla_dag to 2024-10-20T17:06:00+00:00, run_after=2024-10-20T17:08:00+00:00
[2024-10-20T17:09:03.090+0000] {processor.py:179} INFO - Processing /home/airflow/.local/lib/python3.8/site-packages/airflow/example_dags/example_sla_dag.py took 0.098 seconds
[2024-10-20T17:09:33.852+0000] {processor.py:157} INFO - Started process (PID=177) to work on /home/airflow/.local/lib/python3.8/site-packages/airflow/example_dags/example_sla_dag.py
[2024-10-20T17:09:33.853+0000] {processor.py:829} INFO - Processing file /home/airflow/.local/lib/python3.8/site-packages/airflow/example_dags/example_sla_dag.py for tasks to queue
[2024-10-20T17:09:33.856+0000] {logging_mixin.py:154} INFO - [2024-10-20T17:09:33.856+0000] {dagbag.py:536} INFO - Filling up the DagBag from /home/airflow/.local/lib/python3.8/site-packages/airflow/example_dags/example_sla_dag.py
[2024-10-20T17:09:33.870+0000] {processor.py:839} INFO - DAG(s) dict_keys(['example_sla_dag']) retrieved from /home/airflow/.local/lib/python3.8/site-packages/airflow/example_dags/example_sla_dag.py
[2024-10-20T17:09:33.901+0000] {logging_mixin.py:154} INFO - [2024-10-20T17:09:33.900+0000] {dag.py:2941} INFO - Sync 1 DAGs
[2024-10-20T17:09:33.947+0000] {logging_mixin.py:154} INFO - [2024-10-20T17:09:33.947+0000] {dag.py:3722} INFO - Setting next_dagrun for example_sla_dag to 2024-10-20T17:06:00+00:00, run_after=2024-10-20T17:08:00+00:00
[2024-10-20T17:09:33.986+0000] {processor.py:179} INFO - Processing /home/airflow/.local/lib/python3.8/site-packages/airflow/example_dags/example_sla_dag.py took 0.138 seconds
[2024-10-20T17:10:04.938+0000] {processor.py:157} INFO - Started process (PID=235) to work on /home/airflow/.local/lib/python3.8/site-packages/airflow/example_dags/example_sla_dag.py
[2024-10-20T17:10:04.939+0000] {processor.py:829} INFO - Processing file /home/airflow/.local/lib/python3.8/site-packages/airflow/example_dags/example_sla_dag.py for tasks to queue
[2024-10-20T17:10:04.941+0000] {logging_mixin.py:154} INFO - [2024-10-20T17:10:04.941+0000] {dagbag.py:536} INFO - Filling up the DagBag from /home/airflow/.local/lib/python3.8/site-packages/airflow/example_dags/example_sla_dag.py
[2024-10-20T17:10:04.949+0000] {processor.py:839} INFO - DAG(s) dict_keys(['example_sla_dag']) retrieved from /home/airflow/.local/lib/python3.8/site-packages/airflow/example_dags/example_sla_dag.py
[2024-10-20T17:10:04.975+0000] {logging_mixin.py:154} INFO - [2024-10-20T17:10:04.975+0000] {dag.py:2941} INFO - Sync 1 DAGs
[2024-10-20T17:10:05.001+0000] {logging_mixin.py:154} INFO - [2024-10-20T17:10:05.001+0000] {dag.py:3722} INFO - Setting next_dagrun for example_sla_dag to 2024-10-20T17:08:00+00:00, run_after=2024-10-20T17:10:00+00:00
[2024-10-20T17:10:05.023+0000] {processor.py:179} INFO - Processing /home/airflow/.local/lib/python3.8/site-packages/airflow/example_dags/example_sla_dag.py took 0.087 seconds
[2024-10-20T17:10:35.092+0000] {processor.py:157} INFO - Started process (PID=293) to work on /home/airflow/.local/lib/python3.8/site-packages/airflow/example_dags/example_sla_dag.py
[2024-10-20T17:10:35.094+0000] {processor.py:829} INFO - Processing file /home/airflow/.local/lib/python3.8/site-packages/airflow/example_dags/example_sla_dag.py for tasks to queue
[2024-10-20T17:10:35.097+0000] {logging_mixin.py:154} INFO - [2024-10-20T17:10:35.096+0000] {dagbag.py:536} INFO - Filling up the DagBag from /home/airflow/.local/lib/python3.8/site-packages/airflow/example_dags/example_sla_dag.py
[2024-10-20T17:10:35.106+0000] {processor.py:839} INFO - DAG(s) dict_keys(['example_sla_dag']) retrieved from /home/airflow/.local/lib/python3.8/site-packages/airflow/example_dags/example_sla_dag.py
[2024-10-20T17:10:35.131+0000] {logging_mixin.py:154} INFO - [2024-10-20T17:10:35.131+0000] {dag.py:2941} INFO - Sync 1 DAGs
[2024-10-20T17:10:35.156+0000] {logging_mixin.py:154} INFO - [2024-10-20T17:10:35.156+0000] {dag.py:3722} INFO - Setting next_dagrun for example_sla_dag to 2024-10-20T17:08:00+00:00, run_after=2024-10-20T17:10:00+00:00
[2024-10-20T17:10:35.185+0000] {processor.py:179} INFO - Processing /home/airflow/.local/lib/python3.8/site-packages/airflow/example_dags/example_sla_dag.py took 0.098 seconds
[2024-10-20T17:11:05.887+0000] {processor.py:157} INFO - Started process (PID=351) to work on /home/airflow/.local/lib/python3.8/site-packages/airflow/example_dags/example_sla_dag.py
[2024-10-20T17:11:05.888+0000] {processor.py:829} INFO - Processing file /home/airflow/.local/lib/python3.8/site-packages/airflow/example_dags/example_sla_dag.py for tasks to queue
[2024-10-20T17:11:05.890+0000] {logging_mixin.py:154} INFO - [2024-10-20T17:11:05.890+0000] {dagbag.py:536} INFO - Filling up the DagBag from /home/airflow/.local/lib/python3.8/site-packages/airflow/example_dags/example_sla_dag.py
[2024-10-20T17:11:05.898+0000] {processor.py:839} INFO - DAG(s) dict_keys(['example_sla_dag']) retrieved from /home/airflow/.local/lib/python3.8/site-packages/airflow/example_dags/example_sla_dag.py
[2024-10-20T17:11:05.919+0000] {logging_mixin.py:154} INFO - [2024-10-20T17:11:05.919+0000] {dag.py:2941} INFO - Sync 1 DAGs
[2024-10-20T17:11:05.945+0000] {logging_mixin.py:154} INFO - [2024-10-20T17:11:05.944+0000] {dag.py:3722} INFO - Setting next_dagrun for example_sla_dag to 2024-10-20T17:08:00+00:00, run_after=2024-10-20T17:10:00+00:00
[2024-10-20T17:11:05.965+0000] {processor.py:179} INFO - Processing /home/airflow/.local/lib/python3.8/site-packages/airflow/example_dags/example_sla_dag.py took 0.081 seconds
[2024-10-20T17:11:36.595+0000] {processor.py:157} INFO - Started process (PID=409) to work on /home/airflow/.local/lib/python3.8/site-packages/airflow/example_dags/example_sla_dag.py
[2024-10-20T17:11:36.596+0000] {processor.py:829} INFO - Processing file /home/airflow/.local/lib/python3.8/site-packages/airflow/example_dags/example_sla_dag.py for tasks to queue
[2024-10-20T17:11:36.598+0000] {logging_mixin.py:154} INFO - [2024-10-20T17:11:36.597+0000] {dagbag.py:536} INFO - Filling up the DagBag from /home/airflow/.local/lib/python3.8/site-packages/airflow/example_dags/example_sla_dag.py
[2024-10-20T17:11:36.605+0000] {processor.py:839} INFO - DAG(s) dict_keys(['example_sla_dag']) retrieved from /home/airflow/.local/lib/python3.8/site-packages/airflow/example_dags/example_sla_dag.py
[2024-10-20T17:11:36.628+0000] {logging_mixin.py:154} INFO - [2024-10-20T17:11:36.628+0000] {dag.py:2941} INFO - Sync 1 DAGs
[2024-10-20T17:11:36.652+0000] {logging_mixin.py:154} INFO - [2024-10-20T17:11:36.652+0000] {dag.py:3722} INFO - Setting next_dagrun for example_sla_dag to 2024-10-20T17:08:00+00:00, run_after=2024-10-20T17:10:00+00:00
[2024-10-20T17:11:36.673+0000] {processor.py:179} INFO - Processing /home/airflow/.local/lib/python3.8/site-packages/airflow/example_dags/example_sla_dag.py took 0.081 seconds
[2024-10-20T17:12:07.506+0000] {processor.py:157} INFO - Started process (PID=475) to work on /home/airflow/.local/lib/python3.8/site-packages/airflow/example_dags/example_sla_dag.py
[2024-10-20T17:12:07.507+0000] {processor.py:829} INFO - Processing file /home/airflow/.local/lib/python3.8/site-packages/airflow/example_dags/example_sla_dag.py for tasks to queue
[2024-10-20T17:12:07.510+0000] {logging_mixin.py:154} INFO - [2024-10-20T17:12:07.509+0000] {dagbag.py:536} INFO - Filling up the DagBag from /home/airflow/.local/lib/python3.8/site-packages/airflow/example_dags/example_sla_dag.py
[2024-10-20T17:12:07.519+0000] {processor.py:839} INFO - DAG(s) dict_keys(['example_sla_dag']) retrieved from /home/airflow/.local/lib/python3.8/site-packages/airflow/example_dags/example_sla_dag.py
[2024-10-20T17:12:07.543+0000] {logging_mixin.py:154} INFO - [2024-10-20T17:12:07.543+0000] {dag.py:2941} INFO - Sync 1 DAGs
[2024-10-20T17:12:07.571+0000] {logging_mixin.py:154} INFO - [2024-10-20T17:12:07.571+0000] {dag.py:3722} INFO - Setting next_dagrun for example_sla_dag to 2024-10-20T17:10:00+00:00, run_after=2024-10-20T17:12:00+00:00
[2024-10-20T17:12:07.595+0000] {processor.py:179} INFO - Processing /home/airflow/.local/lib/python3.8/site-packages/airflow/example_dags/example_sla_dag.py took 0.093 seconds
[2024-10-20T17:12:38.758+0000] {processor.py:157} INFO - Started process (PID=533) to work on /home/airflow/.local/lib/python3.8/site-packages/airflow/example_dags/example_sla_dag.py
[2024-10-20T17:12:38.759+0000] {processor.py:829} INFO - Processing file /home/airflow/.local/lib/python3.8/site-packages/airflow/example_dags/example_sla_dag.py for tasks to queue
[2024-10-20T17:12:38.761+0000] {logging_mixin.py:154} INFO - [2024-10-20T17:12:38.761+0000] {dagbag.py:536} INFO - Filling up the DagBag from /home/airflow/.local/lib/python3.8/site-packages/airflow/example_dags/example_sla_dag.py
[2024-10-20T17:12:38.768+0000] {processor.py:839} INFO - DAG(s) dict_keys(['example_sla_dag']) retrieved from /home/airflow/.local/lib/python3.8/site-packages/airflow/example_dags/example_sla_dag.py
[2024-10-20T17:12:38.789+0000] {logging_mixin.py:154} INFO - [2024-10-20T17:12:38.789+0000] {dag.py:2941} INFO - Sync 1 DAGs
[2024-10-20T17:12:38.814+0000] {logging_mixin.py:154} INFO - [2024-10-20T17:12:38.814+0000] {dag.py:3722} INFO - Setting next_dagrun for example_sla_dag to 2024-10-20T17:10:00+00:00, run_after=2024-10-20T17:12:00+00:00
[2024-10-20T17:12:38.836+0000] {processor.py:179} INFO - Processing /home/airflow/.local/lib/python3.8/site-packages/airflow/example_dags/example_sla_dag.py took 0.081 seconds
[2024-10-20T17:13:09.285+0000] {processor.py:157} INFO - Started process (PID=611) to work on /home/airflow/.local/lib/python3.8/site-packages/airflow/example_dags/example_sla_dag.py
[2024-10-20T17:13:09.287+0000] {processor.py:829} INFO - Processing file /home/airflow/.local/lib/python3.8/site-packages/airflow/example_dags/example_sla_dag.py for tasks to queue
[2024-10-20T17:13:09.290+0000] {logging_mixin.py:154} INFO - [2024-10-20T17:13:09.289+0000] {dagbag.py:536} INFO - Filling up the DagBag from /home/airflow/.local/lib/python3.8/site-packages/airflow/example_dags/example_sla_dag.py
[2024-10-20T17:13:09.298+0000] {processor.py:839} INFO - DAG(s) dict_keys(['example_sla_dag']) retrieved from /home/airflow/.local/lib/python3.8/site-packages/airflow/example_dags/example_sla_dag.py
[2024-10-20T17:13:09.319+0000] {logging_mixin.py:154} INFO - [2024-10-20T17:13:09.319+0000] {dag.py:2941} INFO - Sync 1 DAGs
[2024-10-20T17:13:09.345+0000] {logging_mixin.py:154} INFO - [2024-10-20T17:13:09.345+0000] {dag.py:3722} INFO - Setting next_dagrun for example_sla_dag to 2024-10-20T17:10:00+00:00, run_after=2024-10-20T17:12:00+00:00
[2024-10-20T17:13:09.366+0000] {processor.py:179} INFO - Processing /home/airflow/.local/lib/python3.8/site-packages/airflow/example_dags/example_sla_dag.py took 0.084 seconds
[2024-10-20T17:14:38.752+0000] {processor.py:157} INFO - Started process (PID=119) to work on /home/airflow/.local/lib/python3.8/site-packages/airflow/example_dags/example_sla_dag.py
[2024-10-20T17:14:38.754+0000] {processor.py:829} INFO - Processing file /home/airflow/.local/lib/python3.8/site-packages/airflow/example_dags/example_sla_dag.py for tasks to queue
[2024-10-20T17:14:38.756+0000] {logging_mixin.py:154} INFO - [2024-10-20T17:14:38.756+0000] {dagbag.py:536} INFO - Filling up the DagBag from /home/airflow/.local/lib/python3.8/site-packages/airflow/example_dags/example_sla_dag.py
[2024-10-20T17:14:38.766+0000] {processor.py:839} INFO - DAG(s) dict_keys(['example_sla_dag']) retrieved from /home/airflow/.local/lib/python3.8/site-packages/airflow/example_dags/example_sla_dag.py
[2024-10-20T17:14:38.788+0000] {logging_mixin.py:154} INFO - [2024-10-20T17:14:38.788+0000] {dag.py:2941} INFO - Sync 1 DAGs
[2024-10-20T17:14:38.815+0000] {logging_mixin.py:154} INFO - [2024-10-20T17:14:38.815+0000] {dag.py:3722} INFO - Setting next_dagrun for example_sla_dag to 2024-10-20T17:12:00+00:00, run_after=2024-10-20T17:14:00+00:00
[2024-10-20T17:14:38.838+0000] {processor.py:179} INFO - Processing /home/airflow/.local/lib/python3.8/site-packages/airflow/example_dags/example_sla_dag.py took 0.088 seconds
[2024-10-20T17:15:09.736+0000] {processor.py:157} INFO - Started process (PID=177) to work on /home/airflow/.local/lib/python3.8/site-packages/airflow/example_dags/example_sla_dag.py
[2024-10-20T17:15:09.737+0000] {processor.py:829} INFO - Processing file /home/airflow/.local/lib/python3.8/site-packages/airflow/example_dags/example_sla_dag.py for tasks to queue
[2024-10-20T17:15:09.740+0000] {logging_mixin.py:154} INFO - [2024-10-20T17:15:09.740+0000] {dagbag.py:536} INFO - Filling up the DagBag from /home/airflow/.local/lib/python3.8/site-packages/airflow/example_dags/example_sla_dag.py
[2024-10-20T17:15:09.754+0000] {processor.py:839} INFO - DAG(s) dict_keys(['example_sla_dag']) retrieved from /home/airflow/.local/lib/python3.8/site-packages/airflow/example_dags/example_sla_dag.py
[2024-10-20T17:15:09.785+0000] {logging_mixin.py:154} INFO - [2024-10-20T17:15:09.785+0000] {dag.py:2941} INFO - Sync 1 DAGs
[2024-10-20T17:15:09.833+0000] {logging_mixin.py:154} INFO - [2024-10-20T17:15:09.832+0000] {dag.py:3722} INFO - Setting next_dagrun for example_sla_dag to 2024-10-20T17:12:00+00:00, run_after=2024-10-20T17:14:00+00:00
[2024-10-20T17:15:09.870+0000] {processor.py:179} INFO - Processing /home/airflow/.local/lib/python3.8/site-packages/airflow/example_dags/example_sla_dag.py took 0.138 seconds
[2024-10-20T17:15:40.886+0000] {processor.py:157} INFO - Started process (PID=235) to work on /home/airflow/.local/lib/python3.8/site-packages/airflow/example_dags/example_sla_dag.py
[2024-10-20T17:15:40.887+0000] {processor.py:829} INFO - Processing file /home/airflow/.local/lib/python3.8/site-packages/airflow/example_dags/example_sla_dag.py for tasks to queue
[2024-10-20T17:15:40.889+0000] {logging_mixin.py:154} INFO - [2024-10-20T17:15:40.889+0000] {dagbag.py:536} INFO - Filling up the DagBag from /home/airflow/.local/lib/python3.8/site-packages/airflow/example_dags/example_sla_dag.py
[2024-10-20T17:15:40.898+0000] {processor.py:839} INFO - DAG(s) dict_keys(['example_sla_dag']) retrieved from /home/airflow/.local/lib/python3.8/site-packages/airflow/example_dags/example_sla_dag.py
[2024-10-20T17:15:40.921+0000] {logging_mixin.py:154} INFO - [2024-10-20T17:15:40.920+0000] {dag.py:2941} INFO - Sync 1 DAGs
[2024-10-20T17:15:40.946+0000] {logging_mixin.py:154} INFO - [2024-10-20T17:15:40.946+0000] {dag.py:3722} INFO - Setting next_dagrun for example_sla_dag to 2024-10-20T17:12:00+00:00, run_after=2024-10-20T17:14:00+00:00
[2024-10-20T17:15:40.968+0000] {processor.py:179} INFO - Processing /home/airflow/.local/lib/python3.8/site-packages/airflow/example_dags/example_sla_dag.py took 0.086 seconds
[2024-10-20T17:16:11.416+0000] {processor.py:157} INFO - Started process (PID=309) to work on /home/airflow/.local/lib/python3.8/site-packages/airflow/example_dags/example_sla_dag.py
[2024-10-20T17:16:11.417+0000] {processor.py:829} INFO - Processing file /home/airflow/.local/lib/python3.8/site-packages/airflow/example_dags/example_sla_dag.py for tasks to queue
[2024-10-20T17:16:11.420+0000] {logging_mixin.py:154} INFO - [2024-10-20T17:16:11.419+0000] {dagbag.py:536} INFO - Filling up the DagBag from /home/airflow/.local/lib/python3.8/site-packages/airflow/example_dags/example_sla_dag.py
[2024-10-20T17:16:11.427+0000] {processor.py:839} INFO - DAG(s) dict_keys(['example_sla_dag']) retrieved from /home/airflow/.local/lib/python3.8/site-packages/airflow/example_dags/example_sla_dag.py
[2024-10-20T17:16:11.448+0000] {logging_mixin.py:154} INFO - [2024-10-20T17:16:11.448+0000] {dag.py:2941} INFO - Sync 1 DAGs
[2024-10-20T17:16:11.472+0000] {logging_mixin.py:154} INFO - [2024-10-20T17:16:11.472+0000] {dag.py:3722} INFO - Setting next_dagrun for example_sla_dag to 2024-10-20T17:14:00+00:00, run_after=2024-10-20T17:16:00+00:00
[2024-10-20T17:16:11.497+0000] {processor.py:179} INFO - Processing /home/airflow/.local/lib/python3.8/site-packages/airflow/example_dags/example_sla_dag.py took 0.083 seconds
[2024-10-20T17:16:42.320+0000] {processor.py:157} INFO - Started process (PID=368) to work on /home/airflow/.local/lib/python3.8/site-packages/airflow/example_dags/example_sla_dag.py
[2024-10-20T17:16:42.321+0000] {processor.py:829} INFO - Processing file /home/airflow/.local/lib/python3.8/site-packages/airflow/example_dags/example_sla_dag.py for tasks to queue
[2024-10-20T17:16:42.322+0000] {logging_mixin.py:154} INFO - [2024-10-20T17:16:42.322+0000] {dagbag.py:536} INFO - Filling up the DagBag from /home/airflow/.local/lib/python3.8/site-packages/airflow/example_dags/example_sla_dag.py
[2024-10-20T17:16:42.329+0000] {processor.py:839} INFO - DAG(s) dict_keys(['example_sla_dag']) retrieved from /home/airflow/.local/lib/python3.8/site-packages/airflow/example_dags/example_sla_dag.py
[2024-10-20T17:16:42.349+0000] {logging_mixin.py:154} INFO - [2024-10-20T17:16:42.349+0000] {dag.py:2941} INFO - Sync 1 DAGs
[2024-10-20T17:16:42.373+0000] {logging_mixin.py:154} INFO - [2024-10-20T17:16:42.373+0000] {dag.py:3722} INFO - Setting next_dagrun for example_sla_dag to 2024-10-20T17:14:00+00:00, run_after=2024-10-20T17:16:00+00:00
[2024-10-20T17:16:42.395+0000] {processor.py:179} INFO - Processing /home/airflow/.local/lib/python3.8/site-packages/airflow/example_dags/example_sla_dag.py took 0.078 seconds
