[2024-10-20T16:04:54.451+0000] {processor.py:157} INFO - Started process (PID=77) to work on /home/airflow/.local/lib/python3.8/site-packages/airflow/example_dags/example_python_operator.py
[2024-10-20T16:04:54.455+0000] {processor.py:829} INFO - Processing file /home/airflow/.local/lib/python3.8/site-packages/airflow/example_dags/example_python_operator.py for tasks to queue
[2024-10-20T16:04:54.459+0000] {logging_mixin.py:154} INFO - [2024-10-20T16:04:54.458+0000] {dagbag.py:536} INFO - Filling up the DagBag from /home/airflow/.local/lib/python3.8/site-packages/airflow/example_dags/example_python_operator.py
[2024-10-20T16:04:54.487+0000] {processor.py:839} INFO - DAG(s) dict_keys(['example_python_operator']) retrieved from /home/airflow/.local/lib/python3.8/site-packages/airflow/example_dags/example_python_operator.py
[2024-10-20T16:04:54.737+0000] {logging_mixin.py:154} INFO - [2024-10-20T16:04:54.737+0000] {dag.py:2941} INFO - Sync 1 DAGs
[2024-10-20T16:04:54.758+0000] {logging_mixin.py:154} INFO - [2024-10-20T16:04:54.757+0000] {dag.py:3722} INFO - Setting next_dagrun for example_python_operator to None, run_after=None
[2024-10-20T16:04:54.801+0000] {processor.py:179} INFO - Processing /home/airflow/.local/lib/python3.8/site-packages/airflow/example_dags/example_python_operator.py took 0.357 seconds
[2024-10-20T16:05:24.919+0000] {processor.py:157} INFO - Started process (PID=133) to work on /home/airflow/.local/lib/python3.8/site-packages/airflow/example_dags/example_python_operator.py
[2024-10-20T16:05:24.922+0000] {processor.py:829} INFO - Processing file /home/airflow/.local/lib/python3.8/site-packages/airflow/example_dags/example_python_operator.py for tasks to queue
[2024-10-20T16:05:24.924+0000] {logging_mixin.py:154} INFO - [2024-10-20T16:05:24.924+0000] {dagbag.py:536} INFO - Filling up the DagBag from /home/airflow/.local/lib/python3.8/site-packages/airflow/example_dags/example_python_operator.py
[2024-10-20T16:05:24.933+0000] {processor.py:839} INFO - DAG(s) dict_keys(['example_python_operator']) retrieved from /home/airflow/.local/lib/python3.8/site-packages/airflow/example_dags/example_python_operator.py
[2024-10-20T16:05:24.958+0000] {logging_mixin.py:154} INFO - [2024-10-20T16:05:24.957+0000] {dag.py:2941} INFO - Sync 1 DAGs
[2024-10-20T16:05:24.971+0000] {logging_mixin.py:154} INFO - [2024-10-20T16:05:24.971+0000] {dag.py:3722} INFO - Setting next_dagrun for example_python_operator to None, run_after=None
[2024-10-20T16:05:24.994+0000] {processor.py:179} INFO - Processing /home/airflow/.local/lib/python3.8/site-packages/airflow/example_dags/example_python_operator.py took 0.077 seconds
[2024-10-20T16:05:55.546+0000] {processor.py:157} INFO - Started process (PID=193) to work on /home/airflow/.local/lib/python3.8/site-packages/airflow/example_dags/example_python_operator.py
[2024-10-20T16:05:55.547+0000] {processor.py:829} INFO - Processing file /home/airflow/.local/lib/python3.8/site-packages/airflow/example_dags/example_python_operator.py for tasks to queue
[2024-10-20T16:05:55.550+0000] {logging_mixin.py:154} INFO - [2024-10-20T16:05:55.550+0000] {dagbag.py:536} INFO - Filling up the DagBag from /home/airflow/.local/lib/python3.8/site-packages/airflow/example_dags/example_python_operator.py
[2024-10-20T16:05:55.567+0000] {processor.py:839} INFO - DAG(s) dict_keys(['example_python_operator']) retrieved from /home/airflow/.local/lib/python3.8/site-packages/airflow/example_dags/example_python_operator.py
[2024-10-20T16:05:55.604+0000] {logging_mixin.py:154} INFO - [2024-10-20T16:05:55.604+0000] {dag.py:2941} INFO - Sync 1 DAGs
[2024-10-20T16:05:55.632+0000] {logging_mixin.py:154} INFO - [2024-10-20T16:05:55.631+0000] {dag.py:3722} INFO - Setting next_dagrun for example_python_operator to None, run_after=None
[2024-10-20T16:05:55.670+0000] {processor.py:179} INFO - Processing /home/airflow/.local/lib/python3.8/site-packages/airflow/example_dags/example_python_operator.py took 0.129 seconds
[2024-10-20T16:06:26.288+0000] {processor.py:157} INFO - Started process (PID=247) to work on /home/airflow/.local/lib/python3.8/site-packages/airflow/example_dags/example_python_operator.py
[2024-10-20T16:06:26.290+0000] {processor.py:829} INFO - Processing file /home/airflow/.local/lib/python3.8/site-packages/airflow/example_dags/example_python_operator.py for tasks to queue
[2024-10-20T16:06:26.292+0000] {logging_mixin.py:154} INFO - [2024-10-20T16:06:26.291+0000] {dagbag.py:536} INFO - Filling up the DagBag from /home/airflow/.local/lib/python3.8/site-packages/airflow/example_dags/example_python_operator.py
[2024-10-20T16:06:26.301+0000] {processor.py:839} INFO - DAG(s) dict_keys(['example_python_operator']) retrieved from /home/airflow/.local/lib/python3.8/site-packages/airflow/example_dags/example_python_operator.py
[2024-10-20T16:06:26.328+0000] {logging_mixin.py:154} INFO - [2024-10-20T16:06:26.327+0000] {dag.py:2941} INFO - Sync 1 DAGs
[2024-10-20T16:06:26.340+0000] {logging_mixin.py:154} INFO - [2024-10-20T16:06:26.340+0000] {dag.py:3722} INFO - Setting next_dagrun for example_python_operator to None, run_after=None
[2024-10-20T16:06:26.365+0000] {processor.py:179} INFO - Processing /home/airflow/.local/lib/python3.8/site-packages/airflow/example_dags/example_python_operator.py took 0.080 seconds
[2024-10-20T16:06:56.625+0000] {processor.py:157} INFO - Started process (PID=301) to work on /home/airflow/.local/lib/python3.8/site-packages/airflow/example_dags/example_python_operator.py
[2024-10-20T16:06:56.628+0000] {processor.py:829} INFO - Processing file /home/airflow/.local/lib/python3.8/site-packages/airflow/example_dags/example_python_operator.py for tasks to queue
[2024-10-20T16:06:56.632+0000] {logging_mixin.py:154} INFO - [2024-10-20T16:06:56.631+0000] {dagbag.py:536} INFO - Filling up the DagBag from /home/airflow/.local/lib/python3.8/site-packages/airflow/example_dags/example_python_operator.py
[2024-10-20T16:06:56.650+0000] {processor.py:839} INFO - DAG(s) dict_keys(['example_python_operator']) retrieved from /home/airflow/.local/lib/python3.8/site-packages/airflow/example_dags/example_python_operator.py
[2024-10-20T16:06:56.693+0000] {logging_mixin.py:154} INFO - [2024-10-20T16:06:56.693+0000] {dag.py:2941} INFO - Sync 1 DAGs
[2024-10-20T16:06:56.716+0000] {logging_mixin.py:154} INFO - [2024-10-20T16:06:56.716+0000] {dag.py:3722} INFO - Setting next_dagrun for example_python_operator to None, run_after=None
[2024-10-20T16:06:56.755+0000] {processor.py:179} INFO - Processing /home/airflow/.local/lib/python3.8/site-packages/airflow/example_dags/example_python_operator.py took 0.136 seconds
[2024-10-20T16:08:16.635+0000] {processor.py:157} INFO - Started process (PID=79) to work on /home/airflow/.local/lib/python3.8/site-packages/airflow/example_dags/example_python_operator.py
[2024-10-20T16:08:16.637+0000] {processor.py:829} INFO - Processing file /home/airflow/.local/lib/python3.8/site-packages/airflow/example_dags/example_python_operator.py for tasks to queue
[2024-10-20T16:08:16.640+0000] {logging_mixin.py:154} INFO - [2024-10-20T16:08:16.639+0000] {dagbag.py:536} INFO - Filling up the DagBag from /home/airflow/.local/lib/python3.8/site-packages/airflow/example_dags/example_python_operator.py
[2024-10-20T16:08:16.674+0000] {processor.py:839} INFO - DAG(s) dict_keys(['example_python_operator']) retrieved from /home/airflow/.local/lib/python3.8/site-packages/airflow/example_dags/example_python_operator.py
[2024-10-20T16:08:16.926+0000] {logging_mixin.py:154} INFO - [2024-10-20T16:08:16.925+0000] {dag.py:2941} INFO - Sync 1 DAGs
[2024-10-20T16:08:16.944+0000] {logging_mixin.py:154} INFO - [2024-10-20T16:08:16.943+0000] {dag.py:3722} INFO - Setting next_dagrun for example_python_operator to None, run_after=None
[2024-10-20T16:08:16.993+0000] {processor.py:179} INFO - Processing /home/airflow/.local/lib/python3.8/site-packages/airflow/example_dags/example_python_operator.py took 0.363 seconds
[2024-10-20T16:08:47.889+0000] {processor.py:157} INFO - Started process (PID=134) to work on /home/airflow/.local/lib/python3.8/site-packages/airflow/example_dags/example_python_operator.py
[2024-10-20T16:08:47.890+0000] {processor.py:829} INFO - Processing file /home/airflow/.local/lib/python3.8/site-packages/airflow/example_dags/example_python_operator.py for tasks to queue
[2024-10-20T16:08:47.893+0000] {logging_mixin.py:154} INFO - [2024-10-20T16:08:47.893+0000] {dagbag.py:536} INFO - Filling up the DagBag from /home/airflow/.local/lib/python3.8/site-packages/airflow/example_dags/example_python_operator.py
[2024-10-20T16:08:47.908+0000] {processor.py:839} INFO - DAG(s) dict_keys(['example_python_operator']) retrieved from /home/airflow/.local/lib/python3.8/site-packages/airflow/example_dags/example_python_operator.py
[2024-10-20T16:08:47.956+0000] {logging_mixin.py:154} INFO - [2024-10-20T16:08:47.956+0000] {dag.py:2941} INFO - Sync 1 DAGs
[2024-10-20T16:08:47.975+0000] {logging_mixin.py:154} INFO - [2024-10-20T16:08:47.975+0000] {dag.py:3722} INFO - Setting next_dagrun for example_python_operator to None, run_after=None
[2024-10-20T16:08:48.011+0000] {processor.py:179} INFO - Processing /home/airflow/.local/lib/python3.8/site-packages/airflow/example_dags/example_python_operator.py took 0.126 seconds
[2024-10-20T16:09:18.908+0000] {processor.py:157} INFO - Started process (PID=196) to work on /home/airflow/.local/lib/python3.8/site-packages/airflow/example_dags/example_python_operator.py
[2024-10-20T16:09:18.910+0000] {processor.py:829} INFO - Processing file /home/airflow/.local/lib/python3.8/site-packages/airflow/example_dags/example_python_operator.py for tasks to queue
[2024-10-20T16:09:18.914+0000] {logging_mixin.py:154} INFO - [2024-10-20T16:09:18.914+0000] {dagbag.py:536} INFO - Filling up the DagBag from /home/airflow/.local/lib/python3.8/site-packages/airflow/example_dags/example_python_operator.py
[2024-10-20T16:09:18.935+0000] {processor.py:839} INFO - DAG(s) dict_keys(['example_python_operator']) retrieved from /home/airflow/.local/lib/python3.8/site-packages/airflow/example_dags/example_python_operator.py
[2024-10-20T16:09:18.988+0000] {logging_mixin.py:154} INFO - [2024-10-20T16:09:18.988+0000] {dag.py:2941} INFO - Sync 1 DAGs
[2024-10-20T16:09:19.012+0000] {logging_mixin.py:154} INFO - [2024-10-20T16:09:19.012+0000] {dag.py:3722} INFO - Setting next_dagrun for example_python_operator to None, run_after=None
[2024-10-20T16:09:19.066+0000] {processor.py:179} INFO - Processing /home/airflow/.local/lib/python3.8/site-packages/airflow/example_dags/example_python_operator.py took 0.162 seconds
[2024-10-20T16:09:49.310+0000] {processor.py:157} INFO - Started process (PID=252) to work on /home/airflow/.local/lib/python3.8/site-packages/airflow/example_dags/example_python_operator.py
[2024-10-20T16:09:49.313+0000] {processor.py:829} INFO - Processing file /home/airflow/.local/lib/python3.8/site-packages/airflow/example_dags/example_python_operator.py for tasks to queue
[2024-10-20T16:09:49.317+0000] {logging_mixin.py:154} INFO - [2024-10-20T16:09:49.316+0000] {dagbag.py:536} INFO - Filling up the DagBag from /home/airflow/.local/lib/python3.8/site-packages/airflow/example_dags/example_python_operator.py
[2024-10-20T16:09:49.342+0000] {processor.py:839} INFO - DAG(s) dict_keys(['example_python_operator']) retrieved from /home/airflow/.local/lib/python3.8/site-packages/airflow/example_dags/example_python_operator.py
[2024-10-20T16:09:49.392+0000] {logging_mixin.py:154} INFO - [2024-10-20T16:09:49.392+0000] {dag.py:2941} INFO - Sync 1 DAGs
[2024-10-20T16:09:49.414+0000] {logging_mixin.py:154} INFO - [2024-10-20T16:09:49.413+0000] {dag.py:3722} INFO - Setting next_dagrun for example_python_operator to None, run_after=None
[2024-10-20T16:09:49.452+0000] {processor.py:179} INFO - Processing /home/airflow/.local/lib/python3.8/site-packages/airflow/example_dags/example_python_operator.py took 0.145 seconds
[2024-10-20T16:10:20.046+0000] {processor.py:157} INFO - Started process (PID=308) to work on /home/airflow/.local/lib/python3.8/site-packages/airflow/example_dags/example_python_operator.py
[2024-10-20T16:10:20.048+0000] {processor.py:829} INFO - Processing file /home/airflow/.local/lib/python3.8/site-packages/airflow/example_dags/example_python_operator.py for tasks to queue
[2024-10-20T16:10:20.053+0000] {logging_mixin.py:154} INFO - [2024-10-20T16:10:20.053+0000] {dagbag.py:536} INFO - Filling up the DagBag from /home/airflow/.local/lib/python3.8/site-packages/airflow/example_dags/example_python_operator.py
[2024-10-20T16:10:20.074+0000] {processor.py:839} INFO - DAG(s) dict_keys(['example_python_operator']) retrieved from /home/airflow/.local/lib/python3.8/site-packages/airflow/example_dags/example_python_operator.py
[2024-10-20T16:10:20.123+0000] {logging_mixin.py:154} INFO - [2024-10-20T16:10:20.123+0000] {dag.py:2941} INFO - Sync 1 DAGs
[2024-10-20T16:10:20.153+0000] {logging_mixin.py:154} INFO - [2024-10-20T16:10:20.153+0000] {dag.py:3722} INFO - Setting next_dagrun for example_python_operator to None, run_after=None
[2024-10-20T16:10:20.195+0000] {processor.py:179} INFO - Processing /home/airflow/.local/lib/python3.8/site-packages/airflow/example_dags/example_python_operator.py took 0.154 seconds
[2024-10-20T16:10:50.357+0000] {processor.py:157} INFO - Started process (PID=364) to work on /home/airflow/.local/lib/python3.8/site-packages/airflow/example_dags/example_python_operator.py
[2024-10-20T16:10:50.359+0000] {processor.py:829} INFO - Processing file /home/airflow/.local/lib/python3.8/site-packages/airflow/example_dags/example_python_operator.py for tasks to queue
[2024-10-20T16:10:50.362+0000] {logging_mixin.py:154} INFO - [2024-10-20T16:10:50.361+0000] {dagbag.py:536} INFO - Filling up the DagBag from /home/airflow/.local/lib/python3.8/site-packages/airflow/example_dags/example_python_operator.py
[2024-10-20T16:10:50.377+0000] {processor.py:839} INFO - DAG(s) dict_keys(['example_python_operator']) retrieved from /home/airflow/.local/lib/python3.8/site-packages/airflow/example_dags/example_python_operator.py
[2024-10-20T16:10:50.416+0000] {logging_mixin.py:154} INFO - [2024-10-20T16:10:50.415+0000] {dag.py:2941} INFO - Sync 1 DAGs
[2024-10-20T16:10:50.438+0000] {logging_mixin.py:154} INFO - [2024-10-20T16:10:50.438+0000] {dag.py:3722} INFO - Setting next_dagrun for example_python_operator to None, run_after=None
[2024-10-20T16:10:50.488+0000] {processor.py:179} INFO - Processing /home/airflow/.local/lib/python3.8/site-packages/airflow/example_dags/example_python_operator.py took 0.136 seconds
[2024-10-20T16:11:20.555+0000] {processor.py:157} INFO - Started process (PID=422) to work on /home/airflow/.local/lib/python3.8/site-packages/airflow/example_dags/example_python_operator.py
[2024-10-20T16:11:20.557+0000] {processor.py:829} INFO - Processing file /home/airflow/.local/lib/python3.8/site-packages/airflow/example_dags/example_python_operator.py for tasks to queue
[2024-10-20T16:11:20.560+0000] {logging_mixin.py:154} INFO - [2024-10-20T16:11:20.560+0000] {dagbag.py:536} INFO - Filling up the DagBag from /home/airflow/.local/lib/python3.8/site-packages/airflow/example_dags/example_python_operator.py
[2024-10-20T16:11:20.582+0000] {processor.py:839} INFO - DAG(s) dict_keys(['example_python_operator']) retrieved from /home/airflow/.local/lib/python3.8/site-packages/airflow/example_dags/example_python_operator.py
[2024-10-20T16:11:20.628+0000] {logging_mixin.py:154} INFO - [2024-10-20T16:11:20.627+0000] {dag.py:2941} INFO - Sync 1 DAGs
[2024-10-20T16:11:20.651+0000] {logging_mixin.py:154} INFO - [2024-10-20T16:11:20.651+0000] {dag.py:3722} INFO - Setting next_dagrun for example_python_operator to None, run_after=None
[2024-10-20T16:11:20.692+0000] {processor.py:179} INFO - Processing /home/airflow/.local/lib/python3.8/site-packages/airflow/example_dags/example_python_operator.py took 0.142 seconds
[2024-10-20T16:25:09.703+0000] {processor.py:157} INFO - Started process (PID=79) to work on /home/airflow/.local/lib/python3.8/site-packages/airflow/example_dags/example_python_operator.py
[2024-10-20T16:25:09.706+0000] {processor.py:829} INFO - Processing file /home/airflow/.local/lib/python3.8/site-packages/airflow/example_dags/example_python_operator.py for tasks to queue
[2024-10-20T16:25:09.708+0000] {logging_mixin.py:154} INFO - [2024-10-20T16:25:09.708+0000] {dagbag.py:536} INFO - Filling up the DagBag from /home/airflow/.local/lib/python3.8/site-packages/airflow/example_dags/example_python_operator.py
[2024-10-20T16:25:09.725+0000] {processor.py:839} INFO - DAG(s) dict_keys(['example_python_operator']) retrieved from /home/airflow/.local/lib/python3.8/site-packages/airflow/example_dags/example_python_operator.py
[2024-10-20T16:25:09.915+0000] {logging_mixin.py:154} INFO - [2024-10-20T16:25:09.914+0000] {dag.py:2941} INFO - Sync 1 DAGs
[2024-10-20T16:25:09.935+0000] {logging_mixin.py:154} INFO - [2024-10-20T16:25:09.935+0000] {dag.py:3722} INFO - Setting next_dagrun for example_python_operator to None, run_after=None
[2024-10-20T16:25:09.979+0000] {processor.py:179} INFO - Processing /home/airflow/.local/lib/python3.8/site-packages/airflow/example_dags/example_python_operator.py took 0.280 seconds
[2024-10-20T16:25:41.392+0000] {processor.py:157} INFO - Started process (PID=135) to work on /home/airflow/.local/lib/python3.8/site-packages/airflow/example_dags/example_python_operator.py
[2024-10-20T16:25:41.394+0000] {processor.py:829} INFO - Processing file /home/airflow/.local/lib/python3.8/site-packages/airflow/example_dags/example_python_operator.py for tasks to queue
[2024-10-20T16:25:41.398+0000] {logging_mixin.py:154} INFO - [2024-10-20T16:25:41.397+0000] {dagbag.py:536} INFO - Filling up the DagBag from /home/airflow/.local/lib/python3.8/site-packages/airflow/example_dags/example_python_operator.py
[2024-10-20T16:25:41.416+0000] {processor.py:839} INFO - DAG(s) dict_keys(['example_python_operator']) retrieved from /home/airflow/.local/lib/python3.8/site-packages/airflow/example_dags/example_python_operator.py
[2024-10-20T16:25:41.456+0000] {logging_mixin.py:154} INFO - [2024-10-20T16:25:41.456+0000] {dag.py:2941} INFO - Sync 1 DAGs
[2024-10-20T16:25:41.484+0000] {logging_mixin.py:154} INFO - [2024-10-20T16:25:41.484+0000] {dag.py:3722} INFO - Setting next_dagrun for example_python_operator to None, run_after=None
[2024-10-20T16:25:41.519+0000] {processor.py:179} INFO - Processing /home/airflow/.local/lib/python3.8/site-packages/airflow/example_dags/example_python_operator.py took 0.131 seconds
[2024-10-20T16:26:12.126+0000] {processor.py:157} INFO - Started process (PID=191) to work on /home/airflow/.local/lib/python3.8/site-packages/airflow/example_dags/example_python_operator.py
[2024-10-20T16:26:12.128+0000] {processor.py:829} INFO - Processing file /home/airflow/.local/lib/python3.8/site-packages/airflow/example_dags/example_python_operator.py for tasks to queue
[2024-10-20T16:26:12.130+0000] {logging_mixin.py:154} INFO - [2024-10-20T16:26:12.130+0000] {dagbag.py:536} INFO - Filling up the DagBag from /home/airflow/.local/lib/python3.8/site-packages/airflow/example_dags/example_python_operator.py
[2024-10-20T16:26:12.156+0000] {processor.py:839} INFO - DAG(s) dict_keys(['example_python_operator']) retrieved from /home/airflow/.local/lib/python3.8/site-packages/airflow/example_dags/example_python_operator.py
[2024-10-20T16:26:12.230+0000] {logging_mixin.py:154} INFO - [2024-10-20T16:26:12.230+0000] {dag.py:2941} INFO - Sync 1 DAGs
[2024-10-20T16:26:12.261+0000] {logging_mixin.py:154} INFO - [2024-10-20T16:26:12.260+0000] {dag.py:3722} INFO - Setting next_dagrun for example_python_operator to None, run_after=None
[2024-10-20T16:26:12.313+0000] {processor.py:179} INFO - Processing /home/airflow/.local/lib/python3.8/site-packages/airflow/example_dags/example_python_operator.py took 0.195 seconds
[2024-10-20T16:27:56.568+0000] {processor.py:157} INFO - Started process (PID=72) to work on /home/airflow/.local/lib/python3.8/site-packages/airflow/example_dags/example_python_operator.py
[2024-10-20T16:27:56.569+0000] {processor.py:829} INFO - Processing file /home/airflow/.local/lib/python3.8/site-packages/airflow/example_dags/example_python_operator.py for tasks to queue
[2024-10-20T16:27:56.573+0000] {logging_mixin.py:154} INFO - [2024-10-20T16:27:56.573+0000] {dagbag.py:536} INFO - Filling up the DagBag from /home/airflow/.local/lib/python3.8/site-packages/airflow/example_dags/example_python_operator.py
[2024-10-20T16:27:56.590+0000] {processor.py:839} INFO - DAG(s) dict_keys(['example_python_operator']) retrieved from /home/airflow/.local/lib/python3.8/site-packages/airflow/example_dags/example_python_operator.py
[2024-10-20T16:27:56.609+0000] {logging_mixin.py:154} INFO - [2024-10-20T16:27:56.608+0000] {dag.py:2941} INFO - Sync 1 DAGs
[2024-10-20T16:27:56.631+0000] {logging_mixin.py:154} INFO - [2024-10-20T16:27:56.630+0000] {dag.py:3722} INFO - Setting next_dagrun for example_python_operator to None, run_after=None
[2024-10-20T16:27:56.664+0000] {processor.py:179} INFO - Processing /home/airflow/.local/lib/python3.8/site-packages/airflow/example_dags/example_python_operator.py took 0.102 seconds
[2024-10-20T16:28:26.836+0000] {processor.py:157} INFO - Started process (PID=126) to work on /home/airflow/.local/lib/python3.8/site-packages/airflow/example_dags/example_python_operator.py
[2024-10-20T16:28:26.838+0000] {processor.py:829} INFO - Processing file /home/airflow/.local/lib/python3.8/site-packages/airflow/example_dags/example_python_operator.py for tasks to queue
[2024-10-20T16:28:26.842+0000] {logging_mixin.py:154} INFO - [2024-10-20T16:28:26.841+0000] {dagbag.py:536} INFO - Filling up the DagBag from /home/airflow/.local/lib/python3.8/site-packages/airflow/example_dags/example_python_operator.py
[2024-10-20T16:28:26.864+0000] {processor.py:839} INFO - DAG(s) dict_keys(['example_python_operator']) retrieved from /home/airflow/.local/lib/python3.8/site-packages/airflow/example_dags/example_python_operator.py
[2024-10-20T16:28:27.133+0000] {logging_mixin.py:154} INFO - [2024-10-20T16:28:27.133+0000] {dag.py:2941} INFO - Sync 1 DAGs
[2024-10-20T16:28:27.173+0000] {logging_mixin.py:154} INFO - [2024-10-20T16:28:27.172+0000] {dag.py:3722} INFO - Setting next_dagrun for example_python_operator to None, run_after=None
[2024-10-20T16:28:27.213+0000] {processor.py:179} INFO - Processing /home/airflow/.local/lib/python3.8/site-packages/airflow/example_dags/example_python_operator.py took 0.385 seconds
[2024-10-20T16:28:57.455+0000] {processor.py:157} INFO - Started process (PID=183) to work on /home/airflow/.local/lib/python3.8/site-packages/airflow/example_dags/example_python_operator.py
[2024-10-20T16:28:57.457+0000] {processor.py:829} INFO - Processing file /home/airflow/.local/lib/python3.8/site-packages/airflow/example_dags/example_python_operator.py for tasks to queue
[2024-10-20T16:28:57.460+0000] {logging_mixin.py:154} INFO - [2024-10-20T16:28:57.459+0000] {dagbag.py:536} INFO - Filling up the DagBag from /home/airflow/.local/lib/python3.8/site-packages/airflow/example_dags/example_python_operator.py
[2024-10-20T16:28:57.468+0000] {processor.py:839} INFO - DAG(s) dict_keys(['example_python_operator']) retrieved from /home/airflow/.local/lib/python3.8/site-packages/airflow/example_dags/example_python_operator.py
[2024-10-20T16:28:57.492+0000] {logging_mixin.py:154} INFO - [2024-10-20T16:28:57.492+0000] {dag.py:2941} INFO - Sync 1 DAGs
[2024-10-20T16:28:57.506+0000] {logging_mixin.py:154} INFO - [2024-10-20T16:28:57.506+0000] {dag.py:3722} INFO - Setting next_dagrun for example_python_operator to None, run_after=None
[2024-10-20T16:28:57.529+0000] {processor.py:179} INFO - Processing /home/airflow/.local/lib/python3.8/site-packages/airflow/example_dags/example_python_operator.py took 0.077 seconds
[2024-10-20T16:29:28.427+0000] {processor.py:157} INFO - Started process (PID=245) to work on /home/airflow/.local/lib/python3.8/site-packages/airflow/example_dags/example_python_operator.py
[2024-10-20T16:29:28.428+0000] {processor.py:829} INFO - Processing file /home/airflow/.local/lib/python3.8/site-packages/airflow/example_dags/example_python_operator.py for tasks to queue
[2024-10-20T16:29:28.430+0000] {logging_mixin.py:154} INFO - [2024-10-20T16:29:28.430+0000] {dagbag.py:536} INFO - Filling up the DagBag from /home/airflow/.local/lib/python3.8/site-packages/airflow/example_dags/example_python_operator.py
[2024-10-20T16:29:28.440+0000] {processor.py:839} INFO - DAG(s) dict_keys(['example_python_operator']) retrieved from /home/airflow/.local/lib/python3.8/site-packages/airflow/example_dags/example_python_operator.py
[2024-10-20T16:29:28.466+0000] {logging_mixin.py:154} INFO - [2024-10-20T16:29:28.466+0000] {dag.py:2941} INFO - Sync 1 DAGs
[2024-10-20T16:29:28.479+0000] {logging_mixin.py:154} INFO - [2024-10-20T16:29:28.479+0000] {dag.py:3722} INFO - Setting next_dagrun for example_python_operator to None, run_after=None
[2024-10-20T16:29:28.503+0000] {processor.py:179} INFO - Processing /home/airflow/.local/lib/python3.8/site-packages/airflow/example_dags/example_python_operator.py took 0.079 seconds
[2024-10-20T16:31:01.009+0000] {processor.py:157} INFO - Started process (PID=90) to work on /home/airflow/.local/lib/python3.8/site-packages/airflow/example_dags/example_python_operator.py
[2024-10-20T16:31:01.010+0000] {processor.py:829} INFO - Processing file /home/airflow/.local/lib/python3.8/site-packages/airflow/example_dags/example_python_operator.py for tasks to queue
[2024-10-20T16:31:01.013+0000] {logging_mixin.py:154} INFO - [2024-10-20T16:31:01.013+0000] {dagbag.py:536} INFO - Filling up the DagBag from /home/airflow/.local/lib/python3.8/site-packages/airflow/example_dags/example_python_operator.py
[2024-10-20T16:31:01.030+0000] {processor.py:839} INFO - DAG(s) dict_keys(['example_python_operator']) retrieved from /home/airflow/.local/lib/python3.8/site-packages/airflow/example_dags/example_python_operator.py
[2024-10-20T16:31:01.189+0000] {logging_mixin.py:154} INFO - [2024-10-20T16:31:01.188+0000] {dag.py:2941} INFO - Sync 1 DAGs
[2024-10-20T16:31:01.202+0000] {logging_mixin.py:154} INFO - [2024-10-20T16:31:01.202+0000] {dag.py:3722} INFO - Setting next_dagrun for example_python_operator to None, run_after=None
[2024-10-20T16:31:01.236+0000] {processor.py:179} INFO - Processing /home/airflow/.local/lib/python3.8/site-packages/airflow/example_dags/example_python_operator.py took 0.231 seconds
[2024-10-20T16:31:31.983+0000] {processor.py:157} INFO - Started process (PID=146) to work on /home/airflow/.local/lib/python3.8/site-packages/airflow/example_dags/example_python_operator.py
[2024-10-20T16:31:31.984+0000] {processor.py:829} INFO - Processing file /home/airflow/.local/lib/python3.8/site-packages/airflow/example_dags/example_python_operator.py for tasks to queue
[2024-10-20T16:31:31.988+0000] {logging_mixin.py:154} INFO - [2024-10-20T16:31:31.987+0000] {dagbag.py:536} INFO - Filling up the DagBag from /home/airflow/.local/lib/python3.8/site-packages/airflow/example_dags/example_python_operator.py
[2024-10-20T16:31:31.999+0000] {processor.py:839} INFO - DAG(s) dict_keys(['example_python_operator']) retrieved from /home/airflow/.local/lib/python3.8/site-packages/airflow/example_dags/example_python_operator.py
[2024-10-20T16:31:32.030+0000] {logging_mixin.py:154} INFO - [2024-10-20T16:31:32.030+0000] {dag.py:2941} INFO - Sync 1 DAGs
[2024-10-20T16:31:32.050+0000] {logging_mixin.py:154} INFO - [2024-10-20T16:31:32.049+0000] {dag.py:3722} INFO - Setting next_dagrun for example_python_operator to None, run_after=None
[2024-10-20T16:31:32.080+0000] {processor.py:179} INFO - Processing /home/airflow/.local/lib/python3.8/site-packages/airflow/example_dags/example_python_operator.py took 0.099 seconds
[2024-10-20T16:32:02.841+0000] {processor.py:157} INFO - Started process (PID=209) to work on /home/airflow/.local/lib/python3.8/site-packages/airflow/example_dags/example_python_operator.py
[2024-10-20T16:32:02.842+0000] {processor.py:829} INFO - Processing file /home/airflow/.local/lib/python3.8/site-packages/airflow/example_dags/example_python_operator.py for tasks to queue
[2024-10-20T16:32:02.846+0000] {logging_mixin.py:154} INFO - [2024-10-20T16:32:02.845+0000] {dagbag.py:536} INFO - Filling up the DagBag from /home/airflow/.local/lib/python3.8/site-packages/airflow/example_dags/example_python_operator.py
[2024-10-20T16:32:02.861+0000] {processor.py:839} INFO - DAG(s) dict_keys(['example_python_operator']) retrieved from /home/airflow/.local/lib/python3.8/site-packages/airflow/example_dags/example_python_operator.py
[2024-10-20T16:32:02.890+0000] {logging_mixin.py:154} INFO - [2024-10-20T16:32:02.890+0000] {dag.py:2941} INFO - Sync 1 DAGs
[2024-10-20T16:32:02.904+0000] {logging_mixin.py:154} INFO - [2024-10-20T16:32:02.904+0000] {dag.py:3722} INFO - Setting next_dagrun for example_python_operator to None, run_after=None
[2024-10-20T16:32:02.958+0000] {processor.py:179} INFO - Processing /home/airflow/.local/lib/python3.8/site-packages/airflow/example_dags/example_python_operator.py took 0.120 seconds
[2024-10-20T16:32:33.286+0000] {processor.py:157} INFO - Started process (PID=263) to work on /home/airflow/.local/lib/python3.8/site-packages/airflow/example_dags/example_python_operator.py
[2024-10-20T16:32:33.287+0000] {processor.py:829} INFO - Processing file /home/airflow/.local/lib/python3.8/site-packages/airflow/example_dags/example_python_operator.py for tasks to queue
[2024-10-20T16:32:33.289+0000] {logging_mixin.py:154} INFO - [2024-10-20T16:32:33.289+0000] {dagbag.py:536} INFO - Filling up the DagBag from /home/airflow/.local/lib/python3.8/site-packages/airflow/example_dags/example_python_operator.py
[2024-10-20T16:32:33.299+0000] {processor.py:839} INFO - DAG(s) dict_keys(['example_python_operator']) retrieved from /home/airflow/.local/lib/python3.8/site-packages/airflow/example_dags/example_python_operator.py
[2024-10-20T16:32:33.322+0000] {logging_mixin.py:154} INFO - [2024-10-20T16:32:33.321+0000] {dag.py:2941} INFO - Sync 1 DAGs
[2024-10-20T16:32:33.334+0000] {logging_mixin.py:154} INFO - [2024-10-20T16:32:33.334+0000] {dag.py:3722} INFO - Setting next_dagrun for example_python_operator to None, run_after=None
[2024-10-20T16:32:33.357+0000] {processor.py:179} INFO - Processing /home/airflow/.local/lib/python3.8/site-packages/airflow/example_dags/example_python_operator.py took 0.073 seconds
[2024-10-20T16:33:03.455+0000] {processor.py:157} INFO - Started process (PID=319) to work on /home/airflow/.local/lib/python3.8/site-packages/airflow/example_dags/example_python_operator.py
[2024-10-20T16:33:03.456+0000] {processor.py:829} INFO - Processing file /home/airflow/.local/lib/python3.8/site-packages/airflow/example_dags/example_python_operator.py for tasks to queue
[2024-10-20T16:33:03.458+0000] {logging_mixin.py:154} INFO - [2024-10-20T16:33:03.458+0000] {dagbag.py:536} INFO - Filling up the DagBag from /home/airflow/.local/lib/python3.8/site-packages/airflow/example_dags/example_python_operator.py
[2024-10-20T16:33:03.467+0000] {processor.py:839} INFO - DAG(s) dict_keys(['example_python_operator']) retrieved from /home/airflow/.local/lib/python3.8/site-packages/airflow/example_dags/example_python_operator.py
[2024-10-20T16:33:03.495+0000] {logging_mixin.py:154} INFO - [2024-10-20T16:33:03.494+0000] {dag.py:2941} INFO - Sync 1 DAGs
[2024-10-20T16:33:03.508+0000] {logging_mixin.py:154} INFO - [2024-10-20T16:33:03.508+0000] {dag.py:3722} INFO - Setting next_dagrun for example_python_operator to None, run_after=None
[2024-10-20T16:33:03.531+0000] {processor.py:179} INFO - Processing /home/airflow/.local/lib/python3.8/site-packages/airflow/example_dags/example_python_operator.py took 0.079 seconds
[2024-10-20T16:34:24.947+0000] {processor.py:157} INFO - Started process (PID=91) to work on /home/airflow/.local/lib/python3.8/site-packages/airflow/example_dags/example_python_operator.py
[2024-10-20T16:34:24.948+0000] {processor.py:829} INFO - Processing file /home/airflow/.local/lib/python3.8/site-packages/airflow/example_dags/example_python_operator.py for tasks to queue
[2024-10-20T16:34:24.951+0000] {logging_mixin.py:154} INFO - [2024-10-20T16:34:24.950+0000] {dagbag.py:536} INFO - Filling up the DagBag from /home/airflow/.local/lib/python3.8/site-packages/airflow/example_dags/example_python_operator.py
[2024-10-20T16:34:24.964+0000] {processor.py:839} INFO - DAG(s) dict_keys(['example_python_operator']) retrieved from /home/airflow/.local/lib/python3.8/site-packages/airflow/example_dags/example_python_operator.py
[2024-10-20T16:34:25.120+0000] {logging_mixin.py:154} INFO - [2024-10-20T16:34:25.120+0000] {dag.py:2941} INFO - Sync 1 DAGs
[2024-10-20T16:34:25.137+0000] {logging_mixin.py:154} INFO - [2024-10-20T16:34:25.137+0000] {dag.py:3722} INFO - Setting next_dagrun for example_python_operator to None, run_after=None
[2024-10-20T16:34:25.178+0000] {processor.py:179} INFO - Processing /home/airflow/.local/lib/python3.8/site-packages/airflow/example_dags/example_python_operator.py took 0.234 seconds
[2024-10-20T16:34:56.029+0000] {processor.py:157} INFO - Started process (PID=146) to work on /home/airflow/.local/lib/python3.8/site-packages/airflow/example_dags/example_python_operator.py
[2024-10-20T16:34:56.030+0000] {processor.py:829} INFO - Processing file /home/airflow/.local/lib/python3.8/site-packages/airflow/example_dags/example_python_operator.py for tasks to queue
[2024-10-20T16:34:56.034+0000] {logging_mixin.py:154} INFO - [2024-10-20T16:34:56.033+0000] {dagbag.py:536} INFO - Filling up the DagBag from /home/airflow/.local/lib/python3.8/site-packages/airflow/example_dags/example_python_operator.py
[2024-10-20T16:34:56.050+0000] {processor.py:839} INFO - DAG(s) dict_keys(['example_python_operator']) retrieved from /home/airflow/.local/lib/python3.8/site-packages/airflow/example_dags/example_python_operator.py
[2024-10-20T16:34:56.086+0000] {logging_mixin.py:154} INFO - [2024-10-20T16:34:56.085+0000] {dag.py:2941} INFO - Sync 1 DAGs
[2024-10-20T16:34:56.105+0000] {logging_mixin.py:154} INFO - [2024-10-20T16:34:56.105+0000] {dag.py:3722} INFO - Setting next_dagrun for example_python_operator to None, run_after=None
[2024-10-20T16:34:56.136+0000] {processor.py:179} INFO - Processing /home/airflow/.local/lib/python3.8/site-packages/airflow/example_dags/example_python_operator.py took 0.110 seconds
[2024-10-20T16:35:26.229+0000] {processor.py:157} INFO - Started process (PID=201) to work on /home/airflow/.local/lib/python3.8/site-packages/airflow/example_dags/example_python_operator.py
[2024-10-20T16:35:26.231+0000] {processor.py:829} INFO - Processing file /home/airflow/.local/lib/python3.8/site-packages/airflow/example_dags/example_python_operator.py for tasks to queue
[2024-10-20T16:35:26.234+0000] {logging_mixin.py:154} INFO - [2024-10-20T16:35:26.233+0000] {dagbag.py:536} INFO - Filling up the DagBag from /home/airflow/.local/lib/python3.8/site-packages/airflow/example_dags/example_python_operator.py
[2024-10-20T16:35:26.246+0000] {processor.py:839} INFO - DAG(s) dict_keys(['example_python_operator']) retrieved from /home/airflow/.local/lib/python3.8/site-packages/airflow/example_dags/example_python_operator.py
[2024-10-20T16:35:26.275+0000] {logging_mixin.py:154} INFO - [2024-10-20T16:35:26.275+0000] {dag.py:2941} INFO - Sync 1 DAGs
[2024-10-20T16:35:26.291+0000] {logging_mixin.py:154} INFO - [2024-10-20T16:35:26.291+0000] {dag.py:3722} INFO - Setting next_dagrun for example_python_operator to None, run_after=None
[2024-10-20T16:35:26.317+0000] {processor.py:179} INFO - Processing /home/airflow/.local/lib/python3.8/site-packages/airflow/example_dags/example_python_operator.py took 0.091 seconds
[2024-10-20T16:35:56.712+0000] {processor.py:157} INFO - Started process (PID=257) to work on /home/airflow/.local/lib/python3.8/site-packages/airflow/example_dags/example_python_operator.py
[2024-10-20T16:35:56.714+0000] {processor.py:829} INFO - Processing file /home/airflow/.local/lib/python3.8/site-packages/airflow/example_dags/example_python_operator.py for tasks to queue
[2024-10-20T16:35:56.716+0000] {logging_mixin.py:154} INFO - [2024-10-20T16:35:56.716+0000] {dagbag.py:536} INFO - Filling up the DagBag from /home/airflow/.local/lib/python3.8/site-packages/airflow/example_dags/example_python_operator.py
[2024-10-20T16:35:56.728+0000] {processor.py:839} INFO - DAG(s) dict_keys(['example_python_operator']) retrieved from /home/airflow/.local/lib/python3.8/site-packages/airflow/example_dags/example_python_operator.py
[2024-10-20T16:35:56.758+0000] {logging_mixin.py:154} INFO - [2024-10-20T16:35:56.757+0000] {dag.py:2941} INFO - Sync 1 DAGs
[2024-10-20T16:35:56.774+0000] {logging_mixin.py:154} INFO - [2024-10-20T16:35:56.774+0000] {dag.py:3722} INFO - Setting next_dagrun for example_python_operator to None, run_after=None
[2024-10-20T16:35:56.800+0000] {processor.py:179} INFO - Processing /home/airflow/.local/lib/python3.8/site-packages/airflow/example_dags/example_python_operator.py took 0.092 seconds
[2024-10-20T16:36:27.224+0000] {processor.py:157} INFO - Started process (PID=313) to work on /home/airflow/.local/lib/python3.8/site-packages/airflow/example_dags/example_python_operator.py
[2024-10-20T16:36:27.226+0000] {processor.py:829} INFO - Processing file /home/airflow/.local/lib/python3.8/site-packages/airflow/example_dags/example_python_operator.py for tasks to queue
[2024-10-20T16:36:27.229+0000] {logging_mixin.py:154} INFO - [2024-10-20T16:36:27.228+0000] {dagbag.py:536} INFO - Filling up the DagBag from /home/airflow/.local/lib/python3.8/site-packages/airflow/example_dags/example_python_operator.py
[2024-10-20T16:36:27.241+0000] {processor.py:839} INFO - DAG(s) dict_keys(['example_python_operator']) retrieved from /home/airflow/.local/lib/python3.8/site-packages/airflow/example_dags/example_python_operator.py
[2024-10-20T16:36:27.270+0000] {logging_mixin.py:154} INFO - [2024-10-20T16:36:27.269+0000] {dag.py:2941} INFO - Sync 1 DAGs
[2024-10-20T16:36:27.286+0000] {logging_mixin.py:154} INFO - [2024-10-20T16:36:27.286+0000] {dag.py:3722} INFO - Setting next_dagrun for example_python_operator to None, run_after=None
[2024-10-20T16:36:27.314+0000] {processor.py:179} INFO - Processing /home/airflow/.local/lib/python3.8/site-packages/airflow/example_dags/example_python_operator.py took 0.093 seconds
[2024-10-20T16:36:57.555+0000] {processor.py:157} INFO - Started process (PID=378) to work on /home/airflow/.local/lib/python3.8/site-packages/airflow/example_dags/example_python_operator.py
[2024-10-20T16:36:57.556+0000] {processor.py:829} INFO - Processing file /home/airflow/.local/lib/python3.8/site-packages/airflow/example_dags/example_python_operator.py for tasks to queue
[2024-10-20T16:36:57.560+0000] {logging_mixin.py:154} INFO - [2024-10-20T16:36:57.559+0000] {dagbag.py:536} INFO - Filling up the DagBag from /home/airflow/.local/lib/python3.8/site-packages/airflow/example_dags/example_python_operator.py
[2024-10-20T16:36:57.570+0000] {processor.py:839} INFO - DAG(s) dict_keys(['example_python_operator']) retrieved from /home/airflow/.local/lib/python3.8/site-packages/airflow/example_dags/example_python_operator.py
[2024-10-20T16:36:57.595+0000] {logging_mixin.py:154} INFO - [2024-10-20T16:36:57.595+0000] {dag.py:2941} INFO - Sync 1 DAGs
[2024-10-20T16:36:57.610+0000] {logging_mixin.py:154} INFO - [2024-10-20T16:36:57.610+0000] {dag.py:3722} INFO - Setting next_dagrun for example_python_operator to None, run_after=None
[2024-10-20T16:36:57.635+0000] {processor.py:179} INFO - Processing /home/airflow/.local/lib/python3.8/site-packages/airflow/example_dags/example_python_operator.py took 0.083 seconds
[2024-10-20T16:37:28.424+0000] {processor.py:157} INFO - Started process (PID=444) to work on /home/airflow/.local/lib/python3.8/site-packages/airflow/example_dags/example_python_operator.py
[2024-10-20T16:37:28.425+0000] {processor.py:829} INFO - Processing file /home/airflow/.local/lib/python3.8/site-packages/airflow/example_dags/example_python_operator.py for tasks to queue
[2024-10-20T16:37:28.428+0000] {logging_mixin.py:154} INFO - [2024-10-20T16:37:28.428+0000] {dagbag.py:536} INFO - Filling up the DagBag from /home/airflow/.local/lib/python3.8/site-packages/airflow/example_dags/example_python_operator.py
[2024-10-20T16:37:28.440+0000] {processor.py:839} INFO - DAG(s) dict_keys(['example_python_operator']) retrieved from /home/airflow/.local/lib/python3.8/site-packages/airflow/example_dags/example_python_operator.py
[2024-10-20T16:37:28.465+0000] {logging_mixin.py:154} INFO - [2024-10-20T16:37:28.465+0000] {dag.py:2941} INFO - Sync 1 DAGs
[2024-10-20T16:37:28.478+0000] {logging_mixin.py:154} INFO - [2024-10-20T16:37:28.477+0000] {dag.py:3722} INFO - Setting next_dagrun for example_python_operator to None, run_after=None
[2024-10-20T16:37:28.506+0000] {processor.py:179} INFO - Processing /home/airflow/.local/lib/python3.8/site-packages/airflow/example_dags/example_python_operator.py took 0.086 seconds
[2024-10-20T16:37:58.623+0000] {processor.py:157} INFO - Started process (PID=504) to work on /home/airflow/.local/lib/python3.8/site-packages/airflow/example_dags/example_python_operator.py
[2024-10-20T16:37:58.624+0000] {processor.py:829} INFO - Processing file /home/airflow/.local/lib/python3.8/site-packages/airflow/example_dags/example_python_operator.py for tasks to queue
[2024-10-20T16:37:58.627+0000] {logging_mixin.py:154} INFO - [2024-10-20T16:37:58.626+0000] {dagbag.py:536} INFO - Filling up the DagBag from /home/airflow/.local/lib/python3.8/site-packages/airflow/example_dags/example_python_operator.py
[2024-10-20T16:37:58.637+0000] {processor.py:839} INFO - DAG(s) dict_keys(['example_python_operator']) retrieved from /home/airflow/.local/lib/python3.8/site-packages/airflow/example_dags/example_python_operator.py
[2024-10-20T16:37:58.664+0000] {logging_mixin.py:154} INFO - [2024-10-20T16:37:58.664+0000] {dag.py:2941} INFO - Sync 1 DAGs
[2024-10-20T16:37:58.678+0000] {logging_mixin.py:154} INFO - [2024-10-20T16:37:58.678+0000] {dag.py:3722} INFO - Setting next_dagrun for example_python_operator to None, run_after=None
[2024-10-20T16:37:58.705+0000] {processor.py:179} INFO - Processing /home/airflow/.local/lib/python3.8/site-packages/airflow/example_dags/example_python_operator.py took 0.084 seconds
[2024-10-20T16:39:44.500+0000] {processor.py:157} INFO - Started process (PID=91) to work on /home/airflow/.local/lib/python3.8/site-packages/airflow/example_dags/example_python_operator.py
[2024-10-20T16:39:44.502+0000] {processor.py:829} INFO - Processing file /home/airflow/.local/lib/python3.8/site-packages/airflow/example_dags/example_python_operator.py for tasks to queue
[2024-10-20T16:39:44.506+0000] {logging_mixin.py:154} INFO - [2024-10-20T16:39:44.505+0000] {dagbag.py:536} INFO - Filling up the DagBag from /home/airflow/.local/lib/python3.8/site-packages/airflow/example_dags/example_python_operator.py
[2024-10-20T16:39:44.521+0000] {processor.py:839} INFO - DAG(s) dict_keys(['example_python_operator']) retrieved from /home/airflow/.local/lib/python3.8/site-packages/airflow/example_dags/example_python_operator.py
[2024-10-20T16:39:44.671+0000] {logging_mixin.py:154} INFO - [2024-10-20T16:39:44.670+0000] {dag.py:2941} INFO - Sync 1 DAGs
[2024-10-20T16:39:44.685+0000] {logging_mixin.py:154} INFO - [2024-10-20T16:39:44.684+0000] {dag.py:3722} INFO - Setting next_dagrun for example_python_operator to None, run_after=None
[2024-10-20T16:39:44.719+0000] {processor.py:179} INFO - Processing /home/airflow/.local/lib/python3.8/site-packages/airflow/example_dags/example_python_operator.py took 0.223 seconds
[2024-10-20T16:40:15.418+0000] {processor.py:157} INFO - Started process (PID=154) to work on /home/airflow/.local/lib/python3.8/site-packages/airflow/example_dags/example_python_operator.py
[2024-10-20T16:40:15.419+0000] {processor.py:829} INFO - Processing file /home/airflow/.local/lib/python3.8/site-packages/airflow/example_dags/example_python_operator.py for tasks to queue
[2024-10-20T16:40:15.422+0000] {logging_mixin.py:154} INFO - [2024-10-20T16:40:15.421+0000] {dagbag.py:536} INFO - Filling up the DagBag from /home/airflow/.local/lib/python3.8/site-packages/airflow/example_dags/example_python_operator.py
[2024-10-20T16:40:15.433+0000] {processor.py:839} INFO - DAG(s) dict_keys(['example_python_operator']) retrieved from /home/airflow/.local/lib/python3.8/site-packages/airflow/example_dags/example_python_operator.py
[2024-10-20T16:40:15.462+0000] {logging_mixin.py:154} INFO - [2024-10-20T16:40:15.462+0000] {dag.py:2941} INFO - Sync 1 DAGs
[2024-10-20T16:40:15.477+0000] {logging_mixin.py:154} INFO - [2024-10-20T16:40:15.477+0000] {dag.py:3722} INFO - Setting next_dagrun for example_python_operator to None, run_after=None
[2024-10-20T16:40:15.503+0000] {processor.py:179} INFO - Processing /home/airflow/.local/lib/python3.8/site-packages/airflow/example_dags/example_python_operator.py took 0.088 seconds
[2024-10-20T16:40:45.662+0000] {processor.py:157} INFO - Started process (PID=208) to work on /home/airflow/.local/lib/python3.8/site-packages/airflow/example_dags/example_python_operator.py
[2024-10-20T16:40:45.664+0000] {processor.py:829} INFO - Processing file /home/airflow/.local/lib/python3.8/site-packages/airflow/example_dags/example_python_operator.py for tasks to queue
[2024-10-20T16:40:45.666+0000] {logging_mixin.py:154} INFO - [2024-10-20T16:40:45.665+0000] {dagbag.py:536} INFO - Filling up the DagBag from /home/airflow/.local/lib/python3.8/site-packages/airflow/example_dags/example_python_operator.py
[2024-10-20T16:40:45.679+0000] {processor.py:839} INFO - DAG(s) dict_keys(['example_python_operator']) retrieved from /home/airflow/.local/lib/python3.8/site-packages/airflow/example_dags/example_python_operator.py
[2024-10-20T16:40:45.710+0000] {logging_mixin.py:154} INFO - [2024-10-20T16:40:45.710+0000] {dag.py:2941} INFO - Sync 1 DAGs
[2024-10-20T16:40:45.728+0000] {logging_mixin.py:154} INFO - [2024-10-20T16:40:45.728+0000] {dag.py:3722} INFO - Setting next_dagrun for example_python_operator to None, run_after=None
[2024-10-20T16:40:45.759+0000] {processor.py:179} INFO - Processing /home/airflow/.local/lib/python3.8/site-packages/airflow/example_dags/example_python_operator.py took 0.101 seconds
[2024-10-20T16:41:15.845+0000] {processor.py:157} INFO - Started process (PID=264) to work on /home/airflow/.local/lib/python3.8/site-packages/airflow/example_dags/example_python_operator.py
[2024-10-20T16:41:15.846+0000] {processor.py:829} INFO - Processing file /home/airflow/.local/lib/python3.8/site-packages/airflow/example_dags/example_python_operator.py for tasks to queue
[2024-10-20T16:41:15.849+0000] {logging_mixin.py:154} INFO - [2024-10-20T16:41:15.849+0000] {dagbag.py:536} INFO - Filling up the DagBag from /home/airflow/.local/lib/python3.8/site-packages/airflow/example_dags/example_python_operator.py
[2024-10-20T16:41:15.858+0000] {processor.py:839} INFO - DAG(s) dict_keys(['example_python_operator']) retrieved from /home/airflow/.local/lib/python3.8/site-packages/airflow/example_dags/example_python_operator.py
[2024-10-20T16:41:15.885+0000] {logging_mixin.py:154} INFO - [2024-10-20T16:41:15.884+0000] {dag.py:2941} INFO - Sync 1 DAGs
[2024-10-20T16:41:15.899+0000] {logging_mixin.py:154} INFO - [2024-10-20T16:41:15.898+0000] {dag.py:3722} INFO - Setting next_dagrun for example_python_operator to None, run_after=None
[2024-10-20T16:41:15.922+0000] {processor.py:179} INFO - Processing /home/airflow/.local/lib/python3.8/site-packages/airflow/example_dags/example_python_operator.py took 0.079 seconds
[2024-10-20T16:42:43.390+0000] {processor.py:157} INFO - Started process (PID=91) to work on /home/airflow/.local/lib/python3.8/site-packages/airflow/example_dags/example_python_operator.py
[2024-10-20T16:42:43.392+0000] {processor.py:829} INFO - Processing file /home/airflow/.local/lib/python3.8/site-packages/airflow/example_dags/example_python_operator.py for tasks to queue
[2024-10-20T16:42:43.394+0000] {logging_mixin.py:154} INFO - [2024-10-20T16:42:43.394+0000] {dagbag.py:536} INFO - Filling up the DagBag from /home/airflow/.local/lib/python3.8/site-packages/airflow/example_dags/example_python_operator.py
[2024-10-20T16:42:43.407+0000] {processor.py:839} INFO - DAG(s) dict_keys(['example_python_operator']) retrieved from /home/airflow/.local/lib/python3.8/site-packages/airflow/example_dags/example_python_operator.py
[2024-10-20T16:42:43.540+0000] {logging_mixin.py:154} INFO - [2024-10-20T16:42:43.540+0000] {dag.py:2941} INFO - Sync 1 DAGs
[2024-10-20T16:42:43.560+0000] {logging_mixin.py:154} INFO - [2024-10-20T16:42:43.560+0000] {dag.py:3722} INFO - Setting next_dagrun for example_python_operator to None, run_after=None
[2024-10-20T16:42:43.597+0000] {processor.py:179} INFO - Processing /home/airflow/.local/lib/python3.8/site-packages/airflow/example_dags/example_python_operator.py took 0.210 seconds
[2024-10-20T16:43:14.292+0000] {processor.py:157} INFO - Started process (PID=147) to work on /home/airflow/.local/lib/python3.8/site-packages/airflow/example_dags/example_python_operator.py
[2024-10-20T16:43:14.293+0000] {processor.py:829} INFO - Processing file /home/airflow/.local/lib/python3.8/site-packages/airflow/example_dags/example_python_operator.py for tasks to queue
[2024-10-20T16:43:14.296+0000] {logging_mixin.py:154} INFO - [2024-10-20T16:43:14.295+0000] {dagbag.py:536} INFO - Filling up the DagBag from /home/airflow/.local/lib/python3.8/site-packages/airflow/example_dags/example_python_operator.py
[2024-10-20T16:43:14.306+0000] {processor.py:839} INFO - DAG(s) dict_keys(['example_python_operator']) retrieved from /home/airflow/.local/lib/python3.8/site-packages/airflow/example_dags/example_python_operator.py
[2024-10-20T16:43:14.335+0000] {logging_mixin.py:154} INFO - [2024-10-20T16:43:14.334+0000] {dag.py:2941} INFO - Sync 1 DAGs
[2024-10-20T16:43:14.348+0000] {logging_mixin.py:154} INFO - [2024-10-20T16:43:14.348+0000] {dag.py:3722} INFO - Setting next_dagrun for example_python_operator to None, run_after=None
[2024-10-20T16:43:14.375+0000] {processor.py:179} INFO - Processing /home/airflow/.local/lib/python3.8/site-packages/airflow/example_dags/example_python_operator.py took 0.086 seconds
[2024-10-20T16:43:44.767+0000] {processor.py:157} INFO - Started process (PID=202) to work on /home/airflow/.local/lib/python3.8/site-packages/airflow/example_dags/example_python_operator.py
[2024-10-20T16:43:44.769+0000] {processor.py:829} INFO - Processing file /home/airflow/.local/lib/python3.8/site-packages/airflow/example_dags/example_python_operator.py for tasks to queue
[2024-10-20T16:43:44.771+0000] {logging_mixin.py:154} INFO - [2024-10-20T16:43:44.771+0000] {dagbag.py:536} INFO - Filling up the DagBag from /home/airflow/.local/lib/python3.8/site-packages/airflow/example_dags/example_python_operator.py
[2024-10-20T16:43:44.781+0000] {processor.py:839} INFO - DAG(s) dict_keys(['example_python_operator']) retrieved from /home/airflow/.local/lib/python3.8/site-packages/airflow/example_dags/example_python_operator.py
[2024-10-20T16:43:44.805+0000] {logging_mixin.py:154} INFO - [2024-10-20T16:43:44.805+0000] {dag.py:2941} INFO - Sync 1 DAGs
[2024-10-20T16:43:44.819+0000] {logging_mixin.py:154} INFO - [2024-10-20T16:43:44.818+0000] {dag.py:3722} INFO - Setting next_dagrun for example_python_operator to None, run_after=None
[2024-10-20T16:43:44.846+0000] {processor.py:179} INFO - Processing /home/airflow/.local/lib/python3.8/site-packages/airflow/example_dags/example_python_operator.py took 0.081 seconds
[2024-10-20T16:44:15.146+0000] {processor.py:157} INFO - Started process (PID=257) to work on /home/airflow/.local/lib/python3.8/site-packages/airflow/example_dags/example_python_operator.py
[2024-10-20T16:44:15.148+0000] {processor.py:829} INFO - Processing file /home/airflow/.local/lib/python3.8/site-packages/airflow/example_dags/example_python_operator.py for tasks to queue
[2024-10-20T16:44:15.150+0000] {logging_mixin.py:154} INFO - [2024-10-20T16:44:15.149+0000] {dagbag.py:536} INFO - Filling up the DagBag from /home/airflow/.local/lib/python3.8/site-packages/airflow/example_dags/example_python_operator.py
[2024-10-20T16:44:15.162+0000] {processor.py:839} INFO - DAG(s) dict_keys(['example_python_operator']) retrieved from /home/airflow/.local/lib/python3.8/site-packages/airflow/example_dags/example_python_operator.py
[2024-10-20T16:44:15.191+0000] {logging_mixin.py:154} INFO - [2024-10-20T16:44:15.190+0000] {dag.py:2941} INFO - Sync 1 DAGs
[2024-10-20T16:44:15.205+0000] {logging_mixin.py:154} INFO - [2024-10-20T16:44:15.204+0000] {dag.py:3722} INFO - Setting next_dagrun for example_python_operator to None, run_after=None
[2024-10-20T16:44:15.232+0000] {processor.py:179} INFO - Processing /home/airflow/.local/lib/python3.8/site-packages/airflow/example_dags/example_python_operator.py took 0.089 seconds
[2024-10-20T16:44:46.015+0000] {processor.py:157} INFO - Started process (PID=313) to work on /home/airflow/.local/lib/python3.8/site-packages/airflow/example_dags/example_python_operator.py
[2024-10-20T16:44:46.016+0000] {processor.py:829} INFO - Processing file /home/airflow/.local/lib/python3.8/site-packages/airflow/example_dags/example_python_operator.py for tasks to queue
[2024-10-20T16:44:46.018+0000] {logging_mixin.py:154} INFO - [2024-10-20T16:44:46.018+0000] {dagbag.py:536} INFO - Filling up the DagBag from /home/airflow/.local/lib/python3.8/site-packages/airflow/example_dags/example_python_operator.py
[2024-10-20T16:44:46.028+0000] {processor.py:839} INFO - DAG(s) dict_keys(['example_python_operator']) retrieved from /home/airflow/.local/lib/python3.8/site-packages/airflow/example_dags/example_python_operator.py
[2024-10-20T16:44:46.052+0000] {logging_mixin.py:154} INFO - [2024-10-20T16:44:46.052+0000] {dag.py:2941} INFO - Sync 1 DAGs
[2024-10-20T16:44:46.065+0000] {logging_mixin.py:154} INFO - [2024-10-20T16:44:46.065+0000] {dag.py:3722} INFO - Setting next_dagrun for example_python_operator to None, run_after=None
[2024-10-20T16:44:46.089+0000] {processor.py:179} INFO - Processing /home/airflow/.local/lib/python3.8/site-packages/airflow/example_dags/example_python_operator.py took 0.079 seconds
[2024-10-20T16:45:52.379+0000] {processor.py:157} INFO - Started process (PID=93) to work on /home/airflow/.local/lib/python3.8/site-packages/airflow/example_dags/example_python_operator.py
[2024-10-20T16:45:52.381+0000] {processor.py:829} INFO - Processing file /home/airflow/.local/lib/python3.8/site-packages/airflow/example_dags/example_python_operator.py for tasks to queue
[2024-10-20T16:45:52.385+0000] {logging_mixin.py:154} INFO - [2024-10-20T16:45:52.384+0000] {dagbag.py:536} INFO - Filling up the DagBag from /home/airflow/.local/lib/python3.8/site-packages/airflow/example_dags/example_python_operator.py
[2024-10-20T16:45:52.404+0000] {processor.py:839} INFO - DAG(s) dict_keys(['example_python_operator']) retrieved from /home/airflow/.local/lib/python3.8/site-packages/airflow/example_dags/example_python_operator.py
[2024-10-20T16:45:52.562+0000] {logging_mixin.py:154} INFO - [2024-10-20T16:45:52.561+0000] {dag.py:2941} INFO - Sync 1 DAGs
[2024-10-20T16:45:52.574+0000] {logging_mixin.py:154} INFO - [2024-10-20T16:45:52.573+0000] {dag.py:3722} INFO - Setting next_dagrun for example_python_operator to None, run_after=None
[2024-10-20T16:45:52.601+0000] {processor.py:179} INFO - Processing /home/airflow/.local/lib/python3.8/site-packages/airflow/example_dags/example_python_operator.py took 0.227 seconds
[2024-10-20T16:46:23.097+0000] {processor.py:157} INFO - Started process (PID=151) to work on /home/airflow/.local/lib/python3.8/site-packages/airflow/example_dags/example_python_operator.py
[2024-10-20T16:46:23.098+0000] {processor.py:829} INFO - Processing file /home/airflow/.local/lib/python3.8/site-packages/airflow/example_dags/example_python_operator.py for tasks to queue
[2024-10-20T16:46:23.100+0000] {logging_mixin.py:154} INFO - [2024-10-20T16:46:23.100+0000] {dagbag.py:536} INFO - Filling up the DagBag from /home/airflow/.local/lib/python3.8/site-packages/airflow/example_dags/example_python_operator.py
[2024-10-20T16:46:23.109+0000] {processor.py:839} INFO - DAG(s) dict_keys(['example_python_operator']) retrieved from /home/airflow/.local/lib/python3.8/site-packages/airflow/example_dags/example_python_operator.py
[2024-10-20T16:46:23.133+0000] {logging_mixin.py:154} INFO - [2024-10-20T16:46:23.133+0000] {dag.py:2941} INFO - Sync 1 DAGs
[2024-10-20T16:46:23.145+0000] {logging_mixin.py:154} INFO - [2024-10-20T16:46:23.144+0000] {dag.py:3722} INFO - Setting next_dagrun for example_python_operator to None, run_after=None
[2024-10-20T16:46:23.168+0000] {processor.py:179} INFO - Processing /home/airflow/.local/lib/python3.8/site-packages/airflow/example_dags/example_python_operator.py took 0.075 seconds
[2024-10-20T16:47:56.852+0000] {processor.py:157} INFO - Started process (PID=93) to work on /home/airflow/.local/lib/python3.8/site-packages/airflow/example_dags/example_python_operator.py
[2024-10-20T16:47:56.854+0000] {processor.py:829} INFO - Processing file /home/airflow/.local/lib/python3.8/site-packages/airflow/example_dags/example_python_operator.py for tasks to queue
[2024-10-20T16:47:56.857+0000] {logging_mixin.py:154} INFO - [2024-10-20T16:47:56.857+0000] {dagbag.py:536} INFO - Filling up the DagBag from /home/airflow/.local/lib/python3.8/site-packages/airflow/example_dags/example_python_operator.py
[2024-10-20T16:47:56.875+0000] {processor.py:839} INFO - DAG(s) dict_keys(['example_python_operator']) retrieved from /home/airflow/.local/lib/python3.8/site-packages/airflow/example_dags/example_python_operator.py
[2024-10-20T16:47:57.035+0000] {logging_mixin.py:154} INFO - [2024-10-20T16:47:57.034+0000] {dag.py:2941} INFO - Sync 1 DAGs
[2024-10-20T16:47:57.052+0000] {logging_mixin.py:154} INFO - [2024-10-20T16:47:57.051+0000] {dag.py:3722} INFO - Setting next_dagrun for example_python_operator to None, run_after=None
[2024-10-20T16:47:57.086+0000] {processor.py:179} INFO - Processing /home/airflow/.local/lib/python3.8/site-packages/airflow/example_dags/example_python_operator.py took 0.239 seconds
[2024-10-20T16:48:27.532+0000] {processor.py:157} INFO - Started process (PID=151) to work on /home/airflow/.local/lib/python3.8/site-packages/airflow/example_dags/example_python_operator.py
[2024-10-20T16:48:27.533+0000] {processor.py:829} INFO - Processing file /home/airflow/.local/lib/python3.8/site-packages/airflow/example_dags/example_python_operator.py for tasks to queue
[2024-10-20T16:48:27.534+0000] {logging_mixin.py:154} INFO - [2024-10-20T16:48:27.534+0000] {dagbag.py:536} INFO - Filling up the DagBag from /home/airflow/.local/lib/python3.8/site-packages/airflow/example_dags/example_python_operator.py
[2024-10-20T16:48:27.543+0000] {processor.py:839} INFO - DAG(s) dict_keys(['example_python_operator']) retrieved from /home/airflow/.local/lib/python3.8/site-packages/airflow/example_dags/example_python_operator.py
[2024-10-20T16:48:27.569+0000] {logging_mixin.py:154} INFO - [2024-10-20T16:48:27.568+0000] {dag.py:2941} INFO - Sync 1 DAGs
[2024-10-20T16:48:27.582+0000] {logging_mixin.py:154} INFO - [2024-10-20T16:48:27.582+0000] {dag.py:3722} INFO - Setting next_dagrun for example_python_operator to None, run_after=None
[2024-10-20T16:48:27.607+0000] {processor.py:179} INFO - Processing /home/airflow/.local/lib/python3.8/site-packages/airflow/example_dags/example_python_operator.py took 0.078 seconds
[2024-10-20T16:58:38.777+0000] {processor.py:157} INFO - Started process (PID=105) to work on /home/airflow/.local/lib/python3.8/site-packages/airflow/example_dags/example_python_operator.py
[2024-10-20T16:58:38.778+0000] {processor.py:829} INFO - Processing file /home/airflow/.local/lib/python3.8/site-packages/airflow/example_dags/example_python_operator.py for tasks to queue
[2024-10-20T16:58:38.782+0000] {logging_mixin.py:154} INFO - [2024-10-20T16:58:38.781+0000] {dagbag.py:536} INFO - Filling up the DagBag from /home/airflow/.local/lib/python3.8/site-packages/airflow/example_dags/example_python_operator.py
[2024-10-20T16:58:38.803+0000] {processor.py:839} INFO - DAG(s) dict_keys(['example_python_operator']) retrieved from /home/airflow/.local/lib/python3.8/site-packages/airflow/example_dags/example_python_operator.py
[2024-10-20T16:58:38.948+0000] {logging_mixin.py:154} INFO - [2024-10-20T16:58:38.947+0000] {dag.py:2941} INFO - Sync 1 DAGs
[2024-10-20T16:58:38.961+0000] {logging_mixin.py:154} INFO - [2024-10-20T16:58:38.960+0000] {dag.py:3722} INFO - Setting next_dagrun for example_python_operator to None, run_after=None
[2024-10-20T16:58:38.989+0000] {processor.py:179} INFO - Processing /home/airflow/.local/lib/python3.8/site-packages/airflow/example_dags/example_python_operator.py took 0.216 seconds
[2024-10-20T17:00:36.802+0000] {processor.py:157} INFO - Started process (PID=93) to work on /home/airflow/.local/lib/python3.8/site-packages/airflow/example_dags/example_python_operator.py
[2024-10-20T17:00:36.804+0000] {processor.py:829} INFO - Processing file /home/airflow/.local/lib/python3.8/site-packages/airflow/example_dags/example_python_operator.py for tasks to queue
[2024-10-20T17:00:36.808+0000] {logging_mixin.py:154} INFO - [2024-10-20T17:00:36.807+0000] {dagbag.py:536} INFO - Filling up the DagBag from /home/airflow/.local/lib/python3.8/site-packages/airflow/example_dags/example_python_operator.py
[2024-10-20T17:00:36.827+0000] {processor.py:839} INFO - DAG(s) dict_keys(['example_python_operator']) retrieved from /home/airflow/.local/lib/python3.8/site-packages/airflow/example_dags/example_python_operator.py
[2024-10-20T17:00:37.004+0000] {logging_mixin.py:154} INFO - [2024-10-20T17:00:37.003+0000] {dag.py:2941} INFO - Sync 1 DAGs
[2024-10-20T17:00:37.024+0000] {logging_mixin.py:154} INFO - [2024-10-20T17:00:37.024+0000] {dag.py:3722} INFO - Setting next_dagrun for example_python_operator to None, run_after=None
[2024-10-20T17:00:37.071+0000] {processor.py:179} INFO - Processing /home/airflow/.local/lib/python3.8/site-packages/airflow/example_dags/example_python_operator.py took 0.274 seconds
[2024-10-20T17:01:07.207+0000] {processor.py:157} INFO - Started process (PID=154) to work on /home/airflow/.local/lib/python3.8/site-packages/airflow/example_dags/example_python_operator.py
[2024-10-20T17:01:07.208+0000] {processor.py:829} INFO - Processing file /home/airflow/.local/lib/python3.8/site-packages/airflow/example_dags/example_python_operator.py for tasks to queue
[2024-10-20T17:01:07.210+0000] {logging_mixin.py:154} INFO - [2024-10-20T17:01:07.210+0000] {dagbag.py:536} INFO - Filling up the DagBag from /home/airflow/.local/lib/python3.8/site-packages/airflow/example_dags/example_python_operator.py
[2024-10-20T17:01:07.218+0000] {processor.py:839} INFO - DAG(s) dict_keys(['example_python_operator']) retrieved from /home/airflow/.local/lib/python3.8/site-packages/airflow/example_dags/example_python_operator.py
[2024-10-20T17:01:07.238+0000] {logging_mixin.py:154} INFO - [2024-10-20T17:01:07.238+0000] {dag.py:2941} INFO - Sync 1 DAGs
[2024-10-20T17:01:07.250+0000] {logging_mixin.py:154} INFO - [2024-10-20T17:01:07.250+0000] {dag.py:3722} INFO - Setting next_dagrun for example_python_operator to None, run_after=None
[2024-10-20T17:01:07.271+0000] {processor.py:179} INFO - Processing /home/airflow/.local/lib/python3.8/site-packages/airflow/example_dags/example_python_operator.py took 0.066 seconds
[2024-10-20T17:01:37.944+0000] {processor.py:157} INFO - Started process (PID=212) to work on /home/airflow/.local/lib/python3.8/site-packages/airflow/example_dags/example_python_operator.py
[2024-10-20T17:01:37.946+0000] {processor.py:829} INFO - Processing file /home/airflow/.local/lib/python3.8/site-packages/airflow/example_dags/example_python_operator.py for tasks to queue
[2024-10-20T17:01:37.948+0000] {logging_mixin.py:154} INFO - [2024-10-20T17:01:37.948+0000] {dagbag.py:536} INFO - Filling up the DagBag from /home/airflow/.local/lib/python3.8/site-packages/airflow/example_dags/example_python_operator.py
[2024-10-20T17:01:37.971+0000] {processor.py:839} INFO - DAG(s) dict_keys(['example_python_operator']) retrieved from /home/airflow/.local/lib/python3.8/site-packages/airflow/example_dags/example_python_operator.py
[2024-10-20T17:01:38.012+0000] {logging_mixin.py:154} INFO - [2024-10-20T17:01:38.012+0000] {dag.py:2941} INFO - Sync 1 DAGs
[2024-10-20T17:01:38.042+0000] {logging_mixin.py:154} INFO - [2024-10-20T17:01:38.041+0000] {dag.py:3722} INFO - Setting next_dagrun for example_python_operator to None, run_after=None
[2024-10-20T17:01:38.081+0000] {processor.py:179} INFO - Processing /home/airflow/.local/lib/python3.8/site-packages/airflow/example_dags/example_python_operator.py took 0.143 seconds
[2024-10-20T17:02:09.001+0000] {processor.py:157} INFO - Started process (PID=281) to work on /home/airflow/.local/lib/python3.8/site-packages/airflow/example_dags/example_python_operator.py
[2024-10-20T17:02:09.003+0000] {processor.py:829} INFO - Processing file /home/airflow/.local/lib/python3.8/site-packages/airflow/example_dags/example_python_operator.py for tasks to queue
[2024-10-20T17:02:09.006+0000] {logging_mixin.py:154} INFO - [2024-10-20T17:02:09.005+0000] {dagbag.py:536} INFO - Filling up the DagBag from /home/airflow/.local/lib/python3.8/site-packages/airflow/example_dags/example_python_operator.py
[2024-10-20T17:02:09.037+0000] {processor.py:839} INFO - DAG(s) dict_keys(['example_python_operator']) retrieved from /home/airflow/.local/lib/python3.8/site-packages/airflow/example_dags/example_python_operator.py
[2024-10-20T17:02:09.077+0000] {logging_mixin.py:154} INFO - [2024-10-20T17:02:09.077+0000] {dag.py:2941} INFO - Sync 1 DAGs
[2024-10-20T17:02:09.098+0000] {logging_mixin.py:154} INFO - [2024-10-20T17:02:09.098+0000] {dag.py:3722} INFO - Setting next_dagrun for example_python_operator to None, run_after=None
[2024-10-20T17:02:09.132+0000] {processor.py:179} INFO - Processing /home/airflow/.local/lib/python3.8/site-packages/airflow/example_dags/example_python_operator.py took 0.137 seconds
[2024-10-20T17:02:39.806+0000] {processor.py:157} INFO - Started process (PID=339) to work on /home/airflow/.local/lib/python3.8/site-packages/airflow/example_dags/example_python_operator.py
[2024-10-20T17:02:39.808+0000] {processor.py:829} INFO - Processing file /home/airflow/.local/lib/python3.8/site-packages/airflow/example_dags/example_python_operator.py for tasks to queue
[2024-10-20T17:02:39.809+0000] {logging_mixin.py:154} INFO - [2024-10-20T17:02:39.809+0000] {dagbag.py:536} INFO - Filling up the DagBag from /home/airflow/.local/lib/python3.8/site-packages/airflow/example_dags/example_python_operator.py
[2024-10-20T17:02:39.823+0000] {processor.py:839} INFO - DAG(s) dict_keys(['example_python_operator']) retrieved from /home/airflow/.local/lib/python3.8/site-packages/airflow/example_dags/example_python_operator.py
[2024-10-20T17:02:39.850+0000] {logging_mixin.py:154} INFO - [2024-10-20T17:02:39.850+0000] {dag.py:2941} INFO - Sync 1 DAGs
[2024-10-20T17:02:39.869+0000] {logging_mixin.py:154} INFO - [2024-10-20T17:02:39.868+0000] {dag.py:3722} INFO - Setting next_dagrun for example_python_operator to None, run_after=None
[2024-10-20T17:02:39.905+0000] {processor.py:179} INFO - Processing /home/airflow/.local/lib/python3.8/site-packages/airflow/example_dags/example_python_operator.py took 0.102 seconds
[2024-10-20T17:03:10.547+0000] {processor.py:157} INFO - Started process (PID=397) to work on /home/airflow/.local/lib/python3.8/site-packages/airflow/example_dags/example_python_operator.py
[2024-10-20T17:03:10.548+0000] {processor.py:829} INFO - Processing file /home/airflow/.local/lib/python3.8/site-packages/airflow/example_dags/example_python_operator.py for tasks to queue
[2024-10-20T17:03:10.550+0000] {logging_mixin.py:154} INFO - [2024-10-20T17:03:10.549+0000] {dagbag.py:536} INFO - Filling up the DagBag from /home/airflow/.local/lib/python3.8/site-packages/airflow/example_dags/example_python_operator.py
[2024-10-20T17:03:10.559+0000] {processor.py:839} INFO - DAG(s) dict_keys(['example_python_operator']) retrieved from /home/airflow/.local/lib/python3.8/site-packages/airflow/example_dags/example_python_operator.py
[2024-10-20T17:03:10.581+0000] {logging_mixin.py:154} INFO - [2024-10-20T17:03:10.581+0000] {dag.py:2941} INFO - Sync 1 DAGs
[2024-10-20T17:03:10.592+0000] {logging_mixin.py:154} INFO - [2024-10-20T17:03:10.592+0000] {dag.py:3722} INFO - Setting next_dagrun for example_python_operator to None, run_after=None
[2024-10-20T17:03:10.613+0000] {processor.py:179} INFO - Processing /home/airflow/.local/lib/python3.8/site-packages/airflow/example_dags/example_python_operator.py took 0.069 seconds
[2024-10-20T17:03:40.962+0000] {processor.py:157} INFO - Started process (PID=455) to work on /home/airflow/.local/lib/python3.8/site-packages/airflow/example_dags/example_python_operator.py
[2024-10-20T17:03:40.963+0000] {processor.py:829} INFO - Processing file /home/airflow/.local/lib/python3.8/site-packages/airflow/example_dags/example_python_operator.py for tasks to queue
[2024-10-20T17:03:40.964+0000] {logging_mixin.py:154} INFO - [2024-10-20T17:03:40.964+0000] {dagbag.py:536} INFO - Filling up the DagBag from /home/airflow/.local/lib/python3.8/site-packages/airflow/example_dags/example_python_operator.py
[2024-10-20T17:03:40.975+0000] {processor.py:839} INFO - DAG(s) dict_keys(['example_python_operator']) retrieved from /home/airflow/.local/lib/python3.8/site-packages/airflow/example_dags/example_python_operator.py
[2024-10-20T17:03:41.003+0000] {logging_mixin.py:154} INFO - [2024-10-20T17:03:41.003+0000] {dag.py:2941} INFO - Sync 1 DAGs
[2024-10-20T17:03:41.014+0000] {logging_mixin.py:154} INFO - [2024-10-20T17:03:41.014+0000] {dag.py:3722} INFO - Setting next_dagrun for example_python_operator to None, run_after=None
[2024-10-20T17:03:41.035+0000] {processor.py:179} INFO - Processing /home/airflow/.local/lib/python3.8/site-packages/airflow/example_dags/example_python_operator.py took 0.075 seconds
[2024-10-20T17:04:11.106+0000] {processor.py:157} INFO - Started process (PID=513) to work on /home/airflow/.local/lib/python3.8/site-packages/airflow/example_dags/example_python_operator.py
[2024-10-20T17:04:11.107+0000] {processor.py:829} INFO - Processing file /home/airflow/.local/lib/python3.8/site-packages/airflow/example_dags/example_python_operator.py for tasks to queue
[2024-10-20T17:04:11.108+0000] {logging_mixin.py:154} INFO - [2024-10-20T17:04:11.108+0000] {dagbag.py:536} INFO - Filling up the DagBag from /home/airflow/.local/lib/python3.8/site-packages/airflow/example_dags/example_python_operator.py
[2024-10-20T17:04:11.118+0000] {processor.py:839} INFO - DAG(s) dict_keys(['example_python_operator']) retrieved from /home/airflow/.local/lib/python3.8/site-packages/airflow/example_dags/example_python_operator.py
[2024-10-20T17:04:11.146+0000] {logging_mixin.py:154} INFO - [2024-10-20T17:04:11.146+0000] {dag.py:2941} INFO - Sync 1 DAGs
[2024-10-20T17:04:11.159+0000] {logging_mixin.py:154} INFO - [2024-10-20T17:04:11.158+0000] {dag.py:3722} INFO - Setting next_dagrun for example_python_operator to None, run_after=None
[2024-10-20T17:04:11.183+0000] {processor.py:179} INFO - Processing /home/airflow/.local/lib/python3.8/site-packages/airflow/example_dags/example_python_operator.py took 0.079 seconds
[2024-10-20T17:04:41.954+0000] {processor.py:157} INFO - Started process (PID=571) to work on /home/airflow/.local/lib/python3.8/site-packages/airflow/example_dags/example_python_operator.py
[2024-10-20T17:04:41.955+0000] {processor.py:829} INFO - Processing file /home/airflow/.local/lib/python3.8/site-packages/airflow/example_dags/example_python_operator.py for tasks to queue
[2024-10-20T17:04:41.957+0000] {logging_mixin.py:154} INFO - [2024-10-20T17:04:41.956+0000] {dagbag.py:536} INFO - Filling up the DagBag from /home/airflow/.local/lib/python3.8/site-packages/airflow/example_dags/example_python_operator.py
[2024-10-20T17:04:41.965+0000] {processor.py:839} INFO - DAG(s) dict_keys(['example_python_operator']) retrieved from /home/airflow/.local/lib/python3.8/site-packages/airflow/example_dags/example_python_operator.py
[2024-10-20T17:04:42.001+0000] {logging_mixin.py:154} INFO - [2024-10-20T17:04:42.001+0000] {dag.py:2941} INFO - Sync 1 DAGs
[2024-10-20T17:04:42.016+0000] {logging_mixin.py:154} INFO - [2024-10-20T17:04:42.016+0000] {dag.py:3722} INFO - Setting next_dagrun for example_python_operator to None, run_after=None
[2024-10-20T17:04:42.044+0000] {processor.py:179} INFO - Processing /home/airflow/.local/lib/python3.8/site-packages/airflow/example_dags/example_python_operator.py took 0.093 seconds
[2024-10-20T17:05:12.138+0000] {processor.py:157} INFO - Started process (PID=627) to work on /home/airflow/.local/lib/python3.8/site-packages/airflow/example_dags/example_python_operator.py
[2024-10-20T17:05:12.139+0000] {processor.py:829} INFO - Processing file /home/airflow/.local/lib/python3.8/site-packages/airflow/example_dags/example_python_operator.py for tasks to queue
[2024-10-20T17:05:12.141+0000] {logging_mixin.py:154} INFO - [2024-10-20T17:05:12.140+0000] {dagbag.py:536} INFO - Filling up the DagBag from /home/airflow/.local/lib/python3.8/site-packages/airflow/example_dags/example_python_operator.py
[2024-10-20T17:05:12.151+0000] {processor.py:839} INFO - DAG(s) dict_keys(['example_python_operator']) retrieved from /home/airflow/.local/lib/python3.8/site-packages/airflow/example_dags/example_python_operator.py
[2024-10-20T17:05:12.179+0000] {logging_mixin.py:154} INFO - [2024-10-20T17:05:12.179+0000] {dag.py:2941} INFO - Sync 1 DAGs
[2024-10-20T17:05:12.193+0000] {logging_mixin.py:154} INFO - [2024-10-20T17:05:12.192+0000] {dag.py:3722} INFO - Setting next_dagrun for example_python_operator to None, run_after=None
[2024-10-20T17:05:12.217+0000] {processor.py:179} INFO - Processing /home/airflow/.local/lib/python3.8/site-packages/airflow/example_dags/example_python_operator.py took 0.082 seconds
[2024-10-20T17:05:42.500+0000] {processor.py:157} INFO - Started process (PID=685) to work on /home/airflow/.local/lib/python3.8/site-packages/airflow/example_dags/example_python_operator.py
[2024-10-20T17:05:42.501+0000] {processor.py:829} INFO - Processing file /home/airflow/.local/lib/python3.8/site-packages/airflow/example_dags/example_python_operator.py for tasks to queue
[2024-10-20T17:05:42.503+0000] {logging_mixin.py:154} INFO - [2024-10-20T17:05:42.502+0000] {dagbag.py:536} INFO - Filling up the DagBag from /home/airflow/.local/lib/python3.8/site-packages/airflow/example_dags/example_python_operator.py
[2024-10-20T17:05:42.512+0000] {processor.py:839} INFO - DAG(s) dict_keys(['example_python_operator']) retrieved from /home/airflow/.local/lib/python3.8/site-packages/airflow/example_dags/example_python_operator.py
[2024-10-20T17:05:42.535+0000] {logging_mixin.py:154} INFO - [2024-10-20T17:05:42.535+0000] {dag.py:2941} INFO - Sync 1 DAGs
[2024-10-20T17:05:42.546+0000] {logging_mixin.py:154} INFO - [2024-10-20T17:05:42.546+0000] {dag.py:3722} INFO - Setting next_dagrun for example_python_operator to None, run_after=None
[2024-10-20T17:05:42.564+0000] {processor.py:179} INFO - Processing /home/airflow/.local/lib/python3.8/site-packages/airflow/example_dags/example_python_operator.py took 0.067 seconds
[2024-10-20T17:06:13.440+0000] {processor.py:157} INFO - Started process (PID=751) to work on /home/airflow/.local/lib/python3.8/site-packages/airflow/example_dags/example_python_operator.py
[2024-10-20T17:06:13.442+0000] {processor.py:829} INFO - Processing file /home/airflow/.local/lib/python3.8/site-packages/airflow/example_dags/example_python_operator.py for tasks to queue
[2024-10-20T17:06:13.444+0000] {logging_mixin.py:154} INFO - [2024-10-20T17:06:13.443+0000] {dagbag.py:536} INFO - Filling up the DagBag from /home/airflow/.local/lib/python3.8/site-packages/airflow/example_dags/example_python_operator.py
[2024-10-20T17:06:13.455+0000] {processor.py:839} INFO - DAG(s) dict_keys(['example_python_operator']) retrieved from /home/airflow/.local/lib/python3.8/site-packages/airflow/example_dags/example_python_operator.py
[2024-10-20T17:06:13.478+0000] {logging_mixin.py:154} INFO - [2024-10-20T17:06:13.478+0000] {dag.py:2941} INFO - Sync 1 DAGs
[2024-10-20T17:06:13.490+0000] {logging_mixin.py:154} INFO - [2024-10-20T17:06:13.490+0000] {dag.py:3722} INFO - Setting next_dagrun for example_python_operator to None, run_after=None
[2024-10-20T17:06:13.512+0000] {processor.py:179} INFO - Processing /home/airflow/.local/lib/python3.8/site-packages/airflow/example_dags/example_python_operator.py took 0.077 seconds
[2024-10-20T17:06:43.947+0000] {processor.py:157} INFO - Started process (PID=809) to work on /home/airflow/.local/lib/python3.8/site-packages/airflow/example_dags/example_python_operator.py
[2024-10-20T17:06:43.948+0000] {processor.py:829} INFO - Processing file /home/airflow/.local/lib/python3.8/site-packages/airflow/example_dags/example_python_operator.py for tasks to queue
[2024-10-20T17:06:43.949+0000] {logging_mixin.py:154} INFO - [2024-10-20T17:06:43.949+0000] {dagbag.py:536} INFO - Filling up the DagBag from /home/airflow/.local/lib/python3.8/site-packages/airflow/example_dags/example_python_operator.py
[2024-10-20T17:06:43.958+0000] {processor.py:839} INFO - DAG(s) dict_keys(['example_python_operator']) retrieved from /home/airflow/.local/lib/python3.8/site-packages/airflow/example_dags/example_python_operator.py
[2024-10-20T17:06:43.981+0000] {logging_mixin.py:154} INFO - [2024-10-20T17:06:43.981+0000] {dag.py:2941} INFO - Sync 1 DAGs
[2024-10-20T17:06:43.993+0000] {logging_mixin.py:154} INFO - [2024-10-20T17:06:43.992+0000] {dag.py:3722} INFO - Setting next_dagrun for example_python_operator to None, run_after=None
[2024-10-20T17:06:44.016+0000] {processor.py:179} INFO - Processing /home/airflow/.local/lib/python3.8/site-packages/airflow/example_dags/example_python_operator.py took 0.071 seconds
[2024-10-20T17:07:14.684+0000] {processor.py:157} INFO - Started process (PID=879) to work on /home/airflow/.local/lib/python3.8/site-packages/airflow/example_dags/example_python_operator.py
[2024-10-20T17:07:14.685+0000] {processor.py:829} INFO - Processing file /home/airflow/.local/lib/python3.8/site-packages/airflow/example_dags/example_python_operator.py for tasks to queue
[2024-10-20T17:07:14.686+0000] {logging_mixin.py:154} INFO - [2024-10-20T17:07:14.686+0000] {dagbag.py:536} INFO - Filling up the DagBag from /home/airflow/.local/lib/python3.8/site-packages/airflow/example_dags/example_python_operator.py
[2024-10-20T17:07:14.696+0000] {processor.py:839} INFO - DAG(s) dict_keys(['example_python_operator']) retrieved from /home/airflow/.local/lib/python3.8/site-packages/airflow/example_dags/example_python_operator.py
[2024-10-20T17:07:14.724+0000] {logging_mixin.py:154} INFO - [2024-10-20T17:07:14.724+0000] {dag.py:2941} INFO - Sync 1 DAGs
[2024-10-20T17:07:14.738+0000] {logging_mixin.py:154} INFO - [2024-10-20T17:07:14.738+0000] {dag.py:3722} INFO - Setting next_dagrun for example_python_operator to None, run_after=None
[2024-10-20T17:07:14.762+0000] {processor.py:179} INFO - Processing /home/airflow/.local/lib/python3.8/site-packages/airflow/example_dags/example_python_operator.py took 0.081 seconds
[2024-10-20T17:07:46.124+0000] {processor.py:157} INFO - Started process (PID=963) to work on /home/airflow/.local/lib/python3.8/site-packages/airflow/example_dags/example_python_operator.py
[2024-10-20T17:07:46.127+0000] {processor.py:829} INFO - Processing file /home/airflow/.local/lib/python3.8/site-packages/airflow/example_dags/example_python_operator.py for tasks to queue
[2024-10-20T17:07:46.130+0000] {logging_mixin.py:154} INFO - [2024-10-20T17:07:46.129+0000] {dagbag.py:536} INFO - Filling up the DagBag from /home/airflow/.local/lib/python3.8/site-packages/airflow/example_dags/example_python_operator.py
[2024-10-20T17:07:46.157+0000] {processor.py:839} INFO - DAG(s) dict_keys(['example_python_operator']) retrieved from /home/airflow/.local/lib/python3.8/site-packages/airflow/example_dags/example_python_operator.py
[2024-10-20T17:07:46.210+0000] {logging_mixin.py:154} INFO - [2024-10-20T17:07:46.209+0000] {dag.py:2941} INFO - Sync 1 DAGs
[2024-10-20T17:07:46.241+0000] {logging_mixin.py:154} INFO - [2024-10-20T17:07:46.240+0000] {dag.py:3722} INFO - Setting next_dagrun for example_python_operator to None, run_after=None
[2024-10-20T17:07:46.291+0000] {processor.py:179} INFO - Processing /home/airflow/.local/lib/python3.8/site-packages/airflow/example_dags/example_python_operator.py took 0.176 seconds
[2024-10-20T17:09:01.173+0000] {processor.py:157} INFO - Started process (PID=93) to work on /home/airflow/.local/lib/python3.8/site-packages/airflow/example_dags/example_python_operator.py
[2024-10-20T17:09:01.174+0000] {processor.py:829} INFO - Processing file /home/airflow/.local/lib/python3.8/site-packages/airflow/example_dags/example_python_operator.py for tasks to queue
[2024-10-20T17:09:01.177+0000] {logging_mixin.py:154} INFO - [2024-10-20T17:09:01.176+0000] {dagbag.py:536} INFO - Filling up the DagBag from /home/airflow/.local/lib/python3.8/site-packages/airflow/example_dags/example_python_operator.py
[2024-10-20T17:09:01.190+0000] {processor.py:839} INFO - DAG(s) dict_keys(['example_python_operator']) retrieved from /home/airflow/.local/lib/python3.8/site-packages/airflow/example_dags/example_python_operator.py
[2024-10-20T17:09:01.326+0000] {logging_mixin.py:154} INFO - [2024-10-20T17:09:01.326+0000] {dag.py:2941} INFO - Sync 1 DAGs
[2024-10-20T17:09:01.338+0000] {logging_mixin.py:154} INFO - [2024-10-20T17:09:01.338+0000] {dag.py:3722} INFO - Setting next_dagrun for example_python_operator to None, run_after=None
[2024-10-20T17:09:01.366+0000] {processor.py:179} INFO - Processing /home/airflow/.local/lib/python3.8/site-packages/airflow/example_dags/example_python_operator.py took 0.198 seconds
[2024-10-20T17:09:31.917+0000] {processor.py:157} INFO - Started process (PID=151) to work on /home/airflow/.local/lib/python3.8/site-packages/airflow/example_dags/example_python_operator.py
[2024-10-20T17:09:31.919+0000] {processor.py:829} INFO - Processing file /home/airflow/.local/lib/python3.8/site-packages/airflow/example_dags/example_python_operator.py for tasks to queue
[2024-10-20T17:09:31.921+0000] {logging_mixin.py:154} INFO - [2024-10-20T17:09:31.920+0000] {dagbag.py:536} INFO - Filling up the DagBag from /home/airflow/.local/lib/python3.8/site-packages/airflow/example_dags/example_python_operator.py
[2024-10-20T17:09:31.929+0000] {processor.py:839} INFO - DAG(s) dict_keys(['example_python_operator']) retrieved from /home/airflow/.local/lib/python3.8/site-packages/airflow/example_dags/example_python_operator.py
[2024-10-20T17:09:31.953+0000] {logging_mixin.py:154} INFO - [2024-10-20T17:09:31.953+0000] {dag.py:2941} INFO - Sync 1 DAGs
[2024-10-20T17:09:31.966+0000] {logging_mixin.py:154} INFO - [2024-10-20T17:09:31.966+0000] {dag.py:3722} INFO - Setting next_dagrun for example_python_operator to None, run_after=None
[2024-10-20T17:09:31.992+0000] {processor.py:179} INFO - Processing /home/airflow/.local/lib/python3.8/site-packages/airflow/example_dags/example_python_operator.py took 0.078 seconds
[2024-10-20T17:10:03.085+0000] {processor.py:157} INFO - Started process (PID=209) to work on /home/airflow/.local/lib/python3.8/site-packages/airflow/example_dags/example_python_operator.py
[2024-10-20T17:10:03.086+0000] {processor.py:829} INFO - Processing file /home/airflow/.local/lib/python3.8/site-packages/airflow/example_dags/example_python_operator.py for tasks to queue
[2024-10-20T17:10:03.089+0000] {logging_mixin.py:154} INFO - [2024-10-20T17:10:03.088+0000] {dagbag.py:536} INFO - Filling up the DagBag from /home/airflow/.local/lib/python3.8/site-packages/airflow/example_dags/example_python_operator.py
[2024-10-20T17:10:03.099+0000] {processor.py:839} INFO - DAG(s) dict_keys(['example_python_operator']) retrieved from /home/airflow/.local/lib/python3.8/site-packages/airflow/example_dags/example_python_operator.py
[2024-10-20T17:10:03.122+0000] {logging_mixin.py:154} INFO - [2024-10-20T17:10:03.122+0000] {dag.py:2941} INFO - Sync 1 DAGs
[2024-10-20T17:10:03.135+0000] {logging_mixin.py:154} INFO - [2024-10-20T17:10:03.134+0000] {dag.py:3722} INFO - Setting next_dagrun for example_python_operator to None, run_after=None
[2024-10-20T17:10:03.158+0000] {processor.py:179} INFO - Processing /home/airflow/.local/lib/python3.8/site-packages/airflow/example_dags/example_python_operator.py took 0.076 seconds
[2024-10-20T17:10:33.518+0000] {processor.py:157} INFO - Started process (PID=267) to work on /home/airflow/.local/lib/python3.8/site-packages/airflow/example_dags/example_python_operator.py
[2024-10-20T17:10:33.519+0000] {processor.py:829} INFO - Processing file /home/airflow/.local/lib/python3.8/site-packages/airflow/example_dags/example_python_operator.py for tasks to queue
[2024-10-20T17:10:33.521+0000] {logging_mixin.py:154} INFO - [2024-10-20T17:10:33.521+0000] {dagbag.py:536} INFO - Filling up the DagBag from /home/airflow/.local/lib/python3.8/site-packages/airflow/example_dags/example_python_operator.py
[2024-10-20T17:10:33.530+0000] {processor.py:839} INFO - DAG(s) dict_keys(['example_python_operator']) retrieved from /home/airflow/.local/lib/python3.8/site-packages/airflow/example_dags/example_python_operator.py
[2024-10-20T17:10:33.553+0000] {logging_mixin.py:154} INFO - [2024-10-20T17:10:33.553+0000] {dag.py:2941} INFO - Sync 1 DAGs
[2024-10-20T17:10:33.568+0000] {logging_mixin.py:154} INFO - [2024-10-20T17:10:33.568+0000] {dag.py:3722} INFO - Setting next_dagrun for example_python_operator to None, run_after=None
[2024-10-20T17:10:33.589+0000] {processor.py:179} INFO - Processing /home/airflow/.local/lib/python3.8/site-packages/airflow/example_dags/example_python_operator.py took 0.073 seconds
[2024-10-20T17:11:04.385+0000] {processor.py:157} INFO - Started process (PID=325) to work on /home/airflow/.local/lib/python3.8/site-packages/airflow/example_dags/example_python_operator.py
[2024-10-20T17:11:04.386+0000] {processor.py:829} INFO - Processing file /home/airflow/.local/lib/python3.8/site-packages/airflow/example_dags/example_python_operator.py for tasks to queue
[2024-10-20T17:11:04.389+0000] {logging_mixin.py:154} INFO - [2024-10-20T17:11:04.388+0000] {dagbag.py:536} INFO - Filling up the DagBag from /home/airflow/.local/lib/python3.8/site-packages/airflow/example_dags/example_python_operator.py
[2024-10-20T17:11:04.398+0000] {processor.py:839} INFO - DAG(s) dict_keys(['example_python_operator']) retrieved from /home/airflow/.local/lib/python3.8/site-packages/airflow/example_dags/example_python_operator.py
[2024-10-20T17:11:04.423+0000] {logging_mixin.py:154} INFO - [2024-10-20T17:11:04.423+0000] {dag.py:2941} INFO - Sync 1 DAGs
[2024-10-20T17:11:04.436+0000] {logging_mixin.py:154} INFO - [2024-10-20T17:11:04.436+0000] {dag.py:3722} INFO - Setting next_dagrun for example_python_operator to None, run_after=None
[2024-10-20T17:11:04.461+0000] {processor.py:179} INFO - Processing /home/airflow/.local/lib/python3.8/site-packages/airflow/example_dags/example_python_operator.py took 0.079 seconds
[2024-10-20T17:11:34.929+0000] {processor.py:157} INFO - Started process (PID=383) to work on /home/airflow/.local/lib/python3.8/site-packages/airflow/example_dags/example_python_operator.py
[2024-10-20T17:11:34.930+0000] {processor.py:829} INFO - Processing file /home/airflow/.local/lib/python3.8/site-packages/airflow/example_dags/example_python_operator.py for tasks to queue
[2024-10-20T17:11:34.932+0000] {logging_mixin.py:154} INFO - [2024-10-20T17:11:34.932+0000] {dagbag.py:536} INFO - Filling up the DagBag from /home/airflow/.local/lib/python3.8/site-packages/airflow/example_dags/example_python_operator.py
[2024-10-20T17:11:34.942+0000] {processor.py:839} INFO - DAG(s) dict_keys(['example_python_operator']) retrieved from /home/airflow/.local/lib/python3.8/site-packages/airflow/example_dags/example_python_operator.py
[2024-10-20T17:11:34.968+0000] {logging_mixin.py:154} INFO - [2024-10-20T17:11:34.967+0000] {dag.py:2941} INFO - Sync 1 DAGs
[2024-10-20T17:11:34.980+0000] {logging_mixin.py:154} INFO - [2024-10-20T17:11:34.980+0000] {dag.py:3722} INFO - Setting next_dagrun for example_python_operator to None, run_after=None
[2024-10-20T17:11:35.010+0000] {processor.py:179} INFO - Processing /home/airflow/.local/lib/python3.8/site-packages/airflow/example_dags/example_python_operator.py took 0.084 seconds
[2024-10-20T17:12:05.710+0000] {processor.py:157} INFO - Started process (PID=449) to work on /home/airflow/.local/lib/python3.8/site-packages/airflow/example_dags/example_python_operator.py
[2024-10-20T17:12:05.711+0000] {processor.py:829} INFO - Processing file /home/airflow/.local/lib/python3.8/site-packages/airflow/example_dags/example_python_operator.py for tasks to queue
[2024-10-20T17:12:05.714+0000] {logging_mixin.py:154} INFO - [2024-10-20T17:12:05.713+0000] {dagbag.py:536} INFO - Filling up the DagBag from /home/airflow/.local/lib/python3.8/site-packages/airflow/example_dags/example_python_operator.py
[2024-10-20T17:12:05.723+0000] {processor.py:839} INFO - DAG(s) dict_keys(['example_python_operator']) retrieved from /home/airflow/.local/lib/python3.8/site-packages/airflow/example_dags/example_python_operator.py
[2024-10-20T17:12:05.748+0000] {logging_mixin.py:154} INFO - [2024-10-20T17:12:05.747+0000] {dag.py:2941} INFO - Sync 1 DAGs
[2024-10-20T17:12:05.760+0000] {logging_mixin.py:154} INFO - [2024-10-20T17:12:05.760+0000] {dag.py:3722} INFO - Setting next_dagrun for example_python_operator to None, run_after=None
[2024-10-20T17:12:05.781+0000] {processor.py:179} INFO - Processing /home/airflow/.local/lib/python3.8/site-packages/airflow/example_dags/example_python_operator.py took 0.073 seconds
[2024-10-20T17:12:36.758+0000] {processor.py:157} INFO - Started process (PID=507) to work on /home/airflow/.local/lib/python3.8/site-packages/airflow/example_dags/example_python_operator.py
[2024-10-20T17:12:36.759+0000] {processor.py:829} INFO - Processing file /home/airflow/.local/lib/python3.8/site-packages/airflow/example_dags/example_python_operator.py for tasks to queue
[2024-10-20T17:12:36.761+0000] {logging_mixin.py:154} INFO - [2024-10-20T17:12:36.761+0000] {dagbag.py:536} INFO - Filling up the DagBag from /home/airflow/.local/lib/python3.8/site-packages/airflow/example_dags/example_python_operator.py
[2024-10-20T17:12:36.771+0000] {processor.py:839} INFO - DAG(s) dict_keys(['example_python_operator']) retrieved from /home/airflow/.local/lib/python3.8/site-packages/airflow/example_dags/example_python_operator.py
[2024-10-20T17:12:36.796+0000] {logging_mixin.py:154} INFO - [2024-10-20T17:12:36.796+0000] {dag.py:2941} INFO - Sync 1 DAGs
[2024-10-20T17:12:36.809+0000] {logging_mixin.py:154} INFO - [2024-10-20T17:12:36.809+0000] {dag.py:3722} INFO - Setting next_dagrun for example_python_operator to None, run_after=None
[2024-10-20T17:12:36.836+0000] {processor.py:179} INFO - Processing /home/airflow/.local/lib/python3.8/site-packages/airflow/example_dags/example_python_operator.py took 0.082 seconds
[2024-10-20T17:13:07.326+0000] {processor.py:157} INFO - Started process (PID=585) to work on /home/airflow/.local/lib/python3.8/site-packages/airflow/example_dags/example_python_operator.py
[2024-10-20T17:13:07.327+0000] {processor.py:829} INFO - Processing file /home/airflow/.local/lib/python3.8/site-packages/airflow/example_dags/example_python_operator.py for tasks to queue
[2024-10-20T17:13:07.329+0000] {logging_mixin.py:154} INFO - [2024-10-20T17:13:07.328+0000] {dagbag.py:536} INFO - Filling up the DagBag from /home/airflow/.local/lib/python3.8/site-packages/airflow/example_dags/example_python_operator.py
[2024-10-20T17:13:07.337+0000] {processor.py:839} INFO - DAG(s) dict_keys(['example_python_operator']) retrieved from /home/airflow/.local/lib/python3.8/site-packages/airflow/example_dags/example_python_operator.py
[2024-10-20T17:13:07.360+0000] {logging_mixin.py:154} INFO - [2024-10-20T17:13:07.359+0000] {dag.py:2941} INFO - Sync 1 DAGs
[2024-10-20T17:13:07.373+0000] {logging_mixin.py:154} INFO - [2024-10-20T17:13:07.372+0000] {dag.py:3722} INFO - Setting next_dagrun for example_python_operator to None, run_after=None
[2024-10-20T17:13:07.393+0000] {processor.py:179} INFO - Processing /home/airflow/.local/lib/python3.8/site-packages/airflow/example_dags/example_python_operator.py took 0.069 seconds
[2024-10-20T17:14:36.944+0000] {processor.py:157} INFO - Started process (PID=93) to work on /home/airflow/.local/lib/python3.8/site-packages/airflow/example_dags/example_python_operator.py
[2024-10-20T17:14:36.946+0000] {processor.py:829} INFO - Processing file /home/airflow/.local/lib/python3.8/site-packages/airflow/example_dags/example_python_operator.py for tasks to queue
[2024-10-20T17:14:36.952+0000] {logging_mixin.py:154} INFO - [2024-10-20T17:14:36.951+0000] {dagbag.py:536} INFO - Filling up the DagBag from /home/airflow/.local/lib/python3.8/site-packages/airflow/example_dags/example_python_operator.py
[2024-10-20T17:14:36.971+0000] {processor.py:839} INFO - DAG(s) dict_keys(['example_python_operator']) retrieved from /home/airflow/.local/lib/python3.8/site-packages/airflow/example_dags/example_python_operator.py
[2024-10-20T17:14:37.136+0000] {logging_mixin.py:154} INFO - [2024-10-20T17:14:37.136+0000] {dag.py:2941} INFO - Sync 1 DAGs
[2024-10-20T17:14:37.155+0000] {logging_mixin.py:154} INFO - [2024-10-20T17:14:37.155+0000] {dag.py:3722} INFO - Setting next_dagrun for example_python_operator to None, run_after=None
[2024-10-20T17:14:37.183+0000] {processor.py:179} INFO - Processing /home/airflow/.local/lib/python3.8/site-packages/airflow/example_dags/example_python_operator.py took 0.245 seconds
[2024-10-20T17:15:08.070+0000] {processor.py:157} INFO - Started process (PID=151) to work on /home/airflow/.local/lib/python3.8/site-packages/airflow/example_dags/example_python_operator.py
[2024-10-20T17:15:08.071+0000] {processor.py:829} INFO - Processing file /home/airflow/.local/lib/python3.8/site-packages/airflow/example_dags/example_python_operator.py for tasks to queue
[2024-10-20T17:15:08.074+0000] {logging_mixin.py:154} INFO - [2024-10-20T17:15:08.073+0000] {dagbag.py:536} INFO - Filling up the DagBag from /home/airflow/.local/lib/python3.8/site-packages/airflow/example_dags/example_python_operator.py
[2024-10-20T17:15:08.083+0000] {processor.py:839} INFO - DAG(s) dict_keys(['example_python_operator']) retrieved from /home/airflow/.local/lib/python3.8/site-packages/airflow/example_dags/example_python_operator.py
[2024-10-20T17:15:08.108+0000] {logging_mixin.py:154} INFO - [2024-10-20T17:15:08.107+0000] {dag.py:2941} INFO - Sync 1 DAGs
[2024-10-20T17:15:08.121+0000] {logging_mixin.py:154} INFO - [2024-10-20T17:15:08.121+0000] {dag.py:3722} INFO - Setting next_dagrun for example_python_operator to None, run_after=None
[2024-10-20T17:15:08.144+0000] {processor.py:179} INFO - Processing /home/airflow/.local/lib/python3.8/site-packages/airflow/example_dags/example_python_operator.py took 0.077 seconds
[2024-10-20T17:15:39.094+0000] {processor.py:157} INFO - Started process (PID=209) to work on /home/airflow/.local/lib/python3.8/site-packages/airflow/example_dags/example_python_operator.py
[2024-10-20T17:15:39.095+0000] {processor.py:829} INFO - Processing file /home/airflow/.local/lib/python3.8/site-packages/airflow/example_dags/example_python_operator.py for tasks to queue
[2024-10-20T17:15:39.097+0000] {logging_mixin.py:154} INFO - [2024-10-20T17:15:39.097+0000] {dagbag.py:536} INFO - Filling up the DagBag from /home/airflow/.local/lib/python3.8/site-packages/airflow/example_dags/example_python_operator.py
[2024-10-20T17:15:39.107+0000] {processor.py:839} INFO - DAG(s) dict_keys(['example_python_operator']) retrieved from /home/airflow/.local/lib/python3.8/site-packages/airflow/example_dags/example_python_operator.py
[2024-10-20T17:15:39.133+0000] {logging_mixin.py:154} INFO - [2024-10-20T17:15:39.133+0000] {dag.py:2941} INFO - Sync 1 DAGs
[2024-10-20T17:15:39.159+0000] {logging_mixin.py:154} INFO - [2024-10-20T17:15:39.159+0000] {dag.py:3722} INFO - Setting next_dagrun for example_python_operator to None, run_after=None
[2024-10-20T17:15:39.195+0000] {processor.py:179} INFO - Processing /home/airflow/.local/lib/python3.8/site-packages/airflow/example_dags/example_python_operator.py took 0.104 seconds
[2024-10-20T17:16:09.858+0000] {processor.py:157} INFO - Started process (PID=283) to work on /home/airflow/.local/lib/python3.8/site-packages/airflow/example_dags/example_python_operator.py
[2024-10-20T17:16:09.859+0000] {processor.py:829} INFO - Processing file /home/airflow/.local/lib/python3.8/site-packages/airflow/example_dags/example_python_operator.py for tasks to queue
[2024-10-20T17:16:09.862+0000] {logging_mixin.py:154} INFO - [2024-10-20T17:16:09.862+0000] {dagbag.py:536} INFO - Filling up the DagBag from /home/airflow/.local/lib/python3.8/site-packages/airflow/example_dags/example_python_operator.py
[2024-10-20T17:16:09.871+0000] {processor.py:839} INFO - DAG(s) dict_keys(['example_python_operator']) retrieved from /home/airflow/.local/lib/python3.8/site-packages/airflow/example_dags/example_python_operator.py
[2024-10-20T17:16:09.895+0000] {logging_mixin.py:154} INFO - [2024-10-20T17:16:09.894+0000] {dag.py:2941} INFO - Sync 1 DAGs
[2024-10-20T17:16:09.906+0000] {logging_mixin.py:154} INFO - [2024-10-20T17:16:09.906+0000] {dag.py:3722} INFO - Setting next_dagrun for example_python_operator to None, run_after=None
[2024-10-20T17:16:09.928+0000] {processor.py:179} INFO - Processing /home/airflow/.local/lib/python3.8/site-packages/airflow/example_dags/example_python_operator.py took 0.072 seconds
[2024-10-20T17:16:40.307+0000] {processor.py:157} INFO - Started process (PID=342) to work on /home/airflow/.local/lib/python3.8/site-packages/airflow/example_dags/example_python_operator.py
[2024-10-20T17:16:40.308+0000] {processor.py:829} INFO - Processing file /home/airflow/.local/lib/python3.8/site-packages/airflow/example_dags/example_python_operator.py for tasks to queue
[2024-10-20T17:16:40.310+0000] {logging_mixin.py:154} INFO - [2024-10-20T17:16:40.310+0000] {dagbag.py:536} INFO - Filling up the DagBag from /home/airflow/.local/lib/python3.8/site-packages/airflow/example_dags/example_python_operator.py
[2024-10-20T17:16:40.319+0000] {processor.py:839} INFO - DAG(s) dict_keys(['example_python_operator']) retrieved from /home/airflow/.local/lib/python3.8/site-packages/airflow/example_dags/example_python_operator.py
[2024-10-20T17:16:40.341+0000] {logging_mixin.py:154} INFO - [2024-10-20T17:16:40.341+0000] {dag.py:2941} INFO - Sync 1 DAGs
[2024-10-20T17:16:40.352+0000] {logging_mixin.py:154} INFO - [2024-10-20T17:16:40.352+0000] {dag.py:3722} INFO - Setting next_dagrun for example_python_operator to None, run_after=None
[2024-10-20T17:16:40.377+0000] {processor.py:179} INFO - Processing /home/airflow/.local/lib/python3.8/site-packages/airflow/example_dags/example_python_operator.py took 0.073 seconds
