[2024-10-20T16:04:56.342+0000] {processor.py:157} INFO - Started process (PID=95) to work on /home/airflow/.local/lib/python3.8/site-packages/airflow/example_dags/example_sensors.py
[2024-10-20T16:04:56.346+0000] {processor.py:829} INFO - Processing file /home/airflow/.local/lib/python3.8/site-packages/airflow/example_dags/example_sensors.py for tasks to queue
[2024-10-20T16:04:56.352+0000] {logging_mixin.py:154} INFO - [2024-10-20T16:04:56.352+0000] {dagbag.py:536} INFO - Filling up the DagBag from /home/airflow/.local/lib/python3.8/site-packages/airflow/example_dags/example_sensors.py
[2024-10-20T16:04:56.385+0000] {processor.py:839} INFO - DAG(s) dict_keys(['example_sensors']) retrieved from /home/airflow/.local/lib/python3.8/site-packages/airflow/example_dags/example_sensors.py
[2024-10-20T16:04:56.833+0000] {logging_mixin.py:154} INFO - [2024-10-20T16:04:56.833+0000] {dag.py:2941} INFO - Sync 1 DAGs
[2024-10-20T16:04:56.868+0000] {logging_mixin.py:154} INFO - [2024-10-20T16:04:56.868+0000] {dag.py:3722} INFO - Setting next_dagrun for example_sensors to None, run_after=None
[2024-10-20T16:04:56.903+0000] {processor.py:179} INFO - Processing /home/airflow/.local/lib/python3.8/site-packages/airflow/example_dags/example_sensors.py took 0.568 seconds
[2024-10-20T16:05:27.438+0000] {processor.py:157} INFO - Started process (PID=149) to work on /home/airflow/.local/lib/python3.8/site-packages/airflow/example_dags/example_sensors.py
[2024-10-20T16:05:27.445+0000] {processor.py:829} INFO - Processing file /home/airflow/.local/lib/python3.8/site-packages/airflow/example_dags/example_sensors.py for tasks to queue
[2024-10-20T16:05:27.449+0000] {logging_mixin.py:154} INFO - [2024-10-20T16:05:27.448+0000] {dagbag.py:536} INFO - Filling up the DagBag from /home/airflow/.local/lib/python3.8/site-packages/airflow/example_dags/example_sensors.py
[2024-10-20T16:05:27.463+0000] {processor.py:839} INFO - DAG(s) dict_keys(['example_sensors']) retrieved from /home/airflow/.local/lib/python3.8/site-packages/airflow/example_dags/example_sensors.py
[2024-10-20T16:05:27.501+0000] {logging_mixin.py:154} INFO - [2024-10-20T16:05:27.501+0000] {dag.py:2941} INFO - Sync 1 DAGs
[2024-10-20T16:05:27.520+0000] {logging_mixin.py:154} INFO - [2024-10-20T16:05:27.520+0000] {dag.py:3722} INFO - Setting next_dagrun for example_sensors to None, run_after=None
[2024-10-20T16:05:27.556+0000] {processor.py:179} INFO - Processing /home/airflow/.local/lib/python3.8/site-packages/airflow/example_dags/example_sensors.py took 0.122 seconds
[2024-10-20T16:05:57.771+0000] {processor.py:157} INFO - Started process (PID=203) to work on /home/airflow/.local/lib/python3.8/site-packages/airflow/example_dags/example_sensors.py
[2024-10-20T16:05:57.773+0000] {processor.py:829} INFO - Processing file /home/airflow/.local/lib/python3.8/site-packages/airflow/example_dags/example_sensors.py for tasks to queue
[2024-10-20T16:05:57.776+0000] {logging_mixin.py:154} INFO - [2024-10-20T16:05:57.775+0000] {dagbag.py:536} INFO - Filling up the DagBag from /home/airflow/.local/lib/python3.8/site-packages/airflow/example_dags/example_sensors.py
[2024-10-20T16:05:57.788+0000] {processor.py:839} INFO - DAG(s) dict_keys(['example_sensors']) retrieved from /home/airflow/.local/lib/python3.8/site-packages/airflow/example_dags/example_sensors.py
[2024-10-20T16:05:57.836+0000] {logging_mixin.py:154} INFO - [2024-10-20T16:05:57.836+0000] {dag.py:2941} INFO - Sync 1 DAGs
[2024-10-20T16:05:57.858+0000] {logging_mixin.py:154} INFO - [2024-10-20T16:05:57.858+0000] {dag.py:3722} INFO - Setting next_dagrun for example_sensors to None, run_after=None
[2024-10-20T16:05:57.891+0000] {processor.py:179} INFO - Processing /home/airflow/.local/lib/python3.8/site-packages/airflow/example_dags/example_sensors.py took 0.123 seconds
[2024-10-20T16:06:28.547+0000] {processor.py:157} INFO - Started process (PID=257) to work on /home/airflow/.local/lib/python3.8/site-packages/airflow/example_dags/example_sensors.py
[2024-10-20T16:06:28.549+0000] {processor.py:829} INFO - Processing file /home/airflow/.local/lib/python3.8/site-packages/airflow/example_dags/example_sensors.py for tasks to queue
[2024-10-20T16:06:28.553+0000] {logging_mixin.py:154} INFO - [2024-10-20T16:06:28.552+0000] {dagbag.py:536} INFO - Filling up the DagBag from /home/airflow/.local/lib/python3.8/site-packages/airflow/example_dags/example_sensors.py
[2024-10-20T16:06:28.567+0000] {processor.py:839} INFO - DAG(s) dict_keys(['example_sensors']) retrieved from /home/airflow/.local/lib/python3.8/site-packages/airflow/example_dags/example_sensors.py
[2024-10-20T16:06:28.608+0000] {logging_mixin.py:154} INFO - [2024-10-20T16:06:28.608+0000] {dag.py:2941} INFO - Sync 1 DAGs
[2024-10-20T16:06:28.628+0000] {logging_mixin.py:154} INFO - [2024-10-20T16:06:28.628+0000] {dag.py:3722} INFO - Setting next_dagrun for example_sensors to None, run_after=None
[2024-10-20T16:06:28.663+0000] {processor.py:179} INFO - Processing /home/airflow/.local/lib/python3.8/site-packages/airflow/example_dags/example_sensors.py took 0.121 seconds
[2024-10-20T16:06:59.087+0000] {processor.py:157} INFO - Started process (PID=311) to work on /home/airflow/.local/lib/python3.8/site-packages/airflow/example_dags/example_sensors.py
[2024-10-20T16:06:59.089+0000] {processor.py:829} INFO - Processing file /home/airflow/.local/lib/python3.8/site-packages/airflow/example_dags/example_sensors.py for tasks to queue
[2024-10-20T16:06:59.092+0000] {logging_mixin.py:154} INFO - [2024-10-20T16:06:59.092+0000] {dagbag.py:536} INFO - Filling up the DagBag from /home/airflow/.local/lib/python3.8/site-packages/airflow/example_dags/example_sensors.py
[2024-10-20T16:06:59.106+0000] {processor.py:839} INFO - DAG(s) dict_keys(['example_sensors']) retrieved from /home/airflow/.local/lib/python3.8/site-packages/airflow/example_dags/example_sensors.py
[2024-10-20T16:06:59.148+0000] {logging_mixin.py:154} INFO - [2024-10-20T16:06:59.148+0000] {dag.py:2941} INFO - Sync 1 DAGs
[2024-10-20T16:06:59.167+0000] {logging_mixin.py:154} INFO - [2024-10-20T16:06:59.167+0000] {dag.py:3722} INFO - Setting next_dagrun for example_sensors to None, run_after=None
[2024-10-20T16:06:59.200+0000] {processor.py:179} INFO - Processing /home/airflow/.local/lib/python3.8/site-packages/airflow/example_dags/example_sensors.py took 0.117 seconds
[2024-10-20T16:08:18.051+0000] {processor.py:157} INFO - Started process (PID=95) to work on /home/airflow/.local/lib/python3.8/site-packages/airflow/example_dags/example_sensors.py
[2024-10-20T16:08:18.054+0000] {processor.py:829} INFO - Processing file /home/airflow/.local/lib/python3.8/site-packages/airflow/example_dags/example_sensors.py for tasks to queue
[2024-10-20T16:08:18.059+0000] {logging_mixin.py:154} INFO - [2024-10-20T16:08:18.058+0000] {dagbag.py:536} INFO - Filling up the DagBag from /home/airflow/.local/lib/python3.8/site-packages/airflow/example_dags/example_sensors.py
[2024-10-20T16:08:18.084+0000] {processor.py:839} INFO - DAG(s) dict_keys(['example_sensors']) retrieved from /home/airflow/.local/lib/python3.8/site-packages/airflow/example_dags/example_sensors.py
[2024-10-20T16:08:18.144+0000] {logging_mixin.py:154} INFO - [2024-10-20T16:08:18.144+0000] {dag.py:2941} INFO - Sync 1 DAGs
[2024-10-20T16:08:18.230+0000] {logging_mixin.py:154} INFO - [2024-10-20T16:08:18.230+0000] {dag.py:3722} INFO - Setting next_dagrun for example_sensors to None, run_after=None
[2024-10-20T16:08:18.284+0000] {processor.py:179} INFO - Processing /home/airflow/.local/lib/python3.8/site-packages/airflow/example_dags/example_sensors.py took 0.240 seconds
[2024-10-20T16:08:49.664+0000] {processor.py:157} INFO - Started process (PID=152) to work on /home/airflow/.local/lib/python3.8/site-packages/airflow/example_dags/example_sensors.py
[2024-10-20T16:08:49.666+0000] {processor.py:829} INFO - Processing file /home/airflow/.local/lib/python3.8/site-packages/airflow/example_dags/example_sensors.py for tasks to queue
[2024-10-20T16:08:49.670+0000] {logging_mixin.py:154} INFO - [2024-10-20T16:08:49.669+0000] {dagbag.py:536} INFO - Filling up the DagBag from /home/airflow/.local/lib/python3.8/site-packages/airflow/example_dags/example_sensors.py
[2024-10-20T16:08:49.685+0000] {processor.py:839} INFO - DAG(s) dict_keys(['example_sensors']) retrieved from /home/airflow/.local/lib/python3.8/site-packages/airflow/example_dags/example_sensors.py
[2024-10-20T16:08:49.727+0000] {logging_mixin.py:154} INFO - [2024-10-20T16:08:49.727+0000] {dag.py:2941} INFO - Sync 1 DAGs
[2024-10-20T16:08:49.748+0000] {logging_mixin.py:154} INFO - [2024-10-20T16:08:49.748+0000] {dag.py:3722} INFO - Setting next_dagrun for example_sensors to None, run_after=None
[2024-10-20T16:08:49.784+0000] {processor.py:179} INFO - Processing /home/airflow/.local/lib/python3.8/site-packages/airflow/example_dags/example_sensors.py took 0.124 seconds
[2024-10-20T16:09:20.800+0000] {processor.py:157} INFO - Started process (PID=208) to work on /home/airflow/.local/lib/python3.8/site-packages/airflow/example_dags/example_sensors.py
[2024-10-20T16:09:20.809+0000] {processor.py:829} INFO - Processing file /home/airflow/.local/lib/python3.8/site-packages/airflow/example_dags/example_sensors.py for tasks to queue
[2024-10-20T16:09:20.812+0000] {logging_mixin.py:154} INFO - [2024-10-20T16:09:20.812+0000] {dagbag.py:536} INFO - Filling up the DagBag from /home/airflow/.local/lib/python3.8/site-packages/airflow/example_dags/example_sensors.py
[2024-10-20T16:09:20.826+0000] {processor.py:839} INFO - DAG(s) dict_keys(['example_sensors']) retrieved from /home/airflow/.local/lib/python3.8/site-packages/airflow/example_dags/example_sensors.py
[2024-10-20T16:09:20.871+0000] {logging_mixin.py:154} INFO - [2024-10-20T16:09:20.870+0000] {dag.py:2941} INFO - Sync 1 DAGs
[2024-10-20T16:09:20.894+0000] {logging_mixin.py:154} INFO - [2024-10-20T16:09:20.893+0000] {dag.py:3722} INFO - Setting next_dagrun for example_sensors to None, run_after=None
[2024-10-20T16:09:20.943+0000] {processor.py:179} INFO - Processing /home/airflow/.local/lib/python3.8/site-packages/airflow/example_dags/example_sensors.py took 0.147 seconds
[2024-10-20T16:09:51.821+0000] {processor.py:157} INFO - Started process (PID=264) to work on /home/airflow/.local/lib/python3.8/site-packages/airflow/example_dags/example_sensors.py
[2024-10-20T16:09:51.822+0000] {processor.py:829} INFO - Processing file /home/airflow/.local/lib/python3.8/site-packages/airflow/example_dags/example_sensors.py for tasks to queue
[2024-10-20T16:09:51.825+0000] {logging_mixin.py:154} INFO - [2024-10-20T16:09:51.825+0000] {dagbag.py:536} INFO - Filling up the DagBag from /home/airflow/.local/lib/python3.8/site-packages/airflow/example_dags/example_sensors.py
[2024-10-20T16:09:51.839+0000] {processor.py:839} INFO - DAG(s) dict_keys(['example_sensors']) retrieved from /home/airflow/.local/lib/python3.8/site-packages/airflow/example_dags/example_sensors.py
[2024-10-20T16:09:51.883+0000] {logging_mixin.py:154} INFO - [2024-10-20T16:09:51.883+0000] {dag.py:2941} INFO - Sync 1 DAGs
[2024-10-20T16:09:51.908+0000] {logging_mixin.py:154} INFO - [2024-10-20T16:09:51.907+0000] {dag.py:3722} INFO - Setting next_dagrun for example_sensors to None, run_after=None
[2024-10-20T16:09:51.960+0000] {processor.py:179} INFO - Processing /home/airflow/.local/lib/python3.8/site-packages/airflow/example_dags/example_sensors.py took 0.144 seconds
[2024-10-20T16:10:22.335+0000] {processor.py:157} INFO - Started process (PID=320) to work on /home/airflow/.local/lib/python3.8/site-packages/airflow/example_dags/example_sensors.py
[2024-10-20T16:10:22.336+0000] {processor.py:829} INFO - Processing file /home/airflow/.local/lib/python3.8/site-packages/airflow/example_dags/example_sensors.py for tasks to queue
[2024-10-20T16:10:22.339+0000] {logging_mixin.py:154} INFO - [2024-10-20T16:10:22.339+0000] {dagbag.py:536} INFO - Filling up the DagBag from /home/airflow/.local/lib/python3.8/site-packages/airflow/example_dags/example_sensors.py
[2024-10-20T16:10:22.356+0000] {processor.py:839} INFO - DAG(s) dict_keys(['example_sensors']) retrieved from /home/airflow/.local/lib/python3.8/site-packages/airflow/example_dags/example_sensors.py
[2024-10-20T16:10:22.397+0000] {logging_mixin.py:154} INFO - [2024-10-20T16:10:22.397+0000] {dag.py:2941} INFO - Sync 1 DAGs
[2024-10-20T16:10:22.419+0000] {logging_mixin.py:154} INFO - [2024-10-20T16:10:22.418+0000] {dag.py:3722} INFO - Setting next_dagrun for example_sensors to None, run_after=None
[2024-10-20T16:10:22.457+0000] {processor.py:179} INFO - Processing /home/airflow/.local/lib/python3.8/site-packages/airflow/example_dags/example_sensors.py took 0.126 seconds
[2024-10-20T16:10:52.499+0000] {processor.py:157} INFO - Started process (PID=374) to work on /home/airflow/.local/lib/python3.8/site-packages/airflow/example_dags/example_sensors.py
[2024-10-20T16:10:52.501+0000] {processor.py:829} INFO - Processing file /home/airflow/.local/lib/python3.8/site-packages/airflow/example_dags/example_sensors.py for tasks to queue
[2024-10-20T16:10:52.504+0000] {logging_mixin.py:154} INFO - [2024-10-20T16:10:52.503+0000] {dagbag.py:536} INFO - Filling up the DagBag from /home/airflow/.local/lib/python3.8/site-packages/airflow/example_dags/example_sensors.py
[2024-10-20T16:10:52.517+0000] {processor.py:839} INFO - DAG(s) dict_keys(['example_sensors']) retrieved from /home/airflow/.local/lib/python3.8/site-packages/airflow/example_dags/example_sensors.py
[2024-10-20T16:10:52.559+0000] {logging_mixin.py:154} INFO - [2024-10-20T16:10:52.558+0000] {dag.py:2941} INFO - Sync 1 DAGs
[2024-10-20T16:10:52.580+0000] {logging_mixin.py:154} INFO - [2024-10-20T16:10:52.580+0000] {dag.py:3722} INFO - Setting next_dagrun for example_sensors to None, run_after=None
[2024-10-20T16:10:52.614+0000] {processor.py:179} INFO - Processing /home/airflow/.local/lib/python3.8/site-packages/airflow/example_dags/example_sensors.py took 0.119 seconds
[2024-10-20T16:11:22.825+0000] {processor.py:157} INFO - Started process (PID=432) to work on /home/airflow/.local/lib/python3.8/site-packages/airflow/example_dags/example_sensors.py
[2024-10-20T16:11:22.827+0000] {processor.py:829} INFO - Processing file /home/airflow/.local/lib/python3.8/site-packages/airflow/example_dags/example_sensors.py for tasks to queue
[2024-10-20T16:11:22.831+0000] {logging_mixin.py:154} INFO - [2024-10-20T16:11:22.830+0000] {dagbag.py:536} INFO - Filling up the DagBag from /home/airflow/.local/lib/python3.8/site-packages/airflow/example_dags/example_sensors.py
[2024-10-20T16:11:22.848+0000] {processor.py:839} INFO - DAG(s) dict_keys(['example_sensors']) retrieved from /home/airflow/.local/lib/python3.8/site-packages/airflow/example_dags/example_sensors.py
[2024-10-20T16:11:22.897+0000] {logging_mixin.py:154} INFO - [2024-10-20T16:11:22.897+0000] {dag.py:2941} INFO - Sync 1 DAGs
[2024-10-20T16:11:22.924+0000] {logging_mixin.py:154} INFO - [2024-10-20T16:11:22.923+0000] {dag.py:3722} INFO - Setting next_dagrun for example_sensors to None, run_after=None
[2024-10-20T16:11:22.963+0000] {processor.py:179} INFO - Processing /home/airflow/.local/lib/python3.8/site-packages/airflow/example_dags/example_sensors.py took 0.142 seconds
[2024-10-20T16:25:10.829+0000] {processor.py:157} INFO - Started process (PID=89) to work on /home/airflow/.local/lib/python3.8/site-packages/airflow/example_dags/example_sensors.py
[2024-10-20T16:25:10.831+0000] {processor.py:829} INFO - Processing file /home/airflow/.local/lib/python3.8/site-packages/airflow/example_dags/example_sensors.py for tasks to queue
[2024-10-20T16:25:10.837+0000] {logging_mixin.py:154} INFO - [2024-10-20T16:25:10.837+0000] {dagbag.py:536} INFO - Filling up the DagBag from /home/airflow/.local/lib/python3.8/site-packages/airflow/example_dags/example_sensors.py
[2024-10-20T16:25:10.861+0000] {processor.py:839} INFO - DAG(s) dict_keys(['example_sensors']) retrieved from /home/airflow/.local/lib/python3.8/site-packages/airflow/example_dags/example_sensors.py
[2024-10-20T16:25:10.909+0000] {logging_mixin.py:154} INFO - [2024-10-20T16:25:10.908+0000] {dag.py:2941} INFO - Sync 1 DAGs
[2024-10-20T16:25:10.932+0000] {logging_mixin.py:154} INFO - [2024-10-20T16:25:10.932+0000] {dag.py:3722} INFO - Setting next_dagrun for example_sensors to None, run_after=None
[2024-10-20T16:25:10.970+0000] {processor.py:179} INFO - Processing /home/airflow/.local/lib/python3.8/site-packages/airflow/example_dags/example_sensors.py took 0.146 seconds
[2024-10-20T16:25:42.648+0000] {processor.py:157} INFO - Started process (PID=145) to work on /home/airflow/.local/lib/python3.8/site-packages/airflow/example_dags/example_sensors.py
[2024-10-20T16:25:42.650+0000] {processor.py:829} INFO - Processing file /home/airflow/.local/lib/python3.8/site-packages/airflow/example_dags/example_sensors.py for tasks to queue
[2024-10-20T16:25:42.653+0000] {logging_mixin.py:154} INFO - [2024-10-20T16:25:42.653+0000] {dagbag.py:536} INFO - Filling up the DagBag from /home/airflow/.local/lib/python3.8/site-packages/airflow/example_dags/example_sensors.py
[2024-10-20T16:25:42.671+0000] {processor.py:839} INFO - DAG(s) dict_keys(['example_sensors']) retrieved from /home/airflow/.local/lib/python3.8/site-packages/airflow/example_dags/example_sensors.py
[2024-10-20T16:25:42.721+0000] {logging_mixin.py:154} INFO - [2024-10-20T16:25:42.721+0000] {dag.py:2941} INFO - Sync 1 DAGs
[2024-10-20T16:25:42.743+0000] {logging_mixin.py:154} INFO - [2024-10-20T16:25:42.743+0000] {dag.py:3722} INFO - Setting next_dagrun for example_sensors to None, run_after=None
[2024-10-20T16:25:42.779+0000] {processor.py:179} INFO - Processing /home/airflow/.local/lib/python3.8/site-packages/airflow/example_dags/example_sensors.py took 0.137 seconds
[2024-10-20T16:26:13.167+0000] {processor.py:157} INFO - Started process (PID=201) to work on /home/airflow/.local/lib/python3.8/site-packages/airflow/example_dags/example_sensors.py
[2024-10-20T16:26:13.169+0000] {processor.py:829} INFO - Processing file /home/airflow/.local/lib/python3.8/site-packages/airflow/example_dags/example_sensors.py for tasks to queue
[2024-10-20T16:26:13.171+0000] {logging_mixin.py:154} INFO - [2024-10-20T16:26:13.171+0000] {dagbag.py:536} INFO - Filling up the DagBag from /home/airflow/.local/lib/python3.8/site-packages/airflow/example_dags/example_sensors.py
[2024-10-20T16:26:13.187+0000] {processor.py:839} INFO - DAG(s) dict_keys(['example_sensors']) retrieved from /home/airflow/.local/lib/python3.8/site-packages/airflow/example_dags/example_sensors.py
[2024-10-20T16:26:13.232+0000] {logging_mixin.py:154} INFO - [2024-10-20T16:26:13.231+0000] {dag.py:2941} INFO - Sync 1 DAGs
[2024-10-20T16:26:13.251+0000] {logging_mixin.py:154} INFO - [2024-10-20T16:26:13.251+0000] {dag.py:3722} INFO - Setting next_dagrun for example_sensors to None, run_after=None
[2024-10-20T16:26:13.304+0000] {processor.py:179} INFO - Processing /home/airflow/.local/lib/python3.8/site-packages/airflow/example_dags/example_sensors.py took 0.142 seconds
[2024-10-20T16:27:57.826+0000] {processor.py:157} INFO - Started process (PID=89) to work on /home/airflow/.local/lib/python3.8/site-packages/airflow/example_dags/example_sensors.py
[2024-10-20T16:27:57.830+0000] {processor.py:829} INFO - Processing file /home/airflow/.local/lib/python3.8/site-packages/airflow/example_dags/example_sensors.py for tasks to queue
[2024-10-20T16:27:57.838+0000] {logging_mixin.py:154} INFO - [2024-10-20T16:27:57.837+0000] {dagbag.py:536} INFO - Filling up the DagBag from /home/airflow/.local/lib/python3.8/site-packages/airflow/example_dags/example_sensors.py
[2024-10-20T16:27:57.874+0000] {processor.py:839} INFO - DAG(s) dict_keys(['example_sensors']) retrieved from /home/airflow/.local/lib/python3.8/site-packages/airflow/example_dags/example_sensors.py
[2024-10-20T16:27:57.907+0000] {logging_mixin.py:154} INFO - [2024-10-20T16:27:57.907+0000] {dag.py:2941} INFO - Sync 1 DAGs
[2024-10-20T16:27:57.931+0000] {logging_mixin.py:154} INFO - [2024-10-20T16:27:57.930+0000] {dag.py:3722} INFO - Setting next_dagrun for example_sensors to None, run_after=None
[2024-10-20T16:27:57.972+0000] {processor.py:179} INFO - Processing /home/airflow/.local/lib/python3.8/site-packages/airflow/example_dags/example_sensors.py took 0.171 seconds
[2024-10-20T16:28:28.671+0000] {processor.py:157} INFO - Started process (PID=145) to work on /home/airflow/.local/lib/python3.8/site-packages/airflow/example_dags/example_sensors.py
[2024-10-20T16:28:28.673+0000] {processor.py:829} INFO - Processing file /home/airflow/.local/lib/python3.8/site-packages/airflow/example_dags/example_sensors.py for tasks to queue
[2024-10-20T16:28:28.677+0000] {logging_mixin.py:154} INFO - [2024-10-20T16:28:28.676+0000] {dagbag.py:536} INFO - Filling up the DagBag from /home/airflow/.local/lib/python3.8/site-packages/airflow/example_dags/example_sensors.py
[2024-10-20T16:28:28.689+0000] {processor.py:839} INFO - DAG(s) dict_keys(['example_sensors']) retrieved from /home/airflow/.local/lib/python3.8/site-packages/airflow/example_dags/example_sensors.py
[2024-10-20T16:28:28.732+0000] {logging_mixin.py:154} INFO - [2024-10-20T16:28:28.732+0000] {dag.py:2941} INFO - Sync 1 DAGs
[2024-10-20T16:28:28.753+0000] {logging_mixin.py:154} INFO - [2024-10-20T16:28:28.753+0000] {dag.py:3722} INFO - Setting next_dagrun for example_sensors to None, run_after=None
[2024-10-20T16:28:28.799+0000] {processor.py:179} INFO - Processing /home/airflow/.local/lib/python3.8/site-packages/airflow/example_dags/example_sensors.py took 0.133 seconds
[2024-10-20T16:28:59.456+0000] {processor.py:157} INFO - Started process (PID=201) to work on /home/airflow/.local/lib/python3.8/site-packages/airflow/example_dags/example_sensors.py
[2024-10-20T16:28:59.457+0000] {processor.py:829} INFO - Processing file /home/airflow/.local/lib/python3.8/site-packages/airflow/example_dags/example_sensors.py for tasks to queue
[2024-10-20T16:28:59.461+0000] {logging_mixin.py:154} INFO - [2024-10-20T16:28:59.460+0000] {dagbag.py:536} INFO - Filling up the DagBag from /home/airflow/.local/lib/python3.8/site-packages/airflow/example_dags/example_sensors.py
[2024-10-20T16:28:59.471+0000] {processor.py:839} INFO - DAG(s) dict_keys(['example_sensors']) retrieved from /home/airflow/.local/lib/python3.8/site-packages/airflow/example_dags/example_sensors.py
[2024-10-20T16:28:59.509+0000] {logging_mixin.py:154} INFO - [2024-10-20T16:28:59.509+0000] {dag.py:2941} INFO - Sync 1 DAGs
[2024-10-20T16:28:59.527+0000] {logging_mixin.py:154} INFO - [2024-10-20T16:28:59.527+0000] {dag.py:3722} INFO - Setting next_dagrun for example_sensors to None, run_after=None
[2024-10-20T16:28:59.558+0000] {processor.py:179} INFO - Processing /home/airflow/.local/lib/python3.8/site-packages/airflow/example_dags/example_sensors.py took 0.108 seconds
[2024-10-20T16:29:30.315+0000] {processor.py:157} INFO - Started process (PID=257) to work on /home/airflow/.local/lib/python3.8/site-packages/airflow/example_dags/example_sensors.py
[2024-10-20T16:29:30.316+0000] {processor.py:829} INFO - Processing file /home/airflow/.local/lib/python3.8/site-packages/airflow/example_dags/example_sensors.py for tasks to queue
[2024-10-20T16:29:30.318+0000] {logging_mixin.py:154} INFO - [2024-10-20T16:29:30.318+0000] {dagbag.py:536} INFO - Filling up the DagBag from /home/airflow/.local/lib/python3.8/site-packages/airflow/example_dags/example_sensors.py
[2024-10-20T16:29:30.328+0000] {processor.py:839} INFO - DAG(s) dict_keys(['example_sensors']) retrieved from /home/airflow/.local/lib/python3.8/site-packages/airflow/example_dags/example_sensors.py
[2024-10-20T16:29:30.356+0000] {logging_mixin.py:154} INFO - [2024-10-20T16:29:30.355+0000] {dag.py:2941} INFO - Sync 1 DAGs
[2024-10-20T16:29:30.367+0000] {logging_mixin.py:154} INFO - [2024-10-20T16:29:30.366+0000] {dag.py:3722} INFO - Setting next_dagrun for example_sensors to None, run_after=None
[2024-10-20T16:29:30.390+0000] {processor.py:179} INFO - Processing /home/airflow/.local/lib/python3.8/site-packages/airflow/example_dags/example_sensors.py took 0.078 seconds
[2024-10-20T16:31:02.120+0000] {processor.py:157} INFO - Started process (PID=107) to work on /home/airflow/.local/lib/python3.8/site-packages/airflow/example_dags/example_sensors.py
[2024-10-20T16:31:02.121+0000] {processor.py:829} INFO - Processing file /home/airflow/.local/lib/python3.8/site-packages/airflow/example_dags/example_sensors.py for tasks to queue
[2024-10-20T16:31:02.124+0000] {logging_mixin.py:154} INFO - [2024-10-20T16:31:02.124+0000] {dagbag.py:536} INFO - Filling up the DagBag from /home/airflow/.local/lib/python3.8/site-packages/airflow/example_dags/example_sensors.py
[2024-10-20T16:31:02.146+0000] {processor.py:839} INFO - DAG(s) dict_keys(['example_sensors']) retrieved from /home/airflow/.local/lib/python3.8/site-packages/airflow/example_dags/example_sensors.py
[2024-10-20T16:31:02.193+0000] {logging_mixin.py:154} INFO - [2024-10-20T16:31:02.193+0000] {dag.py:2941} INFO - Sync 1 DAGs
[2024-10-20T16:31:02.222+0000] {logging_mixin.py:154} INFO - [2024-10-20T16:31:02.222+0000] {dag.py:3722} INFO - Setting next_dagrun for example_sensors to None, run_after=None
[2024-10-20T16:31:02.254+0000] {processor.py:179} INFO - Processing /home/airflow/.local/lib/python3.8/site-packages/airflow/example_dags/example_sensors.py took 0.139 seconds
[2024-10-20T16:31:33.091+0000] {processor.py:157} INFO - Started process (PID=163) to work on /home/airflow/.local/lib/python3.8/site-packages/airflow/example_dags/example_sensors.py
[2024-10-20T16:31:33.092+0000] {processor.py:829} INFO - Processing file /home/airflow/.local/lib/python3.8/site-packages/airflow/example_dags/example_sensors.py for tasks to queue
[2024-10-20T16:31:33.095+0000] {logging_mixin.py:154} INFO - [2024-10-20T16:31:33.095+0000] {dagbag.py:536} INFO - Filling up the DagBag from /home/airflow/.local/lib/python3.8/site-packages/airflow/example_dags/example_sensors.py
[2024-10-20T16:31:33.105+0000] {processor.py:839} INFO - DAG(s) dict_keys(['example_sensors']) retrieved from /home/airflow/.local/lib/python3.8/site-packages/airflow/example_dags/example_sensors.py
[2024-10-20T16:31:33.135+0000] {logging_mixin.py:154} INFO - [2024-10-20T16:31:33.135+0000] {dag.py:2941} INFO - Sync 1 DAGs
[2024-10-20T16:31:33.148+0000] {logging_mixin.py:154} INFO - [2024-10-20T16:31:33.148+0000] {dag.py:3722} INFO - Setting next_dagrun for example_sensors to None, run_after=None
[2024-10-20T16:31:33.213+0000] {processor.py:179} INFO - Processing /home/airflow/.local/lib/python3.8/site-packages/airflow/example_dags/example_sensors.py took 0.126 seconds
[2024-10-20T16:32:03.782+0000] {processor.py:157} INFO - Started process (PID=219) to work on /home/airflow/.local/lib/python3.8/site-packages/airflow/example_dags/example_sensors.py
[2024-10-20T16:32:03.784+0000] {processor.py:829} INFO - Processing file /home/airflow/.local/lib/python3.8/site-packages/airflow/example_dags/example_sensors.py for tasks to queue
[2024-10-20T16:32:03.786+0000] {logging_mixin.py:154} INFO - [2024-10-20T16:32:03.786+0000] {dagbag.py:536} INFO - Filling up the DagBag from /home/airflow/.local/lib/python3.8/site-packages/airflow/example_dags/example_sensors.py
[2024-10-20T16:32:03.795+0000] {processor.py:839} INFO - DAG(s) dict_keys(['example_sensors']) retrieved from /home/airflow/.local/lib/python3.8/site-packages/airflow/example_dags/example_sensors.py
[2024-10-20T16:32:03.825+0000] {logging_mixin.py:154} INFO - [2024-10-20T16:32:03.824+0000] {dag.py:2941} INFO - Sync 1 DAGs
[2024-10-20T16:32:03.840+0000] {logging_mixin.py:154} INFO - [2024-10-20T16:32:03.840+0000] {dag.py:3722} INFO - Setting next_dagrun for example_sensors to None, run_after=None
[2024-10-20T16:32:03.865+0000] {processor.py:179} INFO - Processing /home/airflow/.local/lib/python3.8/site-packages/airflow/example_dags/example_sensors.py took 0.086 seconds
[2024-10-20T16:32:34.450+0000] {processor.py:157} INFO - Started process (PID=275) to work on /home/airflow/.local/lib/python3.8/site-packages/airflow/example_dags/example_sensors.py
[2024-10-20T16:32:34.451+0000] {processor.py:829} INFO - Processing file /home/airflow/.local/lib/python3.8/site-packages/airflow/example_dags/example_sensors.py for tasks to queue
[2024-10-20T16:32:34.453+0000] {logging_mixin.py:154} INFO - [2024-10-20T16:32:34.453+0000] {dagbag.py:536} INFO - Filling up the DagBag from /home/airflow/.local/lib/python3.8/site-packages/airflow/example_dags/example_sensors.py
[2024-10-20T16:32:34.462+0000] {processor.py:839} INFO - DAG(s) dict_keys(['example_sensors']) retrieved from /home/airflow/.local/lib/python3.8/site-packages/airflow/example_dags/example_sensors.py
[2024-10-20T16:32:34.488+0000] {logging_mixin.py:154} INFO - [2024-10-20T16:32:34.488+0000] {dag.py:2941} INFO - Sync 1 DAGs
[2024-10-20T16:32:34.500+0000] {logging_mixin.py:154} INFO - [2024-10-20T16:32:34.500+0000] {dag.py:3722} INFO - Setting next_dagrun for example_sensors to None, run_after=None
[2024-10-20T16:32:34.523+0000] {processor.py:179} INFO - Processing /home/airflow/.local/lib/python3.8/site-packages/airflow/example_dags/example_sensors.py took 0.076 seconds
[2024-10-20T16:33:05.483+0000] {processor.py:157} INFO - Started process (PID=331) to work on /home/airflow/.local/lib/python3.8/site-packages/airflow/example_dags/example_sensors.py
[2024-10-20T16:33:05.484+0000] {processor.py:829} INFO - Processing file /home/airflow/.local/lib/python3.8/site-packages/airflow/example_dags/example_sensors.py for tasks to queue
[2024-10-20T16:33:05.487+0000] {logging_mixin.py:154} INFO - [2024-10-20T16:33:05.486+0000] {dagbag.py:536} INFO - Filling up the DagBag from /home/airflow/.local/lib/python3.8/site-packages/airflow/example_dags/example_sensors.py
[2024-10-20T16:33:05.497+0000] {processor.py:839} INFO - DAG(s) dict_keys(['example_sensors']) retrieved from /home/airflow/.local/lib/python3.8/site-packages/airflow/example_dags/example_sensors.py
[2024-10-20T16:33:05.528+0000] {logging_mixin.py:154} INFO - [2024-10-20T16:33:05.527+0000] {dag.py:2941} INFO - Sync 1 DAGs
[2024-10-20T16:33:05.542+0000] {logging_mixin.py:154} INFO - [2024-10-20T16:33:05.542+0000] {dag.py:3722} INFO - Setting next_dagrun for example_sensors to None, run_after=None
[2024-10-20T16:33:05.569+0000] {processor.py:179} INFO - Processing /home/airflow/.local/lib/python3.8/site-packages/airflow/example_dags/example_sensors.py took 0.088 seconds
[2024-10-20T16:34:26.005+0000] {processor.py:157} INFO - Started process (PID=101) to work on /home/airflow/.local/lib/python3.8/site-packages/airflow/example_dags/example_sensors.py
[2024-10-20T16:34:26.006+0000] {processor.py:829} INFO - Processing file /home/airflow/.local/lib/python3.8/site-packages/airflow/example_dags/example_sensors.py for tasks to queue
[2024-10-20T16:34:26.009+0000] {logging_mixin.py:154} INFO - [2024-10-20T16:34:26.009+0000] {dagbag.py:536} INFO - Filling up the DagBag from /home/airflow/.local/lib/python3.8/site-packages/airflow/example_dags/example_sensors.py
[2024-10-20T16:34:26.021+0000] {processor.py:839} INFO - DAG(s) dict_keys(['example_sensors']) retrieved from /home/airflow/.local/lib/python3.8/site-packages/airflow/example_dags/example_sensors.py
[2024-10-20T16:34:26.052+0000] {logging_mixin.py:154} INFO - [2024-10-20T16:34:26.052+0000] {dag.py:2941} INFO - Sync 1 DAGs
[2024-10-20T16:34:26.069+0000] {logging_mixin.py:154} INFO - [2024-10-20T16:34:26.069+0000] {dag.py:3722} INFO - Setting next_dagrun for example_sensors to None, run_after=None
[2024-10-20T16:34:26.095+0000] {processor.py:179} INFO - Processing /home/airflow/.local/lib/python3.8/site-packages/airflow/example_dags/example_sensors.py took 0.093 seconds
[2024-10-20T16:34:57.716+0000] {processor.py:157} INFO - Started process (PID=164) to work on /home/airflow/.local/lib/python3.8/site-packages/airflow/example_dags/example_sensors.py
[2024-10-20T16:34:57.719+0000] {processor.py:829} INFO - Processing file /home/airflow/.local/lib/python3.8/site-packages/airflow/example_dags/example_sensors.py for tasks to queue
[2024-10-20T16:34:57.723+0000] {logging_mixin.py:154} INFO - [2024-10-20T16:34:57.722+0000] {dagbag.py:536} INFO - Filling up the DagBag from /home/airflow/.local/lib/python3.8/site-packages/airflow/example_dags/example_sensors.py
[2024-10-20T16:34:57.742+0000] {processor.py:839} INFO - DAG(s) dict_keys(['example_sensors']) retrieved from /home/airflow/.local/lib/python3.8/site-packages/airflow/example_dags/example_sensors.py
[2024-10-20T16:34:57.788+0000] {logging_mixin.py:154} INFO - [2024-10-20T16:34:57.788+0000] {dag.py:2941} INFO - Sync 1 DAGs
[2024-10-20T16:34:57.814+0000] {logging_mixin.py:154} INFO - [2024-10-20T16:34:57.813+0000] {dag.py:3722} INFO - Setting next_dagrun for example_sensors to None, run_after=None
[2024-10-20T16:34:57.861+0000] {processor.py:179} INFO - Processing /home/airflow/.local/lib/python3.8/site-packages/airflow/example_dags/example_sensors.py took 0.150 seconds
[2024-10-20T16:35:28.237+0000] {processor.py:157} INFO - Started process (PID=220) to work on /home/airflow/.local/lib/python3.8/site-packages/airflow/example_dags/example_sensors.py
[2024-10-20T16:35:28.238+0000] {processor.py:829} INFO - Processing file /home/airflow/.local/lib/python3.8/site-packages/airflow/example_dags/example_sensors.py for tasks to queue
[2024-10-20T16:35:28.241+0000] {logging_mixin.py:154} INFO - [2024-10-20T16:35:28.241+0000] {dagbag.py:536} INFO - Filling up the DagBag from /home/airflow/.local/lib/python3.8/site-packages/airflow/example_dags/example_sensors.py
[2024-10-20T16:35:28.252+0000] {processor.py:839} INFO - DAG(s) dict_keys(['example_sensors']) retrieved from /home/airflow/.local/lib/python3.8/site-packages/airflow/example_dags/example_sensors.py
[2024-10-20T16:35:28.280+0000] {logging_mixin.py:154} INFO - [2024-10-20T16:35:28.279+0000] {dag.py:2941} INFO - Sync 1 DAGs
[2024-10-20T16:35:28.293+0000] {logging_mixin.py:154} INFO - [2024-10-20T16:35:28.292+0000] {dag.py:3722} INFO - Setting next_dagrun for example_sensors to None, run_after=None
[2024-10-20T16:35:28.317+0000] {processor.py:179} INFO - Processing /home/airflow/.local/lib/python3.8/site-packages/airflow/example_dags/example_sensors.py took 0.084 seconds
[2024-10-20T16:35:58.645+0000] {processor.py:157} INFO - Started process (PID=276) to work on /home/airflow/.local/lib/python3.8/site-packages/airflow/example_dags/example_sensors.py
[2024-10-20T16:35:58.646+0000] {processor.py:829} INFO - Processing file /home/airflow/.local/lib/python3.8/site-packages/airflow/example_dags/example_sensors.py for tasks to queue
[2024-10-20T16:35:58.649+0000] {logging_mixin.py:154} INFO - [2024-10-20T16:35:58.649+0000] {dagbag.py:536} INFO - Filling up the DagBag from /home/airflow/.local/lib/python3.8/site-packages/airflow/example_dags/example_sensors.py
[2024-10-20T16:35:58.658+0000] {processor.py:839} INFO - DAG(s) dict_keys(['example_sensors']) retrieved from /home/airflow/.local/lib/python3.8/site-packages/airflow/example_dags/example_sensors.py
[2024-10-20T16:35:58.684+0000] {logging_mixin.py:154} INFO - [2024-10-20T16:35:58.684+0000] {dag.py:2941} INFO - Sync 1 DAGs
[2024-10-20T16:35:58.699+0000] {logging_mixin.py:154} INFO - [2024-10-20T16:35:58.699+0000] {dag.py:3722} INFO - Setting next_dagrun for example_sensors to None, run_after=None
[2024-10-20T16:35:58.727+0000] {processor.py:179} INFO - Processing /home/airflow/.local/lib/python3.8/site-packages/airflow/example_dags/example_sensors.py took 0.085 seconds
[2024-10-20T16:36:28.760+0000] {processor.py:157} INFO - Started process (PID=330) to work on /home/airflow/.local/lib/python3.8/site-packages/airflow/example_dags/example_sensors.py
[2024-10-20T16:36:28.761+0000] {processor.py:829} INFO - Processing file /home/airflow/.local/lib/python3.8/site-packages/airflow/example_dags/example_sensors.py for tasks to queue
[2024-10-20T16:36:28.763+0000] {logging_mixin.py:154} INFO - [2024-10-20T16:36:28.763+0000] {dagbag.py:536} INFO - Filling up the DagBag from /home/airflow/.local/lib/python3.8/site-packages/airflow/example_dags/example_sensors.py
[2024-10-20T16:36:28.771+0000] {processor.py:839} INFO - DAG(s) dict_keys(['example_sensors']) retrieved from /home/airflow/.local/lib/python3.8/site-packages/airflow/example_dags/example_sensors.py
[2024-10-20T16:36:28.798+0000] {logging_mixin.py:154} INFO - [2024-10-20T16:36:28.797+0000] {dag.py:2941} INFO - Sync 1 DAGs
[2024-10-20T16:36:28.811+0000] {logging_mixin.py:154} INFO - [2024-10-20T16:36:28.810+0000] {dag.py:3722} INFO - Setting next_dagrun for example_sensors to None, run_after=None
[2024-10-20T16:36:28.834+0000] {processor.py:179} INFO - Processing /home/airflow/.local/lib/python3.8/site-packages/airflow/example_dags/example_sensors.py took 0.077 seconds
[2024-10-20T16:36:59.170+0000] {processor.py:157} INFO - Started process (PID=388) to work on /home/airflow/.local/lib/python3.8/site-packages/airflow/example_dags/example_sensors.py
[2024-10-20T16:36:59.171+0000] {processor.py:829} INFO - Processing file /home/airflow/.local/lib/python3.8/site-packages/airflow/example_dags/example_sensors.py for tasks to queue
[2024-10-20T16:36:59.174+0000] {logging_mixin.py:154} INFO - [2024-10-20T16:36:59.174+0000] {dagbag.py:536} INFO - Filling up the DagBag from /home/airflow/.local/lib/python3.8/site-packages/airflow/example_dags/example_sensors.py
[2024-10-20T16:36:59.184+0000] {processor.py:839} INFO - DAG(s) dict_keys(['example_sensors']) retrieved from /home/airflow/.local/lib/python3.8/site-packages/airflow/example_dags/example_sensors.py
[2024-10-20T16:36:59.221+0000] {logging_mixin.py:154} INFO - [2024-10-20T16:36:59.220+0000] {dag.py:2941} INFO - Sync 1 DAGs
[2024-10-20T16:36:59.237+0000] {logging_mixin.py:154} INFO - [2024-10-20T16:36:59.237+0000] {dag.py:3722} INFO - Setting next_dagrun for example_sensors to None, run_after=None
[2024-10-20T16:36:59.264+0000] {processor.py:179} INFO - Processing /home/airflow/.local/lib/python3.8/site-packages/airflow/example_dags/example_sensors.py took 0.097 seconds
[2024-10-20T16:37:30.048+0000] {processor.py:157} INFO - Started process (PID=454) to work on /home/airflow/.local/lib/python3.8/site-packages/airflow/example_dags/example_sensors.py
[2024-10-20T16:37:30.049+0000] {processor.py:829} INFO - Processing file /home/airflow/.local/lib/python3.8/site-packages/airflow/example_dags/example_sensors.py for tasks to queue
[2024-10-20T16:37:30.052+0000] {logging_mixin.py:154} INFO - [2024-10-20T16:37:30.052+0000] {dagbag.py:536} INFO - Filling up the DagBag from /home/airflow/.local/lib/python3.8/site-packages/airflow/example_dags/example_sensors.py
[2024-10-20T16:37:30.062+0000] {processor.py:839} INFO - DAG(s) dict_keys(['example_sensors']) retrieved from /home/airflow/.local/lib/python3.8/site-packages/airflow/example_dags/example_sensors.py
[2024-10-20T16:37:30.095+0000] {logging_mixin.py:154} INFO - [2024-10-20T16:37:30.095+0000] {dag.py:2941} INFO - Sync 1 DAGs
[2024-10-20T16:37:30.111+0000] {logging_mixin.py:154} INFO - [2024-10-20T16:37:30.111+0000] {dag.py:3722} INFO - Setting next_dagrun for example_sensors to None, run_after=None
[2024-10-20T16:37:30.140+0000] {processor.py:179} INFO - Processing /home/airflow/.local/lib/python3.8/site-packages/airflow/example_dags/example_sensors.py took 0.096 seconds
[2024-10-20T16:38:00.251+0000] {processor.py:157} INFO - Started process (PID=514) to work on /home/airflow/.local/lib/python3.8/site-packages/airflow/example_dags/example_sensors.py
[2024-10-20T16:38:00.252+0000] {processor.py:829} INFO - Processing file /home/airflow/.local/lib/python3.8/site-packages/airflow/example_dags/example_sensors.py for tasks to queue
[2024-10-20T16:38:00.255+0000] {logging_mixin.py:154} INFO - [2024-10-20T16:38:00.254+0000] {dagbag.py:536} INFO - Filling up the DagBag from /home/airflow/.local/lib/python3.8/site-packages/airflow/example_dags/example_sensors.py
[2024-10-20T16:38:00.264+0000] {processor.py:839} INFO - DAG(s) dict_keys(['example_sensors']) retrieved from /home/airflow/.local/lib/python3.8/site-packages/airflow/example_dags/example_sensors.py
[2024-10-20T16:38:00.292+0000] {logging_mixin.py:154} INFO - [2024-10-20T16:38:00.292+0000] {dag.py:2941} INFO - Sync 1 DAGs
[2024-10-20T16:38:00.306+0000] {logging_mixin.py:154} INFO - [2024-10-20T16:38:00.306+0000] {dag.py:3722} INFO - Setting next_dagrun for example_sensors to None, run_after=None
[2024-10-20T16:38:00.333+0000] {processor.py:179} INFO - Processing /home/airflow/.local/lib/python3.8/site-packages/airflow/example_dags/example_sensors.py took 0.084 seconds
[2024-10-20T16:39:45.478+0000] {processor.py:157} INFO - Started process (PID=108) to work on /home/airflow/.local/lib/python3.8/site-packages/airflow/example_dags/example_sensors.py
[2024-10-20T16:39:45.480+0000] {processor.py:829} INFO - Processing file /home/airflow/.local/lib/python3.8/site-packages/airflow/example_dags/example_sensors.py for tasks to queue
[2024-10-20T16:39:45.483+0000] {logging_mixin.py:154} INFO - [2024-10-20T16:39:45.483+0000] {dagbag.py:536} INFO - Filling up the DagBag from /home/airflow/.local/lib/python3.8/site-packages/airflow/example_dags/example_sensors.py
[2024-10-20T16:39:45.499+0000] {processor.py:839} INFO - DAG(s) dict_keys(['example_sensors']) retrieved from /home/airflow/.local/lib/python3.8/site-packages/airflow/example_dags/example_sensors.py
[2024-10-20T16:39:45.536+0000] {logging_mixin.py:154} INFO - [2024-10-20T16:39:45.536+0000] {dag.py:2941} INFO - Sync 1 DAGs
[2024-10-20T16:39:45.554+0000] {logging_mixin.py:154} INFO - [2024-10-20T16:39:45.554+0000] {dag.py:3722} INFO - Setting next_dagrun for example_sensors to None, run_after=None
[2024-10-20T16:39:45.587+0000] {processor.py:179} INFO - Processing /home/airflow/.local/lib/python3.8/site-packages/airflow/example_dags/example_sensors.py took 0.114 seconds
[2024-10-20T16:40:16.212+0000] {processor.py:157} INFO - Started process (PID=164) to work on /home/airflow/.local/lib/python3.8/site-packages/airflow/example_dags/example_sensors.py
[2024-10-20T16:40:16.213+0000] {processor.py:829} INFO - Processing file /home/airflow/.local/lib/python3.8/site-packages/airflow/example_dags/example_sensors.py for tasks to queue
[2024-10-20T16:40:16.216+0000] {logging_mixin.py:154} INFO - [2024-10-20T16:40:16.215+0000] {dagbag.py:536} INFO - Filling up the DagBag from /home/airflow/.local/lib/python3.8/site-packages/airflow/example_dags/example_sensors.py
[2024-10-20T16:40:16.227+0000] {processor.py:839} INFO - DAG(s) dict_keys(['example_sensors']) retrieved from /home/airflow/.local/lib/python3.8/site-packages/airflow/example_dags/example_sensors.py
[2024-10-20T16:40:16.253+0000] {logging_mixin.py:154} INFO - [2024-10-20T16:40:16.253+0000] {dag.py:2941} INFO - Sync 1 DAGs
[2024-10-20T16:40:16.267+0000] {logging_mixin.py:154} INFO - [2024-10-20T16:40:16.267+0000] {dag.py:3722} INFO - Setting next_dagrun for example_sensors to None, run_after=None
[2024-10-20T16:40:16.292+0000] {processor.py:179} INFO - Processing /home/airflow/.local/lib/python3.8/site-packages/airflow/example_dags/example_sensors.py took 0.082 seconds
[2024-10-20T16:40:47.115+0000] {processor.py:157} INFO - Started process (PID=220) to work on /home/airflow/.local/lib/python3.8/site-packages/airflow/example_dags/example_sensors.py
[2024-10-20T16:40:47.116+0000] {processor.py:829} INFO - Processing file /home/airflow/.local/lib/python3.8/site-packages/airflow/example_dags/example_sensors.py for tasks to queue
[2024-10-20T16:40:47.118+0000] {logging_mixin.py:154} INFO - [2024-10-20T16:40:47.117+0000] {dagbag.py:536} INFO - Filling up the DagBag from /home/airflow/.local/lib/python3.8/site-packages/airflow/example_dags/example_sensors.py
[2024-10-20T16:40:47.127+0000] {processor.py:839} INFO - DAG(s) dict_keys(['example_sensors']) retrieved from /home/airflow/.local/lib/python3.8/site-packages/airflow/example_dags/example_sensors.py
[2024-10-20T16:40:47.159+0000] {logging_mixin.py:154} INFO - [2024-10-20T16:40:47.158+0000] {dag.py:2941} INFO - Sync 1 DAGs
[2024-10-20T16:40:47.175+0000] {logging_mixin.py:154} INFO - [2024-10-20T16:40:47.174+0000] {dag.py:3722} INFO - Setting next_dagrun for example_sensors to None, run_after=None
[2024-10-20T16:40:47.202+0000] {processor.py:179} INFO - Processing /home/airflow/.local/lib/python3.8/site-packages/airflow/example_dags/example_sensors.py took 0.090 seconds
[2024-10-20T16:41:17.649+0000] {processor.py:157} INFO - Started process (PID=276) to work on /home/airflow/.local/lib/python3.8/site-packages/airflow/example_dags/example_sensors.py
[2024-10-20T16:41:17.650+0000] {processor.py:829} INFO - Processing file /home/airflow/.local/lib/python3.8/site-packages/airflow/example_dags/example_sensors.py for tasks to queue
[2024-10-20T16:41:17.653+0000] {logging_mixin.py:154} INFO - [2024-10-20T16:41:17.653+0000] {dagbag.py:536} INFO - Filling up the DagBag from /home/airflow/.local/lib/python3.8/site-packages/airflow/example_dags/example_sensors.py
[2024-10-20T16:41:17.664+0000] {processor.py:839} INFO - DAG(s) dict_keys(['example_sensors']) retrieved from /home/airflow/.local/lib/python3.8/site-packages/airflow/example_dags/example_sensors.py
[2024-10-20T16:41:17.691+0000] {logging_mixin.py:154} INFO - [2024-10-20T16:41:17.691+0000] {dag.py:2941} INFO - Sync 1 DAGs
[2024-10-20T16:41:17.705+0000] {logging_mixin.py:154} INFO - [2024-10-20T16:41:17.705+0000] {dag.py:3722} INFO - Setting next_dagrun for example_sensors to None, run_after=None
[2024-10-20T16:41:17.730+0000] {processor.py:179} INFO - Processing /home/airflow/.local/lib/python3.8/site-packages/airflow/example_dags/example_sensors.py took 0.085 seconds
[2024-10-20T16:42:44.207+0000] {processor.py:157} INFO - Started process (PID=101) to work on /home/airflow/.local/lib/python3.8/site-packages/airflow/example_dags/example_sensors.py
[2024-10-20T16:42:44.208+0000] {processor.py:829} INFO - Processing file /home/airflow/.local/lib/python3.8/site-packages/airflow/example_dags/example_sensors.py for tasks to queue
[2024-10-20T16:42:44.211+0000] {logging_mixin.py:154} INFO - [2024-10-20T16:42:44.210+0000] {dagbag.py:536} INFO - Filling up the DagBag from /home/airflow/.local/lib/python3.8/site-packages/airflow/example_dags/example_sensors.py
[2024-10-20T16:42:44.222+0000] {processor.py:839} INFO - DAG(s) dict_keys(['example_sensors']) retrieved from /home/airflow/.local/lib/python3.8/site-packages/airflow/example_dags/example_sensors.py
[2024-10-20T16:42:44.249+0000] {logging_mixin.py:154} INFO - [2024-10-20T16:42:44.249+0000] {dag.py:2941} INFO - Sync 1 DAGs
[2024-10-20T16:42:44.262+0000] {logging_mixin.py:154} INFO - [2024-10-20T16:42:44.262+0000] {dag.py:3722} INFO - Setting next_dagrun for example_sensors to None, run_after=None
[2024-10-20T16:42:44.286+0000] {processor.py:179} INFO - Processing /home/airflow/.local/lib/python3.8/site-packages/airflow/example_dags/example_sensors.py took 0.082 seconds
[2024-10-20T16:43:14.994+0000] {processor.py:157} INFO - Started process (PID=157) to work on /home/airflow/.local/lib/python3.8/site-packages/airflow/example_dags/example_sensors.py
[2024-10-20T16:43:14.995+0000] {processor.py:829} INFO - Processing file /home/airflow/.local/lib/python3.8/site-packages/airflow/example_dags/example_sensors.py for tasks to queue
[2024-10-20T16:43:14.998+0000] {logging_mixin.py:154} INFO - [2024-10-20T16:43:14.997+0000] {dagbag.py:536} INFO - Filling up the DagBag from /home/airflow/.local/lib/python3.8/site-packages/airflow/example_dags/example_sensors.py
[2024-10-20T16:43:15.008+0000] {processor.py:839} INFO - DAG(s) dict_keys(['example_sensors']) retrieved from /home/airflow/.local/lib/python3.8/site-packages/airflow/example_dags/example_sensors.py
[2024-10-20T16:43:15.037+0000] {logging_mixin.py:154} INFO - [2024-10-20T16:43:15.037+0000] {dag.py:2941} INFO - Sync 1 DAGs
[2024-10-20T16:43:15.051+0000] {logging_mixin.py:154} INFO - [2024-10-20T16:43:15.051+0000] {dag.py:3722} INFO - Setting next_dagrun for example_sensors to None, run_after=None
[2024-10-20T16:43:15.075+0000] {processor.py:179} INFO - Processing /home/airflow/.local/lib/python3.8/site-packages/airflow/example_dags/example_sensors.py took 0.085 seconds
[2024-10-20T16:43:45.627+0000] {processor.py:157} INFO - Started process (PID=213) to work on /home/airflow/.local/lib/python3.8/site-packages/airflow/example_dags/example_sensors.py
[2024-10-20T16:43:45.628+0000] {processor.py:829} INFO - Processing file /home/airflow/.local/lib/python3.8/site-packages/airflow/example_dags/example_sensors.py for tasks to queue
[2024-10-20T16:43:45.631+0000] {logging_mixin.py:154} INFO - [2024-10-20T16:43:45.631+0000] {dagbag.py:536} INFO - Filling up the DagBag from /home/airflow/.local/lib/python3.8/site-packages/airflow/example_dags/example_sensors.py
[2024-10-20T16:43:45.640+0000] {processor.py:839} INFO - DAG(s) dict_keys(['example_sensors']) retrieved from /home/airflow/.local/lib/python3.8/site-packages/airflow/example_dags/example_sensors.py
[2024-10-20T16:43:45.671+0000] {logging_mixin.py:154} INFO - [2024-10-20T16:43:45.671+0000] {dag.py:2941} INFO - Sync 1 DAGs
[2024-10-20T16:43:45.686+0000] {logging_mixin.py:154} INFO - [2024-10-20T16:43:45.686+0000] {dag.py:3722} INFO - Setting next_dagrun for example_sensors to None, run_after=None
[2024-10-20T16:43:45.711+0000] {processor.py:179} INFO - Processing /home/airflow/.local/lib/python3.8/site-packages/airflow/example_dags/example_sensors.py took 0.087 seconds
[2024-10-20T16:44:16.162+0000] {processor.py:157} INFO - Started process (PID=269) to work on /home/airflow/.local/lib/python3.8/site-packages/airflow/example_dags/example_sensors.py
[2024-10-20T16:44:16.163+0000] {processor.py:829} INFO - Processing file /home/airflow/.local/lib/python3.8/site-packages/airflow/example_dags/example_sensors.py for tasks to queue
[2024-10-20T16:44:16.166+0000] {logging_mixin.py:154} INFO - [2024-10-20T16:44:16.165+0000] {dagbag.py:536} INFO - Filling up the DagBag from /home/airflow/.local/lib/python3.8/site-packages/airflow/example_dags/example_sensors.py
[2024-10-20T16:44:16.175+0000] {processor.py:839} INFO - DAG(s) dict_keys(['example_sensors']) retrieved from /home/airflow/.local/lib/python3.8/site-packages/airflow/example_dags/example_sensors.py
[2024-10-20T16:44:16.202+0000] {logging_mixin.py:154} INFO - [2024-10-20T16:44:16.202+0000] {dag.py:2941} INFO - Sync 1 DAGs
[2024-10-20T16:44:16.217+0000] {logging_mixin.py:154} INFO - [2024-10-20T16:44:16.217+0000] {dag.py:3722} INFO - Setting next_dagrun for example_sensors to None, run_after=None
[2024-10-20T16:44:16.245+0000] {processor.py:179} INFO - Processing /home/airflow/.local/lib/python3.8/site-packages/airflow/example_dags/example_sensors.py took 0.086 seconds
[2024-10-20T16:44:46.854+0000] {processor.py:157} INFO - Started process (PID=325) to work on /home/airflow/.local/lib/python3.8/site-packages/airflow/example_dags/example_sensors.py
[2024-10-20T16:44:46.855+0000] {processor.py:829} INFO - Processing file /home/airflow/.local/lib/python3.8/site-packages/airflow/example_dags/example_sensors.py for tasks to queue
[2024-10-20T16:44:46.858+0000] {logging_mixin.py:154} INFO - [2024-10-20T16:44:46.858+0000] {dagbag.py:536} INFO - Filling up the DagBag from /home/airflow/.local/lib/python3.8/site-packages/airflow/example_dags/example_sensors.py
[2024-10-20T16:44:46.868+0000] {processor.py:839} INFO - DAG(s) dict_keys(['example_sensors']) retrieved from /home/airflow/.local/lib/python3.8/site-packages/airflow/example_dags/example_sensors.py
[2024-10-20T16:44:46.899+0000] {logging_mixin.py:154} INFO - [2024-10-20T16:44:46.899+0000] {dag.py:2941} INFO - Sync 1 DAGs
[2024-10-20T16:44:46.915+0000] {logging_mixin.py:154} INFO - [2024-10-20T16:44:46.915+0000] {dag.py:3722} INFO - Setting next_dagrun for example_sensors to None, run_after=None
[2024-10-20T16:44:46.938+0000] {processor.py:179} INFO - Processing /home/airflow/.local/lib/python3.8/site-packages/airflow/example_dags/example_sensors.py took 0.088 seconds
[2024-10-20T16:45:53.136+0000] {processor.py:157} INFO - Started process (PID=103) to work on /home/airflow/.local/lib/python3.8/site-packages/airflow/example_dags/example_sensors.py
[2024-10-20T16:45:53.137+0000] {processor.py:829} INFO - Processing file /home/airflow/.local/lib/python3.8/site-packages/airflow/example_dags/example_sensors.py for tasks to queue
[2024-10-20T16:45:53.139+0000] {logging_mixin.py:154} INFO - [2024-10-20T16:45:53.139+0000] {dagbag.py:536} INFO - Filling up the DagBag from /home/airflow/.local/lib/python3.8/site-packages/airflow/example_dags/example_sensors.py
[2024-10-20T16:45:53.150+0000] {processor.py:839} INFO - DAG(s) dict_keys(['example_sensors']) retrieved from /home/airflow/.local/lib/python3.8/site-packages/airflow/example_dags/example_sensors.py
[2024-10-20T16:45:53.182+0000] {logging_mixin.py:154} INFO - [2024-10-20T16:45:53.182+0000] {dag.py:2941} INFO - Sync 1 DAGs
[2024-10-20T16:45:53.207+0000] {logging_mixin.py:154} INFO - [2024-10-20T16:45:53.206+0000] {dag.py:3722} INFO - Setting next_dagrun for example_sensors to None, run_after=None
[2024-10-20T16:45:53.236+0000] {processor.py:179} INFO - Processing /home/airflow/.local/lib/python3.8/site-packages/airflow/example_dags/example_sensors.py took 0.102 seconds
[2024-10-20T16:46:23.875+0000] {processor.py:157} INFO - Started process (PID=161) to work on /home/airflow/.local/lib/python3.8/site-packages/airflow/example_dags/example_sensors.py
[2024-10-20T16:46:23.877+0000] {processor.py:829} INFO - Processing file /home/airflow/.local/lib/python3.8/site-packages/airflow/example_dags/example_sensors.py for tasks to queue
[2024-10-20T16:46:23.879+0000] {logging_mixin.py:154} INFO - [2024-10-20T16:46:23.879+0000] {dagbag.py:536} INFO - Filling up the DagBag from /home/airflow/.local/lib/python3.8/site-packages/airflow/example_dags/example_sensors.py
[2024-10-20T16:46:23.888+0000] {processor.py:839} INFO - DAG(s) dict_keys(['example_sensors']) retrieved from /home/airflow/.local/lib/python3.8/site-packages/airflow/example_dags/example_sensors.py
[2024-10-20T16:46:23.915+0000] {logging_mixin.py:154} INFO - [2024-10-20T16:46:23.915+0000] {dag.py:2941} INFO - Sync 1 DAGs
[2024-10-20T16:46:23.929+0000] {logging_mixin.py:154} INFO - [2024-10-20T16:46:23.928+0000] {dag.py:3722} INFO - Setting next_dagrun for example_sensors to None, run_after=None
[2024-10-20T16:46:23.952+0000] {processor.py:179} INFO - Processing /home/airflow/.local/lib/python3.8/site-packages/airflow/example_dags/example_sensors.py took 0.080 seconds
[2024-10-20T16:47:57.865+0000] {processor.py:157} INFO - Started process (PID=103) to work on /home/airflow/.local/lib/python3.8/site-packages/airflow/example_dags/example_sensors.py
[2024-10-20T16:47:57.866+0000] {processor.py:829} INFO - Processing file /home/airflow/.local/lib/python3.8/site-packages/airflow/example_dags/example_sensors.py for tasks to queue
[2024-10-20T16:47:57.869+0000] {logging_mixin.py:154} INFO - [2024-10-20T16:47:57.869+0000] {dagbag.py:536} INFO - Filling up the DagBag from /home/airflow/.local/lib/python3.8/site-packages/airflow/example_dags/example_sensors.py
[2024-10-20T16:47:57.886+0000] {processor.py:839} INFO - DAG(s) dict_keys(['example_sensors']) retrieved from /home/airflow/.local/lib/python3.8/site-packages/airflow/example_dags/example_sensors.py
[2024-10-20T16:47:57.918+0000] {logging_mixin.py:154} INFO - [2024-10-20T16:47:57.917+0000] {dag.py:2941} INFO - Sync 1 DAGs
[2024-10-20T16:47:57.931+0000] {logging_mixin.py:154} INFO - [2024-10-20T16:47:57.930+0000] {dag.py:3722} INFO - Setting next_dagrun for example_sensors to None, run_after=None
[2024-10-20T16:47:57.956+0000] {processor.py:179} INFO - Processing /home/airflow/.local/lib/python3.8/site-packages/airflow/example_dags/example_sensors.py took 0.095 seconds
[2024-10-20T16:48:28.207+0000] {processor.py:157} INFO - Started process (PID=161) to work on /home/airflow/.local/lib/python3.8/site-packages/airflow/example_dags/example_sensors.py
[2024-10-20T16:48:28.208+0000] {processor.py:829} INFO - Processing file /home/airflow/.local/lib/python3.8/site-packages/airflow/example_dags/example_sensors.py for tasks to queue
[2024-10-20T16:48:28.211+0000] {logging_mixin.py:154} INFO - [2024-10-20T16:48:28.211+0000] {dagbag.py:536} INFO - Filling up the DagBag from /home/airflow/.local/lib/python3.8/site-packages/airflow/example_dags/example_sensors.py
[2024-10-20T16:48:28.219+0000] {processor.py:839} INFO - DAG(s) dict_keys(['example_sensors']) retrieved from /home/airflow/.local/lib/python3.8/site-packages/airflow/example_dags/example_sensors.py
[2024-10-20T16:48:28.246+0000] {logging_mixin.py:154} INFO - [2024-10-20T16:48:28.245+0000] {dag.py:2941} INFO - Sync 1 DAGs
[2024-10-20T16:48:28.261+0000] {logging_mixin.py:154} INFO - [2024-10-20T16:48:28.261+0000] {dag.py:3722} INFO - Setting next_dagrun for example_sensors to None, run_after=None
[2024-10-20T16:48:28.284+0000] {processor.py:179} INFO - Processing /home/airflow/.local/lib/python3.8/site-packages/airflow/example_dags/example_sensors.py took 0.080 seconds
[2024-10-20T16:58:39.624+0000] {processor.py:157} INFO - Started process (PID=115) to work on /home/airflow/.local/lib/python3.8/site-packages/airflow/example_dags/example_sensors.py
[2024-10-20T16:58:39.626+0000] {processor.py:829} INFO - Processing file /home/airflow/.local/lib/python3.8/site-packages/airflow/example_dags/example_sensors.py for tasks to queue
[2024-10-20T16:58:39.629+0000] {logging_mixin.py:154} INFO - [2024-10-20T16:58:39.629+0000] {dagbag.py:536} INFO - Filling up the DagBag from /home/airflow/.local/lib/python3.8/site-packages/airflow/example_dags/example_sensors.py
[2024-10-20T16:58:39.640+0000] {processor.py:839} INFO - DAG(s) dict_keys(['example_sensors']) retrieved from /home/airflow/.local/lib/python3.8/site-packages/airflow/example_dags/example_sensors.py
[2024-10-20T16:58:39.669+0000] {logging_mixin.py:154} INFO - [2024-10-20T16:58:39.669+0000] {dag.py:2941} INFO - Sync 1 DAGs
[2024-10-20T16:58:39.684+0000] {logging_mixin.py:154} INFO - [2024-10-20T16:58:39.684+0000] {dag.py:3722} INFO - Setting next_dagrun for example_sensors to None, run_after=None
[2024-10-20T16:58:39.716+0000] {processor.py:179} INFO - Processing /home/airflow/.local/lib/python3.8/site-packages/airflow/example_dags/example_sensors.py took 0.095 seconds
[2024-10-20T17:00:38.420+0000] {processor.py:157} INFO - Started process (PID=111) to work on /home/airflow/.local/lib/python3.8/site-packages/airflow/example_dags/example_sensors.py
[2024-10-20T17:00:38.422+0000] {processor.py:829} INFO - Processing file /home/airflow/.local/lib/python3.8/site-packages/airflow/example_dags/example_sensors.py for tasks to queue
[2024-10-20T17:00:38.426+0000] {logging_mixin.py:154} INFO - [2024-10-20T17:00:38.425+0000] {dagbag.py:536} INFO - Filling up the DagBag from /home/airflow/.local/lib/python3.8/site-packages/airflow/example_dags/example_sensors.py
[2024-10-20T17:00:38.445+0000] {processor.py:839} INFO - DAG(s) dict_keys(['example_sensors']) retrieved from /home/airflow/.local/lib/python3.8/site-packages/airflow/example_dags/example_sensors.py
[2024-10-20T17:00:38.488+0000] {logging_mixin.py:154} INFO - [2024-10-20T17:00:38.488+0000] {dag.py:2941} INFO - Sync 1 DAGs
[2024-10-20T17:00:38.515+0000] {logging_mixin.py:154} INFO - [2024-10-20T17:00:38.515+0000] {dag.py:3722} INFO - Setting next_dagrun for example_sensors to None, run_after=None
[2024-10-20T17:00:38.548+0000] {processor.py:179} INFO - Processing /home/airflow/.local/lib/python3.8/site-packages/airflow/example_dags/example_sensors.py took 0.133 seconds
[2024-10-20T17:01:08.894+0000] {processor.py:157} INFO - Started process (PID=171) to work on /home/airflow/.local/lib/python3.8/site-packages/airflow/example_dags/example_sensors.py
[2024-10-20T17:01:08.895+0000] {processor.py:829} INFO - Processing file /home/airflow/.local/lib/python3.8/site-packages/airflow/example_dags/example_sensors.py for tasks to queue
[2024-10-20T17:01:08.898+0000] {logging_mixin.py:154} INFO - [2024-10-20T17:01:08.897+0000] {dagbag.py:536} INFO - Filling up the DagBag from /home/airflow/.local/lib/python3.8/site-packages/airflow/example_dags/example_sensors.py
[2024-10-20T17:01:08.906+0000] {processor.py:839} INFO - DAG(s) dict_keys(['example_sensors']) retrieved from /home/airflow/.local/lib/python3.8/site-packages/airflow/example_dags/example_sensors.py
[2024-10-20T17:01:08.929+0000] {logging_mixin.py:154} INFO - [2024-10-20T17:01:08.929+0000] {dag.py:2941} INFO - Sync 1 DAGs
[2024-10-20T17:01:08.942+0000] {logging_mixin.py:154} INFO - [2024-10-20T17:01:08.942+0000] {dag.py:3722} INFO - Setting next_dagrun for example_sensors to None, run_after=None
[2024-10-20T17:01:08.966+0000] {processor.py:179} INFO - Processing /home/airflow/.local/lib/python3.8/site-packages/airflow/example_dags/example_sensors.py took 0.074 seconds
[2024-10-20T17:01:39.550+0000] {processor.py:157} INFO - Started process (PID=229) to work on /home/airflow/.local/lib/python3.8/site-packages/airflow/example_dags/example_sensors.py
[2024-10-20T17:01:39.551+0000] {processor.py:829} INFO - Processing file /home/airflow/.local/lib/python3.8/site-packages/airflow/example_dags/example_sensors.py for tasks to queue
[2024-10-20T17:01:39.552+0000] {logging_mixin.py:154} INFO - [2024-10-20T17:01:39.552+0000] {dagbag.py:536} INFO - Filling up the DagBag from /home/airflow/.local/lib/python3.8/site-packages/airflow/example_dags/example_sensors.py
[2024-10-20T17:01:39.565+0000] {processor.py:839} INFO - DAG(s) dict_keys(['example_sensors']) retrieved from /home/airflow/.local/lib/python3.8/site-packages/airflow/example_dags/example_sensors.py
[2024-10-20T17:01:39.592+0000] {logging_mixin.py:154} INFO - [2024-10-20T17:01:39.592+0000] {dag.py:2941} INFO - Sync 1 DAGs
[2024-10-20T17:01:39.605+0000] {logging_mixin.py:154} INFO - [2024-10-20T17:01:39.604+0000] {dag.py:3722} INFO - Setting next_dagrun for example_sensors to None, run_after=None
[2024-10-20T17:01:39.635+0000] {processor.py:179} INFO - Processing /home/airflow/.local/lib/python3.8/site-packages/airflow/example_dags/example_sensors.py took 0.088 seconds
[2024-10-20T17:02:09.831+0000] {processor.py:157} INFO - Started process (PID=291) to work on /home/airflow/.local/lib/python3.8/site-packages/airflow/example_dags/example_sensors.py
[2024-10-20T17:02:09.832+0000] {processor.py:829} INFO - Processing file /home/airflow/.local/lib/python3.8/site-packages/airflow/example_dags/example_sensors.py for tasks to queue
[2024-10-20T17:02:09.833+0000] {logging_mixin.py:154} INFO - [2024-10-20T17:02:09.833+0000] {dagbag.py:536} INFO - Filling up the DagBag from /home/airflow/.local/lib/python3.8/site-packages/airflow/example_dags/example_sensors.py
[2024-10-20T17:02:09.842+0000] {processor.py:839} INFO - DAG(s) dict_keys(['example_sensors']) retrieved from /home/airflow/.local/lib/python3.8/site-packages/airflow/example_dags/example_sensors.py
[2024-10-20T17:02:09.870+0000] {logging_mixin.py:154} INFO - [2024-10-20T17:02:09.870+0000] {dag.py:2941} INFO - Sync 1 DAGs
[2024-10-20T17:02:09.884+0000] {logging_mixin.py:154} INFO - [2024-10-20T17:02:09.884+0000] {dag.py:3722} INFO - Setting next_dagrun for example_sensors to None, run_after=None
[2024-10-20T17:02:09.912+0000] {processor.py:179} INFO - Processing /home/airflow/.local/lib/python3.8/site-packages/airflow/example_dags/example_sensors.py took 0.084 seconds
[2024-10-20T17:02:40.423+0000] {processor.py:157} INFO - Started process (PID=349) to work on /home/airflow/.local/lib/python3.8/site-packages/airflow/example_dags/example_sensors.py
[2024-10-20T17:02:40.424+0000] {processor.py:829} INFO - Processing file /home/airflow/.local/lib/python3.8/site-packages/airflow/example_dags/example_sensors.py for tasks to queue
[2024-10-20T17:02:40.426+0000] {logging_mixin.py:154} INFO - [2024-10-20T17:02:40.425+0000] {dagbag.py:536} INFO - Filling up the DagBag from /home/airflow/.local/lib/python3.8/site-packages/airflow/example_dags/example_sensors.py
[2024-10-20T17:02:40.434+0000] {processor.py:839} INFO - DAG(s) dict_keys(['example_sensors']) retrieved from /home/airflow/.local/lib/python3.8/site-packages/airflow/example_dags/example_sensors.py
[2024-10-20T17:02:40.462+0000] {logging_mixin.py:154} INFO - [2024-10-20T17:02:40.462+0000] {dag.py:2941} INFO - Sync 1 DAGs
[2024-10-20T17:02:40.475+0000] {logging_mixin.py:154} INFO - [2024-10-20T17:02:40.475+0000] {dag.py:3722} INFO - Setting next_dagrun for example_sensors to None, run_after=None
[2024-10-20T17:02:40.502+0000] {processor.py:179} INFO - Processing /home/airflow/.local/lib/python3.8/site-packages/airflow/example_dags/example_sensors.py took 0.082 seconds
[2024-10-20T17:03:11.333+0000] {processor.py:157} INFO - Started process (PID=407) to work on /home/airflow/.local/lib/python3.8/site-packages/airflow/example_dags/example_sensors.py
[2024-10-20T17:03:11.334+0000] {processor.py:829} INFO - Processing file /home/airflow/.local/lib/python3.8/site-packages/airflow/example_dags/example_sensors.py for tasks to queue
[2024-10-20T17:03:11.335+0000] {logging_mixin.py:154} INFO - [2024-10-20T17:03:11.335+0000] {dagbag.py:536} INFO - Filling up the DagBag from /home/airflow/.local/lib/python3.8/site-packages/airflow/example_dags/example_sensors.py
[2024-10-20T17:03:11.342+0000] {processor.py:839} INFO - DAG(s) dict_keys(['example_sensors']) retrieved from /home/airflow/.local/lib/python3.8/site-packages/airflow/example_dags/example_sensors.py
[2024-10-20T17:03:11.366+0000] {logging_mixin.py:154} INFO - [2024-10-20T17:03:11.366+0000] {dag.py:2941} INFO - Sync 1 DAGs
[2024-10-20T17:03:11.377+0000] {logging_mixin.py:154} INFO - [2024-10-20T17:03:11.377+0000] {dag.py:3722} INFO - Setting next_dagrun for example_sensors to None, run_after=None
[2024-10-20T17:03:11.396+0000] {processor.py:179} INFO - Processing /home/airflow/.local/lib/python3.8/site-packages/airflow/example_dags/example_sensors.py took 0.065 seconds
[2024-10-20T17:03:41.600+0000] {processor.py:157} INFO - Started process (PID=465) to work on /home/airflow/.local/lib/python3.8/site-packages/airflow/example_dags/example_sensors.py
[2024-10-20T17:03:41.601+0000] {processor.py:829} INFO - Processing file /home/airflow/.local/lib/python3.8/site-packages/airflow/example_dags/example_sensors.py for tasks to queue
[2024-10-20T17:03:41.602+0000] {logging_mixin.py:154} INFO - [2024-10-20T17:03:41.602+0000] {dagbag.py:536} INFO - Filling up the DagBag from /home/airflow/.local/lib/python3.8/site-packages/airflow/example_dags/example_sensors.py
[2024-10-20T17:03:41.612+0000] {processor.py:839} INFO - DAG(s) dict_keys(['example_sensors']) retrieved from /home/airflow/.local/lib/python3.8/site-packages/airflow/example_dags/example_sensors.py
[2024-10-20T17:03:41.636+0000] {logging_mixin.py:154} INFO - [2024-10-20T17:03:41.636+0000] {dag.py:2941} INFO - Sync 1 DAGs
[2024-10-20T17:03:41.648+0000] {logging_mixin.py:154} INFO - [2024-10-20T17:03:41.648+0000] {dag.py:3722} INFO - Setting next_dagrun for example_sensors to None, run_after=None
[2024-10-20T17:03:41.672+0000] {processor.py:179} INFO - Processing /home/airflow/.local/lib/python3.8/site-packages/airflow/example_dags/example_sensors.py took 0.075 seconds
[2024-10-20T17:04:12.013+0000] {processor.py:157} INFO - Started process (PID=523) to work on /home/airflow/.local/lib/python3.8/site-packages/airflow/example_dags/example_sensors.py
[2024-10-20T17:04:12.014+0000] {processor.py:829} INFO - Processing file /home/airflow/.local/lib/python3.8/site-packages/airflow/example_dags/example_sensors.py for tasks to queue
[2024-10-20T17:04:12.016+0000] {logging_mixin.py:154} INFO - [2024-10-20T17:04:12.015+0000] {dagbag.py:536} INFO - Filling up the DagBag from /home/airflow/.local/lib/python3.8/site-packages/airflow/example_dags/example_sensors.py
[2024-10-20T17:04:12.027+0000] {processor.py:839} INFO - DAG(s) dict_keys(['example_sensors']) retrieved from /home/airflow/.local/lib/python3.8/site-packages/airflow/example_dags/example_sensors.py
[2024-10-20T17:04:12.053+0000] {logging_mixin.py:154} INFO - [2024-10-20T17:04:12.053+0000] {dag.py:2941} INFO - Sync 1 DAGs
[2024-10-20T17:04:12.066+0000] {logging_mixin.py:154} INFO - [2024-10-20T17:04:12.065+0000] {dag.py:3722} INFO - Setting next_dagrun for example_sensors to None, run_after=None
[2024-10-20T17:04:12.099+0000] {processor.py:179} INFO - Processing /home/airflow/.local/lib/python3.8/site-packages/airflow/example_dags/example_sensors.py took 0.089 seconds
[2024-10-20T17:04:42.802+0000] {processor.py:157} INFO - Started process (PID=581) to work on /home/airflow/.local/lib/python3.8/site-packages/airflow/example_dags/example_sensors.py
[2024-10-20T17:04:42.803+0000] {processor.py:829} INFO - Processing file /home/airflow/.local/lib/python3.8/site-packages/airflow/example_dags/example_sensors.py for tasks to queue
[2024-10-20T17:04:42.804+0000] {logging_mixin.py:154} INFO - [2024-10-20T17:04:42.804+0000] {dagbag.py:536} INFO - Filling up the DagBag from /home/airflow/.local/lib/python3.8/site-packages/airflow/example_dags/example_sensors.py
[2024-10-20T17:04:42.814+0000] {processor.py:839} INFO - DAG(s) dict_keys(['example_sensors']) retrieved from /home/airflow/.local/lib/python3.8/site-packages/airflow/example_dags/example_sensors.py
[2024-10-20T17:04:42.843+0000] {logging_mixin.py:154} INFO - [2024-10-20T17:04:42.843+0000] {dag.py:2941} INFO - Sync 1 DAGs
[2024-10-20T17:04:42.861+0000] {logging_mixin.py:154} INFO - [2024-10-20T17:04:42.860+0000] {dag.py:3722} INFO - Setting next_dagrun for example_sensors to None, run_after=None
[2024-10-20T17:04:42.901+0000] {processor.py:179} INFO - Processing /home/airflow/.local/lib/python3.8/site-packages/airflow/example_dags/example_sensors.py took 0.102 seconds
[2024-10-20T17:05:13.280+0000] {processor.py:157} INFO - Started process (PID=639) to work on /home/airflow/.local/lib/python3.8/site-packages/airflow/example_dags/example_sensors.py
[2024-10-20T17:05:13.281+0000] {processor.py:829} INFO - Processing file /home/airflow/.local/lib/python3.8/site-packages/airflow/example_dags/example_sensors.py for tasks to queue
[2024-10-20T17:05:13.282+0000] {logging_mixin.py:154} INFO - [2024-10-20T17:05:13.282+0000] {dagbag.py:536} INFO - Filling up the DagBag from /home/airflow/.local/lib/python3.8/site-packages/airflow/example_dags/example_sensors.py
[2024-10-20T17:05:13.292+0000] {processor.py:839} INFO - DAG(s) dict_keys(['example_sensors']) retrieved from /home/airflow/.local/lib/python3.8/site-packages/airflow/example_dags/example_sensors.py
[2024-10-20T17:05:13.319+0000] {logging_mixin.py:154} INFO - [2024-10-20T17:05:13.319+0000] {dag.py:2941} INFO - Sync 1 DAGs
[2024-10-20T17:05:13.333+0000] {logging_mixin.py:154} INFO - [2024-10-20T17:05:13.333+0000] {dag.py:3722} INFO - Setting next_dagrun for example_sensors to None, run_after=None
[2024-10-20T17:05:13.355+0000] {processor.py:179} INFO - Processing /home/airflow/.local/lib/python3.8/site-packages/airflow/example_dags/example_sensors.py took 0.078 seconds
[2024-10-20T17:05:43.768+0000] {processor.py:157} INFO - Started process (PID=697) to work on /home/airflow/.local/lib/python3.8/site-packages/airflow/example_dags/example_sensors.py
[2024-10-20T17:05:43.769+0000] {processor.py:829} INFO - Processing file /home/airflow/.local/lib/python3.8/site-packages/airflow/example_dags/example_sensors.py for tasks to queue
[2024-10-20T17:05:43.770+0000] {logging_mixin.py:154} INFO - [2024-10-20T17:05:43.770+0000] {dagbag.py:536} INFO - Filling up the DagBag from /home/airflow/.local/lib/python3.8/site-packages/airflow/example_dags/example_sensors.py
[2024-10-20T17:05:43.779+0000] {processor.py:839} INFO - DAG(s) dict_keys(['example_sensors']) retrieved from /home/airflow/.local/lib/python3.8/site-packages/airflow/example_dags/example_sensors.py
[2024-10-20T17:05:43.810+0000] {logging_mixin.py:154} INFO - [2024-10-20T17:05:43.810+0000] {dag.py:2941} INFO - Sync 1 DAGs
[2024-10-20T17:05:43.823+0000] {logging_mixin.py:154} INFO - [2024-10-20T17:05:43.822+0000] {dag.py:3722} INFO - Setting next_dagrun for example_sensors to None, run_after=None
[2024-10-20T17:05:43.850+0000] {processor.py:179} INFO - Processing /home/airflow/.local/lib/python3.8/site-packages/airflow/example_dags/example_sensors.py took 0.086 seconds
[2024-10-20T17:06:14.177+0000] {processor.py:157} INFO - Started process (PID=762) to work on /home/airflow/.local/lib/python3.8/site-packages/airflow/example_dags/example_sensors.py
[2024-10-20T17:06:14.178+0000] {processor.py:829} INFO - Processing file /home/airflow/.local/lib/python3.8/site-packages/airflow/example_dags/example_sensors.py for tasks to queue
[2024-10-20T17:06:14.179+0000] {logging_mixin.py:154} INFO - [2024-10-20T17:06:14.179+0000] {dagbag.py:536} INFO - Filling up the DagBag from /home/airflow/.local/lib/python3.8/site-packages/airflow/example_dags/example_sensors.py
[2024-10-20T17:06:14.187+0000] {processor.py:839} INFO - DAG(s) dict_keys(['example_sensors']) retrieved from /home/airflow/.local/lib/python3.8/site-packages/airflow/example_dags/example_sensors.py
[2024-10-20T17:06:14.212+0000] {logging_mixin.py:154} INFO - [2024-10-20T17:06:14.211+0000] {dag.py:2941} INFO - Sync 1 DAGs
[2024-10-20T17:06:14.224+0000] {logging_mixin.py:154} INFO - [2024-10-20T17:06:14.224+0000] {dag.py:3722} INFO - Setting next_dagrun for example_sensors to None, run_after=None
[2024-10-20T17:06:14.250+0000] {processor.py:179} INFO - Processing /home/airflow/.local/lib/python3.8/site-packages/airflow/example_dags/example_sensors.py took 0.075 seconds
[2024-10-20T17:06:45.011+0000] {processor.py:157} INFO - Started process (PID=820) to work on /home/airflow/.local/lib/python3.8/site-packages/airflow/example_dags/example_sensors.py
[2024-10-20T17:06:45.012+0000] {processor.py:829} INFO - Processing file /home/airflow/.local/lib/python3.8/site-packages/airflow/example_dags/example_sensors.py for tasks to queue
[2024-10-20T17:06:45.014+0000] {logging_mixin.py:154} INFO - [2024-10-20T17:06:45.013+0000] {dagbag.py:536} INFO - Filling up the DagBag from /home/airflow/.local/lib/python3.8/site-packages/airflow/example_dags/example_sensors.py
[2024-10-20T17:06:45.025+0000] {processor.py:839} INFO - DAG(s) dict_keys(['example_sensors']) retrieved from /home/airflow/.local/lib/python3.8/site-packages/airflow/example_dags/example_sensors.py
[2024-10-20T17:06:45.054+0000] {logging_mixin.py:154} INFO - [2024-10-20T17:06:45.053+0000] {dag.py:2941} INFO - Sync 1 DAGs
[2024-10-20T17:06:45.066+0000] {logging_mixin.py:154} INFO - [2024-10-20T17:06:45.066+0000] {dag.py:3722} INFO - Setting next_dagrun for example_sensors to None, run_after=None
[2024-10-20T17:06:45.096+0000] {processor.py:179} INFO - Processing /home/airflow/.local/lib/python3.8/site-packages/airflow/example_dags/example_sensors.py took 0.088 seconds
[2024-10-20T17:07:15.462+0000] {processor.py:157} INFO - Started process (PID=889) to work on /home/airflow/.local/lib/python3.8/site-packages/airflow/example_dags/example_sensors.py
[2024-10-20T17:07:15.463+0000] {processor.py:829} INFO - Processing file /home/airflow/.local/lib/python3.8/site-packages/airflow/example_dags/example_sensors.py for tasks to queue
[2024-10-20T17:07:15.464+0000] {logging_mixin.py:154} INFO - [2024-10-20T17:07:15.464+0000] {dagbag.py:536} INFO - Filling up the DagBag from /home/airflow/.local/lib/python3.8/site-packages/airflow/example_dags/example_sensors.py
[2024-10-20T17:07:15.474+0000] {processor.py:839} INFO - DAG(s) dict_keys(['example_sensors']) retrieved from /home/airflow/.local/lib/python3.8/site-packages/airflow/example_dags/example_sensors.py
[2024-10-20T17:07:15.507+0000] {logging_mixin.py:154} INFO - [2024-10-20T17:07:15.507+0000] {dag.py:2941} INFO - Sync 1 DAGs
[2024-10-20T17:07:15.523+0000] {logging_mixin.py:154} INFO - [2024-10-20T17:07:15.522+0000] {dag.py:3722} INFO - Setting next_dagrun for example_sensors to None, run_after=None
[2024-10-20T17:07:15.545+0000] {processor.py:179} INFO - Processing /home/airflow/.local/lib/python3.8/site-packages/airflow/example_dags/example_sensors.py took 0.086 seconds
[2024-10-20T17:07:47.691+0000] {processor.py:157} INFO - Started process (PID=975) to work on /home/airflow/.local/lib/python3.8/site-packages/airflow/example_dags/example_sensors.py
[2024-10-20T17:07:47.692+0000] {processor.py:829} INFO - Processing file /home/airflow/.local/lib/python3.8/site-packages/airflow/example_dags/example_sensors.py for tasks to queue
[2024-10-20T17:07:47.693+0000] {logging_mixin.py:154} INFO - [2024-10-20T17:07:47.693+0000] {dagbag.py:536} INFO - Filling up the DagBag from /home/airflow/.local/lib/python3.8/site-packages/airflow/example_dags/example_sensors.py
[2024-10-20T17:07:47.705+0000] {processor.py:839} INFO - DAG(s) dict_keys(['example_sensors']) retrieved from /home/airflow/.local/lib/python3.8/site-packages/airflow/example_dags/example_sensors.py
[2024-10-20T17:07:47.736+0000] {logging_mixin.py:154} INFO - [2024-10-20T17:07:47.736+0000] {dag.py:2941} INFO - Sync 1 DAGs
[2024-10-20T17:07:47.752+0000] {logging_mixin.py:154} INFO - [2024-10-20T17:07:47.752+0000] {dag.py:3722} INFO - Setting next_dagrun for example_sensors to None, run_after=None
[2024-10-20T17:07:47.778+0000] {processor.py:179} INFO - Processing /home/airflow/.local/lib/python3.8/site-packages/airflow/example_dags/example_sensors.py took 0.092 seconds
[2024-10-20T17:09:01.892+0000] {processor.py:157} INFO - Started process (PID=103) to work on /home/airflow/.local/lib/python3.8/site-packages/airflow/example_dags/example_sensors.py
[2024-10-20T17:09:01.893+0000] {processor.py:829} INFO - Processing file /home/airflow/.local/lib/python3.8/site-packages/airflow/example_dags/example_sensors.py for tasks to queue
[2024-10-20T17:09:01.895+0000] {logging_mixin.py:154} INFO - [2024-10-20T17:09:01.895+0000] {dagbag.py:536} INFO - Filling up the DagBag from /home/airflow/.local/lib/python3.8/site-packages/airflow/example_dags/example_sensors.py
[2024-10-20T17:09:01.907+0000] {processor.py:839} INFO - DAG(s) dict_keys(['example_sensors']) retrieved from /home/airflow/.local/lib/python3.8/site-packages/airflow/example_dags/example_sensors.py
[2024-10-20T17:09:01.935+0000] {logging_mixin.py:154} INFO - [2024-10-20T17:09:01.935+0000] {dag.py:2941} INFO - Sync 1 DAGs
[2024-10-20T17:09:01.949+0000] {logging_mixin.py:154} INFO - [2024-10-20T17:09:01.949+0000] {dag.py:3722} INFO - Setting next_dagrun for example_sensors to None, run_after=None
[2024-10-20T17:09:01.972+0000] {processor.py:179} INFO - Processing /home/airflow/.local/lib/python3.8/site-packages/airflow/example_dags/example_sensors.py took 0.084 seconds
[2024-10-20T17:09:32.488+0000] {processor.py:157} INFO - Started process (PID=161) to work on /home/airflow/.local/lib/python3.8/site-packages/airflow/example_dags/example_sensors.py
[2024-10-20T17:09:32.489+0000] {processor.py:829} INFO - Processing file /home/airflow/.local/lib/python3.8/site-packages/airflow/example_dags/example_sensors.py for tasks to queue
[2024-10-20T17:09:32.492+0000] {logging_mixin.py:154} INFO - [2024-10-20T17:09:32.492+0000] {dagbag.py:536} INFO - Filling up the DagBag from /home/airflow/.local/lib/python3.8/site-packages/airflow/example_dags/example_sensors.py
[2024-10-20T17:09:32.501+0000] {processor.py:839} INFO - DAG(s) dict_keys(['example_sensors']) retrieved from /home/airflow/.local/lib/python3.8/site-packages/airflow/example_dags/example_sensors.py
[2024-10-20T17:09:32.529+0000] {logging_mixin.py:154} INFO - [2024-10-20T17:09:32.529+0000] {dag.py:2941} INFO - Sync 1 DAGs
[2024-10-20T17:09:32.543+0000] {logging_mixin.py:154} INFO - [2024-10-20T17:09:32.542+0000] {dag.py:3722} INFO - Setting next_dagrun for example_sensors to None, run_after=None
[2024-10-20T17:09:32.568+0000] {processor.py:179} INFO - Processing /home/airflow/.local/lib/python3.8/site-packages/airflow/example_dags/example_sensors.py took 0.084 seconds
[2024-10-20T17:10:03.791+0000] {processor.py:157} INFO - Started process (PID=219) to work on /home/airflow/.local/lib/python3.8/site-packages/airflow/example_dags/example_sensors.py
[2024-10-20T17:10:03.792+0000] {processor.py:829} INFO - Processing file /home/airflow/.local/lib/python3.8/site-packages/airflow/example_dags/example_sensors.py for tasks to queue
[2024-10-20T17:10:03.795+0000] {logging_mixin.py:154} INFO - [2024-10-20T17:10:03.794+0000] {dagbag.py:536} INFO - Filling up the DagBag from /home/airflow/.local/lib/python3.8/site-packages/airflow/example_dags/example_sensors.py
[2024-10-20T17:10:03.803+0000] {processor.py:839} INFO - DAG(s) dict_keys(['example_sensors']) retrieved from /home/airflow/.local/lib/python3.8/site-packages/airflow/example_dags/example_sensors.py
[2024-10-20T17:10:03.829+0000] {logging_mixin.py:154} INFO - [2024-10-20T17:10:03.829+0000] {dag.py:2941} INFO - Sync 1 DAGs
[2024-10-20T17:10:03.842+0000] {logging_mixin.py:154} INFO - [2024-10-20T17:10:03.841+0000] {dag.py:3722} INFO - Setting next_dagrun for example_sensors to None, run_after=None
[2024-10-20T17:10:03.866+0000] {processor.py:179} INFO - Processing /home/airflow/.local/lib/python3.8/site-packages/airflow/example_dags/example_sensors.py took 0.078 seconds
[2024-10-20T17:10:34.102+0000] {processor.py:157} INFO - Started process (PID=277) to work on /home/airflow/.local/lib/python3.8/site-packages/airflow/example_dags/example_sensors.py
[2024-10-20T17:10:34.103+0000] {processor.py:829} INFO - Processing file /home/airflow/.local/lib/python3.8/site-packages/airflow/example_dags/example_sensors.py for tasks to queue
[2024-10-20T17:10:34.106+0000] {logging_mixin.py:154} INFO - [2024-10-20T17:10:34.105+0000] {dagbag.py:536} INFO - Filling up the DagBag from /home/airflow/.local/lib/python3.8/site-packages/airflow/example_dags/example_sensors.py
[2024-10-20T17:10:34.114+0000] {processor.py:839} INFO - DAG(s) dict_keys(['example_sensors']) retrieved from /home/airflow/.local/lib/python3.8/site-packages/airflow/example_dags/example_sensors.py
[2024-10-20T17:10:34.138+0000] {logging_mixin.py:154} INFO - [2024-10-20T17:10:34.138+0000] {dag.py:2941} INFO - Sync 1 DAGs
[2024-10-20T17:10:34.151+0000] {logging_mixin.py:154} INFO - [2024-10-20T17:10:34.150+0000] {dag.py:3722} INFO - Setting next_dagrun for example_sensors to None, run_after=None
[2024-10-20T17:10:34.171+0000] {processor.py:179} INFO - Processing /home/airflow/.local/lib/python3.8/site-packages/airflow/example_dags/example_sensors.py took 0.071 seconds
[2024-10-20T17:11:04.959+0000] {processor.py:157} INFO - Started process (PID=335) to work on /home/airflow/.local/lib/python3.8/site-packages/airflow/example_dags/example_sensors.py
[2024-10-20T17:11:04.960+0000] {processor.py:829} INFO - Processing file /home/airflow/.local/lib/python3.8/site-packages/airflow/example_dags/example_sensors.py for tasks to queue
[2024-10-20T17:11:04.962+0000] {logging_mixin.py:154} INFO - [2024-10-20T17:11:04.962+0000] {dagbag.py:536} INFO - Filling up the DagBag from /home/airflow/.local/lib/python3.8/site-packages/airflow/example_dags/example_sensors.py
[2024-10-20T17:11:04.971+0000] {processor.py:839} INFO - DAG(s) dict_keys(['example_sensors']) retrieved from /home/airflow/.local/lib/python3.8/site-packages/airflow/example_dags/example_sensors.py
[2024-10-20T17:11:04.998+0000] {logging_mixin.py:154} INFO - [2024-10-20T17:11:04.997+0000] {dag.py:2941} INFO - Sync 1 DAGs
[2024-10-20T17:11:05.011+0000] {logging_mixin.py:154} INFO - [2024-10-20T17:11:05.011+0000] {dag.py:3722} INFO - Setting next_dagrun for example_sensors to None, run_after=None
[2024-10-20T17:11:05.034+0000] {processor.py:179} INFO - Processing /home/airflow/.local/lib/python3.8/site-packages/airflow/example_dags/example_sensors.py took 0.079 seconds
[2024-10-20T17:11:35.498+0000] {processor.py:157} INFO - Started process (PID=393) to work on /home/airflow/.local/lib/python3.8/site-packages/airflow/example_dags/example_sensors.py
[2024-10-20T17:11:35.499+0000] {processor.py:829} INFO - Processing file /home/airflow/.local/lib/python3.8/site-packages/airflow/example_dags/example_sensors.py for tasks to queue
[2024-10-20T17:11:35.502+0000] {logging_mixin.py:154} INFO - [2024-10-20T17:11:35.502+0000] {dagbag.py:536} INFO - Filling up the DagBag from /home/airflow/.local/lib/python3.8/site-packages/airflow/example_dags/example_sensors.py
[2024-10-20T17:11:35.511+0000] {processor.py:839} INFO - DAG(s) dict_keys(['example_sensors']) retrieved from /home/airflow/.local/lib/python3.8/site-packages/airflow/example_dags/example_sensors.py
[2024-10-20T17:11:35.536+0000] {logging_mixin.py:154} INFO - [2024-10-20T17:11:35.536+0000] {dag.py:2941} INFO - Sync 1 DAGs
[2024-10-20T17:11:35.551+0000] {logging_mixin.py:154} INFO - [2024-10-20T17:11:35.550+0000] {dag.py:3722} INFO - Setting next_dagrun for example_sensors to None, run_after=None
[2024-10-20T17:11:35.582+0000] {processor.py:179} INFO - Processing /home/airflow/.local/lib/python3.8/site-packages/airflow/example_dags/example_sensors.py took 0.086 seconds
[2024-10-20T17:12:06.491+0000] {processor.py:157} INFO - Started process (PID=459) to work on /home/airflow/.local/lib/python3.8/site-packages/airflow/example_dags/example_sensors.py
[2024-10-20T17:12:06.492+0000] {processor.py:829} INFO - Processing file /home/airflow/.local/lib/python3.8/site-packages/airflow/example_dags/example_sensors.py for tasks to queue
[2024-10-20T17:12:06.495+0000] {logging_mixin.py:154} INFO - [2024-10-20T17:12:06.494+0000] {dagbag.py:536} INFO - Filling up the DagBag from /home/airflow/.local/lib/python3.8/site-packages/airflow/example_dags/example_sensors.py
[2024-10-20T17:12:06.507+0000] {processor.py:839} INFO - DAG(s) dict_keys(['example_sensors']) retrieved from /home/airflow/.local/lib/python3.8/site-packages/airflow/example_dags/example_sensors.py
[2024-10-20T17:12:06.534+0000] {logging_mixin.py:154} INFO - [2024-10-20T17:12:06.534+0000] {dag.py:2941} INFO - Sync 1 DAGs
[2024-10-20T17:12:06.548+0000] {logging_mixin.py:154} INFO - [2024-10-20T17:12:06.547+0000] {dag.py:3722} INFO - Setting next_dagrun for example_sensors to None, run_after=None
[2024-10-20T17:12:06.578+0000] {processor.py:179} INFO - Processing /home/airflow/.local/lib/python3.8/site-packages/airflow/example_dags/example_sensors.py took 0.090 seconds
[2024-10-20T17:12:37.705+0000] {processor.py:157} INFO - Started process (PID=517) to work on /home/airflow/.local/lib/python3.8/site-packages/airflow/example_dags/example_sensors.py
[2024-10-20T17:12:37.706+0000] {processor.py:829} INFO - Processing file /home/airflow/.local/lib/python3.8/site-packages/airflow/example_dags/example_sensors.py for tasks to queue
[2024-10-20T17:12:37.709+0000] {logging_mixin.py:154} INFO - [2024-10-20T17:12:37.708+0000] {dagbag.py:536} INFO - Filling up the DagBag from /home/airflow/.local/lib/python3.8/site-packages/airflow/example_dags/example_sensors.py
[2024-10-20T17:12:37.720+0000] {processor.py:839} INFO - DAG(s) dict_keys(['example_sensors']) retrieved from /home/airflow/.local/lib/python3.8/site-packages/airflow/example_dags/example_sensors.py
[2024-10-20T17:12:37.747+0000] {logging_mixin.py:154} INFO - [2024-10-20T17:12:37.747+0000] {dag.py:2941} INFO - Sync 1 DAGs
[2024-10-20T17:12:37.762+0000] {logging_mixin.py:154} INFO - [2024-10-20T17:12:37.762+0000] {dag.py:3722} INFO - Setting next_dagrun for example_sensors to None, run_after=None
[2024-10-20T17:12:37.786+0000] {processor.py:179} INFO - Processing /home/airflow/.local/lib/python3.8/site-packages/airflow/example_dags/example_sensors.py took 0.084 seconds
[2024-10-20T17:13:08.080+0000] {processor.py:157} INFO - Started process (PID=595) to work on /home/airflow/.local/lib/python3.8/site-packages/airflow/example_dags/example_sensors.py
[2024-10-20T17:13:08.081+0000] {processor.py:829} INFO - Processing file /home/airflow/.local/lib/python3.8/site-packages/airflow/example_dags/example_sensors.py for tasks to queue
[2024-10-20T17:13:08.083+0000] {logging_mixin.py:154} INFO - [2024-10-20T17:13:08.083+0000] {dagbag.py:536} INFO - Filling up the DagBag from /home/airflow/.local/lib/python3.8/site-packages/airflow/example_dags/example_sensors.py
[2024-10-20T17:13:08.090+0000] {processor.py:839} INFO - DAG(s) dict_keys(['example_sensors']) retrieved from /home/airflow/.local/lib/python3.8/site-packages/airflow/example_dags/example_sensors.py
[2024-10-20T17:13:08.112+0000] {logging_mixin.py:154} INFO - [2024-10-20T17:13:08.112+0000] {dag.py:2941} INFO - Sync 1 DAGs
[2024-10-20T17:13:08.122+0000] {logging_mixin.py:154} INFO - [2024-10-20T17:13:08.122+0000] {dag.py:3722} INFO - Setting next_dagrun for example_sensors to None, run_after=None
[2024-10-20T17:13:08.142+0000] {processor.py:179} INFO - Processing /home/airflow/.local/lib/python3.8/site-packages/airflow/example_dags/example_sensors.py took 0.064 seconds
[2024-10-20T17:14:37.776+0000] {processor.py:157} INFO - Started process (PID=103) to work on /home/airflow/.local/lib/python3.8/site-packages/airflow/example_dags/example_sensors.py
[2024-10-20T17:14:37.777+0000] {processor.py:829} INFO - Processing file /home/airflow/.local/lib/python3.8/site-packages/airflow/example_dags/example_sensors.py for tasks to queue
[2024-10-20T17:14:37.779+0000] {logging_mixin.py:154} INFO - [2024-10-20T17:14:37.779+0000] {dagbag.py:536} INFO - Filling up the DagBag from /home/airflow/.local/lib/python3.8/site-packages/airflow/example_dags/example_sensors.py
[2024-10-20T17:14:37.792+0000] {processor.py:839} INFO - DAG(s) dict_keys(['example_sensors']) retrieved from /home/airflow/.local/lib/python3.8/site-packages/airflow/example_dags/example_sensors.py
[2024-10-20T17:14:37.821+0000] {logging_mixin.py:154} INFO - [2024-10-20T17:14:37.821+0000] {dag.py:2941} INFO - Sync 1 DAGs
[2024-10-20T17:14:37.834+0000] {logging_mixin.py:154} INFO - [2024-10-20T17:14:37.834+0000] {dag.py:3722} INFO - Setting next_dagrun for example_sensors to None, run_after=None
[2024-10-20T17:14:37.857+0000] {processor.py:179} INFO - Processing /home/airflow/.local/lib/python3.8/site-packages/airflow/example_dags/example_sensors.py took 0.084 seconds
[2024-10-20T17:15:08.698+0000] {processor.py:157} INFO - Started process (PID=161) to work on /home/airflow/.local/lib/python3.8/site-packages/airflow/example_dags/example_sensors.py
[2024-10-20T17:15:08.699+0000] {processor.py:829} INFO - Processing file /home/airflow/.local/lib/python3.8/site-packages/airflow/example_dags/example_sensors.py for tasks to queue
[2024-10-20T17:15:08.701+0000] {logging_mixin.py:154} INFO - [2024-10-20T17:15:08.701+0000] {dagbag.py:536} INFO - Filling up the DagBag from /home/airflow/.local/lib/python3.8/site-packages/airflow/example_dags/example_sensors.py
[2024-10-20T17:15:08.712+0000] {processor.py:839} INFO - DAG(s) dict_keys(['example_sensors']) retrieved from /home/airflow/.local/lib/python3.8/site-packages/airflow/example_dags/example_sensors.py
[2024-10-20T17:15:08.741+0000] {logging_mixin.py:154} INFO - [2024-10-20T17:15:08.741+0000] {dag.py:2941} INFO - Sync 1 DAGs
[2024-10-20T17:15:08.755+0000] {logging_mixin.py:154} INFO - [2024-10-20T17:15:08.755+0000] {dag.py:3722} INFO - Setting next_dagrun for example_sensors to None, run_after=None
[2024-10-20T17:15:08.781+0000] {processor.py:179} INFO - Processing /home/airflow/.local/lib/python3.8/site-packages/airflow/example_dags/example_sensors.py took 0.087 seconds
[2024-10-20T17:15:39.793+0000] {processor.py:157} INFO - Started process (PID=219) to work on /home/airflow/.local/lib/python3.8/site-packages/airflow/example_dags/example_sensors.py
[2024-10-20T17:15:39.795+0000] {processor.py:829} INFO - Processing file /home/airflow/.local/lib/python3.8/site-packages/airflow/example_dags/example_sensors.py for tasks to queue
[2024-10-20T17:15:39.797+0000] {logging_mixin.py:154} INFO - [2024-10-20T17:15:39.796+0000] {dagbag.py:536} INFO - Filling up the DagBag from /home/airflow/.local/lib/python3.8/site-packages/airflow/example_dags/example_sensors.py
[2024-10-20T17:15:39.805+0000] {processor.py:839} INFO - DAG(s) dict_keys(['example_sensors']) retrieved from /home/airflow/.local/lib/python3.8/site-packages/airflow/example_dags/example_sensors.py
[2024-10-20T17:15:39.830+0000] {logging_mixin.py:154} INFO - [2024-10-20T17:15:39.830+0000] {dag.py:2941} INFO - Sync 1 DAGs
[2024-10-20T17:15:39.843+0000] {logging_mixin.py:154} INFO - [2024-10-20T17:15:39.843+0000] {dag.py:3722} INFO - Setting next_dagrun for example_sensors to None, run_after=None
[2024-10-20T17:15:39.871+0000] {processor.py:179} INFO - Processing /home/airflow/.local/lib/python3.8/site-packages/airflow/example_dags/example_sensors.py took 0.081 seconds
[2024-10-20T17:16:10.503+0000] {processor.py:157} INFO - Started process (PID=293) to work on /home/airflow/.local/lib/python3.8/site-packages/airflow/example_dags/example_sensors.py
[2024-10-20T17:16:10.504+0000] {processor.py:829} INFO - Processing file /home/airflow/.local/lib/python3.8/site-packages/airflow/example_dags/example_sensors.py for tasks to queue
[2024-10-20T17:16:10.506+0000] {logging_mixin.py:154} INFO - [2024-10-20T17:16:10.506+0000] {dagbag.py:536} INFO - Filling up the DagBag from /home/airflow/.local/lib/python3.8/site-packages/airflow/example_dags/example_sensors.py
[2024-10-20T17:16:10.516+0000] {processor.py:839} INFO - DAG(s) dict_keys(['example_sensors']) retrieved from /home/airflow/.local/lib/python3.8/site-packages/airflow/example_dags/example_sensors.py
[2024-10-20T17:16:10.541+0000] {logging_mixin.py:154} INFO - [2024-10-20T17:16:10.541+0000] {dag.py:2941} INFO - Sync 1 DAGs
[2024-10-20T17:16:10.553+0000] {logging_mixin.py:154} INFO - [2024-10-20T17:16:10.553+0000] {dag.py:3722} INFO - Setting next_dagrun for example_sensors to None, run_after=None
[2024-10-20T17:16:10.577+0000] {processor.py:179} INFO - Processing /home/airflow/.local/lib/python3.8/site-packages/airflow/example_dags/example_sensors.py took 0.077 seconds
[2024-10-20T17:16:41.119+0000] {processor.py:157} INFO - Started process (PID=352) to work on /home/airflow/.local/lib/python3.8/site-packages/airflow/example_dags/example_sensors.py
[2024-10-20T17:16:41.120+0000] {processor.py:829} INFO - Processing file /home/airflow/.local/lib/python3.8/site-packages/airflow/example_dags/example_sensors.py for tasks to queue
[2024-10-20T17:16:41.122+0000] {logging_mixin.py:154} INFO - [2024-10-20T17:16:41.122+0000] {dagbag.py:536} INFO - Filling up the DagBag from /home/airflow/.local/lib/python3.8/site-packages/airflow/example_dags/example_sensors.py
[2024-10-20T17:16:41.130+0000] {processor.py:839} INFO - DAG(s) dict_keys(['example_sensors']) retrieved from /home/airflow/.local/lib/python3.8/site-packages/airflow/example_dags/example_sensors.py
[2024-10-20T17:16:41.153+0000] {logging_mixin.py:154} INFO - [2024-10-20T17:16:41.153+0000] {dag.py:2941} INFO - Sync 1 DAGs
[2024-10-20T17:16:41.164+0000] {logging_mixin.py:154} INFO - [2024-10-20T17:16:41.164+0000] {dag.py:3722} INFO - Setting next_dagrun for example_sensors to None, run_after=None
[2024-10-20T17:16:41.187+0000] {processor.py:179} INFO - Processing /home/airflow/.local/lib/python3.8/site-packages/airflow/example_dags/example_sensors.py took 0.070 seconds
