[2024-10-20T16:04:53.023+0000] {processor.py:157} INFO - Started process (PID=70) to work on /home/airflow/.local/lib/python3.8/site-packages/airflow/example_dags/example_dag_decorator.py
[2024-10-20T16:04:53.024+0000] {processor.py:829} INFO - Processing file /home/airflow/.local/lib/python3.8/site-packages/airflow/example_dags/example_dag_decorator.py for tasks to queue
[2024-10-20T16:04:53.030+0000] {logging_mixin.py:154} INFO - [2024-10-20T16:04:53.029+0000] {dagbag.py:536} INFO - Filling up the DagBag from /home/airflow/.local/lib/python3.8/site-packages/airflow/example_dags/example_dag_decorator.py
[2024-10-20T16:04:53.358+0000] {processor.py:839} INFO - DAG(s) dict_keys(['example_dag_decorator']) retrieved from /home/airflow/.local/lib/python3.8/site-packages/airflow/example_dags/example_dag_decorator.py
[2024-10-20T16:04:53.900+0000] {logging_mixin.py:154} INFO - [2024-10-20T16:04:53.899+0000] {dag.py:2941} INFO - Sync 1 DAGs
[2024-10-20T16:04:53.925+0000] {logging_mixin.py:154} INFO - [2024-10-20T16:04:53.925+0000] {dag.py:3722} INFO - Setting next_dagrun for example_dag_decorator to None, run_after=None
[2024-10-20T16:04:53.994+0000] {processor.py:179} INFO - Processing /home/airflow/.local/lib/python3.8/site-packages/airflow/example_dags/example_dag_decorator.py took 0.983 seconds
[2024-10-20T16:05:24.097+0000] {processor.py:157} INFO - Started process (PID=127) to work on /home/airflow/.local/lib/python3.8/site-packages/airflow/example_dags/example_dag_decorator.py
[2024-10-20T16:05:24.103+0000] {processor.py:829} INFO - Processing file /home/airflow/.local/lib/python3.8/site-packages/airflow/example_dags/example_dag_decorator.py for tasks to queue
[2024-10-20T16:05:24.106+0000] {logging_mixin.py:154} INFO - [2024-10-20T16:05:24.105+0000] {dagbag.py:536} INFO - Filling up the DagBag from /home/airflow/.local/lib/python3.8/site-packages/airflow/example_dags/example_dag_decorator.py
[2024-10-20T16:05:24.204+0000] {processor.py:839} INFO - DAG(s) dict_keys(['example_dag_decorator']) retrieved from /home/airflow/.local/lib/python3.8/site-packages/airflow/example_dags/example_dag_decorator.py
[2024-10-20T16:05:24.360+0000] {logging_mixin.py:154} INFO - [2024-10-20T16:05:24.360+0000] {dag.py:2941} INFO - Sync 1 DAGs
[2024-10-20T16:05:24.374+0000] {logging_mixin.py:154} INFO - [2024-10-20T16:05:24.374+0000] {dag.py:3722} INFO - Setting next_dagrun for example_dag_decorator to None, run_after=None
[2024-10-20T16:05:24.396+0000] {processor.py:179} INFO - Processing /home/airflow/.local/lib/python3.8/site-packages/airflow/example_dags/example_dag_decorator.py took 0.303 seconds
[2024-10-20T16:05:54.485+0000] {processor.py:157} INFO - Started process (PID=181) to work on /home/airflow/.local/lib/python3.8/site-packages/airflow/example_dags/example_dag_decorator.py
[2024-10-20T16:05:54.487+0000] {processor.py:829} INFO - Processing file /home/airflow/.local/lib/python3.8/site-packages/airflow/example_dags/example_dag_decorator.py for tasks to queue
[2024-10-20T16:05:54.491+0000] {logging_mixin.py:154} INFO - [2024-10-20T16:05:54.491+0000] {dagbag.py:536} INFO - Filling up the DagBag from /home/airflow/.local/lib/python3.8/site-packages/airflow/example_dags/example_dag_decorator.py
[2024-10-20T16:05:54.607+0000] {processor.py:839} INFO - DAG(s) dict_keys(['example_dag_decorator']) retrieved from /home/airflow/.local/lib/python3.8/site-packages/airflow/example_dags/example_dag_decorator.py
[2024-10-20T16:05:54.973+0000] {logging_mixin.py:154} INFO - [2024-10-20T16:05:54.972+0000] {dag.py:2941} INFO - Sync 1 DAGs
[2024-10-20T16:05:54.993+0000] {logging_mixin.py:154} INFO - [2024-10-20T16:05:54.993+0000] {dag.py:3722} INFO - Setting next_dagrun for example_dag_decorator to None, run_after=None
[2024-10-20T16:05:55.036+0000] {processor.py:179} INFO - Processing /home/airflow/.local/lib/python3.8/site-packages/airflow/example_dags/example_dag_decorator.py took 0.555 seconds
[2024-10-20T16:06:25.793+0000] {processor.py:157} INFO - Started process (PID=242) to work on /home/airflow/.local/lib/python3.8/site-packages/airflow/example_dags/example_dag_decorator.py
[2024-10-20T16:06:25.795+0000] {processor.py:829} INFO - Processing file /home/airflow/.local/lib/python3.8/site-packages/airflow/example_dags/example_dag_decorator.py for tasks to queue
[2024-10-20T16:06:25.797+0000] {logging_mixin.py:154} INFO - [2024-10-20T16:06:25.797+0000] {dagbag.py:536} INFO - Filling up the DagBag from /home/airflow/.local/lib/python3.8/site-packages/airflow/example_dags/example_dag_decorator.py
[2024-10-20T16:06:25.882+0000] {processor.py:839} INFO - DAG(s) dict_keys(['example_dag_decorator']) retrieved from /home/airflow/.local/lib/python3.8/site-packages/airflow/example_dags/example_dag_decorator.py
[2024-10-20T16:06:26.042+0000] {logging_mixin.py:154} INFO - [2024-10-20T16:06:26.042+0000] {dag.py:2941} INFO - Sync 1 DAGs
[2024-10-20T16:06:26.215+0000] {logging_mixin.py:154} INFO - [2024-10-20T16:06:26.214+0000] {dag.py:3722} INFO - Setting next_dagrun for example_dag_decorator to None, run_after=None
[2024-10-20T16:06:26.241+0000] {processor.py:179} INFO - Processing /home/airflow/.local/lib/python3.8/site-packages/airflow/example_dags/example_dag_decorator.py took 0.451 seconds
[2024-10-20T16:06:56.419+0000] {processor.py:157} INFO - Started process (PID=299) to work on /home/airflow/.local/lib/python3.8/site-packages/airflow/example_dags/example_dag_decorator.py
[2024-10-20T16:06:56.422+0000] {processor.py:829} INFO - Processing file /home/airflow/.local/lib/python3.8/site-packages/airflow/example_dags/example_dag_decorator.py for tasks to queue
[2024-10-20T16:06:56.427+0000] {logging_mixin.py:154} INFO - [2024-10-20T16:06:56.426+0000] {dagbag.py:536} INFO - Filling up the DagBag from /home/airflow/.local/lib/python3.8/site-packages/airflow/example_dags/example_dag_decorator.py
[2024-10-20T16:06:56.580+0000] {processor.py:839} INFO - DAG(s) dict_keys(['example_dag_decorator']) retrieved from /home/airflow/.local/lib/python3.8/site-packages/airflow/example_dags/example_dag_decorator.py
[2024-10-20T16:06:56.796+0000] {logging_mixin.py:154} INFO - [2024-10-20T16:06:56.796+0000] {dag.py:2941} INFO - Sync 1 DAGs
[2024-10-20T16:06:57.068+0000] {logging_mixin.py:154} INFO - [2024-10-20T16:06:57.068+0000] {dag.py:3722} INFO - Setting next_dagrun for example_dag_decorator to None, run_after=None
[2024-10-20T16:06:57.103+0000] {processor.py:179} INFO - Processing /home/airflow/.local/lib/python3.8/site-packages/airflow/example_dags/example_dag_decorator.py took 0.694 seconds
[2024-10-20T16:08:14.044+0000] {processor.py:157} INFO - Started process (PID=71) to work on /home/airflow/.local/lib/python3.8/site-packages/airflow/example_dags/example_dag_decorator.py
[2024-10-20T16:08:14.047+0000] {processor.py:829} INFO - Processing file /home/airflow/.local/lib/python3.8/site-packages/airflow/example_dags/example_dag_decorator.py for tasks to queue
[2024-10-20T16:08:14.051+0000] {logging_mixin.py:154} INFO - [2024-10-20T16:08:14.051+0000] {dagbag.py:536} INFO - Filling up the DagBag from /home/airflow/.local/lib/python3.8/site-packages/airflow/example_dags/example_dag_decorator.py
[2024-10-20T16:08:14.399+0000] {processor.py:839} INFO - DAG(s) dict_keys(['example_dag_decorator']) retrieved from /home/airflow/.local/lib/python3.8/site-packages/airflow/example_dags/example_dag_decorator.py
[2024-10-20T16:08:14.903+0000] {logging_mixin.py:154} INFO - [2024-10-20T16:08:14.902+0000] {dag.py:2941} INFO - Sync 1 DAGs
[2024-10-20T16:08:14.944+0000] {logging_mixin.py:154} INFO - [2024-10-20T16:08:14.944+0000] {dag.py:3722} INFO - Setting next_dagrun for example_dag_decorator to None, run_after=None
[2024-10-20T16:08:15.013+0000] {processor.py:179} INFO - Processing /home/airflow/.local/lib/python3.8/site-packages/airflow/example_dags/example_dag_decorator.py took 0.974 seconds
[2024-10-20T16:08:46.040+0000] {processor.py:157} INFO - Started process (PID=126) to work on /home/airflow/.local/lib/python3.8/site-packages/airflow/example_dags/example_dag_decorator.py
[2024-10-20T16:08:46.043+0000] {processor.py:829} INFO - Processing file /home/airflow/.local/lib/python3.8/site-packages/airflow/example_dags/example_dag_decorator.py for tasks to queue
[2024-10-20T16:08:46.048+0000] {logging_mixin.py:154} INFO - [2024-10-20T16:08:46.048+0000] {dagbag.py:536} INFO - Filling up the DagBag from /home/airflow/.local/lib/python3.8/site-packages/airflow/example_dags/example_dag_decorator.py
[2024-10-20T16:08:46.238+0000] {processor.py:839} INFO - DAG(s) dict_keys(['example_dag_decorator']) retrieved from /home/airflow/.local/lib/python3.8/site-packages/airflow/example_dags/example_dag_decorator.py
[2024-10-20T16:08:46.499+0000] {logging_mixin.py:154} INFO - [2024-10-20T16:08:46.499+0000] {dag.py:2941} INFO - Sync 1 DAGs
[2024-10-20T16:08:46.521+0000] {logging_mixin.py:154} INFO - [2024-10-20T16:08:46.521+0000] {dag.py:3722} INFO - Setting next_dagrun for example_dag_decorator to None, run_after=None
[2024-10-20T16:08:46.580+0000] {processor.py:179} INFO - Processing /home/airflow/.local/lib/python3.8/site-packages/airflow/example_dags/example_dag_decorator.py took 0.547 seconds
[2024-10-20T16:09:16.844+0000] {processor.py:157} INFO - Started process (PID=182) to work on /home/airflow/.local/lib/python3.8/site-packages/airflow/example_dags/example_dag_decorator.py
[2024-10-20T16:09:16.846+0000] {processor.py:829} INFO - Processing file /home/airflow/.local/lib/python3.8/site-packages/airflow/example_dags/example_dag_decorator.py for tasks to queue
[2024-10-20T16:09:16.851+0000] {logging_mixin.py:154} INFO - [2024-10-20T16:09:16.850+0000] {dagbag.py:536} INFO - Filling up the DagBag from /home/airflow/.local/lib/python3.8/site-packages/airflow/example_dags/example_dag_decorator.py
[2024-10-20T16:09:17.034+0000] {processor.py:839} INFO - DAG(s) dict_keys(['example_dag_decorator']) retrieved from /home/airflow/.local/lib/python3.8/site-packages/airflow/example_dags/example_dag_decorator.py
[2024-10-20T16:09:17.594+0000] {logging_mixin.py:154} INFO - [2024-10-20T16:09:17.594+0000] {dag.py:2941} INFO - Sync 1 DAGs
[2024-10-20T16:09:17.614+0000] {logging_mixin.py:154} INFO - [2024-10-20T16:09:17.614+0000] {dag.py:3722} INFO - Setting next_dagrun for example_dag_decorator to None, run_after=None
[2024-10-20T16:09:17.656+0000] {processor.py:179} INFO - Processing /home/airflow/.local/lib/python3.8/site-packages/airflow/example_dags/example_dag_decorator.py took 0.817 seconds
[2024-10-20T16:09:47.750+0000] {processor.py:157} INFO - Started process (PID=241) to work on /home/airflow/.local/lib/python3.8/site-packages/airflow/example_dags/example_dag_decorator.py
[2024-10-20T16:09:47.752+0000] {processor.py:829} INFO - Processing file /home/airflow/.local/lib/python3.8/site-packages/airflow/example_dags/example_dag_decorator.py for tasks to queue
[2024-10-20T16:09:47.755+0000] {logging_mixin.py:154} INFO - [2024-10-20T16:09:47.755+0000] {dagbag.py:536} INFO - Filling up the DagBag from /home/airflow/.local/lib/python3.8/site-packages/airflow/example_dags/example_dag_decorator.py
[2024-10-20T16:09:47.884+0000] {processor.py:839} INFO - DAG(s) dict_keys(['example_dag_decorator']) retrieved from /home/airflow/.local/lib/python3.8/site-packages/airflow/example_dags/example_dag_decorator.py
[2024-10-20T16:09:48.101+0000] {logging_mixin.py:154} INFO - [2024-10-20T16:09:48.100+0000] {dag.py:2941} INFO - Sync 1 DAGs
[2024-10-20T16:09:48.371+0000] {logging_mixin.py:154} INFO - [2024-10-20T16:09:48.371+0000] {dag.py:3722} INFO - Setting next_dagrun for example_dag_decorator to None, run_after=None
[2024-10-20T16:09:48.410+0000] {processor.py:179} INFO - Processing /home/airflow/.local/lib/python3.8/site-packages/airflow/example_dags/example_dag_decorator.py took 0.664 seconds
[2024-10-20T16:10:18.622+0000] {processor.py:157} INFO - Started process (PID=305) to work on /home/airflow/.local/lib/python3.8/site-packages/airflow/example_dags/example_dag_decorator.py
[2024-10-20T16:10:18.623+0000] {processor.py:829} INFO - Processing file /home/airflow/.local/lib/python3.8/site-packages/airflow/example_dags/example_dag_decorator.py for tasks to queue
[2024-10-20T16:10:18.627+0000] {logging_mixin.py:154} INFO - [2024-10-20T16:10:18.626+0000] {dagbag.py:536} INFO - Filling up the DagBag from /home/airflow/.local/lib/python3.8/site-packages/airflow/example_dags/example_dag_decorator.py
[2024-10-20T16:10:18.762+0000] {processor.py:839} INFO - DAG(s) dict_keys(['example_dag_decorator']) retrieved from /home/airflow/.local/lib/python3.8/site-packages/airflow/example_dags/example_dag_decorator.py
[2024-10-20T16:10:19.030+0000] {logging_mixin.py:154} INFO - [2024-10-20T16:10:19.030+0000] {dag.py:2941} INFO - Sync 1 DAGs
[2024-10-20T16:10:19.050+0000] {logging_mixin.py:154} INFO - [2024-10-20T16:10:19.050+0000] {dag.py:3722} INFO - Setting next_dagrun for example_dag_decorator to None, run_after=None
[2024-10-20T16:10:19.281+0000] {processor.py:179} INFO - Processing /home/airflow/.local/lib/python3.8/site-packages/airflow/example_dags/example_dag_decorator.py took 0.663 seconds
[2024-10-20T16:10:49.346+0000] {processor.py:157} INFO - Started process (PID=363) to work on /home/airflow/.local/lib/python3.8/site-packages/airflow/example_dags/example_dag_decorator.py
[2024-10-20T16:10:49.349+0000] {processor.py:829} INFO - Processing file /home/airflow/.local/lib/python3.8/site-packages/airflow/example_dags/example_dag_decorator.py for tasks to queue
[2024-10-20T16:10:49.353+0000] {logging_mixin.py:154} INFO - [2024-10-20T16:10:49.352+0000] {dagbag.py:536} INFO - Filling up the DagBag from /home/airflow/.local/lib/python3.8/site-packages/airflow/example_dags/example_dag_decorator.py
[2024-10-20T16:10:49.497+0000] {processor.py:839} INFO - DAG(s) dict_keys(['example_dag_decorator']) retrieved from /home/airflow/.local/lib/python3.8/site-packages/airflow/example_dags/example_dag_decorator.py
[2024-10-20T16:10:49.879+0000] {logging_mixin.py:154} INFO - [2024-10-20T16:10:49.879+0000] {dag.py:2941} INFO - Sync 1 DAGs
[2024-10-20T16:10:49.910+0000] {logging_mixin.py:154} INFO - [2024-10-20T16:10:49.910+0000] {dag.py:3722} INFO - Setting next_dagrun for example_dag_decorator to None, run_after=None
[2024-10-20T16:10:49.955+0000] {processor.py:179} INFO - Processing /home/airflow/.local/lib/python3.8/site-packages/airflow/example_dags/example_dag_decorator.py took 0.613 seconds
[2024-10-20T16:11:20.553+0000] {processor.py:157} INFO - Started process (PID=421) to work on /home/airflow/.local/lib/python3.8/site-packages/airflow/example_dags/example_dag_decorator.py
[2024-10-20T16:11:20.555+0000] {processor.py:829} INFO - Processing file /home/airflow/.local/lib/python3.8/site-packages/airflow/example_dags/example_dag_decorator.py for tasks to queue
[2024-10-20T16:11:20.559+0000] {logging_mixin.py:154} INFO - [2024-10-20T16:11:20.559+0000] {dagbag.py:536} INFO - Filling up the DagBag from /home/airflow/.local/lib/python3.8/site-packages/airflow/example_dags/example_dag_decorator.py
[2024-10-20T16:11:20.704+0000] {processor.py:839} INFO - DAG(s) dict_keys(['example_dag_decorator']) retrieved from /home/airflow/.local/lib/python3.8/site-packages/airflow/example_dags/example_dag_decorator.py
[2024-10-20T16:11:21.158+0000] {logging_mixin.py:154} INFO - [2024-10-20T16:11:21.157+0000] {dag.py:2941} INFO - Sync 1 DAGs
[2024-10-20T16:11:21.176+0000] {logging_mixin.py:154} INFO - [2024-10-20T16:11:21.176+0000] {dag.py:3722} INFO - Setting next_dagrun for example_dag_decorator to None, run_after=None
[2024-10-20T16:11:21.212+0000] {processor.py:179} INFO - Processing /home/airflow/.local/lib/python3.8/site-packages/airflow/example_dags/example_dag_decorator.py took 0.665 seconds
[2024-10-20T16:25:07.478+0000] {processor.py:157} INFO - Started process (PID=71) to work on /home/airflow/.local/lib/python3.8/site-packages/airflow/example_dags/example_dag_decorator.py
[2024-10-20T16:25:07.481+0000] {processor.py:829} INFO - Processing file /home/airflow/.local/lib/python3.8/site-packages/airflow/example_dags/example_dag_decorator.py for tasks to queue
[2024-10-20T16:25:07.487+0000] {logging_mixin.py:154} INFO - [2024-10-20T16:25:07.487+0000] {dagbag.py:536} INFO - Filling up the DagBag from /home/airflow/.local/lib/python3.8/site-packages/airflow/example_dags/example_dag_decorator.py
[2024-10-20T16:25:07.853+0000] {processor.py:839} INFO - DAG(s) dict_keys(['example_dag_decorator']) retrieved from /home/airflow/.local/lib/python3.8/site-packages/airflow/example_dags/example_dag_decorator.py
[2024-10-20T16:25:08.410+0000] {logging_mixin.py:154} INFO - [2024-10-20T16:25:08.409+0000] {dag.py:2941} INFO - Sync 1 DAGs
[2024-10-20T16:25:08.449+0000] {logging_mixin.py:154} INFO - [2024-10-20T16:25:08.448+0000] {dag.py:3722} INFO - Setting next_dagrun for example_dag_decorator to None, run_after=None
[2024-10-20T16:25:08.512+0000] {processor.py:179} INFO - Processing /home/airflow/.local/lib/python3.8/site-packages/airflow/example_dags/example_dag_decorator.py took 1.043 seconds
[2024-10-20T16:25:38.899+0000] {processor.py:157} INFO - Started process (PID=126) to work on /home/airflow/.local/lib/python3.8/site-packages/airflow/example_dags/example_dag_decorator.py
[2024-10-20T16:25:38.901+0000] {processor.py:829} INFO - Processing file /home/airflow/.local/lib/python3.8/site-packages/airflow/example_dags/example_dag_decorator.py for tasks to queue
[2024-10-20T16:25:38.908+0000] {logging_mixin.py:154} INFO - [2024-10-20T16:25:38.907+0000] {dagbag.py:536} INFO - Filling up the DagBag from /home/airflow/.local/lib/python3.8/site-packages/airflow/example_dags/example_dag_decorator.py
[2024-10-20T16:25:39.256+0000] {processor.py:839} INFO - DAG(s) dict_keys(['example_dag_decorator']) retrieved from /home/airflow/.local/lib/python3.8/site-packages/airflow/example_dags/example_dag_decorator.py
[2024-10-20T16:25:39.612+0000] {logging_mixin.py:154} INFO - [2024-10-20T16:25:39.611+0000] {dag.py:2941} INFO - Sync 1 DAGs
[2024-10-20T16:25:39.692+0000] {logging_mixin.py:154} INFO - [2024-10-20T16:25:39.692+0000] {dag.py:3722} INFO - Setting next_dagrun for example_dag_decorator to None, run_after=None
[2024-10-20T16:25:39.763+0000] {processor.py:179} INFO - Processing /home/airflow/.local/lib/python3.8/site-packages/airflow/example_dags/example_dag_decorator.py took 0.874 seconds
[2024-10-20T16:26:09.818+0000] {processor.py:157} INFO - Started process (PID=183) to work on /home/airflow/.local/lib/python3.8/site-packages/airflow/example_dags/example_dag_decorator.py
[2024-10-20T16:26:09.820+0000] {processor.py:829} INFO - Processing file /home/airflow/.local/lib/python3.8/site-packages/airflow/example_dags/example_dag_decorator.py for tasks to queue
[2024-10-20T16:26:09.822+0000] {logging_mixin.py:154} INFO - [2024-10-20T16:26:09.821+0000] {dagbag.py:536} INFO - Filling up the DagBag from /home/airflow/.local/lib/python3.8/site-packages/airflow/example_dags/example_dag_decorator.py
[2024-10-20T16:26:10.048+0000] {processor.py:839} INFO - DAG(s) dict_keys(['example_dag_decorator']) retrieved from /home/airflow/.local/lib/python3.8/site-packages/airflow/example_dags/example_dag_decorator.py
[2024-10-20T16:26:10.552+0000] {logging_mixin.py:154} INFO - [2024-10-20T16:26:10.551+0000] {dag.py:2941} INFO - Sync 1 DAGs
[2024-10-20T16:26:10.574+0000] {logging_mixin.py:154} INFO - [2024-10-20T16:26:10.573+0000] {dag.py:3722} INFO - Setting next_dagrun for example_dag_decorator to None, run_after=None
[2024-10-20T16:26:10.612+0000] {processor.py:179} INFO - Processing /home/airflow/.local/lib/python3.8/site-packages/airflow/example_dags/example_dag_decorator.py took 0.800 seconds
[2024-10-20T16:27:55.405+0000] {processor.py:157} INFO - Started process (PID=64) to work on /home/airflow/.local/lib/python3.8/site-packages/airflow/example_dags/example_dag_decorator.py
[2024-10-20T16:27:55.407+0000] {processor.py:829} INFO - Processing file /home/airflow/.local/lib/python3.8/site-packages/airflow/example_dags/example_dag_decorator.py for tasks to queue
[2024-10-20T16:27:55.410+0000] {logging_mixin.py:154} INFO - [2024-10-20T16:27:55.409+0000] {dagbag.py:536} INFO - Filling up the DagBag from /home/airflow/.local/lib/python3.8/site-packages/airflow/example_dags/example_dag_decorator.py
[2024-10-20T16:27:55.590+0000] {processor.py:839} INFO - DAG(s) dict_keys(['example_dag_decorator']) retrieved from /home/airflow/.local/lib/python3.8/site-packages/airflow/example_dags/example_dag_decorator.py
[2024-10-20T16:27:55.625+0000] {logging_mixin.py:154} INFO - [2024-10-20T16:27:55.624+0000] {dag.py:2941} INFO - Sync 1 DAGs
[2024-10-20T16:27:55.649+0000] {logging_mixin.py:154} INFO - [2024-10-20T16:27:55.649+0000] {dag.py:3722} INFO - Setting next_dagrun for example_dag_decorator to None, run_after=None
[2024-10-20T16:27:55.685+0000] {processor.py:179} INFO - Processing /home/airflow/.local/lib/python3.8/site-packages/airflow/example_dags/example_dag_decorator.py took 0.283 seconds
[2024-10-20T16:28:26.038+0000] {processor.py:157} INFO - Started process (PID=119) to work on /home/airflow/.local/lib/python3.8/site-packages/airflow/example_dags/example_dag_decorator.py
[2024-10-20T16:28:26.040+0000] {processor.py:829} INFO - Processing file /home/airflow/.local/lib/python3.8/site-packages/airflow/example_dags/example_dag_decorator.py for tasks to queue
[2024-10-20T16:28:26.046+0000] {logging_mixin.py:154} INFO - [2024-10-20T16:28:26.045+0000] {dagbag.py:536} INFO - Filling up the DagBag from /home/airflow/.local/lib/python3.8/site-packages/airflow/example_dags/example_dag_decorator.py
[2024-10-20T16:28:26.217+0000] {processor.py:839} INFO - DAG(s) dict_keys(['example_dag_decorator']) retrieved from /home/airflow/.local/lib/python3.8/site-packages/airflow/example_dags/example_dag_decorator.py
[2024-10-20T16:28:26.509+0000] {logging_mixin.py:154} INFO - [2024-10-20T16:28:26.509+0000] {dag.py:2941} INFO - Sync 1 DAGs
[2024-10-20T16:28:26.525+0000] {logging_mixin.py:154} INFO - [2024-10-20T16:28:26.524+0000] {dag.py:3722} INFO - Setting next_dagrun for example_dag_decorator to None, run_after=None
[2024-10-20T16:28:26.558+0000] {processor.py:179} INFO - Processing /home/airflow/.local/lib/python3.8/site-packages/airflow/example_dags/example_dag_decorator.py took 0.526 seconds
[2024-10-20T16:28:56.660+0000] {processor.py:157} INFO - Started process (PID=177) to work on /home/airflow/.local/lib/python3.8/site-packages/airflow/example_dags/example_dag_decorator.py
[2024-10-20T16:28:56.662+0000] {processor.py:829} INFO - Processing file /home/airflow/.local/lib/python3.8/site-packages/airflow/example_dags/example_dag_decorator.py for tasks to queue
[2024-10-20T16:28:56.664+0000] {logging_mixin.py:154} INFO - [2024-10-20T16:28:56.664+0000] {dagbag.py:536} INFO - Filling up the DagBag from /home/airflow/.local/lib/python3.8/site-packages/airflow/example_dags/example_dag_decorator.py
[2024-10-20T16:28:56.762+0000] {processor.py:839} INFO - DAG(s) dict_keys(['example_dag_decorator']) retrieved from /home/airflow/.local/lib/python3.8/site-packages/airflow/example_dags/example_dag_decorator.py
[2024-10-20T16:28:57.049+0000] {logging_mixin.py:154} INFO - [2024-10-20T16:28:57.049+0000] {dag.py:2941} INFO - Sync 1 DAGs
[2024-10-20T16:28:57.063+0000] {logging_mixin.py:154} INFO - [2024-10-20T16:28:57.062+0000] {dag.py:3722} INFO - Setting next_dagrun for example_dag_decorator to None, run_after=None
[2024-10-20T16:28:57.089+0000] {processor.py:179} INFO - Processing /home/airflow/.local/lib/python3.8/site-packages/airflow/example_dags/example_dag_decorator.py took 0.432 seconds
[2024-10-20T16:29:27.982+0000] {processor.py:157} INFO - Started process (PID=240) to work on /home/airflow/.local/lib/python3.8/site-packages/airflow/example_dags/example_dag_decorator.py
[2024-10-20T16:29:27.983+0000] {processor.py:829} INFO - Processing file /home/airflow/.local/lib/python3.8/site-packages/airflow/example_dags/example_dag_decorator.py for tasks to queue
[2024-10-20T16:29:27.986+0000] {logging_mixin.py:154} INFO - [2024-10-20T16:29:27.986+0000] {dagbag.py:536} INFO - Filling up the DagBag from /home/airflow/.local/lib/python3.8/site-packages/airflow/example_dags/example_dag_decorator.py
[2024-10-20T16:29:28.060+0000] {processor.py:839} INFO - DAG(s) dict_keys(['example_dag_decorator']) retrieved from /home/airflow/.local/lib/python3.8/site-packages/airflow/example_dags/example_dag_decorator.py
[2024-10-20T16:29:28.183+0000] {logging_mixin.py:154} INFO - [2024-10-20T16:29:28.183+0000] {dag.py:2941} INFO - Sync 1 DAGs
[2024-10-20T16:29:28.361+0000] {logging_mixin.py:154} INFO - [2024-10-20T16:29:28.361+0000] {dag.py:3722} INFO - Setting next_dagrun for example_dag_decorator to None, run_after=None
[2024-10-20T16:29:28.392+0000] {processor.py:179} INFO - Processing /home/airflow/.local/lib/python3.8/site-packages/airflow/example_dags/example_dag_decorator.py took 0.414 seconds
[2024-10-20T16:30:59.499+0000] {processor.py:157} INFO - Started process (PID=82) to work on /home/airflow/.local/lib/python3.8/site-packages/airflow/example_dags/example_dag_decorator.py
[2024-10-20T16:30:59.501+0000] {processor.py:829} INFO - Processing file /home/airflow/.local/lib/python3.8/site-packages/airflow/example_dags/example_dag_decorator.py for tasks to queue
[2024-10-20T16:30:59.503+0000] {logging_mixin.py:154} INFO - [2024-10-20T16:30:59.503+0000] {dagbag.py:536} INFO - Filling up the DagBag from /home/airflow/.local/lib/python3.8/site-packages/airflow/example_dags/example_dag_decorator.py
[2024-10-20T16:30:59.701+0000] {processor.py:839} INFO - DAG(s) dict_keys(['example_dag_decorator']) retrieved from /home/airflow/.local/lib/python3.8/site-packages/airflow/example_dags/example_dag_decorator.py
[2024-10-20T16:31:00.005+0000] {logging_mixin.py:154} INFO - [2024-10-20T16:31:00.005+0000] {dag.py:2941} INFO - Sync 1 DAGs
[2024-10-20T16:31:00.023+0000] {logging_mixin.py:154} INFO - [2024-10-20T16:31:00.023+0000] {dag.py:3722} INFO - Setting next_dagrun for example_dag_decorator to None, run_after=None
[2024-10-20T16:31:00.053+0000] {processor.py:179} INFO - Processing /home/airflow/.local/lib/python3.8/site-packages/airflow/example_dags/example_dag_decorator.py took 0.557 seconds
[2024-10-20T16:31:30.373+0000] {processor.py:157} INFO - Started process (PID=137) to work on /home/airflow/.local/lib/python3.8/site-packages/airflow/example_dags/example_dag_decorator.py
[2024-10-20T16:31:30.375+0000] {processor.py:829} INFO - Processing file /home/airflow/.local/lib/python3.8/site-packages/airflow/example_dags/example_dag_decorator.py for tasks to queue
[2024-10-20T16:31:30.377+0000] {logging_mixin.py:154} INFO - [2024-10-20T16:31:30.377+0000] {dagbag.py:536} INFO - Filling up the DagBag from /home/airflow/.local/lib/python3.8/site-packages/airflow/example_dags/example_dag_decorator.py
[2024-10-20T16:31:30.452+0000] {processor.py:839} INFO - DAG(s) dict_keys(['example_dag_decorator']) retrieved from /home/airflow/.local/lib/python3.8/site-packages/airflow/example_dags/example_dag_decorator.py
[2024-10-20T16:31:30.567+0000] {logging_mixin.py:154} INFO - [2024-10-20T16:31:30.566+0000] {dag.py:2941} INFO - Sync 1 DAGs
[2024-10-20T16:31:30.578+0000] {logging_mixin.py:154} INFO - [2024-10-20T16:31:30.577+0000] {dag.py:3722} INFO - Setting next_dagrun for example_dag_decorator to None, run_after=None
[2024-10-20T16:31:30.606+0000] {processor.py:179} INFO - Processing /home/airflow/.local/lib/python3.8/site-packages/airflow/example_dags/example_dag_decorator.py took 0.236 seconds
[2024-10-20T16:32:00.856+0000] {processor.py:157} INFO - Started process (PID=193) to work on /home/airflow/.local/lib/python3.8/site-packages/airflow/example_dags/example_dag_decorator.py
[2024-10-20T16:32:00.857+0000] {processor.py:829} INFO - Processing file /home/airflow/.local/lib/python3.8/site-packages/airflow/example_dags/example_dag_decorator.py for tasks to queue
[2024-10-20T16:32:00.859+0000] {logging_mixin.py:154} INFO - [2024-10-20T16:32:00.859+0000] {dagbag.py:536} INFO - Filling up the DagBag from /home/airflow/.local/lib/python3.8/site-packages/airflow/example_dags/example_dag_decorator.py
[2024-10-20T16:32:00.956+0000] {processor.py:839} INFO - DAG(s) dict_keys(['example_dag_decorator']) retrieved from /home/airflow/.local/lib/python3.8/site-packages/airflow/example_dags/example_dag_decorator.py
[2024-10-20T16:32:01.274+0000] {logging_mixin.py:154} INFO - [2024-10-20T16:32:01.274+0000] {dag.py:2941} INFO - Sync 1 DAGs
[2024-10-20T16:32:01.287+0000] {logging_mixin.py:154} INFO - [2024-10-20T16:32:01.287+0000] {dag.py:3722} INFO - Setting next_dagrun for example_dag_decorator to None, run_after=None
[2024-10-20T16:32:01.429+0000] {processor.py:179} INFO - Processing /home/airflow/.local/lib/python3.8/site-packages/airflow/example_dags/example_dag_decorator.py took 0.581 seconds
[2024-10-20T16:32:31.740+0000] {processor.py:157} INFO - Started process (PID=249) to work on /home/airflow/.local/lib/python3.8/site-packages/airflow/example_dags/example_dag_decorator.py
[2024-10-20T16:32:31.742+0000] {processor.py:829} INFO - Processing file /home/airflow/.local/lib/python3.8/site-packages/airflow/example_dags/example_dag_decorator.py for tasks to queue
[2024-10-20T16:32:31.746+0000] {logging_mixin.py:154} INFO - [2024-10-20T16:32:31.745+0000] {dagbag.py:536} INFO - Filling up the DagBag from /home/airflow/.local/lib/python3.8/site-packages/airflow/example_dags/example_dag_decorator.py
[2024-10-20T16:32:31.817+0000] {processor.py:839} INFO - DAG(s) dict_keys(['example_dag_decorator']) retrieved from /home/airflow/.local/lib/python3.8/site-packages/airflow/example_dags/example_dag_decorator.py
[2024-10-20T16:32:31.932+0000] {logging_mixin.py:154} INFO - [2024-10-20T16:32:31.931+0000] {dag.py:2941} INFO - Sync 1 DAGs
[2024-10-20T16:32:32.089+0000] {logging_mixin.py:154} INFO - [2024-10-20T16:32:32.089+0000] {dag.py:3722} INFO - Setting next_dagrun for example_dag_decorator to None, run_after=None
[2024-10-20T16:32:32.113+0000] {processor.py:179} INFO - Processing /home/airflow/.local/lib/python3.8/site-packages/airflow/example_dags/example_dag_decorator.py took 0.377 seconds
[2024-10-20T16:33:02.228+0000] {processor.py:157} INFO - Started process (PID=314) to work on /home/airflow/.local/lib/python3.8/site-packages/airflow/example_dags/example_dag_decorator.py
[2024-10-20T16:33:02.229+0000] {processor.py:829} INFO - Processing file /home/airflow/.local/lib/python3.8/site-packages/airflow/example_dags/example_dag_decorator.py for tasks to queue
[2024-10-20T16:33:02.231+0000] {logging_mixin.py:154} INFO - [2024-10-20T16:33:02.230+0000] {dagbag.py:536} INFO - Filling up the DagBag from /home/airflow/.local/lib/python3.8/site-packages/airflow/example_dags/example_dag_decorator.py
[2024-10-20T16:33:02.299+0000] {processor.py:839} INFO - DAG(s) dict_keys(['example_dag_decorator']) retrieved from /home/airflow/.local/lib/python3.8/site-packages/airflow/example_dags/example_dag_decorator.py
[2024-10-20T16:33:02.401+0000] {logging_mixin.py:154} INFO - [2024-10-20T16:33:02.400+0000] {dag.py:2941} INFO - Sync 1 DAGs
[2024-10-20T16:33:02.411+0000] {logging_mixin.py:154} INFO - [2024-10-20T16:33:02.410+0000] {dag.py:3722} INFO - Setting next_dagrun for example_dag_decorator to None, run_after=None
[2024-10-20T16:33:02.580+0000] {processor.py:179} INFO - Processing /home/airflow/.local/lib/python3.8/site-packages/airflow/example_dags/example_dag_decorator.py took 0.356 seconds
[2024-10-20T16:34:23.385+0000] {processor.py:157} INFO - Started process (PID=83) to work on /home/airflow/.local/lib/python3.8/site-packages/airflow/example_dags/example_dag_decorator.py
[2024-10-20T16:34:23.386+0000] {processor.py:829} INFO - Processing file /home/airflow/.local/lib/python3.8/site-packages/airflow/example_dags/example_dag_decorator.py for tasks to queue
[2024-10-20T16:34:23.390+0000] {logging_mixin.py:154} INFO - [2024-10-20T16:34:23.389+0000] {dagbag.py:536} INFO - Filling up the DagBag from /home/airflow/.local/lib/python3.8/site-packages/airflow/example_dags/example_dag_decorator.py
[2024-10-20T16:34:23.559+0000] {processor.py:839} INFO - DAG(s) dict_keys(['example_dag_decorator']) retrieved from /home/airflow/.local/lib/python3.8/site-packages/airflow/example_dags/example_dag_decorator.py
[2024-10-20T16:34:23.866+0000] {logging_mixin.py:154} INFO - [2024-10-20T16:34:23.866+0000] {dag.py:2941} INFO - Sync 1 DAGs
[2024-10-20T16:34:23.881+0000] {logging_mixin.py:154} INFO - [2024-10-20T16:34:23.880+0000] {dag.py:3722} INFO - Setting next_dagrun for example_dag_decorator to None, run_after=None
[2024-10-20T16:34:23.921+0000] {processor.py:179} INFO - Processing /home/airflow/.local/lib/python3.8/site-packages/airflow/example_dags/example_dag_decorator.py took 0.539 seconds
[2024-10-20T16:34:54.092+0000] {processor.py:157} INFO - Started process (PID=138) to work on /home/airflow/.local/lib/python3.8/site-packages/airflow/example_dags/example_dag_decorator.py
[2024-10-20T16:34:54.093+0000] {processor.py:829} INFO - Processing file /home/airflow/.local/lib/python3.8/site-packages/airflow/example_dags/example_dag_decorator.py for tasks to queue
[2024-10-20T16:34:54.095+0000] {logging_mixin.py:154} INFO - [2024-10-20T16:34:54.095+0000] {dagbag.py:536} INFO - Filling up the DagBag from /home/airflow/.local/lib/python3.8/site-packages/airflow/example_dags/example_dag_decorator.py
[2024-10-20T16:34:54.174+0000] {processor.py:839} INFO - DAG(s) dict_keys(['example_dag_decorator']) retrieved from /home/airflow/.local/lib/python3.8/site-packages/airflow/example_dags/example_dag_decorator.py
[2024-10-20T16:34:54.291+0000] {logging_mixin.py:154} INFO - [2024-10-20T16:34:54.291+0000] {dag.py:2941} INFO - Sync 1 DAGs
[2024-10-20T16:34:54.304+0000] {logging_mixin.py:154} INFO - [2024-10-20T16:34:54.303+0000] {dag.py:3722} INFO - Setting next_dagrun for example_dag_decorator to None, run_after=None
[2024-10-20T16:34:54.330+0000] {processor.py:179} INFO - Processing /home/airflow/.local/lib/python3.8/site-packages/airflow/example_dags/example_dag_decorator.py took 0.241 seconds
[2024-10-20T16:35:24.478+0000] {processor.py:157} INFO - Started process (PID=194) to work on /home/airflow/.local/lib/python3.8/site-packages/airflow/example_dags/example_dag_decorator.py
[2024-10-20T16:35:24.479+0000] {processor.py:829} INFO - Processing file /home/airflow/.local/lib/python3.8/site-packages/airflow/example_dags/example_dag_decorator.py for tasks to queue
[2024-10-20T16:35:24.481+0000] {logging_mixin.py:154} INFO - [2024-10-20T16:35:24.481+0000] {dagbag.py:536} INFO - Filling up the DagBag from /home/airflow/.local/lib/python3.8/site-packages/airflow/example_dags/example_dag_decorator.py
[2024-10-20T16:35:24.550+0000] {processor.py:839} INFO - DAG(s) dict_keys(['example_dag_decorator']) retrieved from /home/airflow/.local/lib/python3.8/site-packages/airflow/example_dags/example_dag_decorator.py
[2024-10-20T16:35:24.790+0000] {logging_mixin.py:154} INFO - [2024-10-20T16:35:24.789+0000] {dag.py:2941} INFO - Sync 1 DAGs
[2024-10-20T16:35:24.800+0000] {logging_mixin.py:154} INFO - [2024-10-20T16:35:24.800+0000] {dag.py:3722} INFO - Setting next_dagrun for example_dag_decorator to None, run_after=None
[2024-10-20T16:35:24.823+0000] {processor.py:179} INFO - Processing /home/airflow/.local/lib/python3.8/site-packages/airflow/example_dags/example_dag_decorator.py took 0.349 seconds
[2024-10-20T16:35:54.965+0000] {processor.py:157} INFO - Started process (PID=250) to work on /home/airflow/.local/lib/python3.8/site-packages/airflow/example_dags/example_dag_decorator.py
[2024-10-20T16:35:54.966+0000] {processor.py:829} INFO - Processing file /home/airflow/.local/lib/python3.8/site-packages/airflow/example_dags/example_dag_decorator.py for tasks to queue
[2024-10-20T16:35:54.969+0000] {logging_mixin.py:154} INFO - [2024-10-20T16:35:54.968+0000] {dagbag.py:536} INFO - Filling up the DagBag from /home/airflow/.local/lib/python3.8/site-packages/airflow/example_dags/example_dag_decorator.py
[2024-10-20T16:35:55.036+0000] {processor.py:839} INFO - DAG(s) dict_keys(['example_dag_decorator']) retrieved from /home/airflow/.local/lib/python3.8/site-packages/airflow/example_dags/example_dag_decorator.py
[2024-10-20T16:35:55.143+0000] {logging_mixin.py:154} INFO - [2024-10-20T16:35:55.143+0000] {dag.py:2941} INFO - Sync 1 DAGs
[2024-10-20T16:35:55.308+0000] {logging_mixin.py:154} INFO - [2024-10-20T16:35:55.308+0000] {dag.py:3722} INFO - Setting next_dagrun for example_dag_decorator to None, run_after=None
[2024-10-20T16:35:55.335+0000] {processor.py:179} INFO - Processing /home/airflow/.local/lib/python3.8/site-packages/airflow/example_dags/example_dag_decorator.py took 0.374 seconds
[2024-10-20T16:36:25.667+0000] {processor.py:157} INFO - Started process (PID=306) to work on /home/airflow/.local/lib/python3.8/site-packages/airflow/example_dags/example_dag_decorator.py
[2024-10-20T16:36:25.669+0000] {processor.py:829} INFO - Processing file /home/airflow/.local/lib/python3.8/site-packages/airflow/example_dags/example_dag_decorator.py for tasks to queue
[2024-10-20T16:36:25.672+0000] {logging_mixin.py:154} INFO - [2024-10-20T16:36:25.672+0000] {dagbag.py:536} INFO - Filling up the DagBag from /home/airflow/.local/lib/python3.8/site-packages/airflow/example_dags/example_dag_decorator.py
[2024-10-20T16:36:25.741+0000] {processor.py:839} INFO - DAG(s) dict_keys(['example_dag_decorator']) retrieved from /home/airflow/.local/lib/python3.8/site-packages/airflow/example_dags/example_dag_decorator.py
[2024-10-20T16:36:25.850+0000] {logging_mixin.py:154} INFO - [2024-10-20T16:36:25.850+0000] {dag.py:2941} INFO - Sync 1 DAGs
[2024-10-20T16:36:25.863+0000] {logging_mixin.py:154} INFO - [2024-10-20T16:36:25.863+0000] {dag.py:3722} INFO - Setting next_dagrun for example_dag_decorator to None, run_after=None
[2024-10-20T16:36:26.057+0000] {processor.py:179} INFO - Processing /home/airflow/.local/lib/python3.8/site-packages/airflow/example_dags/example_dag_decorator.py took 0.393 seconds
[2024-10-20T16:36:56.204+0000] {processor.py:157} INFO - Started process (PID=367) to work on /home/airflow/.local/lib/python3.8/site-packages/airflow/example_dags/example_dag_decorator.py
[2024-10-20T16:36:56.205+0000] {processor.py:829} INFO - Processing file /home/airflow/.local/lib/python3.8/site-packages/airflow/example_dags/example_dag_decorator.py for tasks to queue
[2024-10-20T16:36:56.207+0000] {logging_mixin.py:154} INFO - [2024-10-20T16:36:56.207+0000] {dagbag.py:536} INFO - Filling up the DagBag from /home/airflow/.local/lib/python3.8/site-packages/airflow/example_dags/example_dag_decorator.py
[2024-10-20T16:36:56.279+0000] {processor.py:839} INFO - DAG(s) dict_keys(['example_dag_decorator']) retrieved from /home/airflow/.local/lib/python3.8/site-packages/airflow/example_dags/example_dag_decorator.py
[2024-10-20T16:36:56.556+0000] {logging_mixin.py:154} INFO - [2024-10-20T16:36:56.555+0000] {dag.py:2941} INFO - Sync 1 DAGs
[2024-10-20T16:36:56.567+0000] {logging_mixin.py:154} INFO - [2024-10-20T16:36:56.567+0000] {dag.py:3722} INFO - Setting next_dagrun for example_dag_decorator to None, run_after=None
[2024-10-20T16:36:56.591+0000] {processor.py:179} INFO - Processing /home/airflow/.local/lib/python3.8/site-packages/airflow/example_dags/example_dag_decorator.py took 0.390 seconds
[2024-10-20T16:37:26.725+0000] {processor.py:157} INFO - Started process (PID=433) to work on /home/airflow/.local/lib/python3.8/site-packages/airflow/example_dags/example_dag_decorator.py
[2024-10-20T16:37:26.726+0000] {processor.py:829} INFO - Processing file /home/airflow/.local/lib/python3.8/site-packages/airflow/example_dags/example_dag_decorator.py for tasks to queue
[2024-10-20T16:37:26.728+0000] {logging_mixin.py:154} INFO - [2024-10-20T16:37:26.728+0000] {dagbag.py:536} INFO - Filling up the DagBag from /home/airflow/.local/lib/python3.8/site-packages/airflow/example_dags/example_dag_decorator.py
[2024-10-20T16:37:26.803+0000] {processor.py:839} INFO - DAG(s) dict_keys(['example_dag_decorator']) retrieved from /home/airflow/.local/lib/python3.8/site-packages/airflow/example_dags/example_dag_decorator.py
[2024-10-20T16:37:27.115+0000] {logging_mixin.py:154} INFO - [2024-10-20T16:37:27.115+0000] {dag.py:2941} INFO - Sync 1 DAGs
[2024-10-20T16:37:27.127+0000] {logging_mixin.py:154} INFO - [2024-10-20T16:37:27.127+0000] {dag.py:3722} INFO - Setting next_dagrun for example_dag_decorator to None, run_after=None
[2024-10-20T16:37:27.157+0000] {processor.py:179} INFO - Processing /home/airflow/.local/lib/python3.8/site-packages/airflow/example_dags/example_dag_decorator.py took 0.436 seconds
[2024-10-20T16:37:58.085+0000] {processor.py:157} INFO - Started process (PID=501) to work on /home/airflow/.local/lib/python3.8/site-packages/airflow/example_dags/example_dag_decorator.py
[2024-10-20T16:37:58.087+0000] {processor.py:829} INFO - Processing file /home/airflow/.local/lib/python3.8/site-packages/airflow/example_dags/example_dag_decorator.py for tasks to queue
[2024-10-20T16:37:58.089+0000] {logging_mixin.py:154} INFO - [2024-10-20T16:37:58.089+0000] {dagbag.py:536} INFO - Filling up the DagBag from /home/airflow/.local/lib/python3.8/site-packages/airflow/example_dags/example_dag_decorator.py
[2024-10-20T16:37:58.163+0000] {processor.py:839} INFO - DAG(s) dict_keys(['example_dag_decorator']) retrieved from /home/airflow/.local/lib/python3.8/site-packages/airflow/example_dags/example_dag_decorator.py
[2024-10-20T16:37:58.418+0000] {logging_mixin.py:154} INFO - [2024-10-20T16:37:58.417+0000] {dag.py:2941} INFO - Sync 1 DAGs
[2024-10-20T16:37:58.428+0000] {logging_mixin.py:154} INFO - [2024-10-20T16:37:58.428+0000] {dag.py:3722} INFO - Setting next_dagrun for example_dag_decorator to None, run_after=None
[2024-10-20T16:37:58.454+0000] {processor.py:179} INFO - Processing /home/airflow/.local/lib/python3.8/site-packages/airflow/example_dags/example_dag_decorator.py took 0.372 seconds
[2024-10-20T16:39:42.810+0000] {processor.py:157} INFO - Started process (PID=83) to work on /home/airflow/.local/lib/python3.8/site-packages/airflow/example_dags/example_dag_decorator.py
[2024-10-20T16:39:42.812+0000] {processor.py:829} INFO - Processing file /home/airflow/.local/lib/python3.8/site-packages/airflow/example_dags/example_dag_decorator.py for tasks to queue
[2024-10-20T16:39:42.817+0000] {logging_mixin.py:154} INFO - [2024-10-20T16:39:42.816+0000] {dagbag.py:536} INFO - Filling up the DagBag from /home/airflow/.local/lib/python3.8/site-packages/airflow/example_dags/example_dag_decorator.py
[2024-10-20T16:39:43.060+0000] {processor.py:839} INFO - DAG(s) dict_keys(['example_dag_decorator']) retrieved from /home/airflow/.local/lib/python3.8/site-packages/airflow/example_dags/example_dag_decorator.py
[2024-10-20T16:39:43.341+0000] {logging_mixin.py:154} INFO - [2024-10-20T16:39:43.340+0000] {dag.py:2941} INFO - Sync 1 DAGs
[2024-10-20T16:39:43.358+0000] {logging_mixin.py:154} INFO - [2024-10-20T16:39:43.357+0000] {dag.py:3722} INFO - Setting next_dagrun for example_dag_decorator to None, run_after=None
[2024-10-20T16:39:43.394+0000] {processor.py:179} INFO - Processing /home/airflow/.local/lib/python3.8/site-packages/airflow/example_dags/example_dag_decorator.py took 0.588 seconds
[2024-10-20T16:40:13.760+0000] {processor.py:157} INFO - Started process (PID=138) to work on /home/airflow/.local/lib/python3.8/site-packages/airflow/example_dags/example_dag_decorator.py
[2024-10-20T16:40:13.761+0000] {processor.py:829} INFO - Processing file /home/airflow/.local/lib/python3.8/site-packages/airflow/example_dags/example_dag_decorator.py for tasks to queue
[2024-10-20T16:40:13.765+0000] {logging_mixin.py:154} INFO - [2024-10-20T16:40:13.764+0000] {dagbag.py:536} INFO - Filling up the DagBag from /home/airflow/.local/lib/python3.8/site-packages/airflow/example_dags/example_dag_decorator.py
[2024-10-20T16:40:13.839+0000] {processor.py:839} INFO - DAG(s) dict_keys(['example_dag_decorator']) retrieved from /home/airflow/.local/lib/python3.8/site-packages/airflow/example_dags/example_dag_decorator.py
[2024-10-20T16:40:13.947+0000] {logging_mixin.py:154} INFO - [2024-10-20T16:40:13.946+0000] {dag.py:2941} INFO - Sync 1 DAGs
[2024-10-20T16:40:13.958+0000] {logging_mixin.py:154} INFO - [2024-10-20T16:40:13.957+0000] {dag.py:3722} INFO - Setting next_dagrun for example_dag_decorator to None, run_after=None
[2024-10-20T16:40:13.983+0000] {processor.py:179} INFO - Processing /home/airflow/.local/lib/python3.8/site-packages/airflow/example_dags/example_dag_decorator.py took 0.228 seconds
[2024-10-20T16:40:44.122+0000] {processor.py:157} INFO - Started process (PID=195) to work on /home/airflow/.local/lib/python3.8/site-packages/airflow/example_dags/example_dag_decorator.py
[2024-10-20T16:40:44.124+0000] {processor.py:829} INFO - Processing file /home/airflow/.local/lib/python3.8/site-packages/airflow/example_dags/example_dag_decorator.py for tasks to queue
[2024-10-20T16:40:44.127+0000] {logging_mixin.py:154} INFO - [2024-10-20T16:40:44.126+0000] {dagbag.py:536} INFO - Filling up the DagBag from /home/airflow/.local/lib/python3.8/site-packages/airflow/example_dags/example_dag_decorator.py
[2024-10-20T16:40:44.214+0000] {processor.py:839} INFO - DAG(s) dict_keys(['example_dag_decorator']) retrieved from /home/airflow/.local/lib/python3.8/site-packages/airflow/example_dags/example_dag_decorator.py
[2024-10-20T16:40:44.509+0000] {logging_mixin.py:154} INFO - [2024-10-20T16:40:44.508+0000] {dag.py:2941} INFO - Sync 1 DAGs
[2024-10-20T16:40:44.521+0000] {logging_mixin.py:154} INFO - [2024-10-20T16:40:44.521+0000] {dag.py:3722} INFO - Setting next_dagrun for example_dag_decorator to None, run_after=None
[2024-10-20T16:40:44.547+0000] {processor.py:179} INFO - Processing /home/airflow/.local/lib/python3.8/site-packages/airflow/example_dags/example_dag_decorator.py took 0.429 seconds
[2024-10-20T16:41:14.623+0000] {processor.py:157} INFO - Started process (PID=253) to work on /home/airflow/.local/lib/python3.8/site-packages/airflow/example_dags/example_dag_decorator.py
[2024-10-20T16:41:14.624+0000] {processor.py:829} INFO - Processing file /home/airflow/.local/lib/python3.8/site-packages/airflow/example_dags/example_dag_decorator.py for tasks to queue
[2024-10-20T16:41:14.627+0000] {logging_mixin.py:154} INFO - [2024-10-20T16:41:14.627+0000] {dagbag.py:536} INFO - Filling up the DagBag from /home/airflow/.local/lib/python3.8/site-packages/airflow/example_dags/example_dag_decorator.py
[2024-10-20T16:41:14.703+0000] {processor.py:839} INFO - DAG(s) dict_keys(['example_dag_decorator']) retrieved from /home/airflow/.local/lib/python3.8/site-packages/airflow/example_dags/example_dag_decorator.py
[2024-10-20T16:41:14.802+0000] {logging_mixin.py:154} INFO - [2024-10-20T16:41:14.802+0000] {dag.py:2941} INFO - Sync 1 DAGs
[2024-10-20T16:41:14.969+0000] {logging_mixin.py:154} INFO - [2024-10-20T16:41:14.969+0000] {dag.py:3722} INFO - Setting next_dagrun for example_dag_decorator to None, run_after=None
[2024-10-20T16:41:14.996+0000] {processor.py:179} INFO - Processing /home/airflow/.local/lib/python3.8/site-packages/airflow/example_dags/example_dag_decorator.py took 0.376 seconds
[2024-10-20T16:42:41.997+0000] {processor.py:157} INFO - Started process (PID=83) to work on /home/airflow/.local/lib/python3.8/site-packages/airflow/example_dags/example_dag_decorator.py
[2024-10-20T16:42:42.004+0000] {processor.py:829} INFO - Processing file /home/airflow/.local/lib/python3.8/site-packages/airflow/example_dags/example_dag_decorator.py for tasks to queue
[2024-10-20T16:42:42.011+0000] {logging_mixin.py:154} INFO - [2024-10-20T16:42:42.010+0000] {dagbag.py:536} INFO - Filling up the DagBag from /home/airflow/.local/lib/python3.8/site-packages/airflow/example_dags/example_dag_decorator.py
[2024-10-20T16:42:42.197+0000] {processor.py:839} INFO - DAG(s) dict_keys(['example_dag_decorator']) retrieved from /home/airflow/.local/lib/python3.8/site-packages/airflow/example_dags/example_dag_decorator.py
[2024-10-20T16:42:42.465+0000] {logging_mixin.py:154} INFO - [2024-10-20T16:42:42.465+0000] {dag.py:2941} INFO - Sync 1 DAGs
[2024-10-20T16:42:42.481+0000] {logging_mixin.py:154} INFO - [2024-10-20T16:42:42.481+0000] {dag.py:3722} INFO - Setting next_dagrun for example_dag_decorator to None, run_after=None
[2024-10-20T16:42:42.513+0000] {processor.py:179} INFO - Processing /home/airflow/.local/lib/python3.8/site-packages/airflow/example_dags/example_dag_decorator.py took 0.522 seconds
[2024-10-20T16:43:12.723+0000] {processor.py:157} INFO - Started process (PID=138) to work on /home/airflow/.local/lib/python3.8/site-packages/airflow/example_dags/example_dag_decorator.py
[2024-10-20T16:43:12.724+0000] {processor.py:829} INFO - Processing file /home/airflow/.local/lib/python3.8/site-packages/airflow/example_dags/example_dag_decorator.py for tasks to queue
[2024-10-20T16:43:12.727+0000] {logging_mixin.py:154} INFO - [2024-10-20T16:43:12.727+0000] {dagbag.py:536} INFO - Filling up the DagBag from /home/airflow/.local/lib/python3.8/site-packages/airflow/example_dags/example_dag_decorator.py
[2024-10-20T16:43:12.810+0000] {processor.py:839} INFO - DAG(s) dict_keys(['example_dag_decorator']) retrieved from /home/airflow/.local/lib/python3.8/site-packages/airflow/example_dags/example_dag_decorator.py
[2024-10-20T16:43:12.949+0000] {logging_mixin.py:154} INFO - [2024-10-20T16:43:12.948+0000] {dag.py:2941} INFO - Sync 1 DAGs
[2024-10-20T16:43:12.964+0000] {logging_mixin.py:154} INFO - [2024-10-20T16:43:12.963+0000] {dag.py:3722} INFO - Setting next_dagrun for example_dag_decorator to None, run_after=None
[2024-10-20T16:43:13.001+0000] {processor.py:179} INFO - Processing /home/airflow/.local/lib/python3.8/site-packages/airflow/example_dags/example_dag_decorator.py took 0.281 seconds
[2024-10-20T16:43:43.075+0000] {processor.py:157} INFO - Started process (PID=194) to work on /home/airflow/.local/lib/python3.8/site-packages/airflow/example_dags/example_dag_decorator.py
[2024-10-20T16:43:43.076+0000] {processor.py:829} INFO - Processing file /home/airflow/.local/lib/python3.8/site-packages/airflow/example_dags/example_dag_decorator.py for tasks to queue
[2024-10-20T16:43:43.078+0000] {logging_mixin.py:154} INFO - [2024-10-20T16:43:43.077+0000] {dagbag.py:536} INFO - Filling up the DagBag from /home/airflow/.local/lib/python3.8/site-packages/airflow/example_dags/example_dag_decorator.py
[2024-10-20T16:43:43.150+0000] {processor.py:839} INFO - DAG(s) dict_keys(['example_dag_decorator']) retrieved from /home/airflow/.local/lib/python3.8/site-packages/airflow/example_dags/example_dag_decorator.py
[2024-10-20T16:43:43.391+0000] {logging_mixin.py:154} INFO - [2024-10-20T16:43:43.390+0000] {dag.py:2941} INFO - Sync 1 DAGs
[2024-10-20T16:43:43.403+0000] {logging_mixin.py:154} INFO - [2024-10-20T16:43:43.402+0000] {dag.py:3722} INFO - Setting next_dagrun for example_dag_decorator to None, run_after=None
[2024-10-20T16:43:43.428+0000] {processor.py:179} INFO - Processing /home/airflow/.local/lib/python3.8/site-packages/airflow/example_dags/example_dag_decorator.py took 0.356 seconds
[2024-10-20T16:44:13.496+0000] {processor.py:157} INFO - Started process (PID=251) to work on /home/airflow/.local/lib/python3.8/site-packages/airflow/example_dags/example_dag_decorator.py
[2024-10-20T16:44:13.497+0000] {processor.py:829} INFO - Processing file /home/airflow/.local/lib/python3.8/site-packages/airflow/example_dags/example_dag_decorator.py for tasks to queue
[2024-10-20T16:44:13.499+0000] {logging_mixin.py:154} INFO - [2024-10-20T16:44:13.499+0000] {dagbag.py:536} INFO - Filling up the DagBag from /home/airflow/.local/lib/python3.8/site-packages/airflow/example_dags/example_dag_decorator.py
[2024-10-20T16:44:13.574+0000] {processor.py:839} INFO - DAG(s) dict_keys(['example_dag_decorator']) retrieved from /home/airflow/.local/lib/python3.8/site-packages/airflow/example_dags/example_dag_decorator.py
[2024-10-20T16:44:13.682+0000] {logging_mixin.py:154} INFO - [2024-10-20T16:44:13.681+0000] {dag.py:2941} INFO - Sync 1 DAGs
[2024-10-20T16:44:13.848+0000] {logging_mixin.py:154} INFO - [2024-10-20T16:44:13.847+0000] {dag.py:3722} INFO - Setting next_dagrun for example_dag_decorator to None, run_after=None
[2024-10-20T16:44:13.870+0000] {processor.py:179} INFO - Processing /home/airflow/.local/lib/python3.8/site-packages/airflow/example_dags/example_dag_decorator.py took 0.377 seconds
[2024-10-20T16:44:44.631+0000] {processor.py:157} INFO - Started process (PID=307) to work on /home/airflow/.local/lib/python3.8/site-packages/airflow/example_dags/example_dag_decorator.py
[2024-10-20T16:44:44.633+0000] {processor.py:829} INFO - Processing file /home/airflow/.local/lib/python3.8/site-packages/airflow/example_dags/example_dag_decorator.py for tasks to queue
[2024-10-20T16:44:44.636+0000] {logging_mixin.py:154} INFO - [2024-10-20T16:44:44.636+0000] {dagbag.py:536} INFO - Filling up the DagBag from /home/airflow/.local/lib/python3.8/site-packages/airflow/example_dags/example_dag_decorator.py
[2024-10-20T16:44:44.715+0000] {processor.py:839} INFO - DAG(s) dict_keys(['example_dag_decorator']) retrieved from /home/airflow/.local/lib/python3.8/site-packages/airflow/example_dags/example_dag_decorator.py
[2024-10-20T16:44:44.829+0000] {logging_mixin.py:154} INFO - [2024-10-20T16:44:44.829+0000] {dag.py:2941} INFO - Sync 1 DAGs
[2024-10-20T16:44:44.840+0000] {logging_mixin.py:154} INFO - [2024-10-20T16:44:44.840+0000] {dag.py:3722} INFO - Setting next_dagrun for example_dag_decorator to None, run_after=None
[2024-10-20T16:44:44.868+0000] {processor.py:179} INFO - Processing /home/airflow/.local/lib/python3.8/site-packages/airflow/example_dags/example_dag_decorator.py took 0.239 seconds
[2024-10-20T16:45:51.560+0000] {processor.py:157} INFO - Started process (PID=86) to work on /home/airflow/.local/lib/python3.8/site-packages/airflow/example_dags/example_dag_decorator.py
[2024-10-20T16:45:51.561+0000] {processor.py:829} INFO - Processing file /home/airflow/.local/lib/python3.8/site-packages/airflow/example_dags/example_dag_decorator.py for tasks to queue
[2024-10-20T16:45:51.563+0000] {logging_mixin.py:154} INFO - [2024-10-20T16:45:51.563+0000] {dagbag.py:536} INFO - Filling up the DagBag from /home/airflow/.local/lib/python3.8/site-packages/airflow/example_dags/example_dag_decorator.py
[2024-10-20T16:45:51.714+0000] {processor.py:839} INFO - DAG(s) dict_keys(['example_dag_decorator']) retrieved from /home/airflow/.local/lib/python3.8/site-packages/airflow/example_dags/example_dag_decorator.py
[2024-10-20T16:45:51.859+0000] {logging_mixin.py:154} INFO - [2024-10-20T16:45:51.858+0000] {dag.py:2941} INFO - Sync 1 DAGs
[2024-10-20T16:45:51.870+0000] {logging_mixin.py:154} INFO - [2024-10-20T16:45:51.870+0000] {dag.py:3722} INFO - Setting next_dagrun for example_dag_decorator to None, run_after=None
[2024-10-20T16:45:51.902+0000] {processor.py:179} INFO - Processing /home/airflow/.local/lib/python3.8/site-packages/airflow/example_dags/example_dag_decorator.py took 0.345 seconds
[2024-10-20T16:46:21.967+0000] {processor.py:157} INFO - Started process (PID=141) to work on /home/airflow/.local/lib/python3.8/site-packages/airflow/example_dags/example_dag_decorator.py
[2024-10-20T16:46:21.968+0000] {processor.py:829} INFO - Processing file /home/airflow/.local/lib/python3.8/site-packages/airflow/example_dags/example_dag_decorator.py for tasks to queue
[2024-10-20T16:46:21.971+0000] {logging_mixin.py:154} INFO - [2024-10-20T16:46:21.971+0000] {dagbag.py:536} INFO - Filling up the DagBag from /home/airflow/.local/lib/python3.8/site-packages/airflow/example_dags/example_dag_decorator.py
[2024-10-20T16:46:22.054+0000] {processor.py:839} INFO - DAG(s) dict_keys(['example_dag_decorator']) retrieved from /home/airflow/.local/lib/python3.8/site-packages/airflow/example_dags/example_dag_decorator.py
[2024-10-20T16:46:22.164+0000] {logging_mixin.py:154} INFO - [2024-10-20T16:46:22.163+0000] {dag.py:2941} INFO - Sync 1 DAGs
[2024-10-20T16:46:22.176+0000] {logging_mixin.py:154} INFO - [2024-10-20T16:46:22.176+0000] {dag.py:3722} INFO - Setting next_dagrun for example_dag_decorator to None, run_after=None
[2024-10-20T16:46:22.203+0000] {processor.py:179} INFO - Processing /home/airflow/.local/lib/python3.8/site-packages/airflow/example_dags/example_dag_decorator.py took 0.240 seconds
[2024-10-20T16:47:56.252+0000] {processor.py:157} INFO - Started process (PID=86) to work on /home/airflow/.local/lib/python3.8/site-packages/airflow/example_dags/example_dag_decorator.py
[2024-10-20T16:47:56.253+0000] {processor.py:829} INFO - Processing file /home/airflow/.local/lib/python3.8/site-packages/airflow/example_dags/example_dag_decorator.py for tasks to queue
[2024-10-20T16:47:56.256+0000] {logging_mixin.py:154} INFO - [2024-10-20T16:47:56.256+0000] {dagbag.py:536} INFO - Filling up the DagBag from /home/airflow/.local/lib/python3.8/site-packages/airflow/example_dags/example_dag_decorator.py
[2024-10-20T16:47:56.441+0000] {processor.py:839} INFO - DAG(s) dict_keys(['example_dag_decorator']) retrieved from /home/airflow/.local/lib/python3.8/site-packages/airflow/example_dags/example_dag_decorator.py
[2024-10-20T16:47:56.595+0000] {logging_mixin.py:154} INFO - [2024-10-20T16:47:56.594+0000] {dag.py:2941} INFO - Sync 1 DAGs
[2024-10-20T16:47:56.608+0000] {logging_mixin.py:154} INFO - [2024-10-20T16:47:56.608+0000] {dag.py:3722} INFO - Setting next_dagrun for example_dag_decorator to None, run_after=None
[2024-10-20T16:47:56.644+0000] {processor.py:179} INFO - Processing /home/airflow/.local/lib/python3.8/site-packages/airflow/example_dags/example_dag_decorator.py took 0.396 seconds
[2024-10-20T16:48:27.166+0000] {processor.py:157} INFO - Started process (PID=145) to work on /home/airflow/.local/lib/python3.8/site-packages/airflow/example_dags/example_dag_decorator.py
[2024-10-20T16:48:27.168+0000] {processor.py:829} INFO - Processing file /home/airflow/.local/lib/python3.8/site-packages/airflow/example_dags/example_dag_decorator.py for tasks to queue
[2024-10-20T16:48:27.170+0000] {logging_mixin.py:154} INFO - [2024-10-20T16:48:27.170+0000] {dagbag.py:536} INFO - Filling up the DagBag from /home/airflow/.local/lib/python3.8/site-packages/airflow/example_dags/example_dag_decorator.py
[2024-10-20T16:48:27.241+0000] {processor.py:839} INFO - DAG(s) dict_keys(['example_dag_decorator']) retrieved from /home/airflow/.local/lib/python3.8/site-packages/airflow/example_dags/example_dag_decorator.py
[2024-10-20T16:48:27.345+0000] {logging_mixin.py:154} INFO - [2024-10-20T16:48:27.345+0000] {dag.py:2941} INFO - Sync 1 DAGs
[2024-10-20T16:48:27.358+0000] {logging_mixin.py:154} INFO - [2024-10-20T16:48:27.358+0000] {dag.py:3722} INFO - Setting next_dagrun for example_dag_decorator to None, run_after=None
[2024-10-20T16:48:27.387+0000] {processor.py:179} INFO - Processing /home/airflow/.local/lib/python3.8/site-packages/airflow/example_dags/example_dag_decorator.py took 0.223 seconds
[2024-10-20T16:58:37.959+0000] {processor.py:157} INFO - Started process (PID=98) to work on /home/airflow/.local/lib/python3.8/site-packages/airflow/example_dags/example_dag_decorator.py
[2024-10-20T16:58:37.961+0000] {processor.py:829} INFO - Processing file /home/airflow/.local/lib/python3.8/site-packages/airflow/example_dags/example_dag_decorator.py for tasks to queue
[2024-10-20T16:58:37.963+0000] {logging_mixin.py:154} INFO - [2024-10-20T16:58:37.963+0000] {dagbag.py:536} INFO - Filling up the DagBag from /home/airflow/.local/lib/python3.8/site-packages/airflow/example_dags/example_dag_decorator.py
[2024-10-20T16:58:38.068+0000] {processor.py:839} INFO - DAG(s) dict_keys(['example_dag_decorator']) retrieved from /home/airflow/.local/lib/python3.8/site-packages/airflow/example_dags/example_dag_decorator.py
[2024-10-20T16:58:38.233+0000] {logging_mixin.py:154} INFO - [2024-10-20T16:58:38.233+0000] {dag.py:2941} INFO - Sync 1 DAGs
[2024-10-20T16:58:38.246+0000] {logging_mixin.py:154} INFO - [2024-10-20T16:58:38.246+0000] {dag.py:3722} INFO - Setting next_dagrun for example_dag_decorator to None, run_after=None
[2024-10-20T16:58:38.275+0000] {processor.py:179} INFO - Processing /home/airflow/.local/lib/python3.8/site-packages/airflow/example_dags/example_dag_decorator.py took 0.318 seconds
[2024-10-20T17:00:35.362+0000] {processor.py:157} INFO - Started process (PID=86) to work on /home/airflow/.local/lib/python3.8/site-packages/airflow/example_dags/example_dag_decorator.py
[2024-10-20T17:00:35.364+0000] {processor.py:829} INFO - Processing file /home/airflow/.local/lib/python3.8/site-packages/airflow/example_dags/example_dag_decorator.py for tasks to queue
[2024-10-20T17:00:35.368+0000] {logging_mixin.py:154} INFO - [2024-10-20T17:00:35.368+0000] {dagbag.py:536} INFO - Filling up the DagBag from /home/airflow/.local/lib/python3.8/site-packages/airflow/example_dags/example_dag_decorator.py
[2024-10-20T17:00:35.597+0000] {processor.py:839} INFO - DAG(s) dict_keys(['example_dag_decorator']) retrieved from /home/airflow/.local/lib/python3.8/site-packages/airflow/example_dags/example_dag_decorator.py
[2024-10-20T17:00:35.803+0000] {logging_mixin.py:154} INFO - [2024-10-20T17:00:35.802+0000] {dag.py:2941} INFO - Sync 1 DAGs
[2024-10-20T17:00:35.824+0000] {logging_mixin.py:154} INFO - [2024-10-20T17:00:35.824+0000] {dag.py:3722} INFO - Setting next_dagrun for example_dag_decorator to None, run_after=None
[2024-10-20T17:00:35.874+0000] {processor.py:179} INFO - Processing /home/airflow/.local/lib/python3.8/site-packages/airflow/example_dags/example_dag_decorator.py took 0.516 seconds
[2024-10-20T17:01:05.924+0000] {processor.py:157} INFO - Started process (PID=147) to work on /home/airflow/.local/lib/python3.8/site-packages/airflow/example_dags/example_dag_decorator.py
[2024-10-20T17:01:05.924+0000] {processor.py:829} INFO - Processing file /home/airflow/.local/lib/python3.8/site-packages/airflow/example_dags/example_dag_decorator.py for tasks to queue
[2024-10-20T17:01:05.926+0000] {logging_mixin.py:154} INFO - [2024-10-20T17:01:05.926+0000] {dagbag.py:536} INFO - Filling up the DagBag from /home/airflow/.local/lib/python3.8/site-packages/airflow/example_dags/example_dag_decorator.py
[2024-10-20T17:01:05.989+0000] {processor.py:839} INFO - DAG(s) dict_keys(['example_dag_decorator']) retrieved from /home/airflow/.local/lib/python3.8/site-packages/airflow/example_dags/example_dag_decorator.py
[2024-10-20T17:01:06.077+0000] {logging_mixin.py:154} INFO - [2024-10-20T17:01:06.076+0000] {dag.py:2941} INFO - Sync 1 DAGs
[2024-10-20T17:01:06.086+0000] {logging_mixin.py:154} INFO - [2024-10-20T17:01:06.086+0000] {dag.py:3722} INFO - Setting next_dagrun for example_dag_decorator to None, run_after=None
[2024-10-20T17:01:06.104+0000] {processor.py:179} INFO - Processing /home/airflow/.local/lib/python3.8/site-packages/airflow/example_dags/example_dag_decorator.py took 0.183 seconds
[2024-10-20T17:01:36.259+0000] {processor.py:157} INFO - Started process (PID=205) to work on /home/airflow/.local/lib/python3.8/site-packages/airflow/example_dags/example_dag_decorator.py
[2024-10-20T17:01:36.260+0000] {processor.py:829} INFO - Processing file /home/airflow/.local/lib/python3.8/site-packages/airflow/example_dags/example_dag_decorator.py for tasks to queue
[2024-10-20T17:01:36.261+0000] {logging_mixin.py:154} INFO - [2024-10-20T17:01:36.261+0000] {dagbag.py:536} INFO - Filling up the DagBag from /home/airflow/.local/lib/python3.8/site-packages/airflow/example_dags/example_dag_decorator.py
[2024-10-20T17:01:36.342+0000] {processor.py:839} INFO - DAG(s) dict_keys(['example_dag_decorator']) retrieved from /home/airflow/.local/lib/python3.8/site-packages/airflow/example_dags/example_dag_decorator.py
[2024-10-20T17:01:36.467+0000] {logging_mixin.py:154} INFO - [2024-10-20T17:01:36.467+0000] {dag.py:2941} INFO - Sync 1 DAGs
[2024-10-20T17:01:36.480+0000] {logging_mixin.py:154} INFO - [2024-10-20T17:01:36.480+0000] {dag.py:3722} INFO - Setting next_dagrun for example_dag_decorator to None, run_after=None
[2024-10-20T17:01:36.506+0000] {processor.py:179} INFO - Processing /home/airflow/.local/lib/python3.8/site-packages/airflow/example_dags/example_dag_decorator.py took 0.251 seconds
[2024-10-20T17:02:07.136+0000] {processor.py:157} INFO - Started process (PID=266) to work on /home/airflow/.local/lib/python3.8/site-packages/airflow/example_dags/example_dag_decorator.py
[2024-10-20T17:02:07.137+0000] {processor.py:829} INFO - Processing file /home/airflow/.local/lib/python3.8/site-packages/airflow/example_dags/example_dag_decorator.py for tasks to queue
[2024-10-20T17:02:07.138+0000] {logging_mixin.py:154} INFO - [2024-10-20T17:02:07.137+0000] {dagbag.py:536} INFO - Filling up the DagBag from /home/airflow/.local/lib/python3.8/site-packages/airflow/example_dags/example_dag_decorator.py
[2024-10-20T17:02:07.209+0000] {processor.py:839} INFO - DAG(s) dict_keys(['example_dag_decorator']) retrieved from /home/airflow/.local/lib/python3.8/site-packages/airflow/example_dags/example_dag_decorator.py
[2024-10-20T17:02:07.483+0000] {logging_mixin.py:154} INFO - [2024-10-20T17:02:07.483+0000] {dag.py:2941} INFO - Sync 1 DAGs
[2024-10-20T17:02:07.495+0000] {logging_mixin.py:154} INFO - [2024-10-20T17:02:07.494+0000] {dag.py:3722} INFO - Setting next_dagrun for example_dag_decorator to None, run_after=None
[2024-10-20T17:02:07.599+0000] {processor.py:179} INFO - Processing /home/airflow/.local/lib/python3.8/site-packages/airflow/example_dags/example_dag_decorator.py took 0.468 seconds
[2024-10-20T17:02:38.121+0000] {processor.py:157} INFO - Started process (PID=324) to work on /home/airflow/.local/lib/python3.8/site-packages/airflow/example_dags/example_dag_decorator.py
[2024-10-20T17:02:38.122+0000] {processor.py:829} INFO - Processing file /home/airflow/.local/lib/python3.8/site-packages/airflow/example_dags/example_dag_decorator.py for tasks to queue
[2024-10-20T17:02:38.123+0000] {logging_mixin.py:154} INFO - [2024-10-20T17:02:38.123+0000] {dagbag.py:536} INFO - Filling up the DagBag from /home/airflow/.local/lib/python3.8/site-packages/airflow/example_dags/example_dag_decorator.py
[2024-10-20T17:02:38.194+0000] {processor.py:839} INFO - DAG(s) dict_keys(['example_dag_decorator']) retrieved from /home/airflow/.local/lib/python3.8/site-packages/airflow/example_dags/example_dag_decorator.py
[2024-10-20T17:02:38.293+0000] {logging_mixin.py:154} INFO - [2024-10-20T17:02:38.292+0000] {dag.py:2941} INFO - Sync 1 DAGs
[2024-10-20T17:02:38.419+0000] {logging_mixin.py:154} INFO - [2024-10-20T17:02:38.418+0000] {dag.py:3722} INFO - Setting next_dagrun for example_dag_decorator to None, run_after=None
[2024-10-20T17:02:38.438+0000] {processor.py:179} INFO - Processing /home/airflow/.local/lib/python3.8/site-packages/airflow/example_dags/example_dag_decorator.py took 0.320 seconds
[2024-10-20T17:03:08.893+0000] {processor.py:157} INFO - Started process (PID=389) to work on /home/airflow/.local/lib/python3.8/site-packages/airflow/example_dags/example_dag_decorator.py
[2024-10-20T17:03:08.895+0000] {processor.py:829} INFO - Processing file /home/airflow/.local/lib/python3.8/site-packages/airflow/example_dags/example_dag_decorator.py for tasks to queue
[2024-10-20T17:03:08.896+0000] {logging_mixin.py:154} INFO - [2024-10-20T17:03:08.896+0000] {dagbag.py:536} INFO - Filling up the DagBag from /home/airflow/.local/lib/python3.8/site-packages/airflow/example_dags/example_dag_decorator.py
[2024-10-20T17:03:08.996+0000] {processor.py:839} INFO - DAG(s) dict_keys(['example_dag_decorator']) retrieved from /home/airflow/.local/lib/python3.8/site-packages/airflow/example_dags/example_dag_decorator.py
[2024-10-20T17:03:09.029+0000] {logging_mixin.py:154} INFO - [2024-10-20T17:03:09.029+0000] {dag.py:2941} INFO - Sync 1 DAGs
[2024-10-20T17:03:09.051+0000] {logging_mixin.py:154} INFO - [2024-10-20T17:03:09.051+0000] {dag.py:3722} INFO - Setting next_dagrun for example_dag_decorator to None, run_after=None
[2024-10-20T17:03:09.087+0000] {processor.py:179} INFO - Processing /home/airflow/.local/lib/python3.8/site-packages/airflow/example_dags/example_dag_decorator.py took 0.198 seconds
[2024-10-20T17:03:39.443+0000] {processor.py:157} INFO - Started process (PID=446) to work on /home/airflow/.local/lib/python3.8/site-packages/airflow/example_dags/example_dag_decorator.py
[2024-10-20T17:03:39.444+0000] {processor.py:829} INFO - Processing file /home/airflow/.local/lib/python3.8/site-packages/airflow/example_dags/example_dag_decorator.py for tasks to queue
[2024-10-20T17:03:39.445+0000] {logging_mixin.py:154} INFO - [2024-10-20T17:03:39.445+0000] {dagbag.py:536} INFO - Filling up the DagBag from /home/airflow/.local/lib/python3.8/site-packages/airflow/example_dags/example_dag_decorator.py
[2024-10-20T17:03:39.507+0000] {processor.py:839} INFO - DAG(s) dict_keys(['example_dag_decorator']) retrieved from /home/airflow/.local/lib/python3.8/site-packages/airflow/example_dags/example_dag_decorator.py
[2024-10-20T17:03:39.718+0000] {logging_mixin.py:154} INFO - [2024-10-20T17:03:39.718+0000] {dag.py:2941} INFO - Sync 1 DAGs
[2024-10-20T17:03:39.726+0000] {logging_mixin.py:154} INFO - [2024-10-20T17:03:39.726+0000] {dag.py:3722} INFO - Setting next_dagrun for example_dag_decorator to None, run_after=None
[2024-10-20T17:03:39.746+0000] {processor.py:179} INFO - Processing /home/airflow/.local/lib/python3.8/site-packages/airflow/example_dags/example_dag_decorator.py took 0.305 seconds
[2024-10-20T17:04:09.975+0000] {processor.py:157} INFO - Started process (PID=504) to work on /home/airflow/.local/lib/python3.8/site-packages/airflow/example_dags/example_dag_decorator.py
[2024-10-20T17:04:09.977+0000] {processor.py:829} INFO - Processing file /home/airflow/.local/lib/python3.8/site-packages/airflow/example_dags/example_dag_decorator.py for tasks to queue
[2024-10-20T17:04:09.978+0000] {logging_mixin.py:154} INFO - [2024-10-20T17:04:09.978+0000] {dagbag.py:536} INFO - Filling up the DagBag from /home/airflow/.local/lib/python3.8/site-packages/airflow/example_dags/example_dag_decorator.py
[2024-10-20T17:04:10.075+0000] {processor.py:839} INFO - DAG(s) dict_keys(['example_dag_decorator']) retrieved from /home/airflow/.local/lib/python3.8/site-packages/airflow/example_dags/example_dag_decorator.py
[2024-10-20T17:04:10.373+0000] {logging_mixin.py:154} INFO - [2024-10-20T17:04:10.372+0000] {dag.py:2941} INFO - Sync 1 DAGs
[2024-10-20T17:04:10.382+0000] {logging_mixin.py:154} INFO - [2024-10-20T17:04:10.382+0000] {dag.py:3722} INFO - Setting next_dagrun for example_dag_decorator to None, run_after=None
[2024-10-20T17:04:10.415+0000] {processor.py:179} INFO - Processing /home/airflow/.local/lib/python3.8/site-packages/airflow/example_dags/example_dag_decorator.py took 0.442 seconds
[2024-10-20T17:04:40.518+0000] {processor.py:157} INFO - Started process (PID=565) to work on /home/airflow/.local/lib/python3.8/site-packages/airflow/example_dags/example_dag_decorator.py
[2024-10-20T17:04:40.519+0000] {processor.py:829} INFO - Processing file /home/airflow/.local/lib/python3.8/site-packages/airflow/example_dags/example_dag_decorator.py for tasks to queue
[2024-10-20T17:04:40.520+0000] {logging_mixin.py:154} INFO - [2024-10-20T17:04:40.520+0000] {dagbag.py:536} INFO - Filling up the DagBag from /home/airflow/.local/lib/python3.8/site-packages/airflow/example_dags/example_dag_decorator.py
[2024-10-20T17:04:40.587+0000] {processor.py:839} INFO - DAG(s) dict_keys(['example_dag_decorator']) retrieved from /home/airflow/.local/lib/python3.8/site-packages/airflow/example_dags/example_dag_decorator.py
[2024-10-20T17:04:40.691+0000] {logging_mixin.py:154} INFO - [2024-10-20T17:04:40.691+0000] {dag.py:2941} INFO - Sync 1 DAGs
[2024-10-20T17:04:40.869+0000] {logging_mixin.py:154} INFO - [2024-10-20T17:04:40.869+0000] {dag.py:3722} INFO - Setting next_dagrun for example_dag_decorator to None, run_after=None
[2024-10-20T17:04:40.894+0000] {processor.py:179} INFO - Processing /home/airflow/.local/lib/python3.8/site-packages/airflow/example_dags/example_dag_decorator.py took 0.379 seconds
[2024-10-20T17:05:11.617+0000] {processor.py:157} INFO - Started process (PID=623) to work on /home/airflow/.local/lib/python3.8/site-packages/airflow/example_dags/example_dag_decorator.py
[2024-10-20T17:05:11.618+0000] {processor.py:829} INFO - Processing file /home/airflow/.local/lib/python3.8/site-packages/airflow/example_dags/example_dag_decorator.py for tasks to queue
[2024-10-20T17:05:11.620+0000] {logging_mixin.py:154} INFO - [2024-10-20T17:05:11.619+0000] {dagbag.py:536} INFO - Filling up the DagBag from /home/airflow/.local/lib/python3.8/site-packages/airflow/example_dags/example_dag_decorator.py
[2024-10-20T17:05:11.690+0000] {processor.py:839} INFO - DAG(s) dict_keys(['example_dag_decorator']) retrieved from /home/airflow/.local/lib/python3.8/site-packages/airflow/example_dags/example_dag_decorator.py
[2024-10-20T17:05:12.104+0000] {logging_mixin.py:154} INFO - [2024-10-20T17:05:12.104+0000] {dag.py:2941} INFO - Sync 1 DAGs
[2024-10-20T17:05:12.118+0000] {logging_mixin.py:154} INFO - [2024-10-20T17:05:12.117+0000] {dag.py:3722} INFO - Setting next_dagrun for example_dag_decorator to None, run_after=None
[2024-10-20T17:05:12.148+0000] {processor.py:179} INFO - Processing /home/airflow/.local/lib/python3.8/site-packages/airflow/example_dags/example_dag_decorator.py took 0.535 seconds
[2024-10-20T17:05:42.226+0000] {processor.py:157} INFO - Started process (PID=681) to work on /home/airflow/.local/lib/python3.8/site-packages/airflow/example_dags/example_dag_decorator.py
[2024-10-20T17:05:42.227+0000] {processor.py:829} INFO - Processing file /home/airflow/.local/lib/python3.8/site-packages/airflow/example_dags/example_dag_decorator.py for tasks to queue
[2024-10-20T17:05:42.228+0000] {logging_mixin.py:154} INFO - [2024-10-20T17:05:42.227+0000] {dagbag.py:536} INFO - Filling up the DagBag from /home/airflow/.local/lib/python3.8/site-packages/airflow/example_dags/example_dag_decorator.py
[2024-10-20T17:05:42.291+0000] {processor.py:839} INFO - DAG(s) dict_keys(['example_dag_decorator']) retrieved from /home/airflow/.local/lib/python3.8/site-packages/airflow/example_dags/example_dag_decorator.py
[2024-10-20T17:05:42.537+0000] {logging_mixin.py:154} INFO - [2024-10-20T17:05:42.537+0000] {dag.py:2941} INFO - Sync 1 DAGs
[2024-10-20T17:05:42.547+0000] {logging_mixin.py:154} INFO - [2024-10-20T17:05:42.547+0000] {dag.py:3722} INFO - Setting next_dagrun for example_dag_decorator to None, run_after=None
[2024-10-20T17:05:42.566+0000] {processor.py:179} INFO - Processing /home/airflow/.local/lib/python3.8/site-packages/airflow/example_dags/example_dag_decorator.py took 0.343 seconds
[2024-10-20T17:06:12.901+0000] {processor.py:157} INFO - Started process (PID=747) to work on /home/airflow/.local/lib/python3.8/site-packages/airflow/example_dags/example_dag_decorator.py
[2024-10-20T17:06:12.903+0000] {processor.py:829} INFO - Processing file /home/airflow/.local/lib/python3.8/site-packages/airflow/example_dags/example_dag_decorator.py for tasks to queue
[2024-10-20T17:06:12.904+0000] {logging_mixin.py:154} INFO - [2024-10-20T17:06:12.903+0000] {dagbag.py:536} INFO - Filling up the DagBag from /home/airflow/.local/lib/python3.8/site-packages/airflow/example_dags/example_dag_decorator.py
[2024-10-20T17:06:12.972+0000] {processor.py:839} INFO - DAG(s) dict_keys(['example_dag_decorator']) retrieved from /home/airflow/.local/lib/python3.8/site-packages/airflow/example_dags/example_dag_decorator.py
[2024-10-20T17:06:13.243+0000] {logging_mixin.py:154} INFO - [2024-10-20T17:06:13.242+0000] {dag.py:2941} INFO - Sync 1 DAGs
[2024-10-20T17:06:13.253+0000] {logging_mixin.py:154} INFO - [2024-10-20T17:06:13.253+0000] {dag.py:3722} INFO - Setting next_dagrun for example_dag_decorator to None, run_after=None
[2024-10-20T17:06:13.278+0000] {processor.py:179} INFO - Processing /home/airflow/.local/lib/python3.8/site-packages/airflow/example_dags/example_dag_decorator.py took 0.380 seconds
[2024-10-20T17:06:43.662+0000] {processor.py:157} INFO - Started process (PID=805) to work on /home/airflow/.local/lib/python3.8/site-packages/airflow/example_dags/example_dag_decorator.py
[2024-10-20T17:06:43.663+0000] {processor.py:829} INFO - Processing file /home/airflow/.local/lib/python3.8/site-packages/airflow/example_dags/example_dag_decorator.py for tasks to queue
[2024-10-20T17:06:43.664+0000] {logging_mixin.py:154} INFO - [2024-10-20T17:06:43.664+0000] {dagbag.py:536} INFO - Filling up the DagBag from /home/airflow/.local/lib/python3.8/site-packages/airflow/example_dags/example_dag_decorator.py
[2024-10-20T17:06:43.731+0000] {processor.py:839} INFO - DAG(s) dict_keys(['example_dag_decorator']) retrieved from /home/airflow/.local/lib/python3.8/site-packages/airflow/example_dags/example_dag_decorator.py
[2024-10-20T17:06:43.975+0000] {logging_mixin.py:154} INFO - [2024-10-20T17:06:43.975+0000] {dag.py:2941} INFO - Sync 1 DAGs
[2024-10-20T17:06:43.984+0000] {logging_mixin.py:154} INFO - [2024-10-20T17:06:43.984+0000] {dag.py:3722} INFO - Setting next_dagrun for example_dag_decorator to None, run_after=None
[2024-10-20T17:06:44.009+0000] {processor.py:179} INFO - Processing /home/airflow/.local/lib/python3.8/site-packages/airflow/example_dags/example_dag_decorator.py took 0.349 seconds
[2024-10-20T17:07:14.379+0000] {processor.py:157} INFO - Started process (PID=875) to work on /home/airflow/.local/lib/python3.8/site-packages/airflow/example_dags/example_dag_decorator.py
[2024-10-20T17:07:14.380+0000] {processor.py:829} INFO - Processing file /home/airflow/.local/lib/python3.8/site-packages/airflow/example_dags/example_dag_decorator.py for tasks to queue
[2024-10-20T17:07:14.381+0000] {logging_mixin.py:154} INFO - [2024-10-20T17:07:14.381+0000] {dagbag.py:536} INFO - Filling up the DagBag from /home/airflow/.local/lib/python3.8/site-packages/airflow/example_dags/example_dag_decorator.py
[2024-10-20T17:07:14.450+0000] {processor.py:839} INFO - DAG(s) dict_keys(['example_dag_decorator']) retrieved from /home/airflow/.local/lib/python3.8/site-packages/airflow/example_dags/example_dag_decorator.py
[2024-10-20T17:07:14.713+0000] {logging_mixin.py:154} INFO - [2024-10-20T17:07:14.712+0000] {dag.py:2941} INFO - Sync 1 DAGs
[2024-10-20T17:07:14.726+0000] {logging_mixin.py:154} INFO - [2024-10-20T17:07:14.725+0000] {dag.py:3722} INFO - Setting next_dagrun for example_dag_decorator to None, run_after=None
[2024-10-20T17:07:14.750+0000] {processor.py:179} INFO - Processing /home/airflow/.local/lib/python3.8/site-packages/airflow/example_dags/example_dag_decorator.py took 0.373 seconds
[2024-10-20T17:07:45.163+0000] {processor.py:157} INFO - Started process (PID=959) to work on /home/airflow/.local/lib/python3.8/site-packages/airflow/example_dags/example_dag_decorator.py
[2024-10-20T17:07:45.166+0000] {processor.py:829} INFO - Processing file /home/airflow/.local/lib/python3.8/site-packages/airflow/example_dags/example_dag_decorator.py for tasks to queue
[2024-10-20T17:07:45.170+0000] {logging_mixin.py:154} INFO - [2024-10-20T17:07:45.168+0000] {dagbag.py:536} INFO - Filling up the DagBag from /home/airflow/.local/lib/python3.8/site-packages/airflow/example_dags/example_dag_decorator.py
[2024-10-20T17:07:45.507+0000] {processor.py:839} INFO - DAG(s) dict_keys(['example_dag_decorator']) retrieved from /home/airflow/.local/lib/python3.8/site-packages/airflow/example_dags/example_dag_decorator.py
[2024-10-20T17:07:46.698+0000] {logging_mixin.py:154} INFO - [2024-10-20T17:07:46.698+0000] {dag.py:2941} INFO - Sync 1 DAGs
[2024-10-20T17:07:46.716+0000] {logging_mixin.py:154} INFO - [2024-10-20T17:07:46.715+0000] {dag.py:3722} INFO - Setting next_dagrun for example_dag_decorator to None, run_after=None
[2024-10-20T17:07:46.753+0000] {processor.py:179} INFO - Processing /home/airflow/.local/lib/python3.8/site-packages/airflow/example_dags/example_dag_decorator.py took 1.596 seconds
[2024-10-20T17:09:00.421+0000] {processor.py:157} INFO - Started process (PID=86) to work on /home/airflow/.local/lib/python3.8/site-packages/airflow/example_dags/example_dag_decorator.py
[2024-10-20T17:09:00.422+0000] {processor.py:829} INFO - Processing file /home/airflow/.local/lib/python3.8/site-packages/airflow/example_dags/example_dag_decorator.py for tasks to queue
[2024-10-20T17:09:00.425+0000] {logging_mixin.py:154} INFO - [2024-10-20T17:09:00.425+0000] {dagbag.py:536} INFO - Filling up the DagBag from /home/airflow/.local/lib/python3.8/site-packages/airflow/example_dags/example_dag_decorator.py
[2024-10-20T17:09:00.596+0000] {processor.py:839} INFO - DAG(s) dict_keys(['example_dag_decorator']) retrieved from /home/airflow/.local/lib/python3.8/site-packages/airflow/example_dags/example_dag_decorator.py
[2024-10-20T17:09:00.725+0000] {logging_mixin.py:154} INFO - [2024-10-20T17:09:00.724+0000] {dag.py:2941} INFO - Sync 1 DAGs
[2024-10-20T17:09:00.736+0000] {logging_mixin.py:154} INFO - [2024-10-20T17:09:00.736+0000] {dag.py:3722} INFO - Setting next_dagrun for example_dag_decorator to None, run_after=None
[2024-10-20T17:09:00.764+0000] {processor.py:179} INFO - Processing /home/airflow/.local/lib/python3.8/site-packages/airflow/example_dags/example_dag_decorator.py took 0.347 seconds
[2024-10-20T17:09:31.199+0000] {processor.py:157} INFO - Started process (PID=144) to work on /home/airflow/.local/lib/python3.8/site-packages/airflow/example_dags/example_dag_decorator.py
[2024-10-20T17:09:31.200+0000] {processor.py:829} INFO - Processing file /home/airflow/.local/lib/python3.8/site-packages/airflow/example_dags/example_dag_decorator.py for tasks to queue
[2024-10-20T17:09:31.202+0000] {logging_mixin.py:154} INFO - [2024-10-20T17:09:31.202+0000] {dagbag.py:536} INFO - Filling up the DagBag from /home/airflow/.local/lib/python3.8/site-packages/airflow/example_dags/example_dag_decorator.py
[2024-10-20T17:09:31.276+0000] {processor.py:839} INFO - DAG(s) dict_keys(['example_dag_decorator']) retrieved from /home/airflow/.local/lib/python3.8/site-packages/airflow/example_dags/example_dag_decorator.py
[2024-10-20T17:09:31.386+0000] {logging_mixin.py:154} INFO - [2024-10-20T17:09:31.386+0000] {dag.py:2941} INFO - Sync 1 DAGs
[2024-10-20T17:09:31.397+0000] {logging_mixin.py:154} INFO - [2024-10-20T17:09:31.397+0000] {dag.py:3722} INFO - Setting next_dagrun for example_dag_decorator to None, run_after=None
[2024-10-20T17:09:31.423+0000] {processor.py:179} INFO - Processing /home/airflow/.local/lib/python3.8/site-packages/airflow/example_dags/example_dag_decorator.py took 0.227 seconds
[2024-10-20T17:10:01.989+0000] {processor.py:157} INFO - Started process (PID=202) to work on /home/airflow/.local/lib/python3.8/site-packages/airflow/example_dags/example_dag_decorator.py
[2024-10-20T17:10:01.990+0000] {processor.py:829} INFO - Processing file /home/airflow/.local/lib/python3.8/site-packages/airflow/example_dags/example_dag_decorator.py for tasks to queue
[2024-10-20T17:10:01.993+0000] {logging_mixin.py:154} INFO - [2024-10-20T17:10:01.992+0000] {dagbag.py:536} INFO - Filling up the DagBag from /home/airflow/.local/lib/python3.8/site-packages/airflow/example_dags/example_dag_decorator.py
[2024-10-20T17:10:02.105+0000] {processor.py:839} INFO - DAG(s) dict_keys(['example_dag_decorator']) retrieved from /home/airflow/.local/lib/python3.8/site-packages/airflow/example_dags/example_dag_decorator.py
[2024-10-20T17:10:02.464+0000] {logging_mixin.py:154} INFO - [2024-10-20T17:10:02.464+0000] {dag.py:2941} INFO - Sync 1 DAGs
[2024-10-20T17:10:02.478+0000] {logging_mixin.py:154} INFO - [2024-10-20T17:10:02.478+0000] {dag.py:3722} INFO - Setting next_dagrun for example_dag_decorator to None, run_after=None
[2024-10-20T17:10:02.514+0000] {processor.py:179} INFO - Processing /home/airflow/.local/lib/python3.8/site-packages/airflow/example_dags/example_dag_decorator.py took 0.529 seconds
[2024-10-20T17:10:32.871+0000] {processor.py:157} INFO - Started process (PID=259) to work on /home/airflow/.local/lib/python3.8/site-packages/airflow/example_dags/example_dag_decorator.py
[2024-10-20T17:10:32.872+0000] {processor.py:829} INFO - Processing file /home/airflow/.local/lib/python3.8/site-packages/airflow/example_dags/example_dag_decorator.py for tasks to queue
[2024-10-20T17:10:32.874+0000] {logging_mixin.py:154} INFO - [2024-10-20T17:10:32.874+0000] {dagbag.py:536} INFO - Filling up the DagBag from /home/airflow/.local/lib/python3.8/site-packages/airflow/example_dags/example_dag_decorator.py
[2024-10-20T17:10:32.936+0000] {processor.py:839} INFO - DAG(s) dict_keys(['example_dag_decorator']) retrieved from /home/airflow/.local/lib/python3.8/site-packages/airflow/example_dags/example_dag_decorator.py
[2024-10-20T17:10:33.166+0000] {logging_mixin.py:154} INFO - [2024-10-20T17:10:33.166+0000] {dag.py:2941} INFO - Sync 1 DAGs
[2024-10-20T17:10:33.175+0000] {logging_mixin.py:154} INFO - [2024-10-20T17:10:33.175+0000] {dag.py:3722} INFO - Setting next_dagrun for example_dag_decorator to None, run_after=None
[2024-10-20T17:10:33.196+0000] {processor.py:179} INFO - Processing /home/airflow/.local/lib/python3.8/site-packages/airflow/example_dags/example_dag_decorator.py took 0.327 seconds
[2024-10-20T17:11:03.651+0000] {processor.py:157} INFO - Started process (PID=318) to work on /home/airflow/.local/lib/python3.8/site-packages/airflow/example_dags/example_dag_decorator.py
[2024-10-20T17:11:03.652+0000] {processor.py:829} INFO - Processing file /home/airflow/.local/lib/python3.8/site-packages/airflow/example_dags/example_dag_decorator.py for tasks to queue
[2024-10-20T17:11:03.655+0000] {logging_mixin.py:154} INFO - [2024-10-20T17:11:03.654+0000] {dagbag.py:536} INFO - Filling up the DagBag from /home/airflow/.local/lib/python3.8/site-packages/airflow/example_dags/example_dag_decorator.py
[2024-10-20T17:11:03.722+0000] {processor.py:839} INFO - DAG(s) dict_keys(['example_dag_decorator']) retrieved from /home/airflow/.local/lib/python3.8/site-packages/airflow/example_dags/example_dag_decorator.py
[2024-10-20T17:11:03.834+0000] {logging_mixin.py:154} INFO - [2024-10-20T17:11:03.833+0000] {dag.py:2941} INFO - Sync 1 DAGs
[2024-10-20T17:11:03.851+0000] {logging_mixin.py:154} INFO - [2024-10-20T17:11:03.850+0000] {dag.py:3722} INFO - Setting next_dagrun for example_dag_decorator to None, run_after=None
[2024-10-20T17:11:04.045+0000] {processor.py:179} INFO - Processing /home/airflow/.local/lib/python3.8/site-packages/airflow/example_dags/example_dag_decorator.py took 0.397 seconds
[2024-10-20T17:11:34.307+0000] {processor.py:157} INFO - Started process (PID=375) to work on /home/airflow/.local/lib/python3.8/site-packages/airflow/example_dags/example_dag_decorator.py
[2024-10-20T17:11:34.308+0000] {processor.py:829} INFO - Processing file /home/airflow/.local/lib/python3.8/site-packages/airflow/example_dags/example_dag_decorator.py for tasks to queue
[2024-10-20T17:11:34.310+0000] {logging_mixin.py:154} INFO - [2024-10-20T17:11:34.310+0000] {dagbag.py:536} INFO - Filling up the DagBag from /home/airflow/.local/lib/python3.8/site-packages/airflow/example_dags/example_dag_decorator.py
[2024-10-20T17:11:34.378+0000] {processor.py:839} INFO - DAG(s) dict_keys(['example_dag_decorator']) retrieved from /home/airflow/.local/lib/python3.8/site-packages/airflow/example_dags/example_dag_decorator.py
[2024-10-20T17:11:34.406+0000] {logging_mixin.py:154} INFO - [2024-10-20T17:11:34.405+0000] {dag.py:2941} INFO - Sync 1 DAGs
[2024-10-20T17:11:34.420+0000] {logging_mixin.py:154} INFO - [2024-10-20T17:11:34.420+0000] {dag.py:3722} INFO - Setting next_dagrun for example_dag_decorator to None, run_after=None
[2024-10-20T17:11:34.444+0000] {processor.py:179} INFO - Processing /home/airflow/.local/lib/python3.8/site-packages/airflow/example_dags/example_dag_decorator.py took 0.140 seconds
[2024-10-20T17:12:04.570+0000] {processor.py:157} INFO - Started process (PID=439) to work on /home/airflow/.local/lib/python3.8/site-packages/airflow/example_dags/example_dag_decorator.py
[2024-10-20T17:12:04.571+0000] {processor.py:829} INFO - Processing file /home/airflow/.local/lib/python3.8/site-packages/airflow/example_dags/example_dag_decorator.py for tasks to queue
[2024-10-20T17:12:04.573+0000] {logging_mixin.py:154} INFO - [2024-10-20T17:12:04.573+0000] {dagbag.py:536} INFO - Filling up the DagBag from /home/airflow/.local/lib/python3.8/site-packages/airflow/example_dags/example_dag_decorator.py
[2024-10-20T17:12:04.642+0000] {processor.py:839} INFO - DAG(s) dict_keys(['example_dag_decorator']) retrieved from /home/airflow/.local/lib/python3.8/site-packages/airflow/example_dags/example_dag_decorator.py
[2024-10-20T17:12:04.915+0000] {logging_mixin.py:154} INFO - [2024-10-20T17:12:04.915+0000] {dag.py:2941} INFO - Sync 1 DAGs
[2024-10-20T17:12:04.927+0000] {logging_mixin.py:154} INFO - [2024-10-20T17:12:04.926+0000] {dag.py:3722} INFO - Setting next_dagrun for example_dag_decorator to None, run_after=None
[2024-10-20T17:12:04.954+0000] {processor.py:179} INFO - Processing /home/airflow/.local/lib/python3.8/site-packages/airflow/example_dags/example_dag_decorator.py took 0.387 seconds
[2024-10-20T17:12:35.495+0000] {processor.py:157} INFO - Started process (PID=497) to work on /home/airflow/.local/lib/python3.8/site-packages/airflow/example_dags/example_dag_decorator.py
[2024-10-20T17:12:35.496+0000] {processor.py:829} INFO - Processing file /home/airflow/.local/lib/python3.8/site-packages/airflow/example_dags/example_dag_decorator.py for tasks to queue
[2024-10-20T17:12:35.499+0000] {logging_mixin.py:154} INFO - [2024-10-20T17:12:35.498+0000] {dagbag.py:536} INFO - Filling up the DagBag from /home/airflow/.local/lib/python3.8/site-packages/airflow/example_dags/example_dag_decorator.py
[2024-10-20T17:12:35.565+0000] {processor.py:839} INFO - DAG(s) dict_keys(['example_dag_decorator']) retrieved from /home/airflow/.local/lib/python3.8/site-packages/airflow/example_dags/example_dag_decorator.py
[2024-10-20T17:12:35.708+0000] {logging_mixin.py:154} INFO - [2024-10-20T17:12:35.707+0000] {dag.py:2941} INFO - Sync 1 DAGs
[2024-10-20T17:12:35.900+0000] {logging_mixin.py:154} INFO - [2024-10-20T17:12:35.899+0000] {dag.py:3722} INFO - Setting next_dagrun for example_dag_decorator to None, run_after=None
[2024-10-20T17:12:35.923+0000] {processor.py:179} INFO - Processing /home/airflow/.local/lib/python3.8/site-packages/airflow/example_dags/example_dag_decorator.py took 0.430 seconds
[2024-10-20T17:13:06.607+0000] {processor.py:157} INFO - Started process (PID=576) to work on /home/airflow/.local/lib/python3.8/site-packages/airflow/example_dags/example_dag_decorator.py
[2024-10-20T17:13:06.608+0000] {processor.py:829} INFO - Processing file /home/airflow/.local/lib/python3.8/site-packages/airflow/example_dags/example_dag_decorator.py for tasks to queue
[2024-10-20T17:13:06.611+0000] {logging_mixin.py:154} INFO - [2024-10-20T17:13:06.610+0000] {dagbag.py:536} INFO - Filling up the DagBag from /home/airflow/.local/lib/python3.8/site-packages/airflow/example_dags/example_dag_decorator.py
[2024-10-20T17:13:06.677+0000] {processor.py:839} INFO - DAG(s) dict_keys(['example_dag_decorator']) retrieved from /home/airflow/.local/lib/python3.8/site-packages/airflow/example_dags/example_dag_decorator.py
[2024-10-20T17:13:06.970+0000] {logging_mixin.py:154} INFO - [2024-10-20T17:13:06.970+0000] {dag.py:2941} INFO - Sync 1 DAGs
[2024-10-20T17:13:06.982+0000] {logging_mixin.py:154} INFO - [2024-10-20T17:13:06.982+0000] {dag.py:3722} INFO - Setting next_dagrun for example_dag_decorator to None, run_after=None
[2024-10-20T17:13:07.010+0000] {processor.py:179} INFO - Processing /home/airflow/.local/lib/python3.8/site-packages/airflow/example_dags/example_dag_decorator.py took 0.406 seconds
[2024-10-20T17:14:36.162+0000] {processor.py:157} INFO - Started process (PID=86) to work on /home/airflow/.local/lib/python3.8/site-packages/airflow/example_dags/example_dag_decorator.py
[2024-10-20T17:14:36.164+0000] {processor.py:829} INFO - Processing file /home/airflow/.local/lib/python3.8/site-packages/airflow/example_dags/example_dag_decorator.py for tasks to queue
[2024-10-20T17:14:36.166+0000] {logging_mixin.py:154} INFO - [2024-10-20T17:14:36.165+0000] {dagbag.py:536} INFO - Filling up the DagBag from /home/airflow/.local/lib/python3.8/site-packages/airflow/example_dags/example_dag_decorator.py
[2024-10-20T17:14:36.316+0000] {processor.py:839} INFO - DAG(s) dict_keys(['example_dag_decorator']) retrieved from /home/airflow/.local/lib/python3.8/site-packages/airflow/example_dags/example_dag_decorator.py
[2024-10-20T17:14:36.459+0000] {logging_mixin.py:154} INFO - [2024-10-20T17:14:36.458+0000] {dag.py:2941} INFO - Sync 1 DAGs
[2024-10-20T17:14:36.476+0000] {logging_mixin.py:154} INFO - [2024-10-20T17:14:36.475+0000] {dag.py:3722} INFO - Setting next_dagrun for example_dag_decorator to None, run_after=None
[2024-10-20T17:14:36.504+0000] {processor.py:179} INFO - Processing /home/airflow/.local/lib/python3.8/site-packages/airflow/example_dags/example_dag_decorator.py took 0.345 seconds
[2024-10-20T17:15:07.584+0000] {processor.py:157} INFO - Started process (PID=144) to work on /home/airflow/.local/lib/python3.8/site-packages/airflow/example_dags/example_dag_decorator.py
[2024-10-20T17:15:07.585+0000] {processor.py:829} INFO - Processing file /home/airflow/.local/lib/python3.8/site-packages/airflow/example_dags/example_dag_decorator.py for tasks to queue
[2024-10-20T17:15:07.588+0000] {logging_mixin.py:154} INFO - [2024-10-20T17:15:07.588+0000] {dagbag.py:536} INFO - Filling up the DagBag from /home/airflow/.local/lib/python3.8/site-packages/airflow/example_dags/example_dag_decorator.py
[2024-10-20T17:15:07.673+0000] {processor.py:839} INFO - DAG(s) dict_keys(['example_dag_decorator']) retrieved from /home/airflow/.local/lib/python3.8/site-packages/airflow/example_dags/example_dag_decorator.py
[2024-10-20T17:15:07.811+0000] {logging_mixin.py:154} INFO - [2024-10-20T17:15:07.811+0000] {dag.py:2941} INFO - Sync 1 DAGs
[2024-10-20T17:15:07.824+0000] {logging_mixin.py:154} INFO - [2024-10-20T17:15:07.824+0000] {dag.py:3722} INFO - Setting next_dagrun for example_dag_decorator to None, run_after=None
[2024-10-20T17:15:07.855+0000] {processor.py:179} INFO - Processing /home/airflow/.local/lib/python3.8/site-packages/airflow/example_dags/example_dag_decorator.py took 0.274 seconds
[2024-10-20T17:15:38.599+0000] {processor.py:157} INFO - Started process (PID=202) to work on /home/airflow/.local/lib/python3.8/site-packages/airflow/example_dags/example_dag_decorator.py
[2024-10-20T17:15:38.600+0000] {processor.py:829} INFO - Processing file /home/airflow/.local/lib/python3.8/site-packages/airflow/example_dags/example_dag_decorator.py for tasks to queue
[2024-10-20T17:15:38.602+0000] {logging_mixin.py:154} INFO - [2024-10-20T17:15:38.602+0000] {dagbag.py:536} INFO - Filling up the DagBag from /home/airflow/.local/lib/python3.8/site-packages/airflow/example_dags/example_dag_decorator.py
[2024-10-20T17:15:38.673+0000] {processor.py:839} INFO - DAG(s) dict_keys(['example_dag_decorator']) retrieved from /home/airflow/.local/lib/python3.8/site-packages/airflow/example_dags/example_dag_decorator.py
[2024-10-20T17:15:38.784+0000] {logging_mixin.py:154} INFO - [2024-10-20T17:15:38.784+0000] {dag.py:2941} INFO - Sync 1 DAGs
[2024-10-20T17:15:38.795+0000] {logging_mixin.py:154} INFO - [2024-10-20T17:15:38.795+0000] {dag.py:3722} INFO - Setting next_dagrun for example_dag_decorator to None, run_after=None
[2024-10-20T17:15:38.825+0000] {processor.py:179} INFO - Processing /home/airflow/.local/lib/python3.8/site-packages/airflow/example_dags/example_dag_decorator.py took 0.230 seconds
[2024-10-20T17:16:09.396+0000] {processor.py:157} INFO - Started process (PID=277) to work on /home/airflow/.local/lib/python3.8/site-packages/airflow/example_dags/example_dag_decorator.py
[2024-10-20T17:16:09.397+0000] {processor.py:829} INFO - Processing file /home/airflow/.local/lib/python3.8/site-packages/airflow/example_dags/example_dag_decorator.py for tasks to queue
[2024-10-20T17:16:09.400+0000] {logging_mixin.py:154} INFO - [2024-10-20T17:16:09.400+0000] {dagbag.py:536} INFO - Filling up the DagBag from /home/airflow/.local/lib/python3.8/site-packages/airflow/example_dags/example_dag_decorator.py
[2024-10-20T17:16:09.482+0000] {processor.py:839} INFO - DAG(s) dict_keys(['example_dag_decorator']) retrieved from /home/airflow/.local/lib/python3.8/site-packages/airflow/example_dags/example_dag_decorator.py
[2024-10-20T17:16:09.752+0000] {logging_mixin.py:154} INFO - [2024-10-20T17:16:09.751+0000] {dag.py:2941} INFO - Sync 1 DAGs
[2024-10-20T17:16:09.762+0000] {logging_mixin.py:154} INFO - [2024-10-20T17:16:09.762+0000] {dag.py:3722} INFO - Setting next_dagrun for example_dag_decorator to None, run_after=None
[2024-10-20T17:16:09.784+0000] {processor.py:179} INFO - Processing /home/airflow/.local/lib/python3.8/site-packages/airflow/example_dags/example_dag_decorator.py took 0.391 seconds
[2024-10-20T17:16:39.851+0000] {processor.py:157} INFO - Started process (PID=335) to work on /home/airflow/.local/lib/python3.8/site-packages/airflow/example_dags/example_dag_decorator.py
[2024-10-20T17:16:39.852+0000] {processor.py:829} INFO - Processing file /home/airflow/.local/lib/python3.8/site-packages/airflow/example_dags/example_dag_decorator.py for tasks to queue
[2024-10-20T17:16:39.854+0000] {logging_mixin.py:154} INFO - [2024-10-20T17:16:39.854+0000] {dagbag.py:536} INFO - Filling up the DagBag from /home/airflow/.local/lib/python3.8/site-packages/airflow/example_dags/example_dag_decorator.py
[2024-10-20T17:16:39.917+0000] {processor.py:839} INFO - DAG(s) dict_keys(['example_dag_decorator']) retrieved from /home/airflow/.local/lib/python3.8/site-packages/airflow/example_dags/example_dag_decorator.py
[2024-10-20T17:16:40.017+0000] {logging_mixin.py:154} INFO - [2024-10-20T17:16:40.017+0000] {dag.py:2941} INFO - Sync 1 DAGs
[2024-10-20T17:16:40.152+0000] {logging_mixin.py:154} INFO - [2024-10-20T17:16:40.152+0000] {dag.py:3722} INFO - Setting next_dagrun for example_dag_decorator to None, run_after=None
[2024-10-20T17:16:40.173+0000] {processor.py:179} INFO - Processing /home/airflow/.local/lib/python3.8/site-packages/airflow/example_dags/example_dag_decorator.py took 0.325 seconds
