[2024-10-20T16:04:56.983+0000] {processor.py:157} INFO - Started process (PID=98) to work on /home/airflow/.local/lib/python3.8/site-packages/airflow/example_dags/example_complex.py
[2024-10-20T16:04:56.985+0000] {processor.py:829} INFO - Processing file /home/airflow/.local/lib/python3.8/site-packages/airflow/example_dags/example_complex.py for tasks to queue
[2024-10-20T16:04:56.988+0000] {logging_mixin.py:154} INFO - [2024-10-20T16:04:56.987+0000] {dagbag.py:536} INFO - Filling up the DagBag from /home/airflow/.local/lib/python3.8/site-packages/airflow/example_dags/example_complex.py
[2024-10-20T16:04:57.008+0000] {processor.py:839} INFO - DAG(s) dict_keys(['example_complex']) retrieved from /home/airflow/.local/lib/python3.8/site-packages/airflow/example_dags/example_complex.py
[2024-10-20T16:04:57.063+0000] {logging_mixin.py:154} INFO - [2024-10-20T16:04:57.063+0000] {dag.py:2941} INFO - Sync 1 DAGs
[2024-10-20T16:04:57.091+0000] {logging_mixin.py:154} INFO - [2024-10-20T16:04:57.091+0000] {dag.py:3722} INFO - Setting next_dagrun for example_complex to None, run_after=None
[2024-10-20T16:04:57.133+0000] {processor.py:179} INFO - Processing /home/airflow/.local/lib/python3.8/site-packages/airflow/example_dags/example_complex.py took 0.155 seconds
[2024-10-20T16:05:27.803+0000] {processor.py:157} INFO - Started process (PID=152) to work on /home/airflow/.local/lib/python3.8/site-packages/airflow/example_dags/example_complex.py
[2024-10-20T16:05:27.805+0000] {processor.py:829} INFO - Processing file /home/airflow/.local/lib/python3.8/site-packages/airflow/example_dags/example_complex.py for tasks to queue
[2024-10-20T16:05:27.809+0000] {logging_mixin.py:154} INFO - [2024-10-20T16:05:27.808+0000] {dagbag.py:536} INFO - Filling up the DagBag from /home/airflow/.local/lib/python3.8/site-packages/airflow/example_dags/example_complex.py
[2024-10-20T16:05:27.829+0000] {processor.py:839} INFO - DAG(s) dict_keys(['example_complex']) retrieved from /home/airflow/.local/lib/python3.8/site-packages/airflow/example_dags/example_complex.py
[2024-10-20T16:05:27.892+0000] {logging_mixin.py:154} INFO - [2024-10-20T16:05:27.891+0000] {dag.py:2941} INFO - Sync 1 DAGs
[2024-10-20T16:05:27.921+0000] {logging_mixin.py:154} INFO - [2024-10-20T16:05:27.921+0000] {dag.py:3722} INFO - Setting next_dagrun for example_complex to None, run_after=None
[2024-10-20T16:05:27.965+0000] {processor.py:179} INFO - Processing /home/airflow/.local/lib/python3.8/site-packages/airflow/example_dags/example_complex.py took 0.167 seconds
[2024-10-20T16:05:58.150+0000] {processor.py:157} INFO - Started process (PID=206) to work on /home/airflow/.local/lib/python3.8/site-packages/airflow/example_dags/example_complex.py
[2024-10-20T16:05:58.152+0000] {processor.py:829} INFO - Processing file /home/airflow/.local/lib/python3.8/site-packages/airflow/example_dags/example_complex.py for tasks to queue
[2024-10-20T16:05:58.157+0000] {logging_mixin.py:154} INFO - [2024-10-20T16:05:58.156+0000] {dagbag.py:536} INFO - Filling up the DagBag from /home/airflow/.local/lib/python3.8/site-packages/airflow/example_dags/example_complex.py
[2024-10-20T16:05:58.184+0000] {processor.py:839} INFO - DAG(s) dict_keys(['example_complex']) retrieved from /home/airflow/.local/lib/python3.8/site-packages/airflow/example_dags/example_complex.py
[2024-10-20T16:05:58.250+0000] {logging_mixin.py:154} INFO - [2024-10-20T16:05:58.249+0000] {dag.py:2941} INFO - Sync 1 DAGs
[2024-10-20T16:05:58.284+0000] {logging_mixin.py:154} INFO - [2024-10-20T16:05:58.284+0000] {dag.py:3722} INFO - Setting next_dagrun for example_complex to None, run_after=None
[2024-10-20T16:05:58.327+0000] {processor.py:179} INFO - Processing /home/airflow/.local/lib/python3.8/site-packages/airflow/example_dags/example_complex.py took 0.181 seconds
[2024-10-20T16:06:28.950+0000] {processor.py:157} INFO - Started process (PID=260) to work on /home/airflow/.local/lib/python3.8/site-packages/airflow/example_dags/example_complex.py
[2024-10-20T16:06:28.952+0000] {processor.py:829} INFO - Processing file /home/airflow/.local/lib/python3.8/site-packages/airflow/example_dags/example_complex.py for tasks to queue
[2024-10-20T16:06:28.956+0000] {logging_mixin.py:154} INFO - [2024-10-20T16:06:28.955+0000] {dagbag.py:536} INFO - Filling up the DagBag from /home/airflow/.local/lib/python3.8/site-packages/airflow/example_dags/example_complex.py
[2024-10-20T16:06:28.975+0000] {processor.py:839} INFO - DAG(s) dict_keys(['example_complex']) retrieved from /home/airflow/.local/lib/python3.8/site-packages/airflow/example_dags/example_complex.py
[2024-10-20T16:06:29.032+0000] {logging_mixin.py:154} INFO - [2024-10-20T16:06:29.032+0000] {dag.py:2941} INFO - Sync 1 DAGs
[2024-10-20T16:06:29.055+0000] {logging_mixin.py:154} INFO - [2024-10-20T16:06:29.055+0000] {dag.py:3722} INFO - Setting next_dagrun for example_complex to None, run_after=None
[2024-10-20T16:06:29.094+0000] {processor.py:179} INFO - Processing /home/airflow/.local/lib/python3.8/site-packages/airflow/example_dags/example_complex.py took 0.149 seconds
[2024-10-20T16:06:59.446+0000] {processor.py:157} INFO - Started process (PID=314) to work on /home/airflow/.local/lib/python3.8/site-packages/airflow/example_dags/example_complex.py
[2024-10-20T16:06:59.448+0000] {processor.py:829} INFO - Processing file /home/airflow/.local/lib/python3.8/site-packages/airflow/example_dags/example_complex.py for tasks to queue
[2024-10-20T16:06:59.451+0000] {logging_mixin.py:154} INFO - [2024-10-20T16:06:59.451+0000] {dagbag.py:536} INFO - Filling up the DagBag from /home/airflow/.local/lib/python3.8/site-packages/airflow/example_dags/example_complex.py
[2024-10-20T16:06:59.476+0000] {processor.py:839} INFO - DAG(s) dict_keys(['example_complex']) retrieved from /home/airflow/.local/lib/python3.8/site-packages/airflow/example_dags/example_complex.py
[2024-10-20T16:06:59.534+0000] {logging_mixin.py:154} INFO - [2024-10-20T16:06:59.534+0000] {dag.py:2941} INFO - Sync 1 DAGs
[2024-10-20T16:06:59.560+0000] {logging_mixin.py:154} INFO - [2024-10-20T16:06:59.559+0000] {dag.py:3722} INFO - Setting next_dagrun for example_complex to None, run_after=None
[2024-10-20T16:06:59.598+0000] {processor.py:179} INFO - Processing /home/airflow/.local/lib/python3.8/site-packages/airflow/example_dags/example_complex.py took 0.158 seconds
[2024-10-20T16:08:18.815+0000] {processor.py:157} INFO - Started process (PID=99) to work on /home/airflow/.local/lib/python3.8/site-packages/airflow/example_dags/example_complex.py
[2024-10-20T16:08:18.818+0000] {processor.py:829} INFO - Processing file /home/airflow/.local/lib/python3.8/site-packages/airflow/example_dags/example_complex.py for tasks to queue
[2024-10-20T16:08:18.824+0000] {logging_mixin.py:154} INFO - [2024-10-20T16:08:18.823+0000] {dagbag.py:536} INFO - Filling up the DagBag from /home/airflow/.local/lib/python3.8/site-packages/airflow/example_dags/example_complex.py
[2024-10-20T16:08:18.861+0000] {processor.py:839} INFO - DAG(s) dict_keys(['example_complex']) retrieved from /home/airflow/.local/lib/python3.8/site-packages/airflow/example_dags/example_complex.py
[2024-10-20T16:08:18.939+0000] {logging_mixin.py:154} INFO - [2024-10-20T16:08:18.938+0000] {dag.py:2941} INFO - Sync 1 DAGs
[2024-10-20T16:08:18.976+0000] {logging_mixin.py:154} INFO - [2024-10-20T16:08:18.975+0000] {dag.py:3722} INFO - Setting next_dagrun for example_complex to None, run_after=None
[2024-10-20T16:08:19.029+0000] {processor.py:179} INFO - Processing /home/airflow/.local/lib/python3.8/site-packages/airflow/example_dags/example_complex.py took 0.220 seconds
[2024-10-20T16:08:49.873+0000] {processor.py:157} INFO - Started process (PID=155) to work on /home/airflow/.local/lib/python3.8/site-packages/airflow/example_dags/example_complex.py
[2024-10-20T16:08:49.875+0000] {processor.py:829} INFO - Processing file /home/airflow/.local/lib/python3.8/site-packages/airflow/example_dags/example_complex.py for tasks to queue
[2024-10-20T16:08:49.879+0000] {logging_mixin.py:154} INFO - [2024-10-20T16:08:49.878+0000] {dagbag.py:536} INFO - Filling up the DagBag from /home/airflow/.local/lib/python3.8/site-packages/airflow/example_dags/example_complex.py
[2024-10-20T16:08:49.894+0000] {processor.py:839} INFO - DAG(s) dict_keys(['example_complex']) retrieved from /home/airflow/.local/lib/python3.8/site-packages/airflow/example_dags/example_complex.py
[2024-10-20T16:08:49.941+0000] {logging_mixin.py:154} INFO - [2024-10-20T16:08:49.941+0000] {dag.py:2941} INFO - Sync 1 DAGs
[2024-10-20T16:08:49.960+0000] {logging_mixin.py:154} INFO - [2024-10-20T16:08:49.960+0000] {dag.py:3722} INFO - Setting next_dagrun for example_complex to None, run_after=None
[2024-10-20T16:08:49.997+0000] {processor.py:179} INFO - Processing /home/airflow/.local/lib/python3.8/site-packages/airflow/example_dags/example_complex.py took 0.128 seconds
[2024-10-20T16:09:21.274+0000] {processor.py:157} INFO - Started process (PID=211) to work on /home/airflow/.local/lib/python3.8/site-packages/airflow/example_dags/example_complex.py
[2024-10-20T16:09:21.276+0000] {processor.py:829} INFO - Processing file /home/airflow/.local/lib/python3.8/site-packages/airflow/example_dags/example_complex.py for tasks to queue
[2024-10-20T16:09:21.280+0000] {logging_mixin.py:154} INFO - [2024-10-20T16:09:21.280+0000] {dagbag.py:536} INFO - Filling up the DagBag from /home/airflow/.local/lib/python3.8/site-packages/airflow/example_dags/example_complex.py
[2024-10-20T16:09:21.307+0000] {processor.py:839} INFO - DAG(s) dict_keys(['example_complex']) retrieved from /home/airflow/.local/lib/python3.8/site-packages/airflow/example_dags/example_complex.py
[2024-10-20T16:09:21.364+0000] {logging_mixin.py:154} INFO - [2024-10-20T16:09:21.364+0000] {dag.py:2941} INFO - Sync 1 DAGs
[2024-10-20T16:09:21.387+0000] {logging_mixin.py:154} INFO - [2024-10-20T16:09:21.387+0000] {dag.py:3722} INFO - Setting next_dagrun for example_complex to None, run_after=None
[2024-10-20T16:09:21.426+0000] {processor.py:179} INFO - Processing /home/airflow/.local/lib/python3.8/site-packages/airflow/example_dags/example_complex.py took 0.157 seconds
[2024-10-20T16:09:52.055+0000] {processor.py:157} INFO - Started process (PID=267) to work on /home/airflow/.local/lib/python3.8/site-packages/airflow/example_dags/example_complex.py
[2024-10-20T16:09:52.057+0000] {processor.py:829} INFO - Processing file /home/airflow/.local/lib/python3.8/site-packages/airflow/example_dags/example_complex.py for tasks to queue
[2024-10-20T16:09:52.061+0000] {logging_mixin.py:154} INFO - [2024-10-20T16:09:52.061+0000] {dagbag.py:536} INFO - Filling up the DagBag from /home/airflow/.local/lib/python3.8/site-packages/airflow/example_dags/example_complex.py
[2024-10-20T16:09:52.082+0000] {processor.py:839} INFO - DAG(s) dict_keys(['example_complex']) retrieved from /home/airflow/.local/lib/python3.8/site-packages/airflow/example_dags/example_complex.py
[2024-10-20T16:09:52.142+0000] {logging_mixin.py:154} INFO - [2024-10-20T16:09:52.142+0000] {dag.py:2941} INFO - Sync 1 DAGs
[2024-10-20T16:09:52.165+0000] {logging_mixin.py:154} INFO - [2024-10-20T16:09:52.164+0000] {dag.py:3722} INFO - Setting next_dagrun for example_complex to None, run_after=None
[2024-10-20T16:09:52.210+0000] {processor.py:179} INFO - Processing /home/airflow/.local/lib/python3.8/site-packages/airflow/example_dags/example_complex.py took 0.160 seconds
[2024-10-20T16:10:22.755+0000] {processor.py:157} INFO - Started process (PID=323) to work on /home/airflow/.local/lib/python3.8/site-packages/airflow/example_dags/example_complex.py
[2024-10-20T16:10:22.757+0000] {processor.py:829} INFO - Processing file /home/airflow/.local/lib/python3.8/site-packages/airflow/example_dags/example_complex.py for tasks to queue
[2024-10-20T16:10:22.761+0000] {logging_mixin.py:154} INFO - [2024-10-20T16:10:22.760+0000] {dagbag.py:536} INFO - Filling up the DagBag from /home/airflow/.local/lib/python3.8/site-packages/airflow/example_dags/example_complex.py
[2024-10-20T16:10:22.778+0000] {processor.py:839} INFO - DAG(s) dict_keys(['example_complex']) retrieved from /home/airflow/.local/lib/python3.8/site-packages/airflow/example_dags/example_complex.py
[2024-10-20T16:10:22.835+0000] {logging_mixin.py:154} INFO - [2024-10-20T16:10:22.834+0000] {dag.py:2941} INFO - Sync 1 DAGs
[2024-10-20T16:10:22.857+0000] {logging_mixin.py:154} INFO - [2024-10-20T16:10:22.857+0000] {dag.py:3722} INFO - Setting next_dagrun for example_complex to None, run_after=None
[2024-10-20T16:10:22.896+0000] {processor.py:179} INFO - Processing /home/airflow/.local/lib/python3.8/site-packages/airflow/example_dags/example_complex.py took 0.147 seconds
[2024-10-20T16:10:54.063+0000] {processor.py:157} INFO - Started process (PID=379) to work on /home/airflow/.local/lib/python3.8/site-packages/airflow/example_dags/example_complex.py
[2024-10-20T16:10:54.065+0000] {processor.py:829} INFO - Processing file /home/airflow/.local/lib/python3.8/site-packages/airflow/example_dags/example_complex.py for tasks to queue
[2024-10-20T16:10:54.068+0000] {logging_mixin.py:154} INFO - [2024-10-20T16:10:54.067+0000] {dagbag.py:536} INFO - Filling up the DagBag from /home/airflow/.local/lib/python3.8/site-packages/airflow/example_dags/example_complex.py
[2024-10-20T16:10:54.084+0000] {processor.py:839} INFO - DAG(s) dict_keys(['example_complex']) retrieved from /home/airflow/.local/lib/python3.8/site-packages/airflow/example_dags/example_complex.py
[2024-10-20T16:10:54.149+0000] {logging_mixin.py:154} INFO - [2024-10-20T16:10:54.148+0000] {dag.py:2941} INFO - Sync 1 DAGs
[2024-10-20T16:10:54.172+0000] {logging_mixin.py:154} INFO - [2024-10-20T16:10:54.172+0000] {dag.py:3722} INFO - Setting next_dagrun for example_complex to None, run_after=None
[2024-10-20T16:10:54.210+0000] {processor.py:179} INFO - Processing /home/airflow/.local/lib/python3.8/site-packages/airflow/example_dags/example_complex.py took 0.151 seconds
[2024-10-20T16:11:24.411+0000] {processor.py:157} INFO - Started process (PID=435) to work on /home/airflow/.local/lib/python3.8/site-packages/airflow/example_dags/example_complex.py
[2024-10-20T16:11:24.412+0000] {processor.py:829} INFO - Processing file /home/airflow/.local/lib/python3.8/site-packages/airflow/example_dags/example_complex.py for tasks to queue
[2024-10-20T16:11:24.415+0000] {logging_mixin.py:154} INFO - [2024-10-20T16:11:24.415+0000] {dagbag.py:536} INFO - Filling up the DagBag from /home/airflow/.local/lib/python3.8/site-packages/airflow/example_dags/example_complex.py
[2024-10-20T16:11:24.439+0000] {processor.py:839} INFO - DAG(s) dict_keys(['example_complex']) retrieved from /home/airflow/.local/lib/python3.8/site-packages/airflow/example_dags/example_complex.py
[2024-10-20T16:11:24.495+0000] {logging_mixin.py:154} INFO - [2024-10-20T16:11:24.494+0000] {dag.py:2941} INFO - Sync 1 DAGs
[2024-10-20T16:11:24.517+0000] {logging_mixin.py:154} INFO - [2024-10-20T16:11:24.516+0000] {dag.py:3722} INFO - Setting next_dagrun for example_complex to None, run_after=None
[2024-10-20T16:11:24.556+0000] {processor.py:179} INFO - Processing /home/airflow/.local/lib/python3.8/site-packages/airflow/example_dags/example_complex.py took 0.149 seconds
[2024-10-20T16:25:11.118+0000] {processor.py:157} INFO - Started process (PID=92) to work on /home/airflow/.local/lib/python3.8/site-packages/airflow/example_dags/example_complex.py
[2024-10-20T16:25:11.121+0000] {processor.py:829} INFO - Processing file /home/airflow/.local/lib/python3.8/site-packages/airflow/example_dags/example_complex.py for tasks to queue
[2024-10-20T16:25:11.126+0000] {logging_mixin.py:154} INFO - [2024-10-20T16:25:11.125+0000] {dagbag.py:536} INFO - Filling up the DagBag from /home/airflow/.local/lib/python3.8/site-packages/airflow/example_dags/example_complex.py
[2024-10-20T16:25:11.159+0000] {processor.py:839} INFO - DAG(s) dict_keys(['example_complex']) retrieved from /home/airflow/.local/lib/python3.8/site-packages/airflow/example_dags/example_complex.py
[2024-10-20T16:25:11.244+0000] {logging_mixin.py:154} INFO - [2024-10-20T16:25:11.243+0000] {dag.py:2941} INFO - Sync 1 DAGs
[2024-10-20T16:25:11.271+0000] {logging_mixin.py:154} INFO - [2024-10-20T16:25:11.271+0000] {dag.py:3722} INFO - Setting next_dagrun for example_complex to None, run_after=None
[2024-10-20T16:25:11.371+0000] {processor.py:179} INFO - Processing /home/airflow/.local/lib/python3.8/site-packages/airflow/example_dags/example_complex.py took 0.260 seconds
[2024-10-20T16:25:42.896+0000] {processor.py:157} INFO - Started process (PID=148) to work on /home/airflow/.local/lib/python3.8/site-packages/airflow/example_dags/example_complex.py
[2024-10-20T16:25:42.898+0000] {processor.py:829} INFO - Processing file /home/airflow/.local/lib/python3.8/site-packages/airflow/example_dags/example_complex.py for tasks to queue
[2024-10-20T16:25:42.901+0000] {logging_mixin.py:154} INFO - [2024-10-20T16:25:42.901+0000] {dagbag.py:536} INFO - Filling up the DagBag from /home/airflow/.local/lib/python3.8/site-packages/airflow/example_dags/example_complex.py
[2024-10-20T16:25:42.917+0000] {processor.py:839} INFO - DAG(s) dict_keys(['example_complex']) retrieved from /home/airflow/.local/lib/python3.8/site-packages/airflow/example_dags/example_complex.py
[2024-10-20T16:25:42.965+0000] {logging_mixin.py:154} INFO - [2024-10-20T16:25:42.965+0000] {dag.py:2941} INFO - Sync 1 DAGs
[2024-10-20T16:25:42.989+0000] {logging_mixin.py:154} INFO - [2024-10-20T16:25:42.988+0000] {dag.py:3722} INFO - Setting next_dagrun for example_complex to None, run_after=None
[2024-10-20T16:25:43.025+0000] {processor.py:179} INFO - Processing /home/airflow/.local/lib/python3.8/site-packages/airflow/example_dags/example_complex.py took 0.133 seconds
[2024-10-20T16:26:13.528+0000] {processor.py:157} INFO - Started process (PID=204) to work on /home/airflow/.local/lib/python3.8/site-packages/airflow/example_dags/example_complex.py
[2024-10-20T16:26:13.530+0000] {processor.py:829} INFO - Processing file /home/airflow/.local/lib/python3.8/site-packages/airflow/example_dags/example_complex.py for tasks to queue
[2024-10-20T16:26:13.532+0000] {logging_mixin.py:154} INFO - [2024-10-20T16:26:13.531+0000] {dagbag.py:536} INFO - Filling up the DagBag from /home/airflow/.local/lib/python3.8/site-packages/airflow/example_dags/example_complex.py
[2024-10-20T16:26:13.554+0000] {processor.py:839} INFO - DAG(s) dict_keys(['example_complex']) retrieved from /home/airflow/.local/lib/python3.8/site-packages/airflow/example_dags/example_complex.py
[2024-10-20T16:26:13.613+0000] {logging_mixin.py:154} INFO - [2024-10-20T16:26:13.613+0000] {dag.py:2941} INFO - Sync 1 DAGs
[2024-10-20T16:26:13.638+0000] {logging_mixin.py:154} INFO - [2024-10-20T16:26:13.638+0000] {dag.py:3722} INFO - Setting next_dagrun for example_complex to None, run_after=None
[2024-10-20T16:26:13.674+0000] {processor.py:179} INFO - Processing /home/airflow/.local/lib/python3.8/site-packages/airflow/example_dags/example_complex.py took 0.151 seconds
[2024-10-20T16:27:58.143+0000] {processor.py:157} INFO - Started process (PID=92) to work on /home/airflow/.local/lib/python3.8/site-packages/airflow/example_dags/example_complex.py
[2024-10-20T16:27:58.145+0000] {processor.py:829} INFO - Processing file /home/airflow/.local/lib/python3.8/site-packages/airflow/example_dags/example_complex.py for tasks to queue
[2024-10-20T16:27:58.155+0000] {logging_mixin.py:154} INFO - [2024-10-20T16:27:58.154+0000] {dagbag.py:536} INFO - Filling up the DagBag from /home/airflow/.local/lib/python3.8/site-packages/airflow/example_dags/example_complex.py
[2024-10-20T16:27:58.193+0000] {processor.py:839} INFO - DAG(s) dict_keys(['example_complex']) retrieved from /home/airflow/.local/lib/python3.8/site-packages/airflow/example_dags/example_complex.py
[2024-10-20T16:27:58.221+0000] {logging_mixin.py:154} INFO - [2024-10-20T16:27:58.221+0000] {dag.py:2941} INFO - Sync 1 DAGs
[2024-10-20T16:27:58.242+0000] {logging_mixin.py:154} INFO - [2024-10-20T16:27:58.242+0000] {dag.py:3722} INFO - Setting next_dagrun for example_complex to None, run_after=None
[2024-10-20T16:27:58.270+0000] {processor.py:179} INFO - Processing /home/airflow/.local/lib/python3.8/site-packages/airflow/example_dags/example_complex.py took 0.134 seconds
[2024-10-20T16:28:28.973+0000] {processor.py:157} INFO - Started process (PID=148) to work on /home/airflow/.local/lib/python3.8/site-packages/airflow/example_dags/example_complex.py
[2024-10-20T16:28:28.975+0000] {processor.py:829} INFO - Processing file /home/airflow/.local/lib/python3.8/site-packages/airflow/example_dags/example_complex.py for tasks to queue
[2024-10-20T16:28:28.979+0000] {logging_mixin.py:154} INFO - [2024-10-20T16:28:28.978+0000] {dagbag.py:536} INFO - Filling up the DagBag from /home/airflow/.local/lib/python3.8/site-packages/airflow/example_dags/example_complex.py
[2024-10-20T16:28:28.997+0000] {processor.py:839} INFO - DAG(s) dict_keys(['example_complex']) retrieved from /home/airflow/.local/lib/python3.8/site-packages/airflow/example_dags/example_complex.py
[2024-10-20T16:28:29.038+0000] {logging_mixin.py:154} INFO - [2024-10-20T16:28:29.038+0000] {dag.py:2941} INFO - Sync 1 DAGs
[2024-10-20T16:28:29.057+0000] {logging_mixin.py:154} INFO - [2024-10-20T16:28:29.056+0000] {dag.py:3722} INFO - Setting next_dagrun for example_complex to None, run_after=None
[2024-10-20T16:28:29.088+0000] {processor.py:179} INFO - Processing /home/airflow/.local/lib/python3.8/site-packages/airflow/example_dags/example_complex.py took 0.119 seconds
[2024-10-20T16:28:59.617+0000] {processor.py:157} INFO - Started process (PID=204) to work on /home/airflow/.local/lib/python3.8/site-packages/airflow/example_dags/example_complex.py
[2024-10-20T16:28:59.618+0000] {processor.py:829} INFO - Processing file /home/airflow/.local/lib/python3.8/site-packages/airflow/example_dags/example_complex.py for tasks to queue
[2024-10-20T16:28:59.621+0000] {logging_mixin.py:154} INFO - [2024-10-20T16:28:59.621+0000] {dagbag.py:536} INFO - Filling up the DagBag from /home/airflow/.local/lib/python3.8/site-packages/airflow/example_dags/example_complex.py
[2024-10-20T16:28:59.638+0000] {processor.py:839} INFO - DAG(s) dict_keys(['example_complex']) retrieved from /home/airflow/.local/lib/python3.8/site-packages/airflow/example_dags/example_complex.py
[2024-10-20T16:28:59.676+0000] {logging_mixin.py:154} INFO - [2024-10-20T16:28:59.676+0000] {dag.py:2941} INFO - Sync 1 DAGs
[2024-10-20T16:28:59.690+0000] {logging_mixin.py:154} INFO - [2024-10-20T16:28:59.689+0000] {dag.py:3722} INFO - Setting next_dagrun for example_complex to None, run_after=None
[2024-10-20T16:28:59.718+0000] {processor.py:179} INFO - Processing /home/airflow/.local/lib/python3.8/site-packages/airflow/example_dags/example_complex.py took 0.105 seconds
[2024-10-20T16:29:30.464+0000] {processor.py:157} INFO - Started process (PID=260) to work on /home/airflow/.local/lib/python3.8/site-packages/airflow/example_dags/example_complex.py
[2024-10-20T16:29:30.466+0000] {processor.py:829} INFO - Processing file /home/airflow/.local/lib/python3.8/site-packages/airflow/example_dags/example_complex.py for tasks to queue
[2024-10-20T16:29:30.468+0000] {logging_mixin.py:154} INFO - [2024-10-20T16:29:30.468+0000] {dagbag.py:536} INFO - Filling up the DagBag from /home/airflow/.local/lib/python3.8/site-packages/airflow/example_dags/example_complex.py
[2024-10-20T16:29:30.478+0000] {processor.py:839} INFO - DAG(s) dict_keys(['example_complex']) retrieved from /home/airflow/.local/lib/python3.8/site-packages/airflow/example_dags/example_complex.py
[2024-10-20T16:29:30.512+0000] {logging_mixin.py:154} INFO - [2024-10-20T16:29:30.512+0000] {dag.py:2941} INFO - Sync 1 DAGs
[2024-10-20T16:29:30.526+0000] {logging_mixin.py:154} INFO - [2024-10-20T16:29:30.526+0000] {dag.py:3722} INFO - Setting next_dagrun for example_complex to None, run_after=None
[2024-10-20T16:29:30.555+0000] {processor.py:179} INFO - Processing /home/airflow/.local/lib/python3.8/site-packages/airflow/example_dags/example_complex.py took 0.093 seconds
[2024-10-20T16:31:02.376+0000] {processor.py:157} INFO - Started process (PID=110) to work on /home/airflow/.local/lib/python3.8/site-packages/airflow/example_dags/example_complex.py
[2024-10-20T16:31:02.377+0000] {processor.py:829} INFO - Processing file /home/airflow/.local/lib/python3.8/site-packages/airflow/example_dags/example_complex.py for tasks to queue
[2024-10-20T16:31:02.379+0000] {logging_mixin.py:154} INFO - [2024-10-20T16:31:02.379+0000] {dagbag.py:536} INFO - Filling up the DagBag from /home/airflow/.local/lib/python3.8/site-packages/airflow/example_dags/example_complex.py
[2024-10-20T16:31:02.396+0000] {processor.py:839} INFO - DAG(s) dict_keys(['example_complex']) retrieved from /home/airflow/.local/lib/python3.8/site-packages/airflow/example_dags/example_complex.py
[2024-10-20T16:31:02.433+0000] {logging_mixin.py:154} INFO - [2024-10-20T16:31:02.432+0000] {dag.py:2941} INFO - Sync 1 DAGs
[2024-10-20T16:31:02.447+0000] {logging_mixin.py:154} INFO - [2024-10-20T16:31:02.447+0000] {dag.py:3722} INFO - Setting next_dagrun for example_complex to None, run_after=None
[2024-10-20T16:31:02.472+0000] {processor.py:179} INFO - Processing /home/airflow/.local/lib/python3.8/site-packages/airflow/example_dags/example_complex.py took 0.099 seconds
[2024-10-20T16:31:33.281+0000] {processor.py:157} INFO - Started process (PID=166) to work on /home/airflow/.local/lib/python3.8/site-packages/airflow/example_dags/example_complex.py
[2024-10-20T16:31:33.282+0000] {processor.py:829} INFO - Processing file /home/airflow/.local/lib/python3.8/site-packages/airflow/example_dags/example_complex.py for tasks to queue
[2024-10-20T16:31:33.285+0000] {logging_mixin.py:154} INFO - [2024-10-20T16:31:33.285+0000] {dagbag.py:536} INFO - Filling up the DagBag from /home/airflow/.local/lib/python3.8/site-packages/airflow/example_dags/example_complex.py
[2024-10-20T16:31:33.297+0000] {processor.py:839} INFO - DAG(s) dict_keys(['example_complex']) retrieved from /home/airflow/.local/lib/python3.8/site-packages/airflow/example_dags/example_complex.py
[2024-10-20T16:31:33.331+0000] {logging_mixin.py:154} INFO - [2024-10-20T16:31:33.331+0000] {dag.py:2941} INFO - Sync 1 DAGs
[2024-10-20T16:31:33.346+0000] {logging_mixin.py:154} INFO - [2024-10-20T16:31:33.346+0000] {dag.py:3722} INFO - Setting next_dagrun for example_complex to None, run_after=None
[2024-10-20T16:31:33.374+0000] {processor.py:179} INFO - Processing /home/airflow/.local/lib/python3.8/site-packages/airflow/example_dags/example_complex.py took 0.096 seconds
[2024-10-20T16:32:04.040+0000] {processor.py:157} INFO - Started process (PID=222) to work on /home/airflow/.local/lib/python3.8/site-packages/airflow/example_dags/example_complex.py
[2024-10-20T16:32:04.041+0000] {processor.py:829} INFO - Processing file /home/airflow/.local/lib/python3.8/site-packages/airflow/example_dags/example_complex.py for tasks to queue
[2024-10-20T16:32:04.043+0000] {logging_mixin.py:154} INFO - [2024-10-20T16:32:04.043+0000] {dagbag.py:536} INFO - Filling up the DagBag from /home/airflow/.local/lib/python3.8/site-packages/airflow/example_dags/example_complex.py
[2024-10-20T16:32:04.054+0000] {processor.py:839} INFO - DAG(s) dict_keys(['example_complex']) retrieved from /home/airflow/.local/lib/python3.8/site-packages/airflow/example_dags/example_complex.py
[2024-10-20T16:32:04.091+0000] {logging_mixin.py:154} INFO - [2024-10-20T16:32:04.091+0000] {dag.py:2941} INFO - Sync 1 DAGs
[2024-10-20T16:32:04.106+0000] {logging_mixin.py:154} INFO - [2024-10-20T16:32:04.105+0000] {dag.py:3722} INFO - Setting next_dagrun for example_complex to None, run_after=None
[2024-10-20T16:32:04.134+0000] {processor.py:179} INFO - Processing /home/airflow/.local/lib/python3.8/site-packages/airflow/example_dags/example_complex.py took 0.097 seconds
[2024-10-20T16:32:34.690+0000] {processor.py:157} INFO - Started process (PID=278) to work on /home/airflow/.local/lib/python3.8/site-packages/airflow/example_dags/example_complex.py
[2024-10-20T16:32:34.691+0000] {processor.py:829} INFO - Processing file /home/airflow/.local/lib/python3.8/site-packages/airflow/example_dags/example_complex.py for tasks to queue
[2024-10-20T16:32:34.694+0000] {logging_mixin.py:154} INFO - [2024-10-20T16:32:34.693+0000] {dagbag.py:536} INFO - Filling up the DagBag from /home/airflow/.local/lib/python3.8/site-packages/airflow/example_dags/example_complex.py
[2024-10-20T16:32:34.703+0000] {processor.py:839} INFO - DAG(s) dict_keys(['example_complex']) retrieved from /home/airflow/.local/lib/python3.8/site-packages/airflow/example_dags/example_complex.py
[2024-10-20T16:32:34.734+0000] {logging_mixin.py:154} INFO - [2024-10-20T16:32:34.734+0000] {dag.py:2941} INFO - Sync 1 DAGs
[2024-10-20T16:32:34.746+0000] {logging_mixin.py:154} INFO - [2024-10-20T16:32:34.746+0000] {dag.py:3722} INFO - Setting next_dagrun for example_complex to None, run_after=None
[2024-10-20T16:32:34.774+0000] {processor.py:179} INFO - Processing /home/airflow/.local/lib/python3.8/site-packages/airflow/example_dags/example_complex.py took 0.086 seconds
[2024-10-20T16:33:05.652+0000] {processor.py:157} INFO - Started process (PID=334) to work on /home/airflow/.local/lib/python3.8/site-packages/airflow/example_dags/example_complex.py
[2024-10-20T16:33:05.653+0000] {processor.py:829} INFO - Processing file /home/airflow/.local/lib/python3.8/site-packages/airflow/example_dags/example_complex.py for tasks to queue
[2024-10-20T16:33:05.655+0000] {logging_mixin.py:154} INFO - [2024-10-20T16:33:05.655+0000] {dagbag.py:536} INFO - Filling up the DagBag from /home/airflow/.local/lib/python3.8/site-packages/airflow/example_dags/example_complex.py
[2024-10-20T16:33:05.667+0000] {processor.py:839} INFO - DAG(s) dict_keys(['example_complex']) retrieved from /home/airflow/.local/lib/python3.8/site-packages/airflow/example_dags/example_complex.py
[2024-10-20T16:33:05.700+0000] {logging_mixin.py:154} INFO - [2024-10-20T16:33:05.700+0000] {dag.py:2941} INFO - Sync 1 DAGs
[2024-10-20T16:33:05.713+0000] {logging_mixin.py:154} INFO - [2024-10-20T16:33:05.713+0000] {dag.py:3722} INFO - Setting next_dagrun for example_complex to None, run_after=None
[2024-10-20T16:33:05.739+0000] {processor.py:179} INFO - Processing /home/airflow/.local/lib/python3.8/site-packages/airflow/example_dags/example_complex.py took 0.090 seconds
[2024-10-20T16:34:26.140+0000] {processor.py:157} INFO - Started process (PID=104) to work on /home/airflow/.local/lib/python3.8/site-packages/airflow/example_dags/example_complex.py
[2024-10-20T16:34:26.141+0000] {processor.py:829} INFO - Processing file /home/airflow/.local/lib/python3.8/site-packages/airflow/example_dags/example_complex.py for tasks to queue
[2024-10-20T16:34:26.144+0000] {logging_mixin.py:154} INFO - [2024-10-20T16:34:26.144+0000] {dagbag.py:536} INFO - Filling up the DagBag from /home/airflow/.local/lib/python3.8/site-packages/airflow/example_dags/example_complex.py
[2024-10-20T16:34:26.160+0000] {processor.py:839} INFO - DAG(s) dict_keys(['example_complex']) retrieved from /home/airflow/.local/lib/python3.8/site-packages/airflow/example_dags/example_complex.py
[2024-10-20T16:34:26.193+0000] {logging_mixin.py:154} INFO - [2024-10-20T16:34:26.193+0000] {dag.py:2941} INFO - Sync 1 DAGs
[2024-10-20T16:34:26.206+0000] {logging_mixin.py:154} INFO - [2024-10-20T16:34:26.205+0000] {dag.py:3722} INFO - Setting next_dagrun for example_complex to None, run_after=None
[2024-10-20T16:34:26.232+0000] {processor.py:179} INFO - Processing /home/airflow/.local/lib/python3.8/site-packages/airflow/example_dags/example_complex.py took 0.094 seconds
[2024-10-20T16:34:58.062+0000] {processor.py:157} INFO - Started process (PID=167) to work on /home/airflow/.local/lib/python3.8/site-packages/airflow/example_dags/example_complex.py
[2024-10-20T16:34:58.066+0000] {processor.py:829} INFO - Processing file /home/airflow/.local/lib/python3.8/site-packages/airflow/example_dags/example_complex.py for tasks to queue
[2024-10-20T16:34:58.070+0000] {logging_mixin.py:154} INFO - [2024-10-20T16:34:58.069+0000] {dagbag.py:536} INFO - Filling up the DagBag from /home/airflow/.local/lib/python3.8/site-packages/airflow/example_dags/example_complex.py
[2024-10-20T16:34:58.089+0000] {processor.py:839} INFO - DAG(s) dict_keys(['example_complex']) retrieved from /home/airflow/.local/lib/python3.8/site-packages/airflow/example_dags/example_complex.py
[2024-10-20T16:34:58.140+0000] {logging_mixin.py:154} INFO - [2024-10-20T16:34:58.139+0000] {dag.py:2941} INFO - Sync 1 DAGs
[2024-10-20T16:34:58.161+0000] {logging_mixin.py:154} INFO - [2024-10-20T16:34:58.161+0000] {dag.py:3722} INFO - Setting next_dagrun for example_complex to None, run_after=None
[2024-10-20T16:34:58.203+0000] {processor.py:179} INFO - Processing /home/airflow/.local/lib/python3.8/site-packages/airflow/example_dags/example_complex.py took 0.147 seconds
[2024-10-20T16:35:28.420+0000] {processor.py:157} INFO - Started process (PID=223) to work on /home/airflow/.local/lib/python3.8/site-packages/airflow/example_dags/example_complex.py
[2024-10-20T16:35:28.422+0000] {processor.py:829} INFO - Processing file /home/airflow/.local/lib/python3.8/site-packages/airflow/example_dags/example_complex.py for tasks to queue
[2024-10-20T16:35:28.424+0000] {logging_mixin.py:154} INFO - [2024-10-20T16:35:28.424+0000] {dagbag.py:536} INFO - Filling up the DagBag from /home/airflow/.local/lib/python3.8/site-packages/airflow/example_dags/example_complex.py
[2024-10-20T16:35:28.435+0000] {processor.py:839} INFO - DAG(s) dict_keys(['example_complex']) retrieved from /home/airflow/.local/lib/python3.8/site-packages/airflow/example_dags/example_complex.py
[2024-10-20T16:35:28.470+0000] {logging_mixin.py:154} INFO - [2024-10-20T16:35:28.469+0000] {dag.py:2941} INFO - Sync 1 DAGs
[2024-10-20T16:35:28.482+0000] {logging_mixin.py:154} INFO - [2024-10-20T16:35:28.482+0000] {dag.py:3722} INFO - Setting next_dagrun for example_complex to None, run_after=None
[2024-10-20T16:35:28.506+0000] {processor.py:179} INFO - Processing /home/airflow/.local/lib/python3.8/site-packages/airflow/example_dags/example_complex.py took 0.089 seconds
[2024-10-20T16:35:58.897+0000] {processor.py:157} INFO - Started process (PID=279) to work on /home/airflow/.local/lib/python3.8/site-packages/airflow/example_dags/example_complex.py
[2024-10-20T16:35:58.898+0000] {processor.py:829} INFO - Processing file /home/airflow/.local/lib/python3.8/site-packages/airflow/example_dags/example_complex.py for tasks to queue
[2024-10-20T16:35:58.901+0000] {logging_mixin.py:154} INFO - [2024-10-20T16:35:58.901+0000] {dagbag.py:536} INFO - Filling up the DagBag from /home/airflow/.local/lib/python3.8/site-packages/airflow/example_dags/example_complex.py
[2024-10-20T16:35:58.912+0000] {processor.py:839} INFO - DAG(s) dict_keys(['example_complex']) retrieved from /home/airflow/.local/lib/python3.8/site-packages/airflow/example_dags/example_complex.py
[2024-10-20T16:35:58.952+0000] {logging_mixin.py:154} INFO - [2024-10-20T16:35:58.951+0000] {dag.py:2941} INFO - Sync 1 DAGs
[2024-10-20T16:35:58.967+0000] {logging_mixin.py:154} INFO - [2024-10-20T16:35:58.966+0000] {dag.py:3722} INFO - Setting next_dagrun for example_complex to None, run_after=None
[2024-10-20T16:35:59.000+0000] {processor.py:179} INFO - Processing /home/airflow/.local/lib/python3.8/site-packages/airflow/example_dags/example_complex.py took 0.105 seconds
[2024-10-20T16:36:29.544+0000] {processor.py:157} INFO - Started process (PID=335) to work on /home/airflow/.local/lib/python3.8/site-packages/airflow/example_dags/example_complex.py
[2024-10-20T16:36:29.545+0000] {processor.py:829} INFO - Processing file /home/airflow/.local/lib/python3.8/site-packages/airflow/example_dags/example_complex.py for tasks to queue
[2024-10-20T16:36:29.547+0000] {logging_mixin.py:154} INFO - [2024-10-20T16:36:29.547+0000] {dagbag.py:536} INFO - Filling up the DagBag from /home/airflow/.local/lib/python3.8/site-packages/airflow/example_dags/example_complex.py
[2024-10-20T16:36:29.559+0000] {processor.py:839} INFO - DAG(s) dict_keys(['example_complex']) retrieved from /home/airflow/.local/lib/python3.8/site-packages/airflow/example_dags/example_complex.py
[2024-10-20T16:36:29.588+0000] {logging_mixin.py:154} INFO - [2024-10-20T16:36:29.588+0000] {dag.py:2941} INFO - Sync 1 DAGs
[2024-10-20T16:36:29.602+0000] {logging_mixin.py:154} INFO - [2024-10-20T16:36:29.601+0000] {dag.py:3722} INFO - Setting next_dagrun for example_complex to None, run_after=None
[2024-10-20T16:36:29.624+0000] {processor.py:179} INFO - Processing /home/airflow/.local/lib/python3.8/site-packages/airflow/example_dags/example_complex.py took 0.083 seconds
[2024-10-20T16:37:00.384+0000] {processor.py:157} INFO - Started process (PID=391) to work on /home/airflow/.local/lib/python3.8/site-packages/airflow/example_dags/example_complex.py
[2024-10-20T16:37:00.385+0000] {processor.py:829} INFO - Processing file /home/airflow/.local/lib/python3.8/site-packages/airflow/example_dags/example_complex.py for tasks to queue
[2024-10-20T16:37:00.388+0000] {logging_mixin.py:154} INFO - [2024-10-20T16:37:00.388+0000] {dagbag.py:536} INFO - Filling up the DagBag from /home/airflow/.local/lib/python3.8/site-packages/airflow/example_dags/example_complex.py
[2024-10-20T16:37:00.399+0000] {processor.py:839} INFO - DAG(s) dict_keys(['example_complex']) retrieved from /home/airflow/.local/lib/python3.8/site-packages/airflow/example_dags/example_complex.py
[2024-10-20T16:37:00.430+0000] {logging_mixin.py:154} INFO - [2024-10-20T16:37:00.429+0000] {dag.py:2941} INFO - Sync 1 DAGs
[2024-10-20T16:37:00.446+0000] {logging_mixin.py:154} INFO - [2024-10-20T16:37:00.445+0000] {dag.py:3722} INFO - Setting next_dagrun for example_complex to None, run_after=None
[2024-10-20T16:37:00.469+0000] {processor.py:179} INFO - Processing /home/airflow/.local/lib/python3.8/site-packages/airflow/example_dags/example_complex.py took 0.088 seconds
[2024-10-20T16:37:31.233+0000] {processor.py:157} INFO - Started process (PID=457) to work on /home/airflow/.local/lib/python3.8/site-packages/airflow/example_dags/example_complex.py
[2024-10-20T16:37:31.235+0000] {processor.py:829} INFO - Processing file /home/airflow/.local/lib/python3.8/site-packages/airflow/example_dags/example_complex.py for tasks to queue
[2024-10-20T16:37:31.237+0000] {logging_mixin.py:154} INFO - [2024-10-20T16:37:31.237+0000] {dagbag.py:536} INFO - Filling up the DagBag from /home/airflow/.local/lib/python3.8/site-packages/airflow/example_dags/example_complex.py
[2024-10-20T16:37:31.248+0000] {processor.py:839} INFO - DAG(s) dict_keys(['example_complex']) retrieved from /home/airflow/.local/lib/python3.8/site-packages/airflow/example_dags/example_complex.py
[2024-10-20T16:37:31.281+0000] {logging_mixin.py:154} INFO - [2024-10-20T16:37:31.280+0000] {dag.py:2941} INFO - Sync 1 DAGs
[2024-10-20T16:37:31.295+0000] {logging_mixin.py:154} INFO - [2024-10-20T16:37:31.295+0000] {dag.py:3722} INFO - Setting next_dagrun for example_complex to None, run_after=None
[2024-10-20T16:37:31.324+0000] {processor.py:179} INFO - Processing /home/airflow/.local/lib/python3.8/site-packages/airflow/example_dags/example_complex.py took 0.093 seconds
[2024-10-20T16:38:01.486+0000] {processor.py:157} INFO - Started process (PID=517) to work on /home/airflow/.local/lib/python3.8/site-packages/airflow/example_dags/example_complex.py
[2024-10-20T16:38:01.488+0000] {processor.py:829} INFO - Processing file /home/airflow/.local/lib/python3.8/site-packages/airflow/example_dags/example_complex.py for tasks to queue
[2024-10-20T16:38:01.491+0000] {logging_mixin.py:154} INFO - [2024-10-20T16:38:01.490+0000] {dagbag.py:536} INFO - Filling up the DagBag from /home/airflow/.local/lib/python3.8/site-packages/airflow/example_dags/example_complex.py
[2024-10-20T16:38:01.502+0000] {processor.py:839} INFO - DAG(s) dict_keys(['example_complex']) retrieved from /home/airflow/.local/lib/python3.8/site-packages/airflow/example_dags/example_complex.py
[2024-10-20T16:38:01.538+0000] {logging_mixin.py:154} INFO - [2024-10-20T16:38:01.537+0000] {dag.py:2941} INFO - Sync 1 DAGs
[2024-10-20T16:38:01.551+0000] {logging_mixin.py:154} INFO - [2024-10-20T16:38:01.550+0000] {dag.py:3722} INFO - Setting next_dagrun for example_complex to None, run_after=None
[2024-10-20T16:38:01.577+0000] {processor.py:179} INFO - Processing /home/airflow/.local/lib/python3.8/site-packages/airflow/example_dags/example_complex.py took 0.093 seconds
[2024-10-20T16:39:45.671+0000] {processor.py:157} INFO - Started process (PID=111) to work on /home/airflow/.local/lib/python3.8/site-packages/airflow/example_dags/example_complex.py
[2024-10-20T16:39:45.673+0000] {processor.py:829} INFO - Processing file /home/airflow/.local/lib/python3.8/site-packages/airflow/example_dags/example_complex.py for tasks to queue
[2024-10-20T16:39:45.677+0000] {logging_mixin.py:154} INFO - [2024-10-20T16:39:45.676+0000] {dagbag.py:536} INFO - Filling up the DagBag from /home/airflow/.local/lib/python3.8/site-packages/airflow/example_dags/example_complex.py
[2024-10-20T16:39:45.697+0000] {processor.py:839} INFO - DAG(s) dict_keys(['example_complex']) retrieved from /home/airflow/.local/lib/python3.8/site-packages/airflow/example_dags/example_complex.py
[2024-10-20T16:39:45.749+0000] {logging_mixin.py:154} INFO - [2024-10-20T16:39:45.748+0000] {dag.py:2941} INFO - Sync 1 DAGs
[2024-10-20T16:39:45.768+0000] {logging_mixin.py:154} INFO - [2024-10-20T16:39:45.768+0000] {dag.py:3722} INFO - Setting next_dagrun for example_complex to None, run_after=None
[2024-10-20T16:39:45.803+0000] {processor.py:179} INFO - Processing /home/airflow/.local/lib/python3.8/site-packages/airflow/example_dags/example_complex.py took 0.137 seconds
[2024-10-20T16:40:16.355+0000] {processor.py:157} INFO - Started process (PID=167) to work on /home/airflow/.local/lib/python3.8/site-packages/airflow/example_dags/example_complex.py
[2024-10-20T16:40:16.356+0000] {processor.py:829} INFO - Processing file /home/airflow/.local/lib/python3.8/site-packages/airflow/example_dags/example_complex.py for tasks to queue
[2024-10-20T16:40:16.359+0000] {logging_mixin.py:154} INFO - [2024-10-20T16:40:16.358+0000] {dagbag.py:536} INFO - Filling up the DagBag from /home/airflow/.local/lib/python3.8/site-packages/airflow/example_dags/example_complex.py
[2024-10-20T16:40:16.369+0000] {processor.py:839} INFO - DAG(s) dict_keys(['example_complex']) retrieved from /home/airflow/.local/lib/python3.8/site-packages/airflow/example_dags/example_complex.py
[2024-10-20T16:40:16.400+0000] {logging_mixin.py:154} INFO - [2024-10-20T16:40:16.399+0000] {dag.py:2941} INFO - Sync 1 DAGs
[2024-10-20T16:40:16.414+0000] {logging_mixin.py:154} INFO - [2024-10-20T16:40:16.414+0000] {dag.py:3722} INFO - Setting next_dagrun for example_complex to None, run_after=None
[2024-10-20T16:40:16.440+0000] {processor.py:179} INFO - Processing /home/airflow/.local/lib/python3.8/site-packages/airflow/example_dags/example_complex.py took 0.088 seconds
[2024-10-20T16:40:47.304+0000] {processor.py:157} INFO - Started process (PID=223) to work on /home/airflow/.local/lib/python3.8/site-packages/airflow/example_dags/example_complex.py
[2024-10-20T16:40:47.305+0000] {processor.py:829} INFO - Processing file /home/airflow/.local/lib/python3.8/site-packages/airflow/example_dags/example_complex.py for tasks to queue
[2024-10-20T16:40:47.308+0000] {logging_mixin.py:154} INFO - [2024-10-20T16:40:47.307+0000] {dagbag.py:536} INFO - Filling up the DagBag from /home/airflow/.local/lib/python3.8/site-packages/airflow/example_dags/example_complex.py
[2024-10-20T16:40:47.319+0000] {processor.py:839} INFO - DAG(s) dict_keys(['example_complex']) retrieved from /home/airflow/.local/lib/python3.8/site-packages/airflow/example_dags/example_complex.py
[2024-10-20T16:40:47.352+0000] {logging_mixin.py:154} INFO - [2024-10-20T16:40:47.352+0000] {dag.py:2941} INFO - Sync 1 DAGs
[2024-10-20T16:40:47.367+0000] {logging_mixin.py:154} INFO - [2024-10-20T16:40:47.367+0000] {dag.py:3722} INFO - Setting next_dagrun for example_complex to None, run_after=None
[2024-10-20T16:40:47.395+0000] {processor.py:179} INFO - Processing /home/airflow/.local/lib/python3.8/site-packages/airflow/example_dags/example_complex.py took 0.094 seconds
[2024-10-20T16:41:17.835+0000] {processor.py:157} INFO - Started process (PID=279) to work on /home/airflow/.local/lib/python3.8/site-packages/airflow/example_dags/example_complex.py
[2024-10-20T16:41:17.837+0000] {processor.py:829} INFO - Processing file /home/airflow/.local/lib/python3.8/site-packages/airflow/example_dags/example_complex.py for tasks to queue
[2024-10-20T16:41:17.839+0000] {logging_mixin.py:154} INFO - [2024-10-20T16:41:17.839+0000] {dagbag.py:536} INFO - Filling up the DagBag from /home/airflow/.local/lib/python3.8/site-packages/airflow/example_dags/example_complex.py
[2024-10-20T16:41:17.849+0000] {processor.py:839} INFO - DAG(s) dict_keys(['example_complex']) retrieved from /home/airflow/.local/lib/python3.8/site-packages/airflow/example_dags/example_complex.py
[2024-10-20T16:41:17.884+0000] {logging_mixin.py:154} INFO - [2024-10-20T16:41:17.884+0000] {dag.py:2941} INFO - Sync 1 DAGs
[2024-10-20T16:41:17.899+0000] {logging_mixin.py:154} INFO - [2024-10-20T16:41:17.898+0000] {dag.py:3722} INFO - Setting next_dagrun for example_complex to None, run_after=None
[2024-10-20T16:41:17.925+0000] {processor.py:179} INFO - Processing /home/airflow/.local/lib/python3.8/site-packages/airflow/example_dags/example_complex.py took 0.093 seconds
[2024-10-20T16:42:44.402+0000] {processor.py:157} INFO - Started process (PID=104) to work on /home/airflow/.local/lib/python3.8/site-packages/airflow/example_dags/example_complex.py
[2024-10-20T16:42:44.403+0000] {processor.py:829} INFO - Processing file /home/airflow/.local/lib/python3.8/site-packages/airflow/example_dags/example_complex.py for tasks to queue
[2024-10-20T16:42:44.405+0000] {logging_mixin.py:154} INFO - [2024-10-20T16:42:44.405+0000] {dagbag.py:536} INFO - Filling up the DagBag from /home/airflow/.local/lib/python3.8/site-packages/airflow/example_dags/example_complex.py
[2024-10-20T16:42:44.419+0000] {processor.py:839} INFO - DAG(s) dict_keys(['example_complex']) retrieved from /home/airflow/.local/lib/python3.8/site-packages/airflow/example_dags/example_complex.py
[2024-10-20T16:42:44.450+0000] {logging_mixin.py:154} INFO - [2024-10-20T16:42:44.450+0000] {dag.py:2941} INFO - Sync 1 DAGs
[2024-10-20T16:42:44.463+0000] {logging_mixin.py:154} INFO - [2024-10-20T16:42:44.462+0000] {dag.py:3722} INFO - Setting next_dagrun for example_complex to None, run_after=None
[2024-10-20T16:42:44.485+0000] {processor.py:179} INFO - Processing /home/airflow/.local/lib/python3.8/site-packages/airflow/example_dags/example_complex.py took 0.085 seconds
[2024-10-20T16:43:15.153+0000] {processor.py:157} INFO - Started process (PID=160) to work on /home/airflow/.local/lib/python3.8/site-packages/airflow/example_dags/example_complex.py
[2024-10-20T16:43:15.154+0000] {processor.py:829} INFO - Processing file /home/airflow/.local/lib/python3.8/site-packages/airflow/example_dags/example_complex.py for tasks to queue
[2024-10-20T16:43:15.157+0000] {logging_mixin.py:154} INFO - [2024-10-20T16:43:15.156+0000] {dagbag.py:536} INFO - Filling up the DagBag from /home/airflow/.local/lib/python3.8/site-packages/airflow/example_dags/example_complex.py
[2024-10-20T16:43:15.168+0000] {processor.py:839} INFO - DAG(s) dict_keys(['example_complex']) retrieved from /home/airflow/.local/lib/python3.8/site-packages/airflow/example_dags/example_complex.py
[2024-10-20T16:43:15.204+0000] {logging_mixin.py:154} INFO - [2024-10-20T16:43:15.204+0000] {dag.py:2941} INFO - Sync 1 DAGs
[2024-10-20T16:43:15.218+0000] {logging_mixin.py:154} INFO - [2024-10-20T16:43:15.218+0000] {dag.py:3722} INFO - Setting next_dagrun for example_complex to None, run_after=None
[2024-10-20T16:43:15.245+0000] {processor.py:179} INFO - Processing /home/airflow/.local/lib/python3.8/site-packages/airflow/example_dags/example_complex.py took 0.096 seconds
[2024-10-20T16:43:45.811+0000] {processor.py:157} INFO - Started process (PID=216) to work on /home/airflow/.local/lib/python3.8/site-packages/airflow/example_dags/example_complex.py
[2024-10-20T16:43:45.812+0000] {processor.py:829} INFO - Processing file /home/airflow/.local/lib/python3.8/site-packages/airflow/example_dags/example_complex.py for tasks to queue
[2024-10-20T16:43:45.815+0000] {logging_mixin.py:154} INFO - [2024-10-20T16:43:45.814+0000] {dagbag.py:536} INFO - Filling up the DagBag from /home/airflow/.local/lib/python3.8/site-packages/airflow/example_dags/example_complex.py
[2024-10-20T16:43:45.826+0000] {processor.py:839} INFO - DAG(s) dict_keys(['example_complex']) retrieved from /home/airflow/.local/lib/python3.8/site-packages/airflow/example_dags/example_complex.py
[2024-10-20T16:43:45.858+0000] {logging_mixin.py:154} INFO - [2024-10-20T16:43:45.858+0000] {dag.py:2941} INFO - Sync 1 DAGs
[2024-10-20T16:43:45.872+0000] {logging_mixin.py:154} INFO - [2024-10-20T16:43:45.872+0000] {dag.py:3722} INFO - Setting next_dagrun for example_complex to None, run_after=None
[2024-10-20T16:43:45.894+0000] {processor.py:179} INFO - Processing /home/airflow/.local/lib/python3.8/site-packages/airflow/example_dags/example_complex.py took 0.086 seconds
[2024-10-20T16:44:16.362+0000] {processor.py:157} INFO - Started process (PID=272) to work on /home/airflow/.local/lib/python3.8/site-packages/airflow/example_dags/example_complex.py
[2024-10-20T16:44:16.363+0000] {processor.py:829} INFO - Processing file /home/airflow/.local/lib/python3.8/site-packages/airflow/example_dags/example_complex.py for tasks to queue
[2024-10-20T16:44:16.365+0000] {logging_mixin.py:154} INFO - [2024-10-20T16:44:16.365+0000] {dagbag.py:536} INFO - Filling up the DagBag from /home/airflow/.local/lib/python3.8/site-packages/airflow/example_dags/example_complex.py
[2024-10-20T16:44:16.376+0000] {processor.py:839} INFO - DAG(s) dict_keys(['example_complex']) retrieved from /home/airflow/.local/lib/python3.8/site-packages/airflow/example_dags/example_complex.py
[2024-10-20T16:44:16.409+0000] {logging_mixin.py:154} INFO - [2024-10-20T16:44:16.409+0000] {dag.py:2941} INFO - Sync 1 DAGs
[2024-10-20T16:44:16.423+0000] {logging_mixin.py:154} INFO - [2024-10-20T16:44:16.423+0000] {dag.py:3722} INFO - Setting next_dagrun for example_complex to None, run_after=None
[2024-10-20T16:44:16.450+0000] {processor.py:179} INFO - Processing /home/airflow/.local/lib/python3.8/site-packages/airflow/example_dags/example_complex.py took 0.092 seconds
[2024-10-20T16:44:47.087+0000] {processor.py:157} INFO - Started process (PID=335) to work on /home/airflow/.local/lib/python3.8/site-packages/airflow/example_dags/example_complex.py
[2024-10-20T16:44:47.088+0000] {processor.py:829} INFO - Processing file /home/airflow/.local/lib/python3.8/site-packages/airflow/example_dags/example_complex.py for tasks to queue
[2024-10-20T16:44:47.090+0000] {logging_mixin.py:154} INFO - [2024-10-20T16:44:47.090+0000] {dagbag.py:536} INFO - Filling up the DagBag from /home/airflow/.local/lib/python3.8/site-packages/airflow/example_dags/example_complex.py
[2024-10-20T16:44:47.100+0000] {processor.py:839} INFO - DAG(s) dict_keys(['example_complex']) retrieved from /home/airflow/.local/lib/python3.8/site-packages/airflow/example_dags/example_complex.py
[2024-10-20T16:44:47.132+0000] {logging_mixin.py:154} INFO - [2024-10-20T16:44:47.132+0000] {dag.py:2941} INFO - Sync 1 DAGs
[2024-10-20T16:44:47.146+0000] {logging_mixin.py:154} INFO - [2024-10-20T16:44:47.146+0000] {dag.py:3722} INFO - Setting next_dagrun for example_complex to None, run_after=None
[2024-10-20T16:44:47.173+0000] {processor.py:179} INFO - Processing /home/airflow/.local/lib/python3.8/site-packages/airflow/example_dags/example_complex.py took 0.089 seconds
[2024-10-20T16:45:53.388+0000] {processor.py:157} INFO - Started process (PID=106) to work on /home/airflow/.local/lib/python3.8/site-packages/airflow/example_dags/example_complex.py
[2024-10-20T16:45:53.390+0000] {processor.py:829} INFO - Processing file /home/airflow/.local/lib/python3.8/site-packages/airflow/example_dags/example_complex.py for tasks to queue
[2024-10-20T16:45:53.392+0000] {logging_mixin.py:154} INFO - [2024-10-20T16:45:53.392+0000] {dagbag.py:536} INFO - Filling up the DagBag from /home/airflow/.local/lib/python3.8/site-packages/airflow/example_dags/example_complex.py
[2024-10-20T16:45:53.407+0000] {processor.py:839} INFO - DAG(s) dict_keys(['example_complex']) retrieved from /home/airflow/.local/lib/python3.8/site-packages/airflow/example_dags/example_complex.py
[2024-10-20T16:45:53.447+0000] {logging_mixin.py:154} INFO - [2024-10-20T16:45:53.446+0000] {dag.py:2941} INFO - Sync 1 DAGs
[2024-10-20T16:45:53.461+0000] {logging_mixin.py:154} INFO - [2024-10-20T16:45:53.460+0000] {dag.py:3722} INFO - Setting next_dagrun for example_complex to None, run_after=None
[2024-10-20T16:45:53.497+0000] {processor.py:179} INFO - Processing /home/airflow/.local/lib/python3.8/site-packages/airflow/example_dags/example_complex.py took 0.113 seconds
[2024-10-20T16:46:24.106+0000] {processor.py:157} INFO - Started process (PID=164) to work on /home/airflow/.local/lib/python3.8/site-packages/airflow/example_dags/example_complex.py
[2024-10-20T16:46:24.107+0000] {processor.py:829} INFO - Processing file /home/airflow/.local/lib/python3.8/site-packages/airflow/example_dags/example_complex.py for tasks to queue
[2024-10-20T16:46:24.109+0000] {logging_mixin.py:154} INFO - [2024-10-20T16:46:24.109+0000] {dagbag.py:536} INFO - Filling up the DagBag from /home/airflow/.local/lib/python3.8/site-packages/airflow/example_dags/example_complex.py
[2024-10-20T16:46:24.119+0000] {processor.py:839} INFO - DAG(s) dict_keys(['example_complex']) retrieved from /home/airflow/.local/lib/python3.8/site-packages/airflow/example_dags/example_complex.py
[2024-10-20T16:46:24.151+0000] {logging_mixin.py:154} INFO - [2024-10-20T16:46:24.151+0000] {dag.py:2941} INFO - Sync 1 DAGs
[2024-10-20T16:46:24.165+0000] {logging_mixin.py:154} INFO - [2024-10-20T16:46:24.164+0000] {dag.py:3722} INFO - Setting next_dagrun for example_complex to None, run_after=None
[2024-10-20T16:46:24.188+0000] {processor.py:179} INFO - Processing /home/airflow/.local/lib/python3.8/site-packages/airflow/example_dags/example_complex.py took 0.085 seconds
[2024-10-20T16:47:58.039+0000] {processor.py:157} INFO - Started process (PID=106) to work on /home/airflow/.local/lib/python3.8/site-packages/airflow/example_dags/example_complex.py
[2024-10-20T16:47:58.040+0000] {processor.py:829} INFO - Processing file /home/airflow/.local/lib/python3.8/site-packages/airflow/example_dags/example_complex.py for tasks to queue
[2024-10-20T16:47:58.042+0000] {logging_mixin.py:154} INFO - [2024-10-20T16:47:58.042+0000] {dagbag.py:536} INFO - Filling up the DagBag from /home/airflow/.local/lib/python3.8/site-packages/airflow/example_dags/example_complex.py
[2024-10-20T16:47:58.057+0000] {processor.py:839} INFO - DAG(s) dict_keys(['example_complex']) retrieved from /home/airflow/.local/lib/python3.8/site-packages/airflow/example_dags/example_complex.py
[2024-10-20T16:47:58.092+0000] {logging_mixin.py:154} INFO - [2024-10-20T16:47:58.092+0000] {dag.py:2941} INFO - Sync 1 DAGs
[2024-10-20T16:47:58.106+0000] {logging_mixin.py:154} INFO - [2024-10-20T16:47:58.105+0000] {dag.py:3722} INFO - Setting next_dagrun for example_complex to None, run_after=None
[2024-10-20T16:47:58.132+0000] {processor.py:179} INFO - Processing /home/airflow/.local/lib/python3.8/site-packages/airflow/example_dags/example_complex.py took 0.097 seconds
[2024-10-20T16:48:28.460+0000] {processor.py:157} INFO - Started process (PID=164) to work on /home/airflow/.local/lib/python3.8/site-packages/airflow/example_dags/example_complex.py
[2024-10-20T16:48:28.461+0000] {processor.py:829} INFO - Processing file /home/airflow/.local/lib/python3.8/site-packages/airflow/example_dags/example_complex.py for tasks to queue
[2024-10-20T16:48:28.465+0000] {logging_mixin.py:154} INFO - [2024-10-20T16:48:28.464+0000] {dagbag.py:536} INFO - Filling up the DagBag from /home/airflow/.local/lib/python3.8/site-packages/airflow/example_dags/example_complex.py
[2024-10-20T16:48:28.482+0000] {processor.py:839} INFO - DAG(s) dict_keys(['example_complex']) retrieved from /home/airflow/.local/lib/python3.8/site-packages/airflow/example_dags/example_complex.py
[2024-10-20T16:48:28.521+0000] {logging_mixin.py:154} INFO - [2024-10-20T16:48:28.521+0000] {dag.py:2941} INFO - Sync 1 DAGs
[2024-10-20T16:48:28.537+0000] {logging_mixin.py:154} INFO - [2024-10-20T16:48:28.537+0000] {dag.py:3722} INFO - Setting next_dagrun for example_complex to None, run_after=None
[2024-10-20T16:48:28.562+0000] {processor.py:179} INFO - Processing /home/airflow/.local/lib/python3.8/site-packages/airflow/example_dags/example_complex.py took 0.106 seconds
[2024-10-20T16:58:39.794+0000] {processor.py:157} INFO - Started process (PID=118) to work on /home/airflow/.local/lib/python3.8/site-packages/airflow/example_dags/example_complex.py
[2024-10-20T16:58:39.796+0000] {processor.py:829} INFO - Processing file /home/airflow/.local/lib/python3.8/site-packages/airflow/example_dags/example_complex.py for tasks to queue
[2024-10-20T16:58:39.799+0000] {logging_mixin.py:154} INFO - [2024-10-20T16:58:39.799+0000] {dagbag.py:536} INFO - Filling up the DagBag from /home/airflow/.local/lib/python3.8/site-packages/airflow/example_dags/example_complex.py
[2024-10-20T16:58:39.816+0000] {processor.py:839} INFO - DAG(s) dict_keys(['example_complex']) retrieved from /home/airflow/.local/lib/python3.8/site-packages/airflow/example_dags/example_complex.py
[2024-10-20T16:58:39.852+0000] {logging_mixin.py:154} INFO - [2024-10-20T16:58:39.852+0000] {dag.py:2941} INFO - Sync 1 DAGs
[2024-10-20T16:58:39.871+0000] {logging_mixin.py:154} INFO - [2024-10-20T16:58:39.871+0000] {dag.py:3722} INFO - Setting next_dagrun for example_complex to None, run_after=None
[2024-10-20T16:58:39.910+0000] {processor.py:179} INFO - Processing /home/airflow/.local/lib/python3.8/site-packages/airflow/example_dags/example_complex.py took 0.121 seconds
[2024-10-20T17:00:38.717+0000] {processor.py:157} INFO - Started process (PID=114) to work on /home/airflow/.local/lib/python3.8/site-packages/airflow/example_dags/example_complex.py
[2024-10-20T17:00:38.719+0000] {processor.py:829} INFO - Processing file /home/airflow/.local/lib/python3.8/site-packages/airflow/example_dags/example_complex.py for tasks to queue
[2024-10-20T17:00:38.723+0000] {logging_mixin.py:154} INFO - [2024-10-20T17:00:38.722+0000] {dagbag.py:536} INFO - Filling up the DagBag from /home/airflow/.local/lib/python3.8/site-packages/airflow/example_dags/example_complex.py
[2024-10-20T17:00:38.747+0000] {processor.py:839} INFO - DAG(s) dict_keys(['example_complex']) retrieved from /home/airflow/.local/lib/python3.8/site-packages/airflow/example_dags/example_complex.py
[2024-10-20T17:00:38.818+0000] {logging_mixin.py:154} INFO - [2024-10-20T17:00:38.817+0000] {dag.py:2941} INFO - Sync 1 DAGs
[2024-10-20T17:00:38.841+0000] {logging_mixin.py:154} INFO - [2024-10-20T17:00:38.841+0000] {dag.py:3722} INFO - Setting next_dagrun for example_complex to None, run_after=None
[2024-10-20T17:00:38.892+0000] {processor.py:179} INFO - Processing /home/airflow/.local/lib/python3.8/site-packages/airflow/example_dags/example_complex.py took 0.181 seconds
[2024-10-20T17:01:09.091+0000] {processor.py:157} INFO - Started process (PID=174) to work on /home/airflow/.local/lib/python3.8/site-packages/airflow/example_dags/example_complex.py
[2024-10-20T17:01:09.092+0000] {processor.py:829} INFO - Processing file /home/airflow/.local/lib/python3.8/site-packages/airflow/example_dags/example_complex.py for tasks to queue
[2024-10-20T17:01:09.094+0000] {logging_mixin.py:154} INFO - [2024-10-20T17:01:09.094+0000] {dagbag.py:536} INFO - Filling up the DagBag from /home/airflow/.local/lib/python3.8/site-packages/airflow/example_dags/example_complex.py
[2024-10-20T17:01:09.104+0000] {processor.py:839} INFO - DAG(s) dict_keys(['example_complex']) retrieved from /home/airflow/.local/lib/python3.8/site-packages/airflow/example_dags/example_complex.py
[2024-10-20T17:01:09.130+0000] {logging_mixin.py:154} INFO - [2024-10-20T17:01:09.130+0000] {dag.py:2941} INFO - Sync 1 DAGs
[2024-10-20T17:01:09.142+0000] {logging_mixin.py:154} INFO - [2024-10-20T17:01:09.142+0000] {dag.py:3722} INFO - Setting next_dagrun for example_complex to None, run_after=None
[2024-10-20T17:01:09.162+0000] {processor.py:179} INFO - Processing /home/airflow/.local/lib/python3.8/site-packages/airflow/example_dags/example_complex.py took 0.073 seconds
[2024-10-20T17:01:39.790+0000] {processor.py:157} INFO - Started process (PID=232) to work on /home/airflow/.local/lib/python3.8/site-packages/airflow/example_dags/example_complex.py
[2024-10-20T17:01:39.792+0000] {processor.py:829} INFO - Processing file /home/airflow/.local/lib/python3.8/site-packages/airflow/example_dags/example_complex.py for tasks to queue
[2024-10-20T17:01:39.793+0000] {logging_mixin.py:154} INFO - [2024-10-20T17:01:39.793+0000] {dagbag.py:536} INFO - Filling up the DagBag from /home/airflow/.local/lib/python3.8/site-packages/airflow/example_dags/example_complex.py
[2024-10-20T17:01:39.809+0000] {processor.py:839} INFO - DAG(s) dict_keys(['example_complex']) retrieved from /home/airflow/.local/lib/python3.8/site-packages/airflow/example_dags/example_complex.py
[2024-10-20T17:01:39.839+0000] {logging_mixin.py:154} INFO - [2024-10-20T17:01:39.839+0000] {dag.py:2941} INFO - Sync 1 DAGs
[2024-10-20T17:01:39.851+0000] {logging_mixin.py:154} INFO - [2024-10-20T17:01:39.850+0000] {dag.py:3722} INFO - Setting next_dagrun for example_complex to None, run_after=None
[2024-10-20T17:01:39.877+0000] {processor.py:179} INFO - Processing /home/airflow/.local/lib/python3.8/site-packages/airflow/example_dags/example_complex.py took 0.090 seconds
[2024-10-20T17:02:10.022+0000] {processor.py:157} INFO - Started process (PID=294) to work on /home/airflow/.local/lib/python3.8/site-packages/airflow/example_dags/example_complex.py
[2024-10-20T17:02:10.023+0000] {processor.py:829} INFO - Processing file /home/airflow/.local/lib/python3.8/site-packages/airflow/example_dags/example_complex.py for tasks to queue
[2024-10-20T17:02:10.024+0000] {logging_mixin.py:154} INFO - [2024-10-20T17:02:10.024+0000] {dagbag.py:536} INFO - Filling up the DagBag from /home/airflow/.local/lib/python3.8/site-packages/airflow/example_dags/example_complex.py
[2024-10-20T17:02:10.035+0000] {processor.py:839} INFO - DAG(s) dict_keys(['example_complex']) retrieved from /home/airflow/.local/lib/python3.8/site-packages/airflow/example_dags/example_complex.py
[2024-10-20T17:02:10.070+0000] {logging_mixin.py:154} INFO - [2024-10-20T17:02:10.070+0000] {dag.py:2941} INFO - Sync 1 DAGs
[2024-10-20T17:02:10.082+0000] {logging_mixin.py:154} INFO - [2024-10-20T17:02:10.082+0000] {dag.py:3722} INFO - Setting next_dagrun for example_complex to None, run_after=None
[2024-10-20T17:02:10.105+0000] {processor.py:179} INFO - Processing /home/airflow/.local/lib/python3.8/site-packages/airflow/example_dags/example_complex.py took 0.086 seconds
[2024-10-20T17:02:40.614+0000] {processor.py:157} INFO - Started process (PID=352) to work on /home/airflow/.local/lib/python3.8/site-packages/airflow/example_dags/example_complex.py
[2024-10-20T17:02:40.616+0000] {processor.py:829} INFO - Processing file /home/airflow/.local/lib/python3.8/site-packages/airflow/example_dags/example_complex.py for tasks to queue
[2024-10-20T17:02:40.617+0000] {logging_mixin.py:154} INFO - [2024-10-20T17:02:40.616+0000] {dagbag.py:536} INFO - Filling up the DagBag from /home/airflow/.local/lib/python3.8/site-packages/airflow/example_dags/example_complex.py
[2024-10-20T17:02:40.627+0000] {processor.py:839} INFO - DAG(s) dict_keys(['example_complex']) retrieved from /home/airflow/.local/lib/python3.8/site-packages/airflow/example_dags/example_complex.py
[2024-10-20T17:02:40.660+0000] {logging_mixin.py:154} INFO - [2024-10-20T17:02:40.659+0000] {dag.py:2941} INFO - Sync 1 DAGs
[2024-10-20T17:02:40.672+0000] {logging_mixin.py:154} INFO - [2024-10-20T17:02:40.672+0000] {dag.py:3722} INFO - Setting next_dagrun for example_complex to None, run_after=None
[2024-10-20T17:02:40.693+0000] {processor.py:179} INFO - Processing /home/airflow/.local/lib/python3.8/site-packages/airflow/example_dags/example_complex.py took 0.081 seconds
[2024-10-20T17:03:11.545+0000] {processor.py:157} INFO - Started process (PID=410) to work on /home/airflow/.local/lib/python3.8/site-packages/airflow/example_dags/example_complex.py
[2024-10-20T17:03:11.547+0000] {processor.py:829} INFO - Processing file /home/airflow/.local/lib/python3.8/site-packages/airflow/example_dags/example_complex.py for tasks to queue
[2024-10-20T17:03:11.549+0000] {logging_mixin.py:154} INFO - [2024-10-20T17:03:11.549+0000] {dagbag.py:536} INFO - Filling up the DagBag from /home/airflow/.local/lib/python3.8/site-packages/airflow/example_dags/example_complex.py
[2024-10-20T17:03:11.561+0000] {processor.py:839} INFO - DAG(s) dict_keys(['example_complex']) retrieved from /home/airflow/.local/lib/python3.8/site-packages/airflow/example_dags/example_complex.py
[2024-10-20T17:03:11.600+0000] {logging_mixin.py:154} INFO - [2024-10-20T17:03:11.600+0000] {dag.py:2941} INFO - Sync 1 DAGs
[2024-10-20T17:03:11.611+0000] {logging_mixin.py:154} INFO - [2024-10-20T17:03:11.611+0000] {dag.py:3722} INFO - Setting next_dagrun for example_complex to None, run_after=None
[2024-10-20T17:03:11.635+0000] {processor.py:179} INFO - Processing /home/airflow/.local/lib/python3.8/site-packages/airflow/example_dags/example_complex.py took 0.093 seconds
[2024-10-20T17:03:41.799+0000] {processor.py:157} INFO - Started process (PID=468) to work on /home/airflow/.local/lib/python3.8/site-packages/airflow/example_dags/example_complex.py
[2024-10-20T17:03:41.800+0000] {processor.py:829} INFO - Processing file /home/airflow/.local/lib/python3.8/site-packages/airflow/example_dags/example_complex.py for tasks to queue
[2024-10-20T17:03:41.801+0000] {logging_mixin.py:154} INFO - [2024-10-20T17:03:41.801+0000] {dagbag.py:536} INFO - Filling up the DagBag from /home/airflow/.local/lib/python3.8/site-packages/airflow/example_dags/example_complex.py
[2024-10-20T17:03:41.810+0000] {processor.py:839} INFO - DAG(s) dict_keys(['example_complex']) retrieved from /home/airflow/.local/lib/python3.8/site-packages/airflow/example_dags/example_complex.py
[2024-10-20T17:03:41.836+0000] {logging_mixin.py:154} INFO - [2024-10-20T17:03:41.836+0000] {dag.py:2941} INFO - Sync 1 DAGs
[2024-10-20T17:03:41.847+0000] {logging_mixin.py:154} INFO - [2024-10-20T17:03:41.847+0000] {dag.py:3722} INFO - Setting next_dagrun for example_complex to None, run_after=None
[2024-10-20T17:03:41.866+0000] {processor.py:179} INFO - Processing /home/airflow/.local/lib/python3.8/site-packages/airflow/example_dags/example_complex.py took 0.069 seconds
[2024-10-20T17:04:12.301+0000] {processor.py:157} INFO - Started process (PID=526) to work on /home/airflow/.local/lib/python3.8/site-packages/airflow/example_dags/example_complex.py
[2024-10-20T17:04:12.303+0000] {processor.py:829} INFO - Processing file /home/airflow/.local/lib/python3.8/site-packages/airflow/example_dags/example_complex.py for tasks to queue
[2024-10-20T17:04:12.305+0000] {logging_mixin.py:154} INFO - [2024-10-20T17:04:12.304+0000] {dagbag.py:536} INFO - Filling up the DagBag from /home/airflow/.local/lib/python3.8/site-packages/airflow/example_dags/example_complex.py
[2024-10-20T17:04:12.315+0000] {processor.py:839} INFO - DAG(s) dict_keys(['example_complex']) retrieved from /home/airflow/.local/lib/python3.8/site-packages/airflow/example_dags/example_complex.py
[2024-10-20T17:04:12.342+0000] {logging_mixin.py:154} INFO - [2024-10-20T17:04:12.342+0000] {dag.py:2941} INFO - Sync 1 DAGs
[2024-10-20T17:04:12.355+0000] {logging_mixin.py:154} INFO - [2024-10-20T17:04:12.355+0000] {dag.py:3722} INFO - Setting next_dagrun for example_complex to None, run_after=None
[2024-10-20T17:04:12.379+0000] {processor.py:179} INFO - Processing /home/airflow/.local/lib/python3.8/site-packages/airflow/example_dags/example_complex.py took 0.081 seconds
[2024-10-20T17:04:42.977+0000] {processor.py:157} INFO - Started process (PID=584) to work on /home/airflow/.local/lib/python3.8/site-packages/airflow/example_dags/example_complex.py
[2024-10-20T17:04:42.980+0000] {processor.py:829} INFO - Processing file /home/airflow/.local/lib/python3.8/site-packages/airflow/example_dags/example_complex.py for tasks to queue
[2024-10-20T17:04:42.983+0000] {logging_mixin.py:154} INFO - [2024-10-20T17:04:42.981+0000] {dagbag.py:536} INFO - Filling up the DagBag from /home/airflow/.local/lib/python3.8/site-packages/airflow/example_dags/example_complex.py
[2024-10-20T17:04:42.997+0000] {processor.py:839} INFO - DAG(s) dict_keys(['example_complex']) retrieved from /home/airflow/.local/lib/python3.8/site-packages/airflow/example_dags/example_complex.py
[2024-10-20T17:04:43.056+0000] {logging_mixin.py:154} INFO - [2024-10-20T17:04:43.056+0000] {dag.py:2941} INFO - Sync 1 DAGs
[2024-10-20T17:04:43.082+0000] {logging_mixin.py:154} INFO - [2024-10-20T17:04:43.082+0000] {dag.py:3722} INFO - Setting next_dagrun for example_complex to None, run_after=None
[2024-10-20T17:04:43.110+0000] {processor.py:179} INFO - Processing /home/airflow/.local/lib/python3.8/site-packages/airflow/example_dags/example_complex.py took 0.139 seconds
[2024-10-20T17:05:13.521+0000] {processor.py:157} INFO - Started process (PID=642) to work on /home/airflow/.local/lib/python3.8/site-packages/airflow/example_dags/example_complex.py
[2024-10-20T17:05:13.522+0000] {processor.py:829} INFO - Processing file /home/airflow/.local/lib/python3.8/site-packages/airflow/example_dags/example_complex.py for tasks to queue
[2024-10-20T17:05:13.523+0000] {logging_mixin.py:154} INFO - [2024-10-20T17:05:13.523+0000] {dagbag.py:536} INFO - Filling up the DagBag from /home/airflow/.local/lib/python3.8/site-packages/airflow/example_dags/example_complex.py
[2024-10-20T17:05:13.533+0000] {processor.py:839} INFO - DAG(s) dict_keys(['example_complex']) retrieved from /home/airflow/.local/lib/python3.8/site-packages/airflow/example_dags/example_complex.py
[2024-10-20T17:05:13.566+0000] {logging_mixin.py:154} INFO - [2024-10-20T17:05:13.566+0000] {dag.py:2941} INFO - Sync 1 DAGs
[2024-10-20T17:05:13.578+0000] {logging_mixin.py:154} INFO - [2024-10-20T17:05:13.578+0000] {dag.py:3722} INFO - Setting next_dagrun for example_complex to None, run_after=None
[2024-10-20T17:05:13.599+0000] {processor.py:179} INFO - Processing /home/airflow/.local/lib/python3.8/site-packages/airflow/example_dags/example_complex.py took 0.081 seconds
[2024-10-20T17:05:44.042+0000] {processor.py:157} INFO - Started process (PID=700) to work on /home/airflow/.local/lib/python3.8/site-packages/airflow/example_dags/example_complex.py
[2024-10-20T17:05:44.043+0000] {processor.py:829} INFO - Processing file /home/airflow/.local/lib/python3.8/site-packages/airflow/example_dags/example_complex.py for tasks to queue
[2024-10-20T17:05:44.045+0000] {logging_mixin.py:154} INFO - [2024-10-20T17:05:44.044+0000] {dagbag.py:536} INFO - Filling up the DagBag from /home/airflow/.local/lib/python3.8/site-packages/airflow/example_dags/example_complex.py
[2024-10-20T17:05:44.061+0000] {processor.py:839} INFO - DAG(s) dict_keys(['example_complex']) retrieved from /home/airflow/.local/lib/python3.8/site-packages/airflow/example_dags/example_complex.py
[2024-10-20T17:05:44.101+0000] {logging_mixin.py:154} INFO - [2024-10-20T17:05:44.101+0000] {dag.py:2941} INFO - Sync 1 DAGs
[2024-10-20T17:05:44.116+0000] {logging_mixin.py:154} INFO - [2024-10-20T17:05:44.115+0000] {dag.py:3722} INFO - Setting next_dagrun for example_complex to None, run_after=None
[2024-10-20T17:05:44.143+0000] {processor.py:179} INFO - Processing /home/airflow/.local/lib/python3.8/site-packages/airflow/example_dags/example_complex.py took 0.105 seconds
[2024-10-20T17:06:14.526+0000] {processor.py:157} INFO - Started process (PID=766) to work on /home/airflow/.local/lib/python3.8/site-packages/airflow/example_dags/example_complex.py
[2024-10-20T17:06:14.527+0000] {processor.py:829} INFO - Processing file /home/airflow/.local/lib/python3.8/site-packages/airflow/example_dags/example_complex.py for tasks to queue
[2024-10-20T17:06:14.528+0000] {logging_mixin.py:154} INFO - [2024-10-20T17:06:14.528+0000] {dagbag.py:536} INFO - Filling up the DagBag from /home/airflow/.local/lib/python3.8/site-packages/airflow/example_dags/example_complex.py
[2024-10-20T17:06:14.540+0000] {processor.py:839} INFO - DAG(s) dict_keys(['example_complex']) retrieved from /home/airflow/.local/lib/python3.8/site-packages/airflow/example_dags/example_complex.py
[2024-10-20T17:06:14.573+0000] {logging_mixin.py:154} INFO - [2024-10-20T17:06:14.572+0000] {dag.py:2941} INFO - Sync 1 DAGs
[2024-10-20T17:06:14.588+0000] {logging_mixin.py:154} INFO - [2024-10-20T17:06:14.587+0000] {dag.py:3722} INFO - Setting next_dagrun for example_complex to None, run_after=None
[2024-10-20T17:06:14.610+0000] {processor.py:179} INFO - Processing /home/airflow/.local/lib/python3.8/site-packages/airflow/example_dags/example_complex.py took 0.087 seconds
[2024-10-20T17:06:45.499+0000] {processor.py:157} INFO - Started process (PID=824) to work on /home/airflow/.local/lib/python3.8/site-packages/airflow/example_dags/example_complex.py
[2024-10-20T17:06:45.500+0000] {processor.py:829} INFO - Processing file /home/airflow/.local/lib/python3.8/site-packages/airflow/example_dags/example_complex.py for tasks to queue
[2024-10-20T17:06:45.501+0000] {logging_mixin.py:154} INFO - [2024-10-20T17:06:45.500+0000] {dagbag.py:536} INFO - Filling up the DagBag from /home/airflow/.local/lib/python3.8/site-packages/airflow/example_dags/example_complex.py
[2024-10-20T17:06:45.514+0000] {processor.py:839} INFO - DAG(s) dict_keys(['example_complex']) retrieved from /home/airflow/.local/lib/python3.8/site-packages/airflow/example_dags/example_complex.py
[2024-10-20T17:06:45.547+0000] {logging_mixin.py:154} INFO - [2024-10-20T17:06:45.547+0000] {dag.py:2941} INFO - Sync 1 DAGs
[2024-10-20T17:06:45.562+0000] {logging_mixin.py:154} INFO - [2024-10-20T17:06:45.562+0000] {dag.py:3722} INFO - Setting next_dagrun for example_complex to None, run_after=None
[2024-10-20T17:06:45.596+0000] {processor.py:179} INFO - Processing /home/airflow/.local/lib/python3.8/site-packages/airflow/example_dags/example_complex.py took 0.100 seconds
[2024-10-20T17:07:15.760+0000] {processor.py:157} INFO - Started process (PID=893) to work on /home/airflow/.local/lib/python3.8/site-packages/airflow/example_dags/example_complex.py
[2024-10-20T17:07:15.761+0000] {processor.py:829} INFO - Processing file /home/airflow/.local/lib/python3.8/site-packages/airflow/example_dags/example_complex.py for tasks to queue
[2024-10-20T17:07:15.762+0000] {logging_mixin.py:154} INFO - [2024-10-20T17:07:15.762+0000] {dagbag.py:536} INFO - Filling up the DagBag from /home/airflow/.local/lib/python3.8/site-packages/airflow/example_dags/example_complex.py
[2024-10-20T17:07:15.775+0000] {processor.py:839} INFO - DAG(s) dict_keys(['example_complex']) retrieved from /home/airflow/.local/lib/python3.8/site-packages/airflow/example_dags/example_complex.py
[2024-10-20T17:07:15.839+0000] {logging_mixin.py:154} INFO - [2024-10-20T17:07:15.839+0000] {dag.py:2941} INFO - Sync 1 DAGs
[2024-10-20T17:07:15.860+0000] {logging_mixin.py:154} INFO - [2024-10-20T17:07:15.859+0000] {dag.py:3722} INFO - Setting next_dagrun for example_complex to None, run_after=None
[2024-10-20T17:07:15.893+0000] {processor.py:179} INFO - Processing /home/airflow/.local/lib/python3.8/site-packages/airflow/example_dags/example_complex.py took 0.138 seconds
[2024-10-20T17:07:47.874+0000] {processor.py:157} INFO - Started process (PID=978) to work on /home/airflow/.local/lib/python3.8/site-packages/airflow/example_dags/example_complex.py
[2024-10-20T17:07:47.876+0000] {processor.py:829} INFO - Processing file /home/airflow/.local/lib/python3.8/site-packages/airflow/example_dags/example_complex.py for tasks to queue
[2024-10-20T17:07:47.877+0000] {logging_mixin.py:154} INFO - [2024-10-20T17:07:47.877+0000] {dagbag.py:536} INFO - Filling up the DagBag from /home/airflow/.local/lib/python3.8/site-packages/airflow/example_dags/example_complex.py
[2024-10-20T17:07:47.888+0000] {processor.py:839} INFO - DAG(s) dict_keys(['example_complex']) retrieved from /home/airflow/.local/lib/python3.8/site-packages/airflow/example_dags/example_complex.py
[2024-10-20T17:07:47.926+0000] {logging_mixin.py:154} INFO - [2024-10-20T17:07:47.925+0000] {dag.py:2941} INFO - Sync 1 DAGs
[2024-10-20T17:07:47.942+0000] {logging_mixin.py:154} INFO - [2024-10-20T17:07:47.942+0000] {dag.py:3722} INFO - Setting next_dagrun for example_complex to None, run_after=None
[2024-10-20T17:07:47.970+0000] {processor.py:179} INFO - Processing /home/airflow/.local/lib/python3.8/site-packages/airflow/example_dags/example_complex.py took 0.098 seconds
[2024-10-20T17:09:02.085+0000] {processor.py:157} INFO - Started process (PID=106) to work on /home/airflow/.local/lib/python3.8/site-packages/airflow/example_dags/example_complex.py
[2024-10-20T17:09:02.087+0000] {processor.py:829} INFO - Processing file /home/airflow/.local/lib/python3.8/site-packages/airflow/example_dags/example_complex.py for tasks to queue
[2024-10-20T17:09:02.089+0000] {logging_mixin.py:154} INFO - [2024-10-20T17:09:02.089+0000] {dagbag.py:536} INFO - Filling up the DagBag from /home/airflow/.local/lib/python3.8/site-packages/airflow/example_dags/example_complex.py
[2024-10-20T17:09:02.103+0000] {processor.py:839} INFO - DAG(s) dict_keys(['example_complex']) retrieved from /home/airflow/.local/lib/python3.8/site-packages/airflow/example_dags/example_complex.py
[2024-10-20T17:09:02.140+0000] {logging_mixin.py:154} INFO - [2024-10-20T17:09:02.140+0000] {dag.py:2941} INFO - Sync 1 DAGs
[2024-10-20T17:09:02.155+0000] {logging_mixin.py:154} INFO - [2024-10-20T17:09:02.154+0000] {dag.py:3722} INFO - Setting next_dagrun for example_complex to None, run_after=None
[2024-10-20T17:09:02.182+0000] {processor.py:179} INFO - Processing /home/airflow/.local/lib/python3.8/site-packages/airflow/example_dags/example_complex.py took 0.099 seconds
[2024-10-20T17:09:32.705+0000] {processor.py:157} INFO - Started process (PID=164) to work on /home/airflow/.local/lib/python3.8/site-packages/airflow/example_dags/example_complex.py
[2024-10-20T17:09:32.707+0000] {processor.py:829} INFO - Processing file /home/airflow/.local/lib/python3.8/site-packages/airflow/example_dags/example_complex.py for tasks to queue
[2024-10-20T17:09:32.712+0000] {logging_mixin.py:154} INFO - [2024-10-20T17:09:32.711+0000] {dagbag.py:536} INFO - Filling up the DagBag from /home/airflow/.local/lib/python3.8/site-packages/airflow/example_dags/example_complex.py
[2024-10-20T17:09:32.736+0000] {processor.py:839} INFO - DAG(s) dict_keys(['example_complex']) retrieved from /home/airflow/.local/lib/python3.8/site-packages/airflow/example_dags/example_complex.py
[2024-10-20T17:09:32.780+0000] {logging_mixin.py:154} INFO - [2024-10-20T17:09:32.779+0000] {dag.py:2941} INFO - Sync 1 DAGs
[2024-10-20T17:09:32.803+0000] {logging_mixin.py:154} INFO - [2024-10-20T17:09:32.803+0000] {dag.py:3722} INFO - Setting next_dagrun for example_complex to None, run_after=None
[2024-10-20T17:09:32.841+0000] {processor.py:179} INFO - Processing /home/airflow/.local/lib/python3.8/site-packages/airflow/example_dags/example_complex.py took 0.140 seconds
[2024-10-20T17:10:03.985+0000] {processor.py:157} INFO - Started process (PID=222) to work on /home/airflow/.local/lib/python3.8/site-packages/airflow/example_dags/example_complex.py
[2024-10-20T17:10:03.986+0000] {processor.py:829} INFO - Processing file /home/airflow/.local/lib/python3.8/site-packages/airflow/example_dags/example_complex.py for tasks to queue
[2024-10-20T17:10:03.989+0000] {logging_mixin.py:154} INFO - [2024-10-20T17:10:03.989+0000] {dagbag.py:536} INFO - Filling up the DagBag from /home/airflow/.local/lib/python3.8/site-packages/airflow/example_dags/example_complex.py
[2024-10-20T17:10:04.004+0000] {processor.py:839} INFO - DAG(s) dict_keys(['example_complex']) retrieved from /home/airflow/.local/lib/python3.8/site-packages/airflow/example_dags/example_complex.py
[2024-10-20T17:10:04.033+0000] {logging_mixin.py:154} INFO - [2024-10-20T17:10:04.033+0000] {dag.py:2941} INFO - Sync 1 DAGs
[2024-10-20T17:10:04.046+0000] {logging_mixin.py:154} INFO - [2024-10-20T17:10:04.045+0000] {dag.py:3722} INFO - Setting next_dagrun for example_complex to None, run_after=None
[2024-10-20T17:10:04.073+0000] {processor.py:179} INFO - Processing /home/airflow/.local/lib/python3.8/site-packages/airflow/example_dags/example_complex.py took 0.090 seconds
[2024-10-20T17:10:34.237+0000] {processor.py:157} INFO - Started process (PID=280) to work on /home/airflow/.local/lib/python3.8/site-packages/airflow/example_dags/example_complex.py
[2024-10-20T17:10:34.238+0000] {processor.py:829} INFO - Processing file /home/airflow/.local/lib/python3.8/site-packages/airflow/example_dags/example_complex.py for tasks to queue
[2024-10-20T17:10:34.241+0000] {logging_mixin.py:154} INFO - [2024-10-20T17:10:34.240+0000] {dagbag.py:536} INFO - Filling up the DagBag from /home/airflow/.local/lib/python3.8/site-packages/airflow/example_dags/example_complex.py
[2024-10-20T17:10:34.251+0000] {processor.py:839} INFO - DAG(s) dict_keys(['example_complex']) retrieved from /home/airflow/.local/lib/python3.8/site-packages/airflow/example_dags/example_complex.py
[2024-10-20T17:10:34.282+0000] {logging_mixin.py:154} INFO - [2024-10-20T17:10:34.282+0000] {dag.py:2941} INFO - Sync 1 DAGs
[2024-10-20T17:10:34.300+0000] {logging_mixin.py:154} INFO - [2024-10-20T17:10:34.300+0000] {dag.py:3722} INFO - Setting next_dagrun for example_complex to None, run_after=None
[2024-10-20T17:10:34.324+0000] {processor.py:179} INFO - Processing /home/airflow/.local/lib/python3.8/site-packages/airflow/example_dags/example_complex.py took 0.089 seconds
[2024-10-20T17:11:05.145+0000] {processor.py:157} INFO - Started process (PID=338) to work on /home/airflow/.local/lib/python3.8/site-packages/airflow/example_dags/example_complex.py
[2024-10-20T17:11:05.146+0000] {processor.py:829} INFO - Processing file /home/airflow/.local/lib/python3.8/site-packages/airflow/example_dags/example_complex.py for tasks to queue
[2024-10-20T17:11:05.148+0000] {logging_mixin.py:154} INFO - [2024-10-20T17:11:05.148+0000] {dagbag.py:536} INFO - Filling up the DagBag from /home/airflow/.local/lib/python3.8/site-packages/airflow/example_dags/example_complex.py
[2024-10-20T17:11:05.159+0000] {processor.py:839} INFO - DAG(s) dict_keys(['example_complex']) retrieved from /home/airflow/.local/lib/python3.8/site-packages/airflow/example_dags/example_complex.py
[2024-10-20T17:11:05.195+0000] {logging_mixin.py:154} INFO - [2024-10-20T17:11:05.195+0000] {dag.py:2941} INFO - Sync 1 DAGs
[2024-10-20T17:11:05.209+0000] {logging_mixin.py:154} INFO - [2024-10-20T17:11:05.208+0000] {dag.py:3722} INFO - Setting next_dagrun for example_complex to None, run_after=None
[2024-10-20T17:11:05.235+0000] {processor.py:179} INFO - Processing /home/airflow/.local/lib/python3.8/site-packages/airflow/example_dags/example_complex.py took 0.092 seconds
[2024-10-20T17:11:35.713+0000] {processor.py:157} INFO - Started process (PID=396) to work on /home/airflow/.local/lib/python3.8/site-packages/airflow/example_dags/example_complex.py
[2024-10-20T17:11:35.714+0000] {processor.py:829} INFO - Processing file /home/airflow/.local/lib/python3.8/site-packages/airflow/example_dags/example_complex.py for tasks to queue
[2024-10-20T17:11:35.717+0000] {logging_mixin.py:154} INFO - [2024-10-20T17:11:35.716+0000] {dagbag.py:536} INFO - Filling up the DagBag from /home/airflow/.local/lib/python3.8/site-packages/airflow/example_dags/example_complex.py
[2024-10-20T17:11:35.727+0000] {processor.py:839} INFO - DAG(s) dict_keys(['example_complex']) retrieved from /home/airflow/.local/lib/python3.8/site-packages/airflow/example_dags/example_complex.py
[2024-10-20T17:11:35.757+0000] {logging_mixin.py:154} INFO - [2024-10-20T17:11:35.757+0000] {dag.py:2941} INFO - Sync 1 DAGs
[2024-10-20T17:11:35.770+0000] {logging_mixin.py:154} INFO - [2024-10-20T17:11:35.770+0000] {dag.py:3722} INFO - Setting next_dagrun for example_complex to None, run_after=None
[2024-10-20T17:11:35.793+0000] {processor.py:179} INFO - Processing /home/airflow/.local/lib/python3.8/site-packages/airflow/example_dags/example_complex.py took 0.082 seconds
[2024-10-20T17:12:06.648+0000] {processor.py:157} INFO - Started process (PID=462) to work on /home/airflow/.local/lib/python3.8/site-packages/airflow/example_dags/example_complex.py
[2024-10-20T17:12:06.650+0000] {processor.py:829} INFO - Processing file /home/airflow/.local/lib/python3.8/site-packages/airflow/example_dags/example_complex.py for tasks to queue
[2024-10-20T17:12:06.652+0000] {logging_mixin.py:154} INFO - [2024-10-20T17:12:06.652+0000] {dagbag.py:536} INFO - Filling up the DagBag from /home/airflow/.local/lib/python3.8/site-packages/airflow/example_dags/example_complex.py
[2024-10-20T17:12:06.662+0000] {processor.py:839} INFO - DAG(s) dict_keys(['example_complex']) retrieved from /home/airflow/.local/lib/python3.8/site-packages/airflow/example_dags/example_complex.py
[2024-10-20T17:12:06.691+0000] {logging_mixin.py:154} INFO - [2024-10-20T17:12:06.691+0000] {dag.py:2941} INFO - Sync 1 DAGs
[2024-10-20T17:12:06.707+0000] {logging_mixin.py:154} INFO - [2024-10-20T17:12:06.707+0000] {dag.py:3722} INFO - Setting next_dagrun for example_complex to None, run_after=None
[2024-10-20T17:12:06.733+0000] {processor.py:179} INFO - Processing /home/airflow/.local/lib/python3.8/site-packages/airflow/example_dags/example_complex.py took 0.087 seconds
[2024-10-20T17:12:37.925+0000] {processor.py:157} INFO - Started process (PID=520) to work on /home/airflow/.local/lib/python3.8/site-packages/airflow/example_dags/example_complex.py
[2024-10-20T17:12:37.927+0000] {processor.py:829} INFO - Processing file /home/airflow/.local/lib/python3.8/site-packages/airflow/example_dags/example_complex.py for tasks to queue
[2024-10-20T17:12:37.928+0000] {logging_mixin.py:154} INFO - [2024-10-20T17:12:37.928+0000] {dagbag.py:536} INFO - Filling up the DagBag from /home/airflow/.local/lib/python3.8/site-packages/airflow/example_dags/example_complex.py
[2024-10-20T17:12:37.937+0000] {processor.py:839} INFO - DAG(s) dict_keys(['example_complex']) retrieved from /home/airflow/.local/lib/python3.8/site-packages/airflow/example_dags/example_complex.py
[2024-10-20T17:12:37.966+0000] {logging_mixin.py:154} INFO - [2024-10-20T17:12:37.966+0000] {dag.py:2941} INFO - Sync 1 DAGs
[2024-10-20T17:12:37.978+0000] {logging_mixin.py:154} INFO - [2024-10-20T17:12:37.978+0000] {dag.py:3722} INFO - Setting next_dagrun for example_complex to None, run_after=None
[2024-10-20T17:12:37.998+0000] {processor.py:179} INFO - Processing /home/airflow/.local/lib/python3.8/site-packages/airflow/example_dags/example_complex.py took 0.075 seconds
[2024-10-20T17:13:08.272+0000] {processor.py:157} INFO - Started process (PID=598) to work on /home/airflow/.local/lib/python3.8/site-packages/airflow/example_dags/example_complex.py
[2024-10-20T17:13:08.273+0000] {processor.py:829} INFO - Processing file /home/airflow/.local/lib/python3.8/site-packages/airflow/example_dags/example_complex.py for tasks to queue
[2024-10-20T17:13:08.275+0000] {logging_mixin.py:154} INFO - [2024-10-20T17:13:08.274+0000] {dagbag.py:536} INFO - Filling up the DagBag from /home/airflow/.local/lib/python3.8/site-packages/airflow/example_dags/example_complex.py
[2024-10-20T17:13:08.284+0000] {processor.py:839} INFO - DAG(s) dict_keys(['example_complex']) retrieved from /home/airflow/.local/lib/python3.8/site-packages/airflow/example_dags/example_complex.py
[2024-10-20T17:13:08.311+0000] {logging_mixin.py:154} INFO - [2024-10-20T17:13:08.311+0000] {dag.py:2941} INFO - Sync 1 DAGs
[2024-10-20T17:13:08.323+0000] {logging_mixin.py:154} INFO - [2024-10-20T17:13:08.322+0000] {dag.py:3722} INFO - Setting next_dagrun for example_complex to None, run_after=None
[2024-10-20T17:13:08.346+0000] {processor.py:179} INFO - Processing /home/airflow/.local/lib/python3.8/site-packages/airflow/example_dags/example_complex.py took 0.077 seconds
[2024-10-20T17:14:37.918+0000] {processor.py:157} INFO - Started process (PID=106) to work on /home/airflow/.local/lib/python3.8/site-packages/airflow/example_dags/example_complex.py
[2024-10-20T17:14:37.919+0000] {processor.py:829} INFO - Processing file /home/airflow/.local/lib/python3.8/site-packages/airflow/example_dags/example_complex.py for tasks to queue
[2024-10-20T17:14:37.922+0000] {logging_mixin.py:154} INFO - [2024-10-20T17:14:37.921+0000] {dagbag.py:536} INFO - Filling up the DagBag from /home/airflow/.local/lib/python3.8/site-packages/airflow/example_dags/example_complex.py
[2024-10-20T17:14:37.935+0000] {processor.py:839} INFO - DAG(s) dict_keys(['example_complex']) retrieved from /home/airflow/.local/lib/python3.8/site-packages/airflow/example_dags/example_complex.py
[2024-10-20T17:14:37.968+0000] {logging_mixin.py:154} INFO - [2024-10-20T17:14:37.968+0000] {dag.py:2941} INFO - Sync 1 DAGs
[2024-10-20T17:14:37.983+0000] {logging_mixin.py:154} INFO - [2024-10-20T17:14:37.983+0000] {dag.py:3722} INFO - Setting next_dagrun for example_complex to None, run_after=None
[2024-10-20T17:14:38.006+0000] {processor.py:179} INFO - Processing /home/airflow/.local/lib/python3.8/site-packages/airflow/example_dags/example_complex.py took 0.091 seconds
[2024-10-20T17:15:08.894+0000] {processor.py:157} INFO - Started process (PID=164) to work on /home/airflow/.local/lib/python3.8/site-packages/airflow/example_dags/example_complex.py
[2024-10-20T17:15:08.895+0000] {processor.py:829} INFO - Processing file /home/airflow/.local/lib/python3.8/site-packages/airflow/example_dags/example_complex.py for tasks to queue
[2024-10-20T17:15:08.898+0000] {logging_mixin.py:154} INFO - [2024-10-20T17:15:08.897+0000] {dagbag.py:536} INFO - Filling up the DagBag from /home/airflow/.local/lib/python3.8/site-packages/airflow/example_dags/example_complex.py
[2024-10-20T17:15:08.914+0000] {processor.py:839} INFO - DAG(s) dict_keys(['example_complex']) retrieved from /home/airflow/.local/lib/python3.8/site-packages/airflow/example_dags/example_complex.py
[2024-10-20T17:15:08.952+0000] {logging_mixin.py:154} INFO - [2024-10-20T17:15:08.952+0000] {dag.py:2941} INFO - Sync 1 DAGs
[2024-10-20T17:15:08.971+0000] {logging_mixin.py:154} INFO - [2024-10-20T17:15:08.971+0000] {dag.py:3722} INFO - Setting next_dagrun for example_complex to None, run_after=None
[2024-10-20T17:15:08.994+0000] {processor.py:179} INFO - Processing /home/airflow/.local/lib/python3.8/site-packages/airflow/example_dags/example_complex.py took 0.103 seconds
[2024-10-20T17:15:39.979+0000] {processor.py:157} INFO - Started process (PID=222) to work on /home/airflow/.local/lib/python3.8/site-packages/airflow/example_dags/example_complex.py
[2024-10-20T17:15:39.981+0000] {processor.py:829} INFO - Processing file /home/airflow/.local/lib/python3.8/site-packages/airflow/example_dags/example_complex.py for tasks to queue
[2024-10-20T17:15:39.983+0000] {logging_mixin.py:154} INFO - [2024-10-20T17:15:39.983+0000] {dagbag.py:536} INFO - Filling up the DagBag from /home/airflow/.local/lib/python3.8/site-packages/airflow/example_dags/example_complex.py
[2024-10-20T17:15:40.000+0000] {processor.py:839} INFO - DAG(s) dict_keys(['example_complex']) retrieved from /home/airflow/.local/lib/python3.8/site-packages/airflow/example_dags/example_complex.py
[2024-10-20T17:15:40.033+0000] {logging_mixin.py:154} INFO - [2024-10-20T17:15:40.033+0000] {dag.py:2941} INFO - Sync 1 DAGs
[2024-10-20T17:15:40.045+0000] {logging_mixin.py:154} INFO - [2024-10-20T17:15:40.045+0000] {dag.py:3722} INFO - Setting next_dagrun for example_complex to None, run_after=None
[2024-10-20T17:15:40.075+0000] {processor.py:179} INFO - Processing /home/airflow/.local/lib/python3.8/site-packages/airflow/example_dags/example_complex.py took 0.100 seconds
[2024-10-20T17:16:10.626+0000] {processor.py:157} INFO - Started process (PID=296) to work on /home/airflow/.local/lib/python3.8/site-packages/airflow/example_dags/example_complex.py
[2024-10-20T17:16:10.627+0000] {processor.py:829} INFO - Processing file /home/airflow/.local/lib/python3.8/site-packages/airflow/example_dags/example_complex.py for tasks to queue
[2024-10-20T17:16:10.629+0000] {logging_mixin.py:154} INFO - [2024-10-20T17:16:10.629+0000] {dagbag.py:536} INFO - Filling up the DagBag from /home/airflow/.local/lib/python3.8/site-packages/airflow/example_dags/example_complex.py
[2024-10-20T17:16:10.639+0000] {processor.py:839} INFO - DAG(s) dict_keys(['example_complex']) retrieved from /home/airflow/.local/lib/python3.8/site-packages/airflow/example_dags/example_complex.py
[2024-10-20T17:16:10.672+0000] {logging_mixin.py:154} INFO - [2024-10-20T17:16:10.671+0000] {dag.py:2941} INFO - Sync 1 DAGs
[2024-10-20T17:16:10.685+0000] {logging_mixin.py:154} INFO - [2024-10-20T17:16:10.684+0000] {dag.py:3722} INFO - Setting next_dagrun for example_complex to None, run_after=None
[2024-10-20T17:16:10.713+0000] {processor.py:179} INFO - Processing /home/airflow/.local/lib/python3.8/site-packages/airflow/example_dags/example_complex.py took 0.090 seconds
[2024-10-20T17:16:41.319+0000] {processor.py:157} INFO - Started process (PID=355) to work on /home/airflow/.local/lib/python3.8/site-packages/airflow/example_dags/example_complex.py
[2024-10-20T17:16:41.320+0000] {processor.py:829} INFO - Processing file /home/airflow/.local/lib/python3.8/site-packages/airflow/example_dags/example_complex.py for tasks to queue
[2024-10-20T17:16:41.322+0000] {logging_mixin.py:154} INFO - [2024-10-20T17:16:41.321+0000] {dagbag.py:536} INFO - Filling up the DagBag from /home/airflow/.local/lib/python3.8/site-packages/airflow/example_dags/example_complex.py
[2024-10-20T17:16:41.331+0000] {processor.py:839} INFO - DAG(s) dict_keys(['example_complex']) retrieved from /home/airflow/.local/lib/python3.8/site-packages/airflow/example_dags/example_complex.py
[2024-10-20T17:16:41.359+0000] {logging_mixin.py:154} INFO - [2024-10-20T17:16:41.359+0000] {dag.py:2941} INFO - Sync 1 DAGs
[2024-10-20T17:16:41.371+0000] {logging_mixin.py:154} INFO - [2024-10-20T17:16:41.371+0000] {dag.py:3722} INFO - Setting next_dagrun for example_complex to None, run_after=None
[2024-10-20T17:16:41.392+0000] {processor.py:179} INFO - Processing /home/airflow/.local/lib/python3.8/site-packages/airflow/example_dags/example_complex.py took 0.076 seconds
