[2024-10-20T16:04:54.155+0000] {processor.py:157} INFO - Started process (PID=75) to work on /home/airflow/.local/lib/python3.8/site-packages/airflow/example_dags/tutorial.py
[2024-10-20T16:04:54.158+0000] {processor.py:829} INFO - Processing file /home/airflow/.local/lib/python3.8/site-packages/airflow/example_dags/tutorial.py for tasks to queue
[2024-10-20T16:04:54.162+0000] {logging_mixin.py:154} INFO - [2024-10-20T16:04:54.161+0000] {dagbag.py:536} INFO - Filling up the DagBag from /home/airflow/.local/lib/python3.8/site-packages/airflow/example_dags/tutorial.py
[2024-10-20T16:04:54.183+0000] {processor.py:839} INFO - DAG(s) dict_keys(['tutorial']) retrieved from /home/airflow/.local/lib/python3.8/site-packages/airflow/example_dags/tutorial.py
[2024-10-20T16:04:54.262+0000] {logging_mixin.py:154} INFO - [2024-10-20T16:04:54.261+0000] {dag.py:2941} INFO - Sync 1 DAGs
[2024-10-20T16:04:54.341+0000] {logging_mixin.py:154} INFO - [2024-10-20T16:04:54.340+0000] {dag.py:3722} INFO - Setting next_dagrun for tutorial to 2024-10-19T16:04:54.340056+00:00, run_after=2024-10-20T16:04:54.340056+00:00
[2024-10-20T16:04:54.388+0000] {processor.py:179} INFO - Processing /home/airflow/.local/lib/python3.8/site-packages/airflow/example_dags/tutorial.py took 0.238 seconds
[2024-10-20T16:05:24.539+0000] {processor.py:157} INFO - Started process (PID=130) to work on /home/airflow/.local/lib/python3.8/site-packages/airflow/example_dags/tutorial.py
[2024-10-20T16:05:24.543+0000] {processor.py:829} INFO - Processing file /home/airflow/.local/lib/python3.8/site-packages/airflow/example_dags/tutorial.py for tasks to queue
[2024-10-20T16:05:24.545+0000] {logging_mixin.py:154} INFO - [2024-10-20T16:05:24.545+0000] {dagbag.py:536} INFO - Filling up the DagBag from /home/airflow/.local/lib/python3.8/site-packages/airflow/example_dags/tutorial.py
[2024-10-20T16:05:24.551+0000] {processor.py:839} INFO - DAG(s) dict_keys(['tutorial']) retrieved from /home/airflow/.local/lib/python3.8/site-packages/airflow/example_dags/tutorial.py
[2024-10-20T16:05:24.574+0000] {logging_mixin.py:154} INFO - [2024-10-20T16:05:24.574+0000] {dag.py:2941} INFO - Sync 1 DAGs
[2024-10-20T16:05:24.597+0000] {logging_mixin.py:154} INFO - [2024-10-20T16:05:24.597+0000] {dag.py:3722} INFO - Setting next_dagrun for tutorial to 2024-10-19T16:05:24.596892+00:00, run_after=2024-10-20T16:05:24.596892+00:00
[2024-10-20T16:05:24.627+0000] {processor.py:179} INFO - Processing /home/airflow/.local/lib/python3.8/site-packages/airflow/example_dags/tutorial.py took 0.091 seconds
[2024-10-20T16:05:55.340+0000] {processor.py:157} INFO - Started process (PID=184) to work on /home/airflow/.local/lib/python3.8/site-packages/airflow/example_dags/tutorial.py
[2024-10-20T16:05:55.342+0000] {processor.py:829} INFO - Processing file /home/airflow/.local/lib/python3.8/site-packages/airflow/example_dags/tutorial.py for tasks to queue
[2024-10-20T16:05:55.346+0000] {logging_mixin.py:154} INFO - [2024-10-20T16:05:55.346+0000] {dagbag.py:536} INFO - Filling up the DagBag from /home/airflow/.local/lib/python3.8/site-packages/airflow/example_dags/tutorial.py
[2024-10-20T16:05:55.361+0000] {processor.py:839} INFO - DAG(s) dict_keys(['tutorial']) retrieved from /home/airflow/.local/lib/python3.8/site-packages/airflow/example_dags/tutorial.py
[2024-10-20T16:05:55.408+0000] {logging_mixin.py:154} INFO - [2024-10-20T16:05:55.408+0000] {dag.py:2941} INFO - Sync 1 DAGs
[2024-10-20T16:05:55.453+0000] {logging_mixin.py:154} INFO - [2024-10-20T16:05:55.453+0000] {dag.py:3722} INFO - Setting next_dagrun for tutorial to 2024-10-19T16:05:55.452658+00:00, run_after=2024-10-20T16:05:55.452658+00:00
[2024-10-20T16:05:55.492+0000] {processor.py:179} INFO - Processing /home/airflow/.local/lib/python3.8/site-packages/airflow/example_dags/tutorial.py took 0.171 seconds
[2024-10-20T16:06:26.039+0000] {processor.py:157} INFO - Started process (PID=245) to work on /home/airflow/.local/lib/python3.8/site-packages/airflow/example_dags/tutorial.py
[2024-10-20T16:06:26.040+0000] {processor.py:829} INFO - Processing file /home/airflow/.local/lib/python3.8/site-packages/airflow/example_dags/tutorial.py for tasks to queue
[2024-10-20T16:06:26.042+0000] {logging_mixin.py:154} INFO - [2024-10-20T16:06:26.042+0000] {dagbag.py:536} INFO - Filling up the DagBag from /home/airflow/.local/lib/python3.8/site-packages/airflow/example_dags/tutorial.py
[2024-10-20T16:06:26.048+0000] {processor.py:839} INFO - DAG(s) dict_keys(['tutorial']) retrieved from /home/airflow/.local/lib/python3.8/site-packages/airflow/example_dags/tutorial.py
[2024-10-20T16:06:26.075+0000] {logging_mixin.py:154} INFO - [2024-10-20T16:06:26.075+0000] {dag.py:2941} INFO - Sync 1 DAGs
[2024-10-20T16:06:26.101+0000] {logging_mixin.py:154} INFO - [2024-10-20T16:06:26.101+0000] {dag.py:3722} INFO - Setting next_dagrun for tutorial to 2024-10-19T16:06:26.100913+00:00, run_after=2024-10-20T16:06:26.100913+00:00
[2024-10-20T16:06:26.130+0000] {processor.py:179} INFO - Processing /home/airflow/.local/lib/python3.8/site-packages/airflow/example_dags/tutorial.py took 0.095 seconds
[2024-10-20T16:06:56.217+0000] {processor.py:157} INFO - Started process (PID=298) to work on /home/airflow/.local/lib/python3.8/site-packages/airflow/example_dags/tutorial.py
[2024-10-20T16:06:56.219+0000] {processor.py:829} INFO - Processing file /home/airflow/.local/lib/python3.8/site-packages/airflow/example_dags/tutorial.py for tasks to queue
[2024-10-20T16:06:56.225+0000] {logging_mixin.py:154} INFO - [2024-10-20T16:06:56.224+0000] {dagbag.py:536} INFO - Filling up the DagBag from /home/airflow/.local/lib/python3.8/site-packages/airflow/example_dags/tutorial.py
[2024-10-20T16:06:56.236+0000] {processor.py:839} INFO - DAG(s) dict_keys(['tutorial']) retrieved from /home/airflow/.local/lib/python3.8/site-packages/airflow/example_dags/tutorial.py
[2024-10-20T16:06:56.272+0000] {logging_mixin.py:154} INFO - [2024-10-20T16:06:56.272+0000] {dag.py:2941} INFO - Sync 1 DAGs
[2024-10-20T16:06:56.319+0000] {logging_mixin.py:154} INFO - [2024-10-20T16:06:56.319+0000] {dag.py:3722} INFO - Setting next_dagrun for tutorial to 2024-10-19T16:06:56.318912+00:00, run_after=2024-10-20T16:06:56.318912+00:00
[2024-10-20T16:06:56.382+0000] {processor.py:179} INFO - Processing /home/airflow/.local/lib/python3.8/site-packages/airflow/example_dags/tutorial.py took 0.170 seconds
[2024-10-20T16:08:16.149+0000] {processor.py:157} INFO - Started process (PID=77) to work on /home/airflow/.local/lib/python3.8/site-packages/airflow/example_dags/tutorial.py
[2024-10-20T16:08:16.151+0000] {processor.py:829} INFO - Processing file /home/airflow/.local/lib/python3.8/site-packages/airflow/example_dags/tutorial.py for tasks to queue
[2024-10-20T16:08:16.155+0000] {logging_mixin.py:154} INFO - [2024-10-20T16:08:16.155+0000] {dagbag.py:536} INFO - Filling up the DagBag from /home/airflow/.local/lib/python3.8/site-packages/airflow/example_dags/tutorial.py
[2024-10-20T16:08:16.169+0000] {processor.py:839} INFO - DAG(s) dict_keys(['tutorial']) retrieved from /home/airflow/.local/lib/python3.8/site-packages/airflow/example_dags/tutorial.py
[2024-10-20T16:08:16.213+0000] {logging_mixin.py:154} INFO - [2024-10-20T16:08:16.212+0000] {dag.py:2941} INFO - Sync 1 DAGs
[2024-10-20T16:08:16.257+0000] {logging_mixin.py:154} INFO - [2024-10-20T16:08:16.257+0000] {dag.py:3722} INFO - Setting next_dagrun for tutorial to 2024-10-19T16:08:16.256893+00:00, run_after=2024-10-20T16:08:16.256893+00:00
[2024-10-20T16:08:16.303+0000] {processor.py:179} INFO - Processing /home/airflow/.local/lib/python3.8/site-packages/airflow/example_dags/tutorial.py took 0.158 seconds
[2024-10-20T16:08:46.719+0000] {processor.py:157} INFO - Started process (PID=131) to work on /home/airflow/.local/lib/python3.8/site-packages/airflow/example_dags/tutorial.py
[2024-10-20T16:08:46.721+0000] {processor.py:829} INFO - Processing file /home/airflow/.local/lib/python3.8/site-packages/airflow/example_dags/tutorial.py for tasks to queue
[2024-10-20T16:08:46.726+0000] {logging_mixin.py:154} INFO - [2024-10-20T16:08:46.726+0000] {dagbag.py:536} INFO - Filling up the DagBag from /home/airflow/.local/lib/python3.8/site-packages/airflow/example_dags/tutorial.py
[2024-10-20T16:08:46.734+0000] {processor.py:839} INFO - DAG(s) dict_keys(['tutorial']) retrieved from /home/airflow/.local/lib/python3.8/site-packages/airflow/example_dags/tutorial.py
[2024-10-20T16:08:46.763+0000] {logging_mixin.py:154} INFO - [2024-10-20T16:08:46.763+0000] {dag.py:2941} INFO - Sync 1 DAGs
[2024-10-20T16:08:46.792+0000] {logging_mixin.py:154} INFO - [2024-10-20T16:08:46.792+0000] {dag.py:3722} INFO - Setting next_dagrun for tutorial to 2024-10-19T16:08:46.791524+00:00, run_after=2024-10-20T16:08:46.791524+00:00
[2024-10-20T16:08:46.826+0000] {processor.py:179} INFO - Processing /home/airflow/.local/lib/python3.8/site-packages/airflow/example_dags/tutorial.py took 0.110 seconds
[2024-10-20T16:09:17.675+0000] {processor.py:157} INFO - Started process (PID=187) to work on /home/airflow/.local/lib/python3.8/site-packages/airflow/example_dags/tutorial.py
[2024-10-20T16:09:17.677+0000] {processor.py:829} INFO - Processing file /home/airflow/.local/lib/python3.8/site-packages/airflow/example_dags/tutorial.py for tasks to queue
[2024-10-20T16:09:17.681+0000] {logging_mixin.py:154} INFO - [2024-10-20T16:09:17.680+0000] {dagbag.py:536} INFO - Filling up the DagBag from /home/airflow/.local/lib/python3.8/site-packages/airflow/example_dags/tutorial.py
[2024-10-20T16:09:17.693+0000] {processor.py:839} INFO - DAG(s) dict_keys(['tutorial']) retrieved from /home/airflow/.local/lib/python3.8/site-packages/airflow/example_dags/tutorial.py
[2024-10-20T16:09:17.731+0000] {logging_mixin.py:154} INFO - [2024-10-20T16:09:17.730+0000] {dag.py:2941} INFO - Sync 1 DAGs
[2024-10-20T16:09:17.779+0000] {logging_mixin.py:154} INFO - [2024-10-20T16:09:17.778+0000] {dag.py:3722} INFO - Setting next_dagrun for tutorial to 2024-10-19T16:09:17.778381+00:00, run_after=2024-10-20T16:09:17.778381+00:00
[2024-10-20T16:09:17.832+0000] {processor.py:179} INFO - Processing /home/airflow/.local/lib/python3.8/site-packages/airflow/example_dags/tutorial.py took 0.161 seconds
[2024-10-20T16:09:47.901+0000] {processor.py:157} INFO - Started process (PID=243) to work on /home/airflow/.local/lib/python3.8/site-packages/airflow/example_dags/tutorial.py
[2024-10-20T16:09:47.903+0000] {processor.py:829} INFO - Processing file /home/airflow/.local/lib/python3.8/site-packages/airflow/example_dags/tutorial.py for tasks to queue
[2024-10-20T16:09:47.907+0000] {logging_mixin.py:154} INFO - [2024-10-20T16:09:47.906+0000] {dagbag.py:536} INFO - Filling up the DagBag from /home/airflow/.local/lib/python3.8/site-packages/airflow/example_dags/tutorial.py
[2024-10-20T16:09:47.915+0000] {processor.py:839} INFO - DAG(s) dict_keys(['tutorial']) retrieved from /home/airflow/.local/lib/python3.8/site-packages/airflow/example_dags/tutorial.py
[2024-10-20T16:09:47.953+0000] {logging_mixin.py:154} INFO - [2024-10-20T16:09:47.953+0000] {dag.py:2941} INFO - Sync 1 DAGs
[2024-10-20T16:09:47.996+0000] {logging_mixin.py:154} INFO - [2024-10-20T16:09:47.995+0000] {dag.py:3722} INFO - Setting next_dagrun for tutorial to 2024-10-19T16:09:47.995430+00:00, run_after=2024-10-20T16:09:47.995430+00:00
[2024-10-20T16:09:48.039+0000] {processor.py:179} INFO - Processing /home/airflow/.local/lib/python3.8/site-packages/airflow/example_dags/tutorial.py took 0.143 seconds
[2024-10-20T16:10:18.622+0000] {processor.py:157} INFO - Started process (PID=306) to work on /home/airflow/.local/lib/python3.8/site-packages/airflow/example_dags/tutorial.py
[2024-10-20T16:10:18.623+0000] {processor.py:829} INFO - Processing file /home/airflow/.local/lib/python3.8/site-packages/airflow/example_dags/tutorial.py for tasks to queue
[2024-10-20T16:10:18.627+0000] {logging_mixin.py:154} INFO - [2024-10-20T16:10:18.626+0000] {dagbag.py:536} INFO - Filling up the DagBag from /home/airflow/.local/lib/python3.8/site-packages/airflow/example_dags/tutorial.py
[2024-10-20T16:10:18.635+0000] {processor.py:839} INFO - DAG(s) dict_keys(['tutorial']) retrieved from /home/airflow/.local/lib/python3.8/site-packages/airflow/example_dags/tutorial.py
[2024-10-20T16:10:18.667+0000] {logging_mixin.py:154} INFO - [2024-10-20T16:10:18.667+0000] {dag.py:2941} INFO - Sync 1 DAGs
[2024-10-20T16:10:18.704+0000] {logging_mixin.py:154} INFO - [2024-10-20T16:10:18.704+0000] {dag.py:3722} INFO - Setting next_dagrun for tutorial to 2024-10-19T16:10:18.703699+00:00, run_after=2024-10-20T16:10:18.703699+00:00
[2024-10-20T16:10:18.745+0000] {processor.py:179} INFO - Processing /home/airflow/.local/lib/python3.8/site-packages/airflow/example_dags/tutorial.py took 0.128 seconds
[2024-10-20T16:10:49.152+0000] {processor.py:157} INFO - Started process (PID=361) to work on /home/airflow/.local/lib/python3.8/site-packages/airflow/example_dags/tutorial.py
[2024-10-20T16:10:49.154+0000] {processor.py:829} INFO - Processing file /home/airflow/.local/lib/python3.8/site-packages/airflow/example_dags/tutorial.py for tasks to queue
[2024-10-20T16:10:49.158+0000] {logging_mixin.py:154} INFO - [2024-10-20T16:10:49.157+0000] {dagbag.py:536} INFO - Filling up the DagBag from /home/airflow/.local/lib/python3.8/site-packages/airflow/example_dags/tutorial.py
[2024-10-20T16:10:49.165+0000] {processor.py:839} INFO - DAG(s) dict_keys(['tutorial']) retrieved from /home/airflow/.local/lib/python3.8/site-packages/airflow/example_dags/tutorial.py
[2024-10-20T16:10:49.204+0000] {logging_mixin.py:154} INFO - [2024-10-20T16:10:49.204+0000] {dag.py:2941} INFO - Sync 1 DAGs
[2024-10-20T16:10:49.252+0000] {logging_mixin.py:154} INFO - [2024-10-20T16:10:49.251+0000] {dag.py:3722} INFO - Setting next_dagrun for tutorial to 2024-10-19T16:10:49.251275+00:00, run_after=2024-10-20T16:10:49.251275+00:00
[2024-10-20T16:10:49.296+0000] {processor.py:179} INFO - Processing /home/airflow/.local/lib/python3.8/site-packages/airflow/example_dags/tutorial.py took 0.148 seconds
[2024-10-20T16:11:19.519+0000] {processor.py:157} INFO - Started process (PID=419) to work on /home/airflow/.local/lib/python3.8/site-packages/airflow/example_dags/tutorial.py
[2024-10-20T16:11:19.521+0000] {processor.py:829} INFO - Processing file /home/airflow/.local/lib/python3.8/site-packages/airflow/example_dags/tutorial.py for tasks to queue
[2024-10-20T16:11:19.526+0000] {logging_mixin.py:154} INFO - [2024-10-20T16:11:19.526+0000] {dagbag.py:536} INFO - Filling up the DagBag from /home/airflow/.local/lib/python3.8/site-packages/airflow/example_dags/tutorial.py
[2024-10-20T16:11:19.537+0000] {processor.py:839} INFO - DAG(s) dict_keys(['tutorial']) retrieved from /home/airflow/.local/lib/python3.8/site-packages/airflow/example_dags/tutorial.py
[2024-10-20T16:11:19.583+0000] {logging_mixin.py:154} INFO - [2024-10-20T16:11:19.583+0000] {dag.py:2941} INFO - Sync 1 DAGs
[2024-10-20T16:11:19.641+0000] {logging_mixin.py:154} INFO - [2024-10-20T16:11:19.640+0000] {dag.py:3722} INFO - Setting next_dagrun for tutorial to 2024-10-19T16:11:19.640096+00:00, run_after=2024-10-20T16:11:19.640096+00:00
[2024-10-20T16:11:19.688+0000] {processor.py:179} INFO - Processing /home/airflow/.local/lib/python3.8/site-packages/airflow/example_dags/tutorial.py took 0.175 seconds
[2024-10-20T16:25:09.322+0000] {processor.py:157} INFO - Started process (PID=77) to work on /home/airflow/.local/lib/python3.8/site-packages/airflow/example_dags/tutorial.py
[2024-10-20T16:25:09.326+0000] {processor.py:829} INFO - Processing file /home/airflow/.local/lib/python3.8/site-packages/airflow/example_dags/tutorial.py for tasks to queue
[2024-10-20T16:25:09.331+0000] {logging_mixin.py:154} INFO - [2024-10-20T16:25:09.330+0000] {dagbag.py:536} INFO - Filling up the DagBag from /home/airflow/.local/lib/python3.8/site-packages/airflow/example_dags/tutorial.py
[2024-10-20T16:25:09.347+0000] {processor.py:839} INFO - DAG(s) dict_keys(['tutorial']) retrieved from /home/airflow/.local/lib/python3.8/site-packages/airflow/example_dags/tutorial.py
[2024-10-20T16:25:09.390+0000] {logging_mixin.py:154} INFO - [2024-10-20T16:25:09.390+0000] {dag.py:2941} INFO - Sync 1 DAGs
[2024-10-20T16:25:09.428+0000] {logging_mixin.py:154} INFO - [2024-10-20T16:25:09.427+0000] {dag.py:3722} INFO - Setting next_dagrun for tutorial to 2024-10-19T16:25:09.427221+00:00, run_after=2024-10-20T16:25:09.427221+00:00
[2024-10-20T16:25:09.462+0000] {processor.py:179} INFO - Processing /home/airflow/.local/lib/python3.8/site-packages/airflow/example_dags/tutorial.py took 0.145 seconds
[2024-10-20T16:25:41.204+0000] {processor.py:157} INFO - Started process (PID=133) to work on /home/airflow/.local/lib/python3.8/site-packages/airflow/example_dags/tutorial.py
[2024-10-20T16:25:41.205+0000] {processor.py:829} INFO - Processing file /home/airflow/.local/lib/python3.8/site-packages/airflow/example_dags/tutorial.py for tasks to queue
[2024-10-20T16:25:41.209+0000] {logging_mixin.py:154} INFO - [2024-10-20T16:25:41.208+0000] {dagbag.py:536} INFO - Filling up the DagBag from /home/airflow/.local/lib/python3.8/site-packages/airflow/example_dags/tutorial.py
[2024-10-20T16:25:41.216+0000] {processor.py:839} INFO - DAG(s) dict_keys(['tutorial']) retrieved from /home/airflow/.local/lib/python3.8/site-packages/airflow/example_dags/tutorial.py
[2024-10-20T16:25:41.254+0000] {logging_mixin.py:154} INFO - [2024-10-20T16:25:41.253+0000] {dag.py:2941} INFO - Sync 1 DAGs
[2024-10-20T16:25:41.291+0000] {logging_mixin.py:154} INFO - [2024-10-20T16:25:41.291+0000] {dag.py:3722} INFO - Setting next_dagrun for tutorial to 2024-10-19T16:25:41.290887+00:00, run_after=2024-10-20T16:25:41.290887+00:00
[2024-10-20T16:25:41.338+0000] {processor.py:179} INFO - Processing /home/airflow/.local/lib/python3.8/site-packages/airflow/example_dags/tutorial.py took 0.139 seconds
[2024-10-20T16:26:11.629+0000] {processor.py:157} INFO - Started process (PID=189) to work on /home/airflow/.local/lib/python3.8/site-packages/airflow/example_dags/tutorial.py
[2024-10-20T16:26:11.631+0000] {processor.py:829} INFO - Processing file /home/airflow/.local/lib/python3.8/site-packages/airflow/example_dags/tutorial.py for tasks to queue
[2024-10-20T16:26:11.632+0000] {logging_mixin.py:154} INFO - [2024-10-20T16:26:11.632+0000] {dagbag.py:536} INFO - Filling up the DagBag from /home/airflow/.local/lib/python3.8/site-packages/airflow/example_dags/tutorial.py
[2024-10-20T16:26:11.643+0000] {processor.py:839} INFO - DAG(s) dict_keys(['tutorial']) retrieved from /home/airflow/.local/lib/python3.8/site-packages/airflow/example_dags/tutorial.py
[2024-10-20T16:26:11.680+0000] {logging_mixin.py:154} INFO - [2024-10-20T16:26:11.679+0000] {dag.py:2941} INFO - Sync 1 DAGs
[2024-10-20T16:26:11.733+0000] {logging_mixin.py:154} INFO - [2024-10-20T16:26:11.732+0000] {dag.py:3722} INFO - Setting next_dagrun for tutorial to 2024-10-19T16:26:11.731874+00:00, run_after=2024-10-20T16:26:11.731874+00:00
[2024-10-20T16:26:11.805+0000] {processor.py:179} INFO - Processing /home/airflow/.local/lib/python3.8/site-packages/airflow/example_dags/tutorial.py took 0.181 seconds
[2024-10-20T16:27:56.268+0000] {processor.py:157} INFO - Started process (PID=70) to work on /home/airflow/.local/lib/python3.8/site-packages/airflow/example_dags/tutorial.py
[2024-10-20T16:27:56.270+0000] {processor.py:829} INFO - Processing file /home/airflow/.local/lib/python3.8/site-packages/airflow/example_dags/tutorial.py for tasks to queue
[2024-10-20T16:27:56.275+0000] {logging_mixin.py:154} INFO - [2024-10-20T16:27:56.274+0000] {dagbag.py:536} INFO - Filling up the DagBag from /home/airflow/.local/lib/python3.8/site-packages/airflow/example_dags/tutorial.py
[2024-10-20T16:27:56.287+0000] {processor.py:839} INFO - DAG(s) dict_keys(['tutorial']) retrieved from /home/airflow/.local/lib/python3.8/site-packages/airflow/example_dags/tutorial.py
[2024-10-20T16:27:56.304+0000] {logging_mixin.py:154} INFO - [2024-10-20T16:27:56.303+0000] {dag.py:2941} INFO - Sync 1 DAGs
[2024-10-20T16:27:56.332+0000] {logging_mixin.py:154} INFO - [2024-10-20T16:27:56.332+0000] {dag.py:3722} INFO - Setting next_dagrun for tutorial to 2024-10-19T16:27:56.331938+00:00, run_after=2024-10-20T16:27:56.331938+00:00
[2024-10-20T16:27:56.373+0000] {processor.py:179} INFO - Processing /home/airflow/.local/lib/python3.8/site-packages/airflow/example_dags/tutorial.py took 0.111 seconds
[2024-10-20T16:28:26.642+0000] {processor.py:157} INFO - Started process (PID=124) to work on /home/airflow/.local/lib/python3.8/site-packages/airflow/example_dags/tutorial.py
[2024-10-20T16:28:26.644+0000] {processor.py:829} INFO - Processing file /home/airflow/.local/lib/python3.8/site-packages/airflow/example_dags/tutorial.py for tasks to queue
[2024-10-20T16:28:26.650+0000] {logging_mixin.py:154} INFO - [2024-10-20T16:28:26.649+0000] {dagbag.py:536} INFO - Filling up the DagBag from /home/airflow/.local/lib/python3.8/site-packages/airflow/example_dags/tutorial.py
[2024-10-20T16:28:26.660+0000] {processor.py:839} INFO - DAG(s) dict_keys(['tutorial']) retrieved from /home/airflow/.local/lib/python3.8/site-packages/airflow/example_dags/tutorial.py
[2024-10-20T16:28:26.694+0000] {logging_mixin.py:154} INFO - [2024-10-20T16:28:26.694+0000] {dag.py:2941} INFO - Sync 1 DAGs
[2024-10-20T16:28:26.741+0000] {logging_mixin.py:154} INFO - [2024-10-20T16:28:26.741+0000] {dag.py:3722} INFO - Setting next_dagrun for tutorial to 2024-10-19T16:28:26.741044+00:00, run_after=2024-10-20T16:28:26.741044+00:00
[2024-10-20T16:28:26.787+0000] {processor.py:179} INFO - Processing /home/airflow/.local/lib/python3.8/site-packages/airflow/example_dags/tutorial.py took 0.149 seconds
[2024-10-20T16:28:57.247+0000] {processor.py:157} INFO - Started process (PID=180) to work on /home/airflow/.local/lib/python3.8/site-packages/airflow/example_dags/tutorial.py
[2024-10-20T16:28:57.248+0000] {processor.py:829} INFO - Processing file /home/airflow/.local/lib/python3.8/site-packages/airflow/example_dags/tutorial.py for tasks to queue
[2024-10-20T16:28:57.250+0000] {logging_mixin.py:154} INFO - [2024-10-20T16:28:57.250+0000] {dagbag.py:536} INFO - Filling up the DagBag from /home/airflow/.local/lib/python3.8/site-packages/airflow/example_dags/tutorial.py
[2024-10-20T16:28:57.257+0000] {processor.py:839} INFO - DAG(s) dict_keys(['tutorial']) retrieved from /home/airflow/.local/lib/python3.8/site-packages/airflow/example_dags/tutorial.py
[2024-10-20T16:28:57.283+0000] {logging_mixin.py:154} INFO - [2024-10-20T16:28:57.283+0000] {dag.py:2941} INFO - Sync 1 DAGs
[2024-10-20T16:28:57.309+0000] {logging_mixin.py:154} INFO - [2024-10-20T16:28:57.309+0000] {dag.py:3722} INFO - Setting next_dagrun for tutorial to 2024-10-19T16:28:57.308981+00:00, run_after=2024-10-20T16:28:57.308981+00:00
[2024-10-20T16:28:57.336+0000] {processor.py:179} INFO - Processing /home/airflow/.local/lib/python3.8/site-packages/airflow/example_dags/tutorial.py took 0.092 seconds
[2024-10-20T16:29:28.198+0000] {processor.py:157} INFO - Started process (PID=243) to work on /home/airflow/.local/lib/python3.8/site-packages/airflow/example_dags/tutorial.py
[2024-10-20T16:29:28.199+0000] {processor.py:829} INFO - Processing file /home/airflow/.local/lib/python3.8/site-packages/airflow/example_dags/tutorial.py for tasks to queue
[2024-10-20T16:29:28.202+0000] {logging_mixin.py:154} INFO - [2024-10-20T16:29:28.202+0000] {dagbag.py:536} INFO - Filling up the DagBag from /home/airflow/.local/lib/python3.8/site-packages/airflow/example_dags/tutorial.py
[2024-10-20T16:29:28.210+0000] {processor.py:839} INFO - DAG(s) dict_keys(['tutorial']) retrieved from /home/airflow/.local/lib/python3.8/site-packages/airflow/example_dags/tutorial.py
[2024-10-20T16:29:28.235+0000] {logging_mixin.py:154} INFO - [2024-10-20T16:29:28.235+0000] {dag.py:2941} INFO - Sync 1 DAGs
[2024-10-20T16:29:28.266+0000] {logging_mixin.py:154} INFO - [2024-10-20T16:29:28.266+0000] {dag.py:3722} INFO - Setting next_dagrun for tutorial to 2024-10-19T16:29:28.265919+00:00, run_after=2024-10-20T16:29:28.265919+00:00
[2024-10-20T16:29:28.295+0000] {processor.py:179} INFO - Processing /home/airflow/.local/lib/python3.8/site-packages/airflow/example_dags/tutorial.py took 0.100 seconds
[2024-10-20T16:31:00.708+0000] {processor.py:157} INFO - Started process (PID=88) to work on /home/airflow/.local/lib/python3.8/site-packages/airflow/example_dags/tutorial.py
[2024-10-20T16:31:00.710+0000] {processor.py:829} INFO - Processing file /home/airflow/.local/lib/python3.8/site-packages/airflow/example_dags/tutorial.py for tasks to queue
[2024-10-20T16:31:00.713+0000] {logging_mixin.py:154} INFO - [2024-10-20T16:31:00.713+0000] {dagbag.py:536} INFO - Filling up the DagBag from /home/airflow/.local/lib/python3.8/site-packages/airflow/example_dags/tutorial.py
[2024-10-20T16:31:00.722+0000] {processor.py:839} INFO - DAG(s) dict_keys(['tutorial']) retrieved from /home/airflow/.local/lib/python3.8/site-packages/airflow/example_dags/tutorial.py
[2024-10-20T16:31:00.761+0000] {logging_mixin.py:154} INFO - [2024-10-20T16:31:00.761+0000] {dag.py:2941} INFO - Sync 1 DAGs
[2024-10-20T16:31:00.790+0000] {logging_mixin.py:154} INFO - [2024-10-20T16:31:00.789+0000] {dag.py:3722} INFO - Setting next_dagrun for tutorial to 2024-10-19T16:31:00.789328+00:00, run_after=2024-10-20T16:31:00.789328+00:00
[2024-10-20T16:31:00.818+0000] {processor.py:179} INFO - Processing /home/airflow/.local/lib/python3.8/site-packages/airflow/example_dags/tutorial.py took 0.113 seconds
[2024-10-20T16:31:31.739+0000] {processor.py:157} INFO - Started process (PID=143) to work on /home/airflow/.local/lib/python3.8/site-packages/airflow/example_dags/tutorial.py
[2024-10-20T16:31:31.740+0000] {processor.py:829} INFO - Processing file /home/airflow/.local/lib/python3.8/site-packages/airflow/example_dags/tutorial.py for tasks to queue
[2024-10-20T16:31:31.742+0000] {logging_mixin.py:154} INFO - [2024-10-20T16:31:31.742+0000] {dagbag.py:536} INFO - Filling up the DagBag from /home/airflow/.local/lib/python3.8/site-packages/airflow/example_dags/tutorial.py
[2024-10-20T16:31:31.747+0000] {processor.py:839} INFO - DAG(s) dict_keys(['tutorial']) retrieved from /home/airflow/.local/lib/python3.8/site-packages/airflow/example_dags/tutorial.py
[2024-10-20T16:31:31.771+0000] {logging_mixin.py:154} INFO - [2024-10-20T16:31:31.771+0000] {dag.py:2941} INFO - Sync 1 DAGs
[2024-10-20T16:31:31.791+0000] {logging_mixin.py:154} INFO - [2024-10-20T16:31:31.791+0000] {dag.py:3722} INFO - Setting next_dagrun for tutorial to 2024-10-19T16:31:31.791438+00:00, run_after=2024-10-20T16:31:31.791438+00:00
[2024-10-20T16:31:31.816+0000] {processor.py:179} INFO - Processing /home/airflow/.local/lib/python3.8/site-packages/airflow/example_dags/tutorial.py took 0.080 seconds
[2024-10-20T16:32:02.511+0000] {processor.py:157} INFO - Started process (PID=206) to work on /home/airflow/.local/lib/python3.8/site-packages/airflow/example_dags/tutorial.py
[2024-10-20T16:32:02.512+0000] {processor.py:829} INFO - Processing file /home/airflow/.local/lib/python3.8/site-packages/airflow/example_dags/tutorial.py for tasks to queue
[2024-10-20T16:32:02.517+0000] {logging_mixin.py:154} INFO - [2024-10-20T16:32:02.516+0000] {dagbag.py:536} INFO - Filling up the DagBag from /home/airflow/.local/lib/python3.8/site-packages/airflow/example_dags/tutorial.py
[2024-10-20T16:32:02.539+0000] {processor.py:839} INFO - DAG(s) dict_keys(['tutorial']) retrieved from /home/airflow/.local/lib/python3.8/site-packages/airflow/example_dags/tutorial.py
[2024-10-20T16:32:02.580+0000] {logging_mixin.py:154} INFO - [2024-10-20T16:32:02.580+0000] {dag.py:2941} INFO - Sync 1 DAGs
[2024-10-20T16:32:02.618+0000] {logging_mixin.py:154} INFO - [2024-10-20T16:32:02.617+0000] {dag.py:3722} INFO - Setting next_dagrun for tutorial to 2024-10-19T16:32:02.617143+00:00, run_after=2024-10-20T16:32:02.617143+00:00
[2024-10-20T16:32:02.671+0000] {processor.py:179} INFO - Processing /home/airflow/.local/lib/python3.8/site-packages/airflow/example_dags/tutorial.py took 0.163 seconds
[2024-10-20T16:32:33.169+0000] {processor.py:157} INFO - Started process (PID=261) to work on /home/airflow/.local/lib/python3.8/site-packages/airflow/example_dags/tutorial.py
[2024-10-20T16:32:33.170+0000] {processor.py:829} INFO - Processing file /home/airflow/.local/lib/python3.8/site-packages/airflow/example_dags/tutorial.py for tasks to queue
[2024-10-20T16:32:33.172+0000] {logging_mixin.py:154} INFO - [2024-10-20T16:32:33.172+0000] {dagbag.py:536} INFO - Filling up the DagBag from /home/airflow/.local/lib/python3.8/site-packages/airflow/example_dags/tutorial.py
[2024-10-20T16:32:33.177+0000] {processor.py:839} INFO - DAG(s) dict_keys(['tutorial']) retrieved from /home/airflow/.local/lib/python3.8/site-packages/airflow/example_dags/tutorial.py
[2024-10-20T16:32:33.202+0000] {logging_mixin.py:154} INFO - [2024-10-20T16:32:33.202+0000] {dag.py:2941} INFO - Sync 1 DAGs
[2024-10-20T16:32:33.225+0000] {logging_mixin.py:154} INFO - [2024-10-20T16:32:33.225+0000] {dag.py:3722} INFO - Setting next_dagrun for tutorial to 2024-10-19T16:32:33.225148+00:00, run_after=2024-10-20T16:32:33.225148+00:00
[2024-10-20T16:32:33.250+0000] {processor.py:179} INFO - Processing /home/airflow/.local/lib/python3.8/site-packages/airflow/example_dags/tutorial.py took 0.084 seconds
[2024-10-20T16:33:03.342+0000] {processor.py:157} INFO - Started process (PID=317) to work on /home/airflow/.local/lib/python3.8/site-packages/airflow/example_dags/tutorial.py
[2024-10-20T16:33:03.343+0000] {processor.py:829} INFO - Processing file /home/airflow/.local/lib/python3.8/site-packages/airflow/example_dags/tutorial.py for tasks to queue
[2024-10-20T16:33:03.346+0000] {logging_mixin.py:154} INFO - [2024-10-20T16:33:03.345+0000] {dagbag.py:536} INFO - Filling up the DagBag from /home/airflow/.local/lib/python3.8/site-packages/airflow/example_dags/tutorial.py
[2024-10-20T16:33:03.352+0000] {processor.py:839} INFO - DAG(s) dict_keys(['tutorial']) retrieved from /home/airflow/.local/lib/python3.8/site-packages/airflow/example_dags/tutorial.py
[2024-10-20T16:33:03.375+0000] {logging_mixin.py:154} INFO - [2024-10-20T16:33:03.375+0000] {dag.py:2941} INFO - Sync 1 DAGs
[2024-10-20T16:33:03.396+0000] {logging_mixin.py:154} INFO - [2024-10-20T16:33:03.396+0000] {dag.py:3722} INFO - Setting next_dagrun for tutorial to 2024-10-19T16:33:03.396393+00:00, run_after=2024-10-20T16:33:03.396393+00:00
[2024-10-20T16:33:03.418+0000] {processor.py:179} INFO - Processing /home/airflow/.local/lib/python3.8/site-packages/airflow/example_dags/tutorial.py took 0.079 seconds
[2024-10-20T16:34:24.620+0000] {processor.py:157} INFO - Started process (PID=89) to work on /home/airflow/.local/lib/python3.8/site-packages/airflow/example_dags/tutorial.py
[2024-10-20T16:34:24.621+0000] {processor.py:829} INFO - Processing file /home/airflow/.local/lib/python3.8/site-packages/airflow/example_dags/tutorial.py for tasks to queue
[2024-10-20T16:34:24.628+0000] {logging_mixin.py:154} INFO - [2024-10-20T16:34:24.628+0000] {dagbag.py:536} INFO - Filling up the DagBag from /home/airflow/.local/lib/python3.8/site-packages/airflow/example_dags/tutorial.py
[2024-10-20T16:34:24.647+0000] {processor.py:839} INFO - DAG(s) dict_keys(['tutorial']) retrieved from /home/airflow/.local/lib/python3.8/site-packages/airflow/example_dags/tutorial.py
[2024-10-20T16:34:24.686+0000] {logging_mixin.py:154} INFO - [2024-10-20T16:34:24.686+0000] {dag.py:2941} INFO - Sync 1 DAGs
[2024-10-20T16:34:24.723+0000] {logging_mixin.py:154} INFO - [2024-10-20T16:34:24.723+0000] {dag.py:3722} INFO - Setting next_dagrun for tutorial to 2024-10-19T16:34:24.722997+00:00, run_after=2024-10-20T16:34:24.722997+00:00
[2024-10-20T16:34:24.749+0000] {processor.py:179} INFO - Processing /home/airflow/.local/lib/python3.8/site-packages/airflow/example_dags/tutorial.py took 0.137 seconds
[2024-10-20T16:34:54.847+0000] {processor.py:157} INFO - Started process (PID=143) to work on /home/airflow/.local/lib/python3.8/site-packages/airflow/example_dags/tutorial.py
[2024-10-20T16:34:54.848+0000] {processor.py:829} INFO - Processing file /home/airflow/.local/lib/python3.8/site-packages/airflow/example_dags/tutorial.py for tasks to queue
[2024-10-20T16:34:54.852+0000] {logging_mixin.py:154} INFO - [2024-10-20T16:34:54.852+0000] {dagbag.py:536} INFO - Filling up the DagBag from /home/airflow/.local/lib/python3.8/site-packages/airflow/example_dags/tutorial.py
[2024-10-20T16:34:54.860+0000] {processor.py:839} INFO - DAG(s) dict_keys(['tutorial']) retrieved from /home/airflow/.local/lib/python3.8/site-packages/airflow/example_dags/tutorial.py
[2024-10-20T16:34:54.892+0000] {logging_mixin.py:154} INFO - [2024-10-20T16:34:54.891+0000] {dag.py:2941} INFO - Sync 1 DAGs
[2024-10-20T16:34:54.928+0000] {logging_mixin.py:154} INFO - [2024-10-20T16:34:54.927+0000] {dag.py:3722} INFO - Setting next_dagrun for tutorial to 2024-10-19T16:34:54.927518+00:00, run_after=2024-10-20T16:34:54.927518+00:00
[2024-10-20T16:34:54.960+0000] {processor.py:179} INFO - Processing /home/airflow/.local/lib/python3.8/site-packages/airflow/example_dags/tutorial.py took 0.117 seconds
[2024-10-20T16:35:25.210+0000] {processor.py:157} INFO - Started process (PID=199) to work on /home/airflow/.local/lib/python3.8/site-packages/airflow/example_dags/tutorial.py
[2024-10-20T16:35:25.211+0000] {processor.py:829} INFO - Processing file /home/airflow/.local/lib/python3.8/site-packages/airflow/example_dags/tutorial.py for tasks to queue
[2024-10-20T16:35:25.214+0000] {logging_mixin.py:154} INFO - [2024-10-20T16:35:25.214+0000] {dagbag.py:536} INFO - Filling up the DagBag from /home/airflow/.local/lib/python3.8/site-packages/airflow/example_dags/tutorial.py
[2024-10-20T16:35:25.220+0000] {processor.py:839} INFO - DAG(s) dict_keys(['tutorial']) retrieved from /home/airflow/.local/lib/python3.8/site-packages/airflow/example_dags/tutorial.py
[2024-10-20T16:35:25.245+0000] {logging_mixin.py:154} INFO - [2024-10-20T16:35:25.245+0000] {dag.py:2941} INFO - Sync 1 DAGs
[2024-10-20T16:35:25.272+0000] {logging_mixin.py:154} INFO - [2024-10-20T16:35:25.272+0000] {dag.py:3722} INFO - Setting next_dagrun for tutorial to 2024-10-19T16:35:25.272080+00:00, run_after=2024-10-20T16:35:25.272080+00:00
[2024-10-20T16:35:25.299+0000] {processor.py:179} INFO - Processing /home/airflow/.local/lib/python3.8/site-packages/airflow/example_dags/tutorial.py took 0.093 seconds
[2024-10-20T16:35:55.590+0000] {processor.py:157} INFO - Started process (PID=255) to work on /home/airflow/.local/lib/python3.8/site-packages/airflow/example_dags/tutorial.py
[2024-10-20T16:35:55.591+0000] {processor.py:829} INFO - Processing file /home/airflow/.local/lib/python3.8/site-packages/airflow/example_dags/tutorial.py for tasks to queue
[2024-10-20T16:35:55.593+0000] {logging_mixin.py:154} INFO - [2024-10-20T16:35:55.593+0000] {dagbag.py:536} INFO - Filling up the DagBag from /home/airflow/.local/lib/python3.8/site-packages/airflow/example_dags/tutorial.py
[2024-10-20T16:35:55.598+0000] {processor.py:839} INFO - DAG(s) dict_keys(['tutorial']) retrieved from /home/airflow/.local/lib/python3.8/site-packages/airflow/example_dags/tutorial.py
[2024-10-20T16:35:55.620+0000] {logging_mixin.py:154} INFO - [2024-10-20T16:35:55.620+0000] {dag.py:2941} INFO - Sync 1 DAGs
[2024-10-20T16:35:55.641+0000] {logging_mixin.py:154} INFO - [2024-10-20T16:35:55.640+0000] {dag.py:3722} INFO - Setting next_dagrun for tutorial to 2024-10-19T16:35:55.640567+00:00, run_after=2024-10-20T16:35:55.640567+00:00
[2024-10-20T16:35:55.664+0000] {processor.py:179} INFO - Processing /home/airflow/.local/lib/python3.8/site-packages/airflow/example_dags/tutorial.py took 0.077 seconds
[2024-10-20T16:36:26.093+0000] {processor.py:157} INFO - Started process (PID=311) to work on /home/airflow/.local/lib/python3.8/site-packages/airflow/example_dags/tutorial.py
[2024-10-20T16:36:26.094+0000] {processor.py:829} INFO - Processing file /home/airflow/.local/lib/python3.8/site-packages/airflow/example_dags/tutorial.py for tasks to queue
[2024-10-20T16:36:26.096+0000] {logging_mixin.py:154} INFO - [2024-10-20T16:36:26.096+0000] {dagbag.py:536} INFO - Filling up the DagBag from /home/airflow/.local/lib/python3.8/site-packages/airflow/example_dags/tutorial.py
[2024-10-20T16:36:26.102+0000] {processor.py:839} INFO - DAG(s) dict_keys(['tutorial']) retrieved from /home/airflow/.local/lib/python3.8/site-packages/airflow/example_dags/tutorial.py
[2024-10-20T16:36:26.127+0000] {logging_mixin.py:154} INFO - [2024-10-20T16:36:26.126+0000] {dag.py:2941} INFO - Sync 1 DAGs
[2024-10-20T16:36:26.151+0000] {logging_mixin.py:154} INFO - [2024-10-20T16:36:26.150+0000] {dag.py:3722} INFO - Setting next_dagrun for tutorial to 2024-10-19T16:36:26.150682+00:00, run_after=2024-10-20T16:36:26.150682+00:00
[2024-10-20T16:36:26.174+0000] {processor.py:179} INFO - Processing /home/airflow/.local/lib/python3.8/site-packages/airflow/example_dags/tutorial.py took 0.084 seconds
[2024-10-20T16:36:56.308+0000] {processor.py:157} INFO - Started process (PID=369) to work on /home/airflow/.local/lib/python3.8/site-packages/airflow/example_dags/tutorial.py
[2024-10-20T16:36:56.309+0000] {processor.py:829} INFO - Processing file /home/airflow/.local/lib/python3.8/site-packages/airflow/example_dags/tutorial.py for tasks to queue
[2024-10-20T16:36:56.311+0000] {logging_mixin.py:154} INFO - [2024-10-20T16:36:56.311+0000] {dagbag.py:536} INFO - Filling up the DagBag from /home/airflow/.local/lib/python3.8/site-packages/airflow/example_dags/tutorial.py
[2024-10-20T16:36:56.317+0000] {processor.py:839} INFO - DAG(s) dict_keys(['tutorial']) retrieved from /home/airflow/.local/lib/python3.8/site-packages/airflow/example_dags/tutorial.py
[2024-10-20T16:36:56.339+0000] {logging_mixin.py:154} INFO - [2024-10-20T16:36:56.339+0000] {dag.py:2941} INFO - Sync 1 DAGs
[2024-10-20T16:36:56.365+0000] {logging_mixin.py:154} INFO - [2024-10-20T16:36:56.364+0000] {dag.py:3722} INFO - Setting next_dagrun for tutorial to 2024-10-19T16:36:56.364422+00:00, run_after=2024-10-20T16:36:56.364422+00:00
[2024-10-20T16:36:56.392+0000] {processor.py:179} INFO - Processing /home/airflow/.local/lib/python3.8/site-packages/airflow/example_dags/tutorial.py took 0.087 seconds
[2024-10-20T16:37:27.199+0000] {processor.py:157} INFO - Started process (PID=435) to work on /home/airflow/.local/lib/python3.8/site-packages/airflow/example_dags/tutorial.py
[2024-10-20T16:37:27.200+0000] {processor.py:829} INFO - Processing file /home/airflow/.local/lib/python3.8/site-packages/airflow/example_dags/tutorial.py for tasks to queue
[2024-10-20T16:37:27.203+0000] {logging_mixin.py:154} INFO - [2024-10-20T16:37:27.203+0000] {dagbag.py:536} INFO - Filling up the DagBag from /home/airflow/.local/lib/python3.8/site-packages/airflow/example_dags/tutorial.py
[2024-10-20T16:37:27.209+0000] {processor.py:839} INFO - DAG(s) dict_keys(['tutorial']) retrieved from /home/airflow/.local/lib/python3.8/site-packages/airflow/example_dags/tutorial.py
[2024-10-20T16:37:27.233+0000] {logging_mixin.py:154} INFO - [2024-10-20T16:37:27.233+0000] {dag.py:2941} INFO - Sync 1 DAGs
[2024-10-20T16:37:27.258+0000] {logging_mixin.py:154} INFO - [2024-10-20T16:37:27.258+0000] {dag.py:3722} INFO - Setting next_dagrun for tutorial to 2024-10-19T16:37:27.257957+00:00, run_after=2024-10-20T16:37:27.257957+00:00
[2024-10-20T16:37:27.286+0000] {processor.py:179} INFO - Processing /home/airflow/.local/lib/python3.8/site-packages/airflow/example_dags/tutorial.py took 0.090 seconds
[2024-10-20T16:37:58.085+0000] {processor.py:157} INFO - Started process (PID=502) to work on /home/airflow/.local/lib/python3.8/site-packages/airflow/example_dags/tutorial.py
[2024-10-20T16:37:58.087+0000] {processor.py:829} INFO - Processing file /home/airflow/.local/lib/python3.8/site-packages/airflow/example_dags/tutorial.py for tasks to queue
[2024-10-20T16:37:58.089+0000] {logging_mixin.py:154} INFO - [2024-10-20T16:37:58.089+0000] {dagbag.py:536} INFO - Filling up the DagBag from /home/airflow/.local/lib/python3.8/site-packages/airflow/example_dags/tutorial.py
[2024-10-20T16:37:58.094+0000] {processor.py:839} INFO - DAG(s) dict_keys(['tutorial']) retrieved from /home/airflow/.local/lib/python3.8/site-packages/airflow/example_dags/tutorial.py
[2024-10-20T16:37:58.118+0000] {logging_mixin.py:154} INFO - [2024-10-20T16:37:58.118+0000] {dag.py:2941} INFO - Sync 1 DAGs
[2024-10-20T16:37:58.140+0000] {logging_mixin.py:154} INFO - [2024-10-20T16:37:58.139+0000] {dag.py:3722} INFO - Setting next_dagrun for tutorial to 2024-10-19T16:37:58.139603+00:00, run_after=2024-10-20T16:37:58.139603+00:00
[2024-10-20T16:37:58.166+0000] {processor.py:179} INFO - Processing /home/airflow/.local/lib/python3.8/site-packages/airflow/example_dags/tutorial.py took 0.084 seconds
[2024-10-20T16:39:44.165+0000] {processor.py:157} INFO - Started process (PID=89) to work on /home/airflow/.local/lib/python3.8/site-packages/airflow/example_dags/tutorial.py
[2024-10-20T16:39:44.168+0000] {processor.py:829} INFO - Processing file /home/airflow/.local/lib/python3.8/site-packages/airflow/example_dags/tutorial.py for tasks to queue
[2024-10-20T16:39:44.174+0000] {logging_mixin.py:154} INFO - [2024-10-20T16:39:44.173+0000] {dagbag.py:536} INFO - Filling up the DagBag from /home/airflow/.local/lib/python3.8/site-packages/airflow/example_dags/tutorial.py
[2024-10-20T16:39:44.199+0000] {processor.py:839} INFO - DAG(s) dict_keys(['tutorial']) retrieved from /home/airflow/.local/lib/python3.8/site-packages/airflow/example_dags/tutorial.py
[2024-10-20T16:39:44.239+0000] {logging_mixin.py:154} INFO - [2024-10-20T16:39:44.239+0000] {dag.py:2941} INFO - Sync 1 DAGs
[2024-10-20T16:39:44.273+0000] {logging_mixin.py:154} INFO - [2024-10-20T16:39:44.273+0000] {dag.py:3722} INFO - Setting next_dagrun for tutorial to 2024-10-19T16:39:44.272861+00:00, run_after=2024-10-20T16:39:44.272861+00:00
[2024-10-20T16:39:44.307+0000] {processor.py:179} INFO - Processing /home/airflow/.local/lib/python3.8/site-packages/airflow/example_dags/tutorial.py took 0.148 seconds
[2024-10-20T16:40:15.146+0000] {processor.py:157} INFO - Started process (PID=152) to work on /home/airflow/.local/lib/python3.8/site-packages/airflow/example_dags/tutorial.py
[2024-10-20T16:40:15.148+0000] {processor.py:829} INFO - Processing file /home/airflow/.local/lib/python3.8/site-packages/airflow/example_dags/tutorial.py for tasks to queue
[2024-10-20T16:40:15.150+0000] {logging_mixin.py:154} INFO - [2024-10-20T16:40:15.150+0000] {dagbag.py:536} INFO - Filling up the DagBag from /home/airflow/.local/lib/python3.8/site-packages/airflow/example_dags/tutorial.py
[2024-10-20T16:40:15.157+0000] {processor.py:839} INFO - DAG(s) dict_keys(['tutorial']) retrieved from /home/airflow/.local/lib/python3.8/site-packages/airflow/example_dags/tutorial.py
[2024-10-20T16:40:15.184+0000] {logging_mixin.py:154} INFO - [2024-10-20T16:40:15.184+0000] {dag.py:2941} INFO - Sync 1 DAGs
[2024-10-20T16:40:15.209+0000] {logging_mixin.py:154} INFO - [2024-10-20T16:40:15.209+0000] {dag.py:3722} INFO - Setting next_dagrun for tutorial to 2024-10-19T16:40:15.208602+00:00, run_after=2024-10-20T16:40:15.208602+00:00
[2024-10-20T16:40:15.239+0000] {processor.py:179} INFO - Processing /home/airflow/.local/lib/python3.8/site-packages/airflow/example_dags/tutorial.py took 0.097 seconds
[2024-10-20T16:40:45.381+0000] {processor.py:157} INFO - Started process (PID=206) to work on /home/airflow/.local/lib/python3.8/site-packages/airflow/example_dags/tutorial.py
[2024-10-20T16:40:45.383+0000] {processor.py:829} INFO - Processing file /home/airflow/.local/lib/python3.8/site-packages/airflow/example_dags/tutorial.py for tasks to queue
[2024-10-20T16:40:45.385+0000] {logging_mixin.py:154} INFO - [2024-10-20T16:40:45.385+0000] {dagbag.py:536} INFO - Filling up the DagBag from /home/airflow/.local/lib/python3.8/site-packages/airflow/example_dags/tutorial.py
[2024-10-20T16:40:45.391+0000] {processor.py:839} INFO - DAG(s) dict_keys(['tutorial']) retrieved from /home/airflow/.local/lib/python3.8/site-packages/airflow/example_dags/tutorial.py
[2024-10-20T16:40:45.419+0000] {logging_mixin.py:154} INFO - [2024-10-20T16:40:45.419+0000] {dag.py:2941} INFO - Sync 1 DAGs
[2024-10-20T16:40:45.448+0000] {logging_mixin.py:154} INFO - [2024-10-20T16:40:45.448+0000] {dag.py:3722} INFO - Setting next_dagrun for tutorial to 2024-10-19T16:40:45.448246+00:00, run_after=2024-10-20T16:40:45.448246+00:00
[2024-10-20T16:40:45.476+0000] {processor.py:179} INFO - Processing /home/airflow/.local/lib/python3.8/site-packages/airflow/example_dags/tutorial.py took 0.097 seconds
[2024-10-20T16:41:15.635+0000] {processor.py:157} INFO - Started process (PID=262) to work on /home/airflow/.local/lib/python3.8/site-packages/airflow/example_dags/tutorial.py
[2024-10-20T16:41:15.636+0000] {processor.py:829} INFO - Processing file /home/airflow/.local/lib/python3.8/site-packages/airflow/example_dags/tutorial.py for tasks to queue
[2024-10-20T16:41:15.638+0000] {logging_mixin.py:154} INFO - [2024-10-20T16:41:15.638+0000] {dagbag.py:536} INFO - Filling up the DagBag from /home/airflow/.local/lib/python3.8/site-packages/airflow/example_dags/tutorial.py
[2024-10-20T16:41:15.644+0000] {processor.py:839} INFO - DAG(s) dict_keys(['tutorial']) retrieved from /home/airflow/.local/lib/python3.8/site-packages/airflow/example_dags/tutorial.py
[2024-10-20T16:41:15.664+0000] {logging_mixin.py:154} INFO - [2024-10-20T16:41:15.664+0000] {dag.py:2941} INFO - Sync 1 DAGs
[2024-10-20T16:41:15.686+0000] {logging_mixin.py:154} INFO - [2024-10-20T16:41:15.686+0000] {dag.py:3722} INFO - Setting next_dagrun for tutorial to 2024-10-19T16:41:15.685960+00:00, run_after=2024-10-20T16:41:15.685960+00:00
[2024-10-20T16:41:15.709+0000] {processor.py:179} INFO - Processing /home/airflow/.local/lib/python3.8/site-packages/airflow/example_dags/tutorial.py took 0.077 seconds
[2024-10-20T16:42:43.128+0000] {processor.py:157} INFO - Started process (PID=89) to work on /home/airflow/.local/lib/python3.8/site-packages/airflow/example_dags/tutorial.py
[2024-10-20T16:42:43.129+0000] {processor.py:829} INFO - Processing file /home/airflow/.local/lib/python3.8/site-packages/airflow/example_dags/tutorial.py for tasks to queue
[2024-10-20T16:42:43.132+0000] {logging_mixin.py:154} INFO - [2024-10-20T16:42:43.132+0000] {dagbag.py:536} INFO - Filling up the DagBag from /home/airflow/.local/lib/python3.8/site-packages/airflow/example_dags/tutorial.py
[2024-10-20T16:42:43.141+0000] {processor.py:839} INFO - DAG(s) dict_keys(['tutorial']) retrieved from /home/airflow/.local/lib/python3.8/site-packages/airflow/example_dags/tutorial.py
[2024-10-20T16:42:43.168+0000] {logging_mixin.py:154} INFO - [2024-10-20T16:42:43.168+0000] {dag.py:2941} INFO - Sync 1 DAGs
[2024-10-20T16:42:43.197+0000] {logging_mixin.py:154} INFO - [2024-10-20T16:42:43.197+0000] {dag.py:3722} INFO - Setting next_dagrun for tutorial to 2024-10-19T16:42:43.197023+00:00, run_after=2024-10-20T16:42:43.197023+00:00
[2024-10-20T16:42:43.225+0000] {processor.py:179} INFO - Processing /home/airflow/.local/lib/python3.8/site-packages/airflow/example_dags/tutorial.py took 0.099 seconds
[2024-10-20T16:43:13.330+0000] {processor.py:157} INFO - Started process (PID=143) to work on /home/airflow/.local/lib/python3.8/site-packages/airflow/example_dags/tutorial.py
[2024-10-20T16:43:13.331+0000] {processor.py:829} INFO - Processing file /home/airflow/.local/lib/python3.8/site-packages/airflow/example_dags/tutorial.py for tasks to queue
[2024-10-20T16:43:13.334+0000] {logging_mixin.py:154} INFO - [2024-10-20T16:43:13.334+0000] {dagbag.py:536} INFO - Filling up the DagBag from /home/airflow/.local/lib/python3.8/site-packages/airflow/example_dags/tutorial.py
[2024-10-20T16:43:13.341+0000] {processor.py:839} INFO - DAG(s) dict_keys(['tutorial']) retrieved from /home/airflow/.local/lib/python3.8/site-packages/airflow/example_dags/tutorial.py
[2024-10-20T16:43:13.366+0000] {logging_mixin.py:154} INFO - [2024-10-20T16:43:13.366+0000] {dag.py:2941} INFO - Sync 1 DAGs
[2024-10-20T16:43:13.393+0000] {logging_mixin.py:154} INFO - [2024-10-20T16:43:13.392+0000] {dag.py:3722} INFO - Setting next_dagrun for tutorial to 2024-10-19T16:43:13.392743+00:00, run_after=2024-10-20T16:43:13.392743+00:00
[2024-10-20T16:43:13.420+0000] {processor.py:179} INFO - Processing /home/airflow/.local/lib/python3.8/site-packages/airflow/example_dags/tutorial.py took 0.093 seconds
[2024-10-20T16:43:43.607+0000] {processor.py:157} INFO - Started process (PID=199) to work on /home/airflow/.local/lib/python3.8/site-packages/airflow/example_dags/tutorial.py
[2024-10-20T16:43:43.609+0000] {processor.py:829} INFO - Processing file /home/airflow/.local/lib/python3.8/site-packages/airflow/example_dags/tutorial.py for tasks to queue
[2024-10-20T16:43:43.612+0000] {logging_mixin.py:154} INFO - [2024-10-20T16:43:43.612+0000] {dagbag.py:536} INFO - Filling up the DagBag from /home/airflow/.local/lib/python3.8/site-packages/airflow/example_dags/tutorial.py
[2024-10-20T16:43:43.621+0000] {processor.py:839} INFO - DAG(s) dict_keys(['tutorial']) retrieved from /home/airflow/.local/lib/python3.8/site-packages/airflow/example_dags/tutorial.py
[2024-10-20T16:43:43.657+0000] {logging_mixin.py:154} INFO - [2024-10-20T16:43:43.656+0000] {dag.py:2941} INFO - Sync 1 DAGs
[2024-10-20T16:43:43.684+0000] {logging_mixin.py:154} INFO - [2024-10-20T16:43:43.684+0000] {dag.py:3722} INFO - Setting next_dagrun for tutorial to 2024-10-19T16:43:43.683894+00:00, run_after=2024-10-20T16:43:43.683894+00:00
[2024-10-20T16:43:43.711+0000] {processor.py:179} INFO - Processing /home/airflow/.local/lib/python3.8/site-packages/airflow/example_dags/tutorial.py took 0.108 seconds
[2024-10-20T16:44:14.125+0000] {processor.py:157} INFO - Started process (PID=255) to work on /home/airflow/.local/lib/python3.8/site-packages/airflow/example_dags/tutorial.py
[2024-10-20T16:44:14.126+0000] {processor.py:829} INFO - Processing file /home/airflow/.local/lib/python3.8/site-packages/airflow/example_dags/tutorial.py for tasks to queue
[2024-10-20T16:44:14.129+0000] {logging_mixin.py:154} INFO - [2024-10-20T16:44:14.128+0000] {dagbag.py:536} INFO - Filling up the DagBag from /home/airflow/.local/lib/python3.8/site-packages/airflow/example_dags/tutorial.py
[2024-10-20T16:44:14.135+0000] {processor.py:839} INFO - DAG(s) dict_keys(['tutorial']) retrieved from /home/airflow/.local/lib/python3.8/site-packages/airflow/example_dags/tutorial.py
[2024-10-20T16:44:14.162+0000] {logging_mixin.py:154} INFO - [2024-10-20T16:44:14.162+0000] {dag.py:2941} INFO - Sync 1 DAGs
[2024-10-20T16:44:14.188+0000] {logging_mixin.py:154} INFO - [2024-10-20T16:44:14.188+0000] {dag.py:3722} INFO - Setting next_dagrun for tutorial to 2024-10-19T16:44:14.188007+00:00, run_after=2024-10-20T16:44:14.188007+00:00
[2024-10-20T16:44:14.214+0000] {processor.py:179} INFO - Processing /home/airflow/.local/lib/python3.8/site-packages/airflow/example_dags/tutorial.py took 0.093 seconds
[2024-10-20T16:44:44.898+0000] {processor.py:157} INFO - Started process (PID=311) to work on /home/airflow/.local/lib/python3.8/site-packages/airflow/example_dags/tutorial.py
[2024-10-20T16:44:44.899+0000] {processor.py:829} INFO - Processing file /home/airflow/.local/lib/python3.8/site-packages/airflow/example_dags/tutorial.py for tasks to queue
[2024-10-20T16:44:44.902+0000] {logging_mixin.py:154} INFO - [2024-10-20T16:44:44.901+0000] {dagbag.py:536} INFO - Filling up the DagBag from /home/airflow/.local/lib/python3.8/site-packages/airflow/example_dags/tutorial.py
[2024-10-20T16:44:44.908+0000] {processor.py:839} INFO - DAG(s) dict_keys(['tutorial']) retrieved from /home/airflow/.local/lib/python3.8/site-packages/airflow/example_dags/tutorial.py
[2024-10-20T16:44:44.928+0000] {logging_mixin.py:154} INFO - [2024-10-20T16:44:44.928+0000] {dag.py:2941} INFO - Sync 1 DAGs
[2024-10-20T16:44:44.952+0000] {logging_mixin.py:154} INFO - [2024-10-20T16:44:44.952+0000] {dag.py:3722} INFO - Setting next_dagrun for tutorial to 2024-10-19T16:44:44.952119+00:00, run_after=2024-10-20T16:44:44.952119+00:00
[2024-10-20T16:44:44.973+0000] {processor.py:179} INFO - Processing /home/airflow/.local/lib/python3.8/site-packages/airflow/example_dags/tutorial.py took 0.078 seconds
[2024-10-20T16:45:52.217+0000] {processor.py:157} INFO - Started process (PID=91) to work on /home/airflow/.local/lib/python3.8/site-packages/airflow/example_dags/tutorial.py
[2024-10-20T16:45:52.219+0000] {processor.py:829} INFO - Processing file /home/airflow/.local/lib/python3.8/site-packages/airflow/example_dags/tutorial.py for tasks to queue
[2024-10-20T16:45:52.221+0000] {logging_mixin.py:154} INFO - [2024-10-20T16:45:52.221+0000] {dagbag.py:536} INFO - Filling up the DagBag from /home/airflow/.local/lib/python3.8/site-packages/airflow/example_dags/tutorial.py
[2024-10-20T16:45:52.232+0000] {processor.py:839} INFO - DAG(s) dict_keys(['tutorial']) retrieved from /home/airflow/.local/lib/python3.8/site-packages/airflow/example_dags/tutorial.py
[2024-10-20T16:45:52.265+0000] {logging_mixin.py:154} INFO - [2024-10-20T16:45:52.264+0000] {dag.py:2941} INFO - Sync 1 DAGs
[2024-10-20T16:45:52.297+0000] {logging_mixin.py:154} INFO - [2024-10-20T16:45:52.297+0000] {dag.py:3722} INFO - Setting next_dagrun for tutorial to 2024-10-19T16:45:52.297000+00:00, run_after=2024-10-20T16:45:52.297000+00:00
[2024-10-20T16:45:52.330+0000] {processor.py:179} INFO - Processing /home/airflow/.local/lib/python3.8/site-packages/airflow/example_dags/tutorial.py took 0.116 seconds
[2024-10-20T16:46:22.984+0000] {processor.py:157} INFO - Started process (PID=149) to work on /home/airflow/.local/lib/python3.8/site-packages/airflow/example_dags/tutorial.py
[2024-10-20T16:46:22.985+0000] {processor.py:829} INFO - Processing file /home/airflow/.local/lib/python3.8/site-packages/airflow/example_dags/tutorial.py for tasks to queue
[2024-10-20T16:46:22.988+0000] {logging_mixin.py:154} INFO - [2024-10-20T16:46:22.988+0000] {dagbag.py:536} INFO - Filling up the DagBag from /home/airflow/.local/lib/python3.8/site-packages/airflow/example_dags/tutorial.py
[2024-10-20T16:46:22.996+0000] {processor.py:839} INFO - DAG(s) dict_keys(['tutorial']) retrieved from /home/airflow/.local/lib/python3.8/site-packages/airflow/example_dags/tutorial.py
[2024-10-20T16:46:23.018+0000] {logging_mixin.py:154} INFO - [2024-10-20T16:46:23.018+0000] {dag.py:2941} INFO - Sync 1 DAGs
[2024-10-20T16:46:23.041+0000] {logging_mixin.py:154} INFO - [2024-10-20T16:46:23.041+0000] {dag.py:3722} INFO - Setting next_dagrun for tutorial to 2024-10-19T16:46:23.041103+00:00, run_after=2024-10-20T16:46:23.041103+00:00
[2024-10-20T16:46:23.063+0000] {processor.py:179} INFO - Processing /home/airflow/.local/lib/python3.8/site-packages/airflow/example_dags/tutorial.py took 0.084 seconds
[2024-10-20T16:47:56.706+0000] {processor.py:157} INFO - Started process (PID=91) to work on /home/airflow/.local/lib/python3.8/site-packages/airflow/example_dags/tutorial.py
[2024-10-20T16:47:56.708+0000] {processor.py:829} INFO - Processing file /home/airflow/.local/lib/python3.8/site-packages/airflow/example_dags/tutorial.py for tasks to queue
[2024-10-20T16:47:56.710+0000] {logging_mixin.py:154} INFO - [2024-10-20T16:47:56.710+0000] {dagbag.py:536} INFO - Filling up the DagBag from /home/airflow/.local/lib/python3.8/site-packages/airflow/example_dags/tutorial.py
[2024-10-20T16:47:56.719+0000] {processor.py:839} INFO - DAG(s) dict_keys(['tutorial']) retrieved from /home/airflow/.local/lib/python3.8/site-packages/airflow/example_dags/tutorial.py
[2024-10-20T16:47:56.755+0000] {logging_mixin.py:154} INFO - [2024-10-20T16:47:56.755+0000] {dag.py:2941} INFO - Sync 1 DAGs
[2024-10-20T16:47:56.782+0000] {logging_mixin.py:154} INFO - [2024-10-20T16:47:56.782+0000] {dag.py:3722} INFO - Setting next_dagrun for tutorial to 2024-10-19T16:47:56.781982+00:00, run_after=2024-10-20T16:47:56.781982+00:00
[2024-10-20T16:47:56.810+0000] {processor.py:179} INFO - Processing /home/airflow/.local/lib/python3.8/site-packages/airflow/example_dags/tutorial.py took 0.106 seconds
[2024-10-20T16:48:27.419+0000] {processor.py:157} INFO - Started process (PID=149) to work on /home/airflow/.local/lib/python3.8/site-packages/airflow/example_dags/tutorial.py
[2024-10-20T16:48:27.420+0000] {processor.py:829} INFO - Processing file /home/airflow/.local/lib/python3.8/site-packages/airflow/example_dags/tutorial.py for tasks to queue
[2024-10-20T16:48:27.423+0000] {logging_mixin.py:154} INFO - [2024-10-20T16:48:27.423+0000] {dagbag.py:536} INFO - Filling up the DagBag from /home/airflow/.local/lib/python3.8/site-packages/airflow/example_dags/tutorial.py
[2024-10-20T16:48:27.429+0000] {processor.py:839} INFO - DAG(s) dict_keys(['tutorial']) retrieved from /home/airflow/.local/lib/python3.8/site-packages/airflow/example_dags/tutorial.py
[2024-10-20T16:48:27.453+0000] {logging_mixin.py:154} INFO - [2024-10-20T16:48:27.453+0000] {dag.py:2941} INFO - Sync 1 DAGs
[2024-10-20T16:48:27.481+0000] {logging_mixin.py:154} INFO - [2024-10-20T16:48:27.481+0000] {dag.py:3722} INFO - Setting next_dagrun for tutorial to 2024-10-19T16:48:27.480607+00:00, run_after=2024-10-20T16:48:27.480607+00:00
[2024-10-20T16:48:27.504+0000] {processor.py:179} INFO - Processing /home/airflow/.local/lib/python3.8/site-packages/airflow/example_dags/tutorial.py took 0.089 seconds
[2024-10-20T16:58:38.625+0000] {processor.py:157} INFO - Started process (PID=103) to work on /home/airflow/.local/lib/python3.8/site-packages/airflow/example_dags/tutorial.py
[2024-10-20T16:58:38.626+0000] {processor.py:829} INFO - Processing file /home/airflow/.local/lib/python3.8/site-packages/airflow/example_dags/tutorial.py for tasks to queue
[2024-10-20T16:58:38.630+0000] {logging_mixin.py:154} INFO - [2024-10-20T16:58:38.629+0000] {dagbag.py:536} INFO - Filling up the DagBag from /home/airflow/.local/lib/python3.8/site-packages/airflow/example_dags/tutorial.py
[2024-10-20T16:58:38.639+0000] {processor.py:839} INFO - DAG(s) dict_keys(['tutorial']) retrieved from /home/airflow/.local/lib/python3.8/site-packages/airflow/example_dags/tutorial.py
[2024-10-20T16:58:38.673+0000] {logging_mixin.py:154} INFO - [2024-10-20T16:58:38.672+0000] {dag.py:2941} INFO - Sync 1 DAGs
[2024-10-20T16:58:38.705+0000] {logging_mixin.py:154} INFO - [2024-10-20T16:58:38.705+0000] {dag.py:3722} INFO - Setting next_dagrun for tutorial to 2024-10-19T16:58:38.705085+00:00, run_after=2024-10-20T16:58:38.705085+00:00
[2024-10-20T16:58:38.740+0000] {processor.py:179} INFO - Processing /home/airflow/.local/lib/python3.8/site-packages/airflow/example_dags/tutorial.py took 0.119 seconds
[2024-10-20T17:00:36.391+0000] {processor.py:157} INFO - Started process (PID=91) to work on /home/airflow/.local/lib/python3.8/site-packages/airflow/example_dags/tutorial.py
[2024-10-20T17:00:36.393+0000] {processor.py:829} INFO - Processing file /home/airflow/.local/lib/python3.8/site-packages/airflow/example_dags/tutorial.py for tasks to queue
[2024-10-20T17:00:36.396+0000] {logging_mixin.py:154} INFO - [2024-10-20T17:00:36.396+0000] {dagbag.py:536} INFO - Filling up the DagBag from /home/airflow/.local/lib/python3.8/site-packages/airflow/example_dags/tutorial.py
[2024-10-20T17:00:36.414+0000] {processor.py:839} INFO - DAG(s) dict_keys(['tutorial']) retrieved from /home/airflow/.local/lib/python3.8/site-packages/airflow/example_dags/tutorial.py
[2024-10-20T17:00:36.469+0000] {logging_mixin.py:154} INFO - [2024-10-20T17:00:36.469+0000] {dag.py:2941} INFO - Sync 1 DAGs
[2024-10-20T17:00:36.519+0000] {logging_mixin.py:154} INFO - [2024-10-20T17:00:36.519+0000] {dag.py:3722} INFO - Setting next_dagrun for tutorial to 2024-10-19T17:00:36.519068+00:00, run_after=2024-10-20T17:00:36.519068+00:00
[2024-10-20T17:00:36.559+0000] {processor.py:179} INFO - Processing /home/airflow/.local/lib/python3.8/site-packages/airflow/example_dags/tutorial.py took 0.172 seconds
[2024-10-20T17:01:07.116+0000] {processor.py:157} INFO - Started process (PID=152) to work on /home/airflow/.local/lib/python3.8/site-packages/airflow/example_dags/tutorial.py
[2024-10-20T17:01:07.117+0000] {processor.py:829} INFO - Processing file /home/airflow/.local/lib/python3.8/site-packages/airflow/example_dags/tutorial.py for tasks to queue
[2024-10-20T17:01:07.119+0000] {logging_mixin.py:154} INFO - [2024-10-20T17:01:07.119+0000] {dagbag.py:536} INFO - Filling up the DagBag from /home/airflow/.local/lib/python3.8/site-packages/airflow/example_dags/tutorial.py
[2024-10-20T17:01:07.124+0000] {processor.py:839} INFO - DAG(s) dict_keys(['tutorial']) retrieved from /home/airflow/.local/lib/python3.8/site-packages/airflow/example_dags/tutorial.py
[2024-10-20T17:01:07.142+0000] {logging_mixin.py:154} INFO - [2024-10-20T17:01:07.142+0000] {dag.py:2941} INFO - Sync 1 DAGs
[2024-10-20T17:01:07.162+0000] {logging_mixin.py:154} INFO - [2024-10-20T17:01:07.161+0000] {dag.py:3722} INFO - Setting next_dagrun for tutorial to 2024-10-19T17:01:07.161812+00:00, run_after=2024-10-20T17:01:07.161812+00:00
[2024-10-20T17:01:07.180+0000] {processor.py:179} INFO - Processing /home/airflow/.local/lib/python3.8/site-packages/airflow/example_dags/tutorial.py took 0.066 seconds
[2024-10-20T17:01:37.794+0000] {processor.py:157} INFO - Started process (PID=210) to work on /home/airflow/.local/lib/python3.8/site-packages/airflow/example_dags/tutorial.py
[2024-10-20T17:01:37.795+0000] {processor.py:829} INFO - Processing file /home/airflow/.local/lib/python3.8/site-packages/airflow/example_dags/tutorial.py for tasks to queue
[2024-10-20T17:01:37.796+0000] {logging_mixin.py:154} INFO - [2024-10-20T17:01:37.796+0000] {dagbag.py:536} INFO - Filling up the DagBag from /home/airflow/.local/lib/python3.8/site-packages/airflow/example_dags/tutorial.py
[2024-10-20T17:01:37.804+0000] {processor.py:839} INFO - DAG(s) dict_keys(['tutorial']) retrieved from /home/airflow/.local/lib/python3.8/site-packages/airflow/example_dags/tutorial.py
[2024-10-20T17:01:37.833+0000] {logging_mixin.py:154} INFO - [2024-10-20T17:01:37.833+0000] {dag.py:2941} INFO - Sync 1 DAGs
[2024-10-20T17:01:37.862+0000] {logging_mixin.py:154} INFO - [2024-10-20T17:01:37.862+0000] {dag.py:3722} INFO - Setting next_dagrun for tutorial to 2024-10-19T17:01:37.862183+00:00, run_after=2024-10-20T17:01:37.862183+00:00
[2024-10-20T17:01:37.898+0000] {processor.py:179} INFO - Processing /home/airflow/.local/lib/python3.8/site-packages/airflow/example_dags/tutorial.py took 0.109 seconds
[2024-10-20T17:02:08.817+0000] {processor.py:157} INFO - Started process (PID=279) to work on /home/airflow/.local/lib/python3.8/site-packages/airflow/example_dags/tutorial.py
[2024-10-20T17:02:08.818+0000] {processor.py:829} INFO - Processing file /home/airflow/.local/lib/python3.8/site-packages/airflow/example_dags/tutorial.py for tasks to queue
[2024-10-20T17:02:08.820+0000] {logging_mixin.py:154} INFO - [2024-10-20T17:02:08.819+0000] {dagbag.py:536} INFO - Filling up the DagBag from /home/airflow/.local/lib/python3.8/site-packages/airflow/example_dags/tutorial.py
[2024-10-20T17:02:08.826+0000] {processor.py:839} INFO - DAG(s) dict_keys(['tutorial']) retrieved from /home/airflow/.local/lib/python3.8/site-packages/airflow/example_dags/tutorial.py
[2024-10-20T17:02:08.849+0000] {logging_mixin.py:154} INFO - [2024-10-20T17:02:08.849+0000] {dag.py:2941} INFO - Sync 1 DAGs
[2024-10-20T17:02:08.870+0000] {logging_mixin.py:154} INFO - [2024-10-20T17:02:08.870+0000] {dag.py:3722} INFO - Setting next_dagrun for tutorial to 2024-10-19T17:02:08.870477+00:00, run_after=2024-10-20T17:02:08.870477+00:00
[2024-10-20T17:02:08.955+0000] {processor.py:179} INFO - Processing /home/airflow/.local/lib/python3.8/site-packages/airflow/example_dags/tutorial.py took 0.141 seconds
[2024-10-20T17:02:39.675+0000] {processor.py:157} INFO - Started process (PID=337) to work on /home/airflow/.local/lib/python3.8/site-packages/airflow/example_dags/tutorial.py
[2024-10-20T17:02:39.676+0000] {processor.py:829} INFO - Processing file /home/airflow/.local/lib/python3.8/site-packages/airflow/example_dags/tutorial.py for tasks to queue
[2024-10-20T17:02:39.677+0000] {logging_mixin.py:154} INFO - [2024-10-20T17:02:39.677+0000] {dagbag.py:536} INFO - Filling up the DagBag from /home/airflow/.local/lib/python3.8/site-packages/airflow/example_dags/tutorial.py
[2024-10-20T17:02:39.684+0000] {processor.py:839} INFO - DAG(s) dict_keys(['tutorial']) retrieved from /home/airflow/.local/lib/python3.8/site-packages/airflow/example_dags/tutorial.py
[2024-10-20T17:02:39.707+0000] {logging_mixin.py:154} INFO - [2024-10-20T17:02:39.706+0000] {dag.py:2941} INFO - Sync 1 DAGs
[2024-10-20T17:02:39.733+0000] {logging_mixin.py:154} INFO - [2024-10-20T17:02:39.733+0000] {dag.py:3722} INFO - Setting next_dagrun for tutorial to 2024-10-19T17:02:39.732833+00:00, run_after=2024-10-20T17:02:39.732833+00:00
[2024-10-20T17:02:39.768+0000] {processor.py:179} INFO - Processing /home/airflow/.local/lib/python3.8/site-packages/airflow/example_dags/tutorial.py took 0.096 seconds
[2024-10-20T17:03:10.442+0000] {processor.py:157} INFO - Started process (PID=395) to work on /home/airflow/.local/lib/python3.8/site-packages/airflow/example_dags/tutorial.py
[2024-10-20T17:03:10.443+0000] {processor.py:829} INFO - Processing file /home/airflow/.local/lib/python3.8/site-packages/airflow/example_dags/tutorial.py for tasks to queue
[2024-10-20T17:03:10.444+0000] {logging_mixin.py:154} INFO - [2024-10-20T17:03:10.444+0000] {dagbag.py:536} INFO - Filling up the DagBag from /home/airflow/.local/lib/python3.8/site-packages/airflow/example_dags/tutorial.py
[2024-10-20T17:03:10.449+0000] {processor.py:839} INFO - DAG(s) dict_keys(['tutorial']) retrieved from /home/airflow/.local/lib/python3.8/site-packages/airflow/example_dags/tutorial.py
[2024-10-20T17:03:10.470+0000] {logging_mixin.py:154} INFO - [2024-10-20T17:03:10.470+0000] {dag.py:2941} INFO - Sync 1 DAGs
[2024-10-20T17:03:10.492+0000] {logging_mixin.py:154} INFO - [2024-10-20T17:03:10.492+0000] {dag.py:3722} INFO - Setting next_dagrun for tutorial to 2024-10-19T17:03:10.492226+00:00, run_after=2024-10-20T17:03:10.492226+00:00
[2024-10-20T17:03:10.516+0000] {processor.py:179} INFO - Processing /home/airflow/.local/lib/python3.8/site-packages/airflow/example_dags/tutorial.py took 0.076 seconds
[2024-10-20T17:03:40.789+0000] {processor.py:157} INFO - Started process (PID=453) to work on /home/airflow/.local/lib/python3.8/site-packages/airflow/example_dags/tutorial.py
[2024-10-20T17:03:40.790+0000] {processor.py:829} INFO - Processing file /home/airflow/.local/lib/python3.8/site-packages/airflow/example_dags/tutorial.py for tasks to queue
[2024-10-20T17:03:40.791+0000] {logging_mixin.py:154} INFO - [2024-10-20T17:03:40.791+0000] {dagbag.py:536} INFO - Filling up the DagBag from /home/airflow/.local/lib/python3.8/site-packages/airflow/example_dags/tutorial.py
[2024-10-20T17:03:40.796+0000] {processor.py:839} INFO - DAG(s) dict_keys(['tutorial']) retrieved from /home/airflow/.local/lib/python3.8/site-packages/airflow/example_dags/tutorial.py
[2024-10-20T17:03:40.814+0000] {logging_mixin.py:154} INFO - [2024-10-20T17:03:40.814+0000] {dag.py:2941} INFO - Sync 1 DAGs
[2024-10-20T17:03:40.832+0000] {logging_mixin.py:154} INFO - [2024-10-20T17:03:40.832+0000] {dag.py:3722} INFO - Setting next_dagrun for tutorial to 2024-10-19T17:03:40.832310+00:00, run_after=2024-10-20T17:03:40.832310+00:00
[2024-10-20T17:03:40.850+0000] {processor.py:179} INFO - Processing /home/airflow/.local/lib/python3.8/site-packages/airflow/example_dags/tutorial.py took 0.063 seconds
[2024-10-20T17:04:10.979+0000] {processor.py:157} INFO - Started process (PID=511) to work on /home/airflow/.local/lib/python3.8/site-packages/airflow/example_dags/tutorial.py
[2024-10-20T17:04:10.980+0000] {processor.py:829} INFO - Processing file /home/airflow/.local/lib/python3.8/site-packages/airflow/example_dags/tutorial.py for tasks to queue
[2024-10-20T17:04:10.981+0000] {logging_mixin.py:154} INFO - [2024-10-20T17:04:10.980+0000] {dagbag.py:536} INFO - Filling up the DagBag from /home/airflow/.local/lib/python3.8/site-packages/airflow/example_dags/tutorial.py
[2024-10-20T17:04:10.987+0000] {processor.py:839} INFO - DAG(s) dict_keys(['tutorial']) retrieved from /home/airflow/.local/lib/python3.8/site-packages/airflow/example_dags/tutorial.py
[2024-10-20T17:04:11.014+0000] {logging_mixin.py:154} INFO - [2024-10-20T17:04:11.013+0000] {dag.py:2941} INFO - Sync 1 DAGs
[2024-10-20T17:04:11.041+0000] {logging_mixin.py:154} INFO - [2024-10-20T17:04:11.040+0000] {dag.py:3722} INFO - Setting next_dagrun for tutorial to 2024-10-19T17:04:11.040501+00:00, run_after=2024-10-20T17:04:11.040501+00:00
[2024-10-20T17:04:11.074+0000] {processor.py:179} INFO - Processing /home/airflow/.local/lib/python3.8/site-packages/airflow/example_dags/tutorial.py took 0.099 seconds
[2024-10-20T17:04:41.663+0000] {processor.py:157} INFO - Started process (PID=569) to work on /home/airflow/.local/lib/python3.8/site-packages/airflow/example_dags/tutorial.py
[2024-10-20T17:04:41.665+0000] {processor.py:829} INFO - Processing file /home/airflow/.local/lib/python3.8/site-packages/airflow/example_dags/tutorial.py for tasks to queue
[2024-10-20T17:04:41.666+0000] {logging_mixin.py:154} INFO - [2024-10-20T17:04:41.666+0000] {dagbag.py:536} INFO - Filling up the DagBag from /home/airflow/.local/lib/python3.8/site-packages/airflow/example_dags/tutorial.py
[2024-10-20T17:04:41.674+0000] {processor.py:839} INFO - DAG(s) dict_keys(['tutorial']) retrieved from /home/airflow/.local/lib/python3.8/site-packages/airflow/example_dags/tutorial.py
[2024-10-20T17:04:41.709+0000] {logging_mixin.py:154} INFO - [2024-10-20T17:04:41.709+0000] {dag.py:2941} INFO - Sync 1 DAGs
[2024-10-20T17:04:41.757+0000] {logging_mixin.py:154} INFO - [2024-10-20T17:04:41.757+0000] {dag.py:3722} INFO - Setting next_dagrun for tutorial to 2024-10-19T17:04:41.756665+00:00, run_after=2024-10-20T17:04:41.756665+00:00
[2024-10-20T17:04:41.804+0000] {processor.py:179} INFO - Processing /home/airflow/.local/lib/python3.8/site-packages/airflow/example_dags/tutorial.py took 0.143 seconds
[2024-10-20T17:05:11.879+0000] {processor.py:157} INFO - Started process (PID=625) to work on /home/airflow/.local/lib/python3.8/site-packages/airflow/example_dags/tutorial.py
[2024-10-20T17:05:11.881+0000] {processor.py:829} INFO - Processing file /home/airflow/.local/lib/python3.8/site-packages/airflow/example_dags/tutorial.py for tasks to queue
[2024-10-20T17:05:11.884+0000] {logging_mixin.py:154} INFO - [2024-10-20T17:05:11.883+0000] {dagbag.py:536} INFO - Filling up the DagBag from /home/airflow/.local/lib/python3.8/site-packages/airflow/example_dags/tutorial.py
[2024-10-20T17:05:11.897+0000] {processor.py:839} INFO - DAG(s) dict_keys(['tutorial']) retrieved from /home/airflow/.local/lib/python3.8/site-packages/airflow/example_dags/tutorial.py
[2024-10-20T17:05:11.931+0000] {logging_mixin.py:154} INFO - [2024-10-20T17:05:11.931+0000] {dag.py:2941} INFO - Sync 1 DAGs
[2024-10-20T17:05:11.961+0000] {logging_mixin.py:154} INFO - [2024-10-20T17:05:11.960+0000] {dag.py:3722} INFO - Setting next_dagrun for tutorial to 2024-10-19T17:05:11.960539+00:00, run_after=2024-10-20T17:05:11.960539+00:00
[2024-10-20T17:05:11.988+0000] {processor.py:179} INFO - Processing /home/airflow/.local/lib/python3.8/site-packages/airflow/example_dags/tutorial.py took 0.112 seconds
[2024-10-20T17:05:42.309+0000] {processor.py:157} INFO - Started process (PID=683) to work on /home/airflow/.local/lib/python3.8/site-packages/airflow/example_dags/tutorial.py
[2024-10-20T17:05:42.310+0000] {processor.py:829} INFO - Processing file /home/airflow/.local/lib/python3.8/site-packages/airflow/example_dags/tutorial.py for tasks to queue
[2024-10-20T17:05:42.311+0000] {logging_mixin.py:154} INFO - [2024-10-20T17:05:42.310+0000] {dagbag.py:536} INFO - Filling up the DagBag from /home/airflow/.local/lib/python3.8/site-packages/airflow/example_dags/tutorial.py
[2024-10-20T17:05:42.317+0000] {processor.py:839} INFO - DAG(s) dict_keys(['tutorial']) retrieved from /home/airflow/.local/lib/python3.8/site-packages/airflow/example_dags/tutorial.py
[2024-10-20T17:05:42.334+0000] {logging_mixin.py:154} INFO - [2024-10-20T17:05:42.334+0000] {dag.py:2941} INFO - Sync 1 DAGs
[2024-10-20T17:05:42.354+0000] {logging_mixin.py:154} INFO - [2024-10-20T17:05:42.354+0000] {dag.py:3722} INFO - Setting next_dagrun for tutorial to 2024-10-19T17:05:42.353922+00:00, run_after=2024-10-20T17:05:42.353922+00:00
[2024-10-20T17:05:42.375+0000] {processor.py:179} INFO - Processing /home/airflow/.local/lib/python3.8/site-packages/airflow/example_dags/tutorial.py took 0.069 seconds
[2024-10-20T17:06:13.317+0000] {processor.py:157} INFO - Started process (PID=749) to work on /home/airflow/.local/lib/python3.8/site-packages/airflow/example_dags/tutorial.py
[2024-10-20T17:06:13.318+0000] {processor.py:829} INFO - Processing file /home/airflow/.local/lib/python3.8/site-packages/airflow/example_dags/tutorial.py for tasks to queue
[2024-10-20T17:06:13.319+0000] {logging_mixin.py:154} INFO - [2024-10-20T17:06:13.319+0000] {dagbag.py:536} INFO - Filling up the DagBag from /home/airflow/.local/lib/python3.8/site-packages/airflow/example_dags/tutorial.py
[2024-10-20T17:06:13.326+0000] {processor.py:839} INFO - DAG(s) dict_keys(['tutorial']) retrieved from /home/airflow/.local/lib/python3.8/site-packages/airflow/example_dags/tutorial.py
[2024-10-20T17:06:13.349+0000] {logging_mixin.py:154} INFO - [2024-10-20T17:06:13.349+0000] {dag.py:2941} INFO - Sync 1 DAGs
[2024-10-20T17:06:13.371+0000] {logging_mixin.py:154} INFO - [2024-10-20T17:06:13.371+0000] {dag.py:3722} INFO - Setting next_dagrun for tutorial to 2024-10-19T17:06:13.370903+00:00, run_after=2024-10-20T17:06:13.370903+00:00
[2024-10-20T17:06:13.397+0000] {processor.py:179} INFO - Processing /home/airflow/.local/lib/python3.8/site-packages/airflow/example_dags/tutorial.py took 0.083 seconds
[2024-10-20T17:06:43.750+0000] {processor.py:157} INFO - Started process (PID=807) to work on /home/airflow/.local/lib/python3.8/site-packages/airflow/example_dags/tutorial.py
[2024-10-20T17:06:43.751+0000] {processor.py:829} INFO - Processing file /home/airflow/.local/lib/python3.8/site-packages/airflow/example_dags/tutorial.py for tasks to queue
[2024-10-20T17:06:43.753+0000] {logging_mixin.py:154} INFO - [2024-10-20T17:06:43.752+0000] {dagbag.py:536} INFO - Filling up the DagBag from /home/airflow/.local/lib/python3.8/site-packages/airflow/example_dags/tutorial.py
[2024-10-20T17:06:43.759+0000] {processor.py:839} INFO - DAG(s) dict_keys(['tutorial']) retrieved from /home/airflow/.local/lib/python3.8/site-packages/airflow/example_dags/tutorial.py
[2024-10-20T17:06:43.779+0000] {logging_mixin.py:154} INFO - [2024-10-20T17:06:43.779+0000] {dag.py:2941} INFO - Sync 1 DAGs
[2024-10-20T17:06:43.802+0000] {logging_mixin.py:154} INFO - [2024-10-20T17:06:43.802+0000] {dag.py:3722} INFO - Setting next_dagrun for tutorial to 2024-10-19T17:06:43.802433+00:00, run_after=2024-10-20T17:06:43.802433+00:00
[2024-10-20T17:06:43.823+0000] {processor.py:179} INFO - Processing /home/airflow/.local/lib/python3.8/site-packages/airflow/example_dags/tutorial.py took 0.076 seconds
[2024-10-20T17:07:14.472+0000] {processor.py:157} INFO - Started process (PID=877) to work on /home/airflow/.local/lib/python3.8/site-packages/airflow/example_dags/tutorial.py
[2024-10-20T17:07:14.473+0000] {processor.py:829} INFO - Processing file /home/airflow/.local/lib/python3.8/site-packages/airflow/example_dags/tutorial.py for tasks to queue
[2024-10-20T17:07:14.475+0000] {logging_mixin.py:154} INFO - [2024-10-20T17:07:14.474+0000] {dagbag.py:536} INFO - Filling up the DagBag from /home/airflow/.local/lib/python3.8/site-packages/airflow/example_dags/tutorial.py
[2024-10-20T17:07:14.481+0000] {processor.py:839} INFO - DAG(s) dict_keys(['tutorial']) retrieved from /home/airflow/.local/lib/python3.8/site-packages/airflow/example_dags/tutorial.py
[2024-10-20T17:07:14.503+0000] {logging_mixin.py:154} INFO - [2024-10-20T17:07:14.502+0000] {dag.py:2941} INFO - Sync 1 DAGs
[2024-10-20T17:07:14.528+0000] {logging_mixin.py:154} INFO - [2024-10-20T17:07:14.528+0000] {dag.py:3722} INFO - Setting next_dagrun for tutorial to 2024-10-19T17:07:14.528002+00:00, run_after=2024-10-20T17:07:14.528002+00:00
[2024-10-20T17:07:14.552+0000] {processor.py:179} INFO - Processing /home/airflow/.local/lib/python3.8/site-packages/airflow/example_dags/tutorial.py took 0.083 seconds
[2024-10-20T17:07:45.437+0000] {processor.py:157} INFO - Started process (PID=961) to work on /home/airflow/.local/lib/python3.8/site-packages/airflow/example_dags/tutorial.py
[2024-10-20T17:07:45.439+0000] {processor.py:829} INFO - Processing file /home/airflow/.local/lib/python3.8/site-packages/airflow/example_dags/tutorial.py for tasks to queue
[2024-10-20T17:07:45.443+0000] {logging_mixin.py:154} INFO - [2024-10-20T17:07:45.442+0000] {dagbag.py:536} INFO - Filling up the DagBag from /home/airflow/.local/lib/python3.8/site-packages/airflow/example_dags/tutorial.py
[2024-10-20T17:07:45.470+0000] {processor.py:839} INFO - DAG(s) dict_keys(['tutorial']) retrieved from /home/airflow/.local/lib/python3.8/site-packages/airflow/example_dags/tutorial.py
[2024-10-20T17:07:45.547+0000] {logging_mixin.py:154} INFO - [2024-10-20T17:07:45.546+0000] {dag.py:2941} INFO - Sync 1 DAGs
[2024-10-20T17:07:45.616+0000] {logging_mixin.py:154} INFO - [2024-10-20T17:07:45.616+0000] {dag.py:3722} INFO - Setting next_dagrun for tutorial to 2024-10-19T17:07:45.615803+00:00, run_after=2024-10-20T17:07:45.615803+00:00
[2024-10-20T17:07:45.696+0000] {processor.py:179} INFO - Processing /home/airflow/.local/lib/python3.8/site-packages/airflow/example_dags/tutorial.py took 0.272 seconds
[2024-10-20T17:09:01.051+0000] {processor.py:157} INFO - Started process (PID=91) to work on /home/airflow/.local/lib/python3.8/site-packages/airflow/example_dags/tutorial.py
[2024-10-20T17:09:01.052+0000] {processor.py:829} INFO - Processing file /home/airflow/.local/lib/python3.8/site-packages/airflow/example_dags/tutorial.py for tasks to queue
[2024-10-20T17:09:01.055+0000] {logging_mixin.py:154} INFO - [2024-10-20T17:09:01.054+0000] {dagbag.py:536} INFO - Filling up the DagBag from /home/airflow/.local/lib/python3.8/site-packages/airflow/example_dags/tutorial.py
[2024-10-20T17:09:01.064+0000] {processor.py:839} INFO - DAG(s) dict_keys(['tutorial']) retrieved from /home/airflow/.local/lib/python3.8/site-packages/airflow/example_dags/tutorial.py
[2024-10-20T17:09:01.092+0000] {logging_mixin.py:154} INFO - [2024-10-20T17:09:01.091+0000] {dag.py:2941} INFO - Sync 1 DAGs
[2024-10-20T17:09:01.115+0000] {logging_mixin.py:154} INFO - [2024-10-20T17:09:01.115+0000] {dag.py:3722} INFO - Setting next_dagrun for tutorial to 2024-10-19T17:09:01.114829+00:00, run_after=2024-10-20T17:09:01.114829+00:00
[2024-10-20T17:09:01.142+0000] {processor.py:179} INFO - Processing /home/airflow/.local/lib/python3.8/site-packages/airflow/example_dags/tutorial.py took 0.094 seconds
[2024-10-20T17:09:31.811+0000] {processor.py:157} INFO - Started process (PID=149) to work on /home/airflow/.local/lib/python3.8/site-packages/airflow/example_dags/tutorial.py
[2024-10-20T17:09:31.813+0000] {processor.py:829} INFO - Processing file /home/airflow/.local/lib/python3.8/site-packages/airflow/example_dags/tutorial.py for tasks to queue
[2024-10-20T17:09:31.815+0000] {logging_mixin.py:154} INFO - [2024-10-20T17:09:31.815+0000] {dagbag.py:536} INFO - Filling up the DagBag from /home/airflow/.local/lib/python3.8/site-packages/airflow/example_dags/tutorial.py
[2024-10-20T17:09:31.821+0000] {processor.py:839} INFO - DAG(s) dict_keys(['tutorial']) retrieved from /home/airflow/.local/lib/python3.8/site-packages/airflow/example_dags/tutorial.py
[2024-10-20T17:09:31.842+0000] {logging_mixin.py:154} INFO - [2024-10-20T17:09:31.842+0000] {dag.py:2941} INFO - Sync 1 DAGs
[2024-10-20T17:09:31.866+0000] {logging_mixin.py:154} INFO - [2024-10-20T17:09:31.866+0000] {dag.py:3722} INFO - Setting next_dagrun for tutorial to 2024-10-19T17:09:31.865988+00:00, run_after=2024-10-20T17:09:31.865988+00:00
[2024-10-20T17:09:31.890+0000] {processor.py:179} INFO - Processing /home/airflow/.local/lib/python3.8/site-packages/airflow/example_dags/tutorial.py took 0.081 seconds
[2024-10-20T17:10:02.962+0000] {processor.py:157} INFO - Started process (PID=207) to work on /home/airflow/.local/lib/python3.8/site-packages/airflow/example_dags/tutorial.py
[2024-10-20T17:10:02.963+0000] {processor.py:829} INFO - Processing file /home/airflow/.local/lib/python3.8/site-packages/airflow/example_dags/tutorial.py for tasks to queue
[2024-10-20T17:10:02.967+0000] {logging_mixin.py:154} INFO - [2024-10-20T17:10:02.966+0000] {dagbag.py:536} INFO - Filling up the DagBag from /home/airflow/.local/lib/python3.8/site-packages/airflow/example_dags/tutorial.py
[2024-10-20T17:10:02.973+0000] {processor.py:839} INFO - DAG(s) dict_keys(['tutorial']) retrieved from /home/airflow/.local/lib/python3.8/site-packages/airflow/example_dags/tutorial.py
[2024-10-20T17:10:03.000+0000] {logging_mixin.py:154} INFO - [2024-10-20T17:10:03.000+0000] {dag.py:2941} INFO - Sync 1 DAGs
[2024-10-20T17:10:03.024+0000] {logging_mixin.py:154} INFO - [2024-10-20T17:10:03.024+0000] {dag.py:3722} INFO - Setting next_dagrun for tutorial to 2024-10-19T17:10:03.024226+00:00, run_after=2024-10-20T17:10:03.024226+00:00
[2024-10-20T17:10:03.050+0000] {processor.py:179} INFO - Processing /home/airflow/.local/lib/python3.8/site-packages/airflow/example_dags/tutorial.py took 0.091 seconds
[2024-10-20T17:10:33.421+0000] {processor.py:157} INFO - Started process (PID=265) to work on /home/airflow/.local/lib/python3.8/site-packages/airflow/example_dags/tutorial.py
[2024-10-20T17:10:33.422+0000] {processor.py:829} INFO - Processing file /home/airflow/.local/lib/python3.8/site-packages/airflow/example_dags/tutorial.py for tasks to queue
[2024-10-20T17:10:33.424+0000] {logging_mixin.py:154} INFO - [2024-10-20T17:10:33.424+0000] {dagbag.py:536} INFO - Filling up the DagBag from /home/airflow/.local/lib/python3.8/site-packages/airflow/example_dags/tutorial.py
[2024-10-20T17:10:33.429+0000] {processor.py:839} INFO - DAG(s) dict_keys(['tutorial']) retrieved from /home/airflow/.local/lib/python3.8/site-packages/airflow/example_dags/tutorial.py
[2024-10-20T17:10:33.449+0000] {logging_mixin.py:154} INFO - [2024-10-20T17:10:33.449+0000] {dag.py:2941} INFO - Sync 1 DAGs
[2024-10-20T17:10:33.471+0000] {logging_mixin.py:154} INFO - [2024-10-20T17:10:33.471+0000] {dag.py:3722} INFO - Setting next_dagrun for tutorial to 2024-10-19T17:10:33.471246+00:00, run_after=2024-10-20T17:10:33.471246+00:00
[2024-10-20T17:10:33.492+0000] {processor.py:179} INFO - Processing /home/airflow/.local/lib/python3.8/site-packages/airflow/example_dags/tutorial.py took 0.074 seconds
[2024-10-20T17:11:04.280+0000] {processor.py:157} INFO - Started process (PID=323) to work on /home/airflow/.local/lib/python3.8/site-packages/airflow/example_dags/tutorial.py
[2024-10-20T17:11:04.281+0000] {processor.py:829} INFO - Processing file /home/airflow/.local/lib/python3.8/site-packages/airflow/example_dags/tutorial.py for tasks to queue
[2024-10-20T17:11:04.284+0000] {logging_mixin.py:154} INFO - [2024-10-20T17:11:04.283+0000] {dagbag.py:536} INFO - Filling up the DagBag from /home/airflow/.local/lib/python3.8/site-packages/airflow/example_dags/tutorial.py
[2024-10-20T17:11:04.289+0000] {processor.py:839} INFO - DAG(s) dict_keys(['tutorial']) retrieved from /home/airflow/.local/lib/python3.8/site-packages/airflow/example_dags/tutorial.py
[2024-10-20T17:11:04.310+0000] {logging_mixin.py:154} INFO - [2024-10-20T17:11:04.310+0000] {dag.py:2941} INFO - Sync 1 DAGs
[2024-10-20T17:11:04.332+0000] {logging_mixin.py:154} INFO - [2024-10-20T17:11:04.332+0000] {dag.py:3722} INFO - Setting next_dagrun for tutorial to 2024-10-19T17:11:04.331896+00:00, run_after=2024-10-20T17:11:04.331896+00:00
[2024-10-20T17:11:04.357+0000] {processor.py:179} INFO - Processing /home/airflow/.local/lib/python3.8/site-packages/airflow/example_dags/tutorial.py took 0.080 seconds
[2024-10-20T17:11:34.822+0000] {processor.py:157} INFO - Started process (PID=381) to work on /home/airflow/.local/lib/python3.8/site-packages/airflow/example_dags/tutorial.py
[2024-10-20T17:11:34.823+0000] {processor.py:829} INFO - Processing file /home/airflow/.local/lib/python3.8/site-packages/airflow/example_dags/tutorial.py for tasks to queue
[2024-10-20T17:11:34.825+0000] {logging_mixin.py:154} INFO - [2024-10-20T17:11:34.825+0000] {dagbag.py:536} INFO - Filling up the DagBag from /home/airflow/.local/lib/python3.8/site-packages/airflow/example_dags/tutorial.py
[2024-10-20T17:11:34.830+0000] {processor.py:839} INFO - DAG(s) dict_keys(['tutorial']) retrieved from /home/airflow/.local/lib/python3.8/site-packages/airflow/example_dags/tutorial.py
[2024-10-20T17:11:34.852+0000] {logging_mixin.py:154} INFO - [2024-10-20T17:11:34.852+0000] {dag.py:2941} INFO - Sync 1 DAGs
[2024-10-20T17:11:34.877+0000] {logging_mixin.py:154} INFO - [2024-10-20T17:11:34.877+0000] {dag.py:3722} INFO - Setting next_dagrun for tutorial to 2024-10-19T17:11:34.876750+00:00, run_after=2024-10-20T17:11:34.876750+00:00
[2024-10-20T17:11:34.902+0000] {processor.py:179} INFO - Processing /home/airflow/.local/lib/python3.8/site-packages/airflow/example_dags/tutorial.py took 0.083 seconds
[2024-10-20T17:12:05.601+0000] {processor.py:157} INFO - Started process (PID=447) to work on /home/airflow/.local/lib/python3.8/site-packages/airflow/example_dags/tutorial.py
[2024-10-20T17:12:05.602+0000] {processor.py:829} INFO - Processing file /home/airflow/.local/lib/python3.8/site-packages/airflow/example_dags/tutorial.py for tasks to queue
[2024-10-20T17:12:05.604+0000] {logging_mixin.py:154} INFO - [2024-10-20T17:12:05.604+0000] {dagbag.py:536} INFO - Filling up the DagBag from /home/airflow/.local/lib/python3.8/site-packages/airflow/example_dags/tutorial.py
[2024-10-20T17:12:05.610+0000] {processor.py:839} INFO - DAG(s) dict_keys(['tutorial']) retrieved from /home/airflow/.local/lib/python3.8/site-packages/airflow/example_dags/tutorial.py
[2024-10-20T17:12:05.631+0000] {logging_mixin.py:154} INFO - [2024-10-20T17:12:05.631+0000] {dag.py:2941} INFO - Sync 1 DAGs
[2024-10-20T17:12:05.653+0000] {logging_mixin.py:154} INFO - [2024-10-20T17:12:05.653+0000] {dag.py:3722} INFO - Setting next_dagrun for tutorial to 2024-10-19T17:12:05.653457+00:00, run_after=2024-10-20T17:12:05.653457+00:00
[2024-10-20T17:12:05.675+0000] {processor.py:179} INFO - Processing /home/airflow/.local/lib/python3.8/site-packages/airflow/example_dags/tutorial.py took 0.077 seconds
[2024-10-20T17:12:36.444+0000] {processor.py:157} INFO - Started process (PID=505) to work on /home/airflow/.local/lib/python3.8/site-packages/airflow/example_dags/tutorial.py
[2024-10-20T17:12:36.446+0000] {processor.py:829} INFO - Processing file /home/airflow/.local/lib/python3.8/site-packages/airflow/example_dags/tutorial.py for tasks to queue
[2024-10-20T17:12:36.449+0000] {logging_mixin.py:154} INFO - [2024-10-20T17:12:36.449+0000] {dagbag.py:536} INFO - Filling up the DagBag from /home/airflow/.local/lib/python3.8/site-packages/airflow/example_dags/tutorial.py
[2024-10-20T17:12:36.461+0000] {processor.py:839} INFO - DAG(s) dict_keys(['tutorial']) retrieved from /home/airflow/.local/lib/python3.8/site-packages/airflow/example_dags/tutorial.py
[2024-10-20T17:12:36.493+0000] {logging_mixin.py:154} INFO - [2024-10-20T17:12:36.493+0000] {dag.py:2941} INFO - Sync 1 DAGs
[2024-10-20T17:12:36.552+0000] {logging_mixin.py:154} INFO - [2024-10-20T17:12:36.552+0000] {dag.py:3722} INFO - Setting next_dagrun for tutorial to 2024-10-19T17:12:36.551734+00:00, run_after=2024-10-20T17:12:36.551734+00:00
[2024-10-20T17:12:36.585+0000] {processor.py:179} INFO - Processing /home/airflow/.local/lib/python3.8/site-packages/airflow/example_dags/tutorial.py took 0.144 seconds
[2024-10-20T17:13:07.056+0000] {processor.py:157} INFO - Started process (PID=582) to work on /home/airflow/.local/lib/python3.8/site-packages/airflow/example_dags/tutorial.py
[2024-10-20T17:13:07.058+0000] {processor.py:829} INFO - Processing file /home/airflow/.local/lib/python3.8/site-packages/airflow/example_dags/tutorial.py for tasks to queue
[2024-10-20T17:13:07.061+0000] {logging_mixin.py:154} INFO - [2024-10-20T17:13:07.060+0000] {dagbag.py:536} INFO - Filling up the DagBag from /home/airflow/.local/lib/python3.8/site-packages/airflow/example_dags/tutorial.py
[2024-10-20T17:13:07.068+0000] {processor.py:839} INFO - DAG(s) dict_keys(['tutorial']) retrieved from /home/airflow/.local/lib/python3.8/site-packages/airflow/example_dags/tutorial.py
[2024-10-20T17:13:07.100+0000] {logging_mixin.py:154} INFO - [2024-10-20T17:13:07.100+0000] {dag.py:2941} INFO - Sync 1 DAGs
[2024-10-20T17:13:07.133+0000] {logging_mixin.py:154} INFO - [2024-10-20T17:13:07.132+0000] {dag.py:3722} INFO - Setting next_dagrun for tutorial to 2024-10-19T17:13:07.132551+00:00, run_after=2024-10-20T17:13:07.132551+00:00
[2024-10-20T17:13:07.162+0000] {processor.py:179} INFO - Processing /home/airflow/.local/lib/python3.8/site-packages/airflow/example_dags/tutorial.py took 0.110 seconds
[2024-10-20T17:14:36.797+0000] {processor.py:157} INFO - Started process (PID=91) to work on /home/airflow/.local/lib/python3.8/site-packages/airflow/example_dags/tutorial.py
[2024-10-20T17:14:36.798+0000] {processor.py:829} INFO - Processing file /home/airflow/.local/lib/python3.8/site-packages/airflow/example_dags/tutorial.py for tasks to queue
[2024-10-20T17:14:36.802+0000] {logging_mixin.py:154} INFO - [2024-10-20T17:14:36.802+0000] {dagbag.py:536} INFO - Filling up the DagBag from /home/airflow/.local/lib/python3.8/site-packages/airflow/example_dags/tutorial.py
[2024-10-20T17:14:36.814+0000] {processor.py:839} INFO - DAG(s) dict_keys(['tutorial']) retrieved from /home/airflow/.local/lib/python3.8/site-packages/airflow/example_dags/tutorial.py
[2024-10-20T17:14:36.848+0000] {logging_mixin.py:154} INFO - [2024-10-20T17:14:36.847+0000] {dag.py:2941} INFO - Sync 1 DAGs
[2024-10-20T17:14:36.876+0000] {logging_mixin.py:154} INFO - [2024-10-20T17:14:36.876+0000] {dag.py:3722} INFO - Setting next_dagrun for tutorial to 2024-10-19T17:14:36.875817+00:00, run_after=2024-10-20T17:14:36.875817+00:00
[2024-10-20T17:14:36.898+0000] {processor.py:179} INFO - Processing /home/airflow/.local/lib/python3.8/site-packages/airflow/example_dags/tutorial.py took 0.106 seconds
[2024-10-20T17:15:07.958+0000] {processor.py:157} INFO - Started process (PID=149) to work on /home/airflow/.local/lib/python3.8/site-packages/airflow/example_dags/tutorial.py
[2024-10-20T17:15:07.959+0000] {processor.py:829} INFO - Processing file /home/airflow/.local/lib/python3.8/site-packages/airflow/example_dags/tutorial.py for tasks to queue
[2024-10-20T17:15:07.962+0000] {logging_mixin.py:154} INFO - [2024-10-20T17:15:07.961+0000] {dagbag.py:536} INFO - Filling up the DagBag from /home/airflow/.local/lib/python3.8/site-packages/airflow/example_dags/tutorial.py
[2024-10-20T17:15:07.968+0000] {processor.py:839} INFO - DAG(s) dict_keys(['tutorial']) retrieved from /home/airflow/.local/lib/python3.8/site-packages/airflow/example_dags/tutorial.py
[2024-10-20T17:15:07.994+0000] {logging_mixin.py:154} INFO - [2024-10-20T17:15:07.994+0000] {dag.py:2941} INFO - Sync 1 DAGs
[2024-10-20T17:15:08.020+0000] {logging_mixin.py:154} INFO - [2024-10-20T17:15:08.020+0000] {dag.py:3722} INFO - Setting next_dagrun for tutorial to 2024-10-19T17:15:08.019956+00:00, run_after=2024-10-20T17:15:08.019956+00:00
[2024-10-20T17:15:08.042+0000] {processor.py:179} INFO - Processing /home/airflow/.local/lib/python3.8/site-packages/airflow/example_dags/tutorial.py took 0.088 seconds
[2024-10-20T17:15:38.972+0000] {processor.py:157} INFO - Started process (PID=207) to work on /home/airflow/.local/lib/python3.8/site-packages/airflow/example_dags/tutorial.py
[2024-10-20T17:15:38.973+0000] {processor.py:829} INFO - Processing file /home/airflow/.local/lib/python3.8/site-packages/airflow/example_dags/tutorial.py for tasks to queue
[2024-10-20T17:15:38.976+0000] {logging_mixin.py:154} INFO - [2024-10-20T17:15:38.975+0000] {dagbag.py:536} INFO - Filling up the DagBag from /home/airflow/.local/lib/python3.8/site-packages/airflow/example_dags/tutorial.py
[2024-10-20T17:15:38.982+0000] {processor.py:839} INFO - DAG(s) dict_keys(['tutorial']) retrieved from /home/airflow/.local/lib/python3.8/site-packages/airflow/example_dags/tutorial.py
[2024-10-20T17:15:39.006+0000] {logging_mixin.py:154} INFO - [2024-10-20T17:15:39.006+0000] {dag.py:2941} INFO - Sync 1 DAGs
[2024-10-20T17:15:39.034+0000] {logging_mixin.py:154} INFO - [2024-10-20T17:15:39.034+0000] {dag.py:3722} INFO - Setting next_dagrun for tutorial to 2024-10-19T17:15:39.034102+00:00, run_after=2024-10-20T17:15:39.034102+00:00
[2024-10-20T17:15:39.061+0000] {processor.py:179} INFO - Processing /home/airflow/.local/lib/python3.8/site-packages/airflow/example_dags/tutorial.py took 0.092 seconds
[2024-10-20T17:16:09.757+0000] {processor.py:157} INFO - Started process (PID=281) to work on /home/airflow/.local/lib/python3.8/site-packages/airflow/example_dags/tutorial.py
[2024-10-20T17:16:09.758+0000] {processor.py:829} INFO - Processing file /home/airflow/.local/lib/python3.8/site-packages/airflow/example_dags/tutorial.py for tasks to queue
[2024-10-20T17:16:09.760+0000] {logging_mixin.py:154} INFO - [2024-10-20T17:16:09.760+0000] {dagbag.py:536} INFO - Filling up the DagBag from /home/airflow/.local/lib/python3.8/site-packages/airflow/example_dags/tutorial.py
[2024-10-20T17:16:09.765+0000] {processor.py:839} INFO - DAG(s) dict_keys(['tutorial']) retrieved from /home/airflow/.local/lib/python3.8/site-packages/airflow/example_dags/tutorial.py
[2024-10-20T17:16:09.786+0000] {logging_mixin.py:154} INFO - [2024-10-20T17:16:09.786+0000] {dag.py:2941} INFO - Sync 1 DAGs
[2024-10-20T17:16:09.809+0000] {logging_mixin.py:154} INFO - [2024-10-20T17:16:09.808+0000] {dag.py:3722} INFO - Setting next_dagrun for tutorial to 2024-10-19T17:16:09.808597+00:00, run_after=2024-10-20T17:16:09.808597+00:00
[2024-10-20T17:16:09.830+0000] {processor.py:179} INFO - Processing /home/airflow/.local/lib/python3.8/site-packages/airflow/example_dags/tutorial.py took 0.076 seconds
[2024-10-20T17:16:40.210+0000] {processor.py:157} INFO - Started process (PID=340) to work on /home/airflow/.local/lib/python3.8/site-packages/airflow/example_dags/tutorial.py
[2024-10-20T17:16:40.211+0000] {processor.py:829} INFO - Processing file /home/airflow/.local/lib/python3.8/site-packages/airflow/example_dags/tutorial.py for tasks to queue
[2024-10-20T17:16:40.214+0000] {logging_mixin.py:154} INFO - [2024-10-20T17:16:40.214+0000] {dagbag.py:536} INFO - Filling up the DagBag from /home/airflow/.local/lib/python3.8/site-packages/airflow/example_dags/tutorial.py
[2024-10-20T17:16:40.218+0000] {processor.py:839} INFO - DAG(s) dict_keys(['tutorial']) retrieved from /home/airflow/.local/lib/python3.8/site-packages/airflow/example_dags/tutorial.py
[2024-10-20T17:16:40.238+0000] {logging_mixin.py:154} INFO - [2024-10-20T17:16:40.238+0000] {dag.py:2941} INFO - Sync 1 DAGs
[2024-10-20T17:16:40.259+0000] {logging_mixin.py:154} INFO - [2024-10-20T17:16:40.259+0000] {dag.py:3722} INFO - Setting next_dagrun for tutorial to 2024-10-19T17:16:40.259116+00:00, run_after=2024-10-20T17:16:40.259116+00:00
[2024-10-20T17:16:40.276+0000] {processor.py:179} INFO - Processing /home/airflow/.local/lib/python3.8/site-packages/airflow/example_dags/tutorial.py took 0.068 seconds
