[2024-10-20T16:04:54.065+0000] {processor.py:157} INFO - Started process (PID=74) to work on /home/airflow/.local/lib/python3.8/site-packages/airflow/example_dags/tutorial_dag.py
[2024-10-20T16:04:54.070+0000] {processor.py:829} INFO - Processing file /home/airflow/.local/lib/python3.8/site-packages/airflow/example_dags/tutorial_dag.py for tasks to queue
[2024-10-20T16:04:54.076+0000] {logging_mixin.py:154} INFO - [2024-10-20T16:04:54.075+0000] {dagbag.py:536} INFO - Filling up the DagBag from /home/airflow/.local/lib/python3.8/site-packages/airflow/example_dags/tutorial_dag.py
[2024-10-20T16:04:54.098+0000] {processor.py:839} INFO - DAG(s) dict_keys(['tutorial_dag']) retrieved from /home/airflow/.local/lib/python3.8/site-packages/airflow/example_dags/tutorial_dag.py
[2024-10-20T16:04:54.163+0000] {logging_mixin.py:154} INFO - [2024-10-20T16:04:54.163+0000] {dag.py:2941} INFO - Sync 1 DAGs
[2024-10-20T16:04:54.199+0000] {logging_mixin.py:154} INFO - [2024-10-20T16:04:54.198+0000] {dag.py:3722} INFO - Setting next_dagrun for tutorial_dag to None, run_after=None
[2024-10-20T16:04:54.260+0000] {processor.py:179} INFO - Processing /home/airflow/.local/lib/python3.8/site-packages/airflow/example_dags/tutorial_dag.py took 0.204 seconds
[2024-10-20T16:05:24.433+0000] {processor.py:157} INFO - Started process (PID=129) to work on /home/airflow/.local/lib/python3.8/site-packages/airflow/example_dags/tutorial_dag.py
[2024-10-20T16:05:24.435+0000] {processor.py:829} INFO - Processing file /home/airflow/.local/lib/python3.8/site-packages/airflow/example_dags/tutorial_dag.py for tasks to queue
[2024-10-20T16:05:24.437+0000] {logging_mixin.py:154} INFO - [2024-10-20T16:05:24.437+0000] {dagbag.py:536} INFO - Filling up the DagBag from /home/airflow/.local/lib/python3.8/site-packages/airflow/example_dags/tutorial_dag.py
[2024-10-20T16:05:24.443+0000] {processor.py:839} INFO - DAG(s) dict_keys(['tutorial_dag']) retrieved from /home/airflow/.local/lib/python3.8/site-packages/airflow/example_dags/tutorial_dag.py
[2024-10-20T16:05:24.465+0000] {logging_mixin.py:154} INFO - [2024-10-20T16:05:24.465+0000] {dag.py:2941} INFO - Sync 1 DAGs
[2024-10-20T16:05:24.478+0000] {logging_mixin.py:154} INFO - [2024-10-20T16:05:24.478+0000] {dag.py:3722} INFO - Setting next_dagrun for tutorial_dag to None, run_after=None
[2024-10-20T16:05:24.507+0000] {processor.py:179} INFO - Processing /home/airflow/.local/lib/python3.8/site-packages/airflow/example_dags/tutorial_dag.py took 0.076 seconds
[2024-10-20T16:05:55.105+0000] {processor.py:157} INFO - Started process (PID=183) to work on /home/airflow/.local/lib/python3.8/site-packages/airflow/example_dags/tutorial_dag.py
[2024-10-20T16:05:55.107+0000] {processor.py:829} INFO - Processing file /home/airflow/.local/lib/python3.8/site-packages/airflow/example_dags/tutorial_dag.py for tasks to queue
[2024-10-20T16:05:55.111+0000] {logging_mixin.py:154} INFO - [2024-10-20T16:05:55.110+0000] {dagbag.py:536} INFO - Filling up the DagBag from /home/airflow/.local/lib/python3.8/site-packages/airflow/example_dags/tutorial_dag.py
[2024-10-20T16:05:55.120+0000] {processor.py:839} INFO - DAG(s) dict_keys(['tutorial_dag']) retrieved from /home/airflow/.local/lib/python3.8/site-packages/airflow/example_dags/tutorial_dag.py
[2024-10-20T16:05:55.156+0000] {logging_mixin.py:154} INFO - [2024-10-20T16:05:55.156+0000] {dag.py:2941} INFO - Sync 1 DAGs
[2024-10-20T16:05:55.184+0000] {logging_mixin.py:154} INFO - [2024-10-20T16:05:55.184+0000] {dag.py:3722} INFO - Setting next_dagrun for tutorial_dag to None, run_after=None
[2024-10-20T16:05:55.238+0000] {processor.py:179} INFO - Processing /home/airflow/.local/lib/python3.8/site-packages/airflow/example_dags/tutorial_dag.py took 0.136 seconds
[2024-10-20T16:06:25.912+0000] {processor.py:157} INFO - Started process (PID=244) to work on /home/airflow/.local/lib/python3.8/site-packages/airflow/example_dags/tutorial_dag.py
[2024-10-20T16:06:25.914+0000] {processor.py:829} INFO - Processing file /home/airflow/.local/lib/python3.8/site-packages/airflow/example_dags/tutorial_dag.py for tasks to queue
[2024-10-20T16:06:25.917+0000] {logging_mixin.py:154} INFO - [2024-10-20T16:06:25.917+0000] {dagbag.py:536} INFO - Filling up the DagBag from /home/airflow/.local/lib/python3.8/site-packages/airflow/example_dags/tutorial_dag.py
[2024-10-20T16:06:25.923+0000] {processor.py:839} INFO - DAG(s) dict_keys(['tutorial_dag']) retrieved from /home/airflow/.local/lib/python3.8/site-packages/airflow/example_dags/tutorial_dag.py
[2024-10-20T16:06:25.953+0000] {logging_mixin.py:154} INFO - [2024-10-20T16:06:25.952+0000] {dag.py:2941} INFO - Sync 1 DAGs
[2024-10-20T16:06:25.968+0000] {logging_mixin.py:154} INFO - [2024-10-20T16:06:25.968+0000] {dag.py:3722} INFO - Setting next_dagrun for tutorial_dag to None, run_after=None
[2024-10-20T16:06:26.000+0000] {processor.py:179} INFO - Processing /home/airflow/.local/lib/python3.8/site-packages/airflow/example_dags/tutorial_dag.py took 0.092 seconds
[2024-10-20T16:06:56.217+0000] {processor.py:157} INFO - Started process (PID=297) to work on /home/airflow/.local/lib/python3.8/site-packages/airflow/example_dags/tutorial_dag.py
[2024-10-20T16:06:56.219+0000] {processor.py:829} INFO - Processing file /home/airflow/.local/lib/python3.8/site-packages/airflow/example_dags/tutorial_dag.py for tasks to queue
[2024-10-20T16:06:56.224+0000] {logging_mixin.py:154} INFO - [2024-10-20T16:06:56.223+0000] {dagbag.py:536} INFO - Filling up the DagBag from /home/airflow/.local/lib/python3.8/site-packages/airflow/example_dags/tutorial_dag.py
[2024-10-20T16:06:56.234+0000] {processor.py:839} INFO - DAG(s) dict_keys(['tutorial_dag']) retrieved from /home/airflow/.local/lib/python3.8/site-packages/airflow/example_dags/tutorial_dag.py
[2024-10-20T16:06:56.271+0000] {logging_mixin.py:154} INFO - [2024-10-20T16:06:56.271+0000] {dag.py:2941} INFO - Sync 1 DAGs
[2024-10-20T16:06:56.296+0000] {logging_mixin.py:154} INFO - [2024-10-20T16:06:56.295+0000] {dag.py:3722} INFO - Setting next_dagrun for tutorial_dag to None, run_after=None
[2024-10-20T16:06:56.352+0000] {processor.py:179} INFO - Processing /home/airflow/.local/lib/python3.8/site-packages/airflow/example_dags/tutorial_dag.py took 0.140 seconds
[2024-10-20T16:08:15.940+0000] {processor.py:157} INFO - Started process (PID=76) to work on /home/airflow/.local/lib/python3.8/site-packages/airflow/example_dags/tutorial_dag.py
[2024-10-20T16:08:15.942+0000] {processor.py:829} INFO - Processing file /home/airflow/.local/lib/python3.8/site-packages/airflow/example_dags/tutorial_dag.py for tasks to queue
[2024-10-20T16:08:15.947+0000] {logging_mixin.py:154} INFO - [2024-10-20T16:08:15.946+0000] {dagbag.py:536} INFO - Filling up the DagBag from /home/airflow/.local/lib/python3.8/site-packages/airflow/example_dags/tutorial_dag.py
[2024-10-20T16:08:15.965+0000] {processor.py:839} INFO - DAG(s) dict_keys(['tutorial_dag']) retrieved from /home/airflow/.local/lib/python3.8/site-packages/airflow/example_dags/tutorial_dag.py
[2024-10-20T16:08:16.021+0000] {logging_mixin.py:154} INFO - [2024-10-20T16:08:16.021+0000] {dag.py:2941} INFO - Sync 1 DAGs
[2024-10-20T16:08:16.050+0000] {logging_mixin.py:154} INFO - [2024-10-20T16:08:16.049+0000] {dag.py:3722} INFO - Setting next_dagrun for tutorial_dag to None, run_after=None
[2024-10-20T16:08:16.097+0000] {processor.py:179} INFO - Processing /home/airflow/.local/lib/python3.8/site-packages/airflow/example_dags/tutorial_dag.py took 0.164 seconds
[2024-10-20T16:08:46.640+0000] {processor.py:157} INFO - Started process (PID=130) to work on /home/airflow/.local/lib/python3.8/site-packages/airflow/example_dags/tutorial_dag.py
[2024-10-20T16:08:46.642+0000] {processor.py:829} INFO - Processing file /home/airflow/.local/lib/python3.8/site-packages/airflow/example_dags/tutorial_dag.py for tasks to queue
[2024-10-20T16:08:46.645+0000] {logging_mixin.py:154} INFO - [2024-10-20T16:08:46.644+0000] {dagbag.py:536} INFO - Filling up the DagBag from /home/airflow/.local/lib/python3.8/site-packages/airflow/example_dags/tutorial_dag.py
[2024-10-20T16:08:46.655+0000] {processor.py:839} INFO - DAG(s) dict_keys(['tutorial_dag']) retrieved from /home/airflow/.local/lib/python3.8/site-packages/airflow/example_dags/tutorial_dag.py
[2024-10-20T16:08:46.692+0000] {logging_mixin.py:154} INFO - [2024-10-20T16:08:46.691+0000] {dag.py:2941} INFO - Sync 1 DAGs
[2024-10-20T16:08:46.713+0000] {logging_mixin.py:154} INFO - [2024-10-20T16:08:46.713+0000] {dag.py:3722} INFO - Setting next_dagrun for tutorial_dag to None, run_after=None
[2024-10-20T16:08:46.744+0000] {processor.py:179} INFO - Processing /home/airflow/.local/lib/python3.8/site-packages/airflow/example_dags/tutorial_dag.py took 0.109 seconds
[2024-10-20T16:09:17.520+0000] {processor.py:157} INFO - Started process (PID=186) to work on /home/airflow/.local/lib/python3.8/site-packages/airflow/example_dags/tutorial_dag.py
[2024-10-20T16:09:17.522+0000] {processor.py:829} INFO - Processing file /home/airflow/.local/lib/python3.8/site-packages/airflow/example_dags/tutorial_dag.py for tasks to queue
[2024-10-20T16:09:17.526+0000] {logging_mixin.py:154} INFO - [2024-10-20T16:09:17.526+0000] {dagbag.py:536} INFO - Filling up the DagBag from /home/airflow/.local/lib/python3.8/site-packages/airflow/example_dags/tutorial_dag.py
[2024-10-20T16:09:17.534+0000] {processor.py:839} INFO - DAG(s) dict_keys(['tutorial_dag']) retrieved from /home/airflow/.local/lib/python3.8/site-packages/airflow/example_dags/tutorial_dag.py
[2024-10-20T16:09:17.571+0000] {logging_mixin.py:154} INFO - [2024-10-20T16:09:17.571+0000] {dag.py:2941} INFO - Sync 1 DAGs
[2024-10-20T16:09:17.592+0000] {logging_mixin.py:154} INFO - [2024-10-20T16:09:17.592+0000] {dag.py:3722} INFO - Setting next_dagrun for tutorial_dag to None, run_after=None
[2024-10-20T16:09:17.629+0000] {processor.py:179} INFO - Processing /home/airflow/.local/lib/python3.8/site-packages/airflow/example_dags/tutorial_dag.py took 0.114 seconds
[2024-10-20T16:09:47.750+0000] {processor.py:157} INFO - Started process (PID=242) to work on /home/airflow/.local/lib/python3.8/site-packages/airflow/example_dags/tutorial_dag.py
[2024-10-20T16:09:47.752+0000] {processor.py:829} INFO - Processing file /home/airflow/.local/lib/python3.8/site-packages/airflow/example_dags/tutorial_dag.py for tasks to queue
[2024-10-20T16:09:47.755+0000] {logging_mixin.py:154} INFO - [2024-10-20T16:09:47.754+0000] {dagbag.py:536} INFO - Filling up the DagBag from /home/airflow/.local/lib/python3.8/site-packages/airflow/example_dags/tutorial_dag.py
[2024-10-20T16:09:47.762+0000] {processor.py:839} INFO - DAG(s) dict_keys(['tutorial_dag']) retrieved from /home/airflow/.local/lib/python3.8/site-packages/airflow/example_dags/tutorial_dag.py
[2024-10-20T16:09:47.796+0000] {logging_mixin.py:154} INFO - [2024-10-20T16:09:47.796+0000] {dag.py:2941} INFO - Sync 1 DAGs
[2024-10-20T16:09:47.815+0000] {logging_mixin.py:154} INFO - [2024-10-20T16:09:47.815+0000] {dag.py:3722} INFO - Setting next_dagrun for tutorial_dag to None, run_after=None
[2024-10-20T16:09:47.854+0000] {processor.py:179} INFO - Processing /home/airflow/.local/lib/python3.8/site-packages/airflow/example_dags/tutorial_dag.py took 0.108 seconds
[2024-10-20T16:10:18.463+0000] {processor.py:157} INFO - Started process (PID=304) to work on /home/airflow/.local/lib/python3.8/site-packages/airflow/example_dags/tutorial_dag.py
[2024-10-20T16:10:18.465+0000] {processor.py:829} INFO - Processing file /home/airflow/.local/lib/python3.8/site-packages/airflow/example_dags/tutorial_dag.py for tasks to queue
[2024-10-20T16:10:18.470+0000] {logging_mixin.py:154} INFO - [2024-10-20T16:10:18.470+0000] {dagbag.py:536} INFO - Filling up the DagBag from /home/airflow/.local/lib/python3.8/site-packages/airflow/example_dags/tutorial_dag.py
[2024-10-20T16:10:18.477+0000] {processor.py:839} INFO - DAG(s) dict_keys(['tutorial_dag']) retrieved from /home/airflow/.local/lib/python3.8/site-packages/airflow/example_dags/tutorial_dag.py
[2024-10-20T16:10:18.511+0000] {logging_mixin.py:154} INFO - [2024-10-20T16:10:18.510+0000] {dag.py:2941} INFO - Sync 1 DAGs
[2024-10-20T16:10:18.533+0000] {logging_mixin.py:154} INFO - [2024-10-20T16:10:18.533+0000] {dag.py:3722} INFO - Setting next_dagrun for tutorial_dag to None, run_after=None
[2024-10-20T16:10:18.568+0000] {processor.py:179} INFO - Processing /home/airflow/.local/lib/python3.8/site-packages/airflow/example_dags/tutorial_dag.py took 0.109 seconds
[2024-10-20T16:10:48.989+0000] {processor.py:157} INFO - Started process (PID=360) to work on /home/airflow/.local/lib/python3.8/site-packages/airflow/example_dags/tutorial_dag.py
[2024-10-20T16:10:48.991+0000] {processor.py:829} INFO - Processing file /home/airflow/.local/lib/python3.8/site-packages/airflow/example_dags/tutorial_dag.py for tasks to queue
[2024-10-20T16:10:48.995+0000] {logging_mixin.py:154} INFO - [2024-10-20T16:10:48.994+0000] {dagbag.py:536} INFO - Filling up the DagBag from /home/airflow/.local/lib/python3.8/site-packages/airflow/example_dags/tutorial_dag.py
[2024-10-20T16:10:49.003+0000] {processor.py:839} INFO - DAG(s) dict_keys(['tutorial_dag']) retrieved from /home/airflow/.local/lib/python3.8/site-packages/airflow/example_dags/tutorial_dag.py
[2024-10-20T16:10:49.037+0000] {logging_mixin.py:154} INFO - [2024-10-20T16:10:49.037+0000] {dag.py:2941} INFO - Sync 1 DAGs
[2024-10-20T16:10:49.059+0000] {logging_mixin.py:154} INFO - [2024-10-20T16:10:49.059+0000] {dag.py:3722} INFO - Setting next_dagrun for tutorial_dag to None, run_after=None
[2024-10-20T16:10:49.095+0000] {processor.py:179} INFO - Processing /home/airflow/.local/lib/python3.8/site-packages/airflow/example_dags/tutorial_dag.py took 0.110 seconds
[2024-10-20T16:11:19.340+0000] {processor.py:157} INFO - Started process (PID=418) to work on /home/airflow/.local/lib/python3.8/site-packages/airflow/example_dags/tutorial_dag.py
[2024-10-20T16:11:19.342+0000] {processor.py:829} INFO - Processing file /home/airflow/.local/lib/python3.8/site-packages/airflow/example_dags/tutorial_dag.py for tasks to queue
[2024-10-20T16:11:19.345+0000] {logging_mixin.py:154} INFO - [2024-10-20T16:11:19.344+0000] {dagbag.py:536} INFO - Filling up the DagBag from /home/airflow/.local/lib/python3.8/site-packages/airflow/example_dags/tutorial_dag.py
[2024-10-20T16:11:19.354+0000] {processor.py:839} INFO - DAG(s) dict_keys(['tutorial_dag']) retrieved from /home/airflow/.local/lib/python3.8/site-packages/airflow/example_dags/tutorial_dag.py
[2024-10-20T16:11:19.390+0000] {logging_mixin.py:154} INFO - [2024-10-20T16:11:19.390+0000] {dag.py:2941} INFO - Sync 1 DAGs
[2024-10-20T16:11:19.412+0000] {logging_mixin.py:154} INFO - [2024-10-20T16:11:19.412+0000] {dag.py:3722} INFO - Setting next_dagrun for tutorial_dag to None, run_after=None
[2024-10-20T16:11:19.453+0000] {processor.py:179} INFO - Processing /home/airflow/.local/lib/python3.8/site-packages/airflow/example_dags/tutorial_dag.py took 0.116 seconds
[2024-10-20T16:25:09.164+0000] {processor.py:157} INFO - Started process (PID=76) to work on /home/airflow/.local/lib/python3.8/site-packages/airflow/example_dags/tutorial_dag.py
[2024-10-20T16:25:09.165+0000] {processor.py:829} INFO - Processing file /home/airflow/.local/lib/python3.8/site-packages/airflow/example_dags/tutorial_dag.py for tasks to queue
[2024-10-20T16:25:09.168+0000] {logging_mixin.py:154} INFO - [2024-10-20T16:25:09.168+0000] {dagbag.py:536} INFO - Filling up the DagBag from /home/airflow/.local/lib/python3.8/site-packages/airflow/example_dags/tutorial_dag.py
[2024-10-20T16:25:09.180+0000] {processor.py:839} INFO - DAG(s) dict_keys(['tutorial_dag']) retrieved from /home/airflow/.local/lib/python3.8/site-packages/airflow/example_dags/tutorial_dag.py
[2024-10-20T16:25:09.219+0000] {logging_mixin.py:154} INFO - [2024-10-20T16:25:09.219+0000] {dag.py:2941} INFO - Sync 1 DAGs
[2024-10-20T16:25:09.240+0000] {logging_mixin.py:154} INFO - [2024-10-20T16:25:09.239+0000] {dag.py:3722} INFO - Setting next_dagrun for tutorial_dag to None, run_after=None
[2024-10-20T16:25:09.273+0000] {processor.py:179} INFO - Processing /home/airflow/.local/lib/python3.8/site-packages/airflow/example_dags/tutorial_dag.py took 0.113 seconds
[2024-10-20T16:25:41.204+0000] {processor.py:157} INFO - Started process (PID=132) to work on /home/airflow/.local/lib/python3.8/site-packages/airflow/example_dags/tutorial_dag.py
[2024-10-20T16:25:41.206+0000] {processor.py:829} INFO - Processing file /home/airflow/.local/lib/python3.8/site-packages/airflow/example_dags/tutorial_dag.py for tasks to queue
[2024-10-20T16:25:41.211+0000] {logging_mixin.py:154} INFO - [2024-10-20T16:25:41.210+0000] {dagbag.py:536} INFO - Filling up the DagBag from /home/airflow/.local/lib/python3.8/site-packages/airflow/example_dags/tutorial_dag.py
[2024-10-20T16:25:41.220+0000] {processor.py:839} INFO - DAG(s) dict_keys(['tutorial_dag']) retrieved from /home/airflow/.local/lib/python3.8/site-packages/airflow/example_dags/tutorial_dag.py
[2024-10-20T16:25:41.255+0000] {logging_mixin.py:154} INFO - [2024-10-20T16:25:41.254+0000] {dag.py:2941} INFO - Sync 1 DAGs
[2024-10-20T16:25:41.276+0000] {logging_mixin.py:154} INFO - [2024-10-20T16:25:41.276+0000] {dag.py:3722} INFO - Setting next_dagrun for tutorial_dag to None, run_after=None
[2024-10-20T16:25:41.318+0000] {processor.py:179} INFO - Processing /home/airflow/.local/lib/python3.8/site-packages/airflow/example_dags/tutorial_dag.py took 0.118 seconds
[2024-10-20T16:26:11.447+0000] {processor.py:157} INFO - Started process (PID=188) to work on /home/airflow/.local/lib/python3.8/site-packages/airflow/example_dags/tutorial_dag.py
[2024-10-20T16:26:11.449+0000] {processor.py:829} INFO - Processing file /home/airflow/.local/lib/python3.8/site-packages/airflow/example_dags/tutorial_dag.py for tasks to queue
[2024-10-20T16:26:11.450+0000] {logging_mixin.py:154} INFO - [2024-10-20T16:26:11.450+0000] {dagbag.py:536} INFO - Filling up the DagBag from /home/airflow/.local/lib/python3.8/site-packages/airflow/example_dags/tutorial_dag.py
[2024-10-20T16:26:11.460+0000] {processor.py:839} INFO - DAG(s) dict_keys(['tutorial_dag']) retrieved from /home/airflow/.local/lib/python3.8/site-packages/airflow/example_dags/tutorial_dag.py
[2024-10-20T16:26:11.513+0000] {logging_mixin.py:154} INFO - [2024-10-20T16:26:11.513+0000] {dag.py:2941} INFO - Sync 1 DAGs
[2024-10-20T16:26:11.536+0000] {logging_mixin.py:154} INFO - [2024-10-20T16:26:11.536+0000] {dag.py:3722} INFO - Setting next_dagrun for tutorial_dag to None, run_after=None
[2024-10-20T16:26:11.574+0000] {processor.py:179} INFO - Processing /home/airflow/.local/lib/python3.8/site-packages/airflow/example_dags/tutorial_dag.py took 0.132 seconds
[2024-10-20T16:27:56.150+0000] {processor.py:157} INFO - Started process (PID=69) to work on /home/airflow/.local/lib/python3.8/site-packages/airflow/example_dags/tutorial_dag.py
[2024-10-20T16:27:56.152+0000] {processor.py:829} INFO - Processing file /home/airflow/.local/lib/python3.8/site-packages/airflow/example_dags/tutorial_dag.py for tasks to queue
[2024-10-20T16:27:56.154+0000] {logging_mixin.py:154} INFO - [2024-10-20T16:27:56.154+0000] {dagbag.py:536} INFO - Filling up the DagBag from /home/airflow/.local/lib/python3.8/site-packages/airflow/example_dags/tutorial_dag.py
[2024-10-20T16:27:56.164+0000] {processor.py:839} INFO - DAG(s) dict_keys(['tutorial_dag']) retrieved from /home/airflow/.local/lib/python3.8/site-packages/airflow/example_dags/tutorial_dag.py
[2024-10-20T16:27:56.180+0000] {logging_mixin.py:154} INFO - [2024-10-20T16:27:56.180+0000] {dag.py:2941} INFO - Sync 1 DAGs
[2024-10-20T16:27:56.194+0000] {logging_mixin.py:154} INFO - [2024-10-20T16:27:56.194+0000] {dag.py:3722} INFO - Setting next_dagrun for tutorial_dag to None, run_after=None
[2024-10-20T16:27:56.228+0000] {processor.py:179} INFO - Processing /home/airflow/.local/lib/python3.8/site-packages/airflow/example_dags/tutorial_dag.py took 0.081 seconds
[2024-10-20T16:28:26.600+0000] {processor.py:157} INFO - Started process (PID=123) to work on /home/airflow/.local/lib/python3.8/site-packages/airflow/example_dags/tutorial_dag.py
[2024-10-20T16:28:26.601+0000] {processor.py:829} INFO - Processing file /home/airflow/.local/lib/python3.8/site-packages/airflow/example_dags/tutorial_dag.py for tasks to queue
[2024-10-20T16:28:26.608+0000] {logging_mixin.py:154} INFO - [2024-10-20T16:28:26.608+0000] {dagbag.py:536} INFO - Filling up the DagBag from /home/airflow/.local/lib/python3.8/site-packages/airflow/example_dags/tutorial_dag.py
[2024-10-20T16:28:26.614+0000] {processor.py:839} INFO - DAG(s) dict_keys(['tutorial_dag']) retrieved from /home/airflow/.local/lib/python3.8/site-packages/airflow/example_dags/tutorial_dag.py
[2024-10-20T16:28:26.638+0000] {logging_mixin.py:154} INFO - [2024-10-20T16:28:26.637+0000] {dag.py:2941} INFO - Sync 1 DAGs
[2024-10-20T16:28:26.666+0000] {logging_mixin.py:154} INFO - [2024-10-20T16:28:26.665+0000] {dag.py:3722} INFO - Setting next_dagrun for tutorial_dag to None, run_after=None
[2024-10-20T16:28:26.704+0000] {processor.py:179} INFO - Processing /home/airflow/.local/lib/python3.8/site-packages/airflow/example_dags/tutorial_dag.py took 0.113 seconds
[2024-10-20T16:28:57.245+0000] {processor.py:157} INFO - Started process (PID=179) to work on /home/airflow/.local/lib/python3.8/site-packages/airflow/example_dags/tutorial_dag.py
[2024-10-20T16:28:57.247+0000] {processor.py:829} INFO - Processing file /home/airflow/.local/lib/python3.8/site-packages/airflow/example_dags/tutorial_dag.py for tasks to queue
[2024-10-20T16:28:57.249+0000] {logging_mixin.py:154} INFO - [2024-10-20T16:28:57.248+0000] {dagbag.py:536} INFO - Filling up the DagBag from /home/airflow/.local/lib/python3.8/site-packages/airflow/example_dags/tutorial_dag.py
[2024-10-20T16:28:57.255+0000] {processor.py:839} INFO - DAG(s) dict_keys(['tutorial_dag']) retrieved from /home/airflow/.local/lib/python3.8/site-packages/airflow/example_dags/tutorial_dag.py
[2024-10-20T16:28:57.280+0000] {logging_mixin.py:154} INFO - [2024-10-20T16:28:57.279+0000] {dag.py:2941} INFO - Sync 1 DAGs
[2024-10-20T16:28:57.293+0000] {logging_mixin.py:154} INFO - [2024-10-20T16:28:57.293+0000] {dag.py:3722} INFO - Setting next_dagrun for tutorial_dag to None, run_after=None
[2024-10-20T16:28:57.321+0000] {processor.py:179} INFO - Processing /home/airflow/.local/lib/python3.8/site-packages/airflow/example_dags/tutorial_dag.py took 0.078 seconds
[2024-10-20T16:29:28.092+0000] {processor.py:157} INFO - Started process (PID=242) to work on /home/airflow/.local/lib/python3.8/site-packages/airflow/example_dags/tutorial_dag.py
[2024-10-20T16:29:28.093+0000] {processor.py:829} INFO - Processing file /home/airflow/.local/lib/python3.8/site-packages/airflow/example_dags/tutorial_dag.py for tasks to queue
[2024-10-20T16:29:28.096+0000] {logging_mixin.py:154} INFO - [2024-10-20T16:29:28.095+0000] {dagbag.py:536} INFO - Filling up the DagBag from /home/airflow/.local/lib/python3.8/site-packages/airflow/example_dags/tutorial_dag.py
[2024-10-20T16:29:28.102+0000] {processor.py:839} INFO - DAG(s) dict_keys(['tutorial_dag']) retrieved from /home/airflow/.local/lib/python3.8/site-packages/airflow/example_dags/tutorial_dag.py
[2024-10-20T16:29:28.128+0000] {logging_mixin.py:154} INFO - [2024-10-20T16:29:28.128+0000] {dag.py:2941} INFO - Sync 1 DAGs
[2024-10-20T16:29:28.143+0000] {logging_mixin.py:154} INFO - [2024-10-20T16:29:28.143+0000] {dag.py:3722} INFO - Setting next_dagrun for tutorial_dag to None, run_after=None
[2024-10-20T16:29:28.169+0000] {processor.py:179} INFO - Processing /home/airflow/.local/lib/python3.8/site-packages/airflow/example_dags/tutorial_dag.py took 0.080 seconds
[2024-10-20T16:31:00.570+0000] {processor.py:157} INFO - Started process (PID=87) to work on /home/airflow/.local/lib/python3.8/site-packages/airflow/example_dags/tutorial_dag.py
[2024-10-20T16:31:00.571+0000] {processor.py:829} INFO - Processing file /home/airflow/.local/lib/python3.8/site-packages/airflow/example_dags/tutorial_dag.py for tasks to queue
[2024-10-20T16:31:00.574+0000] {logging_mixin.py:154} INFO - [2024-10-20T16:31:00.573+0000] {dagbag.py:536} INFO - Filling up the DagBag from /home/airflow/.local/lib/python3.8/site-packages/airflow/example_dags/tutorial_dag.py
[2024-10-20T16:31:00.582+0000] {processor.py:839} INFO - DAG(s) dict_keys(['tutorial_dag']) retrieved from /home/airflow/.local/lib/python3.8/site-packages/airflow/example_dags/tutorial_dag.py
[2024-10-20T16:31:00.616+0000] {logging_mixin.py:154} INFO - [2024-10-20T16:31:00.615+0000] {dag.py:2941} INFO - Sync 1 DAGs
[2024-10-20T16:31:00.632+0000] {logging_mixin.py:154} INFO - [2024-10-20T16:31:00.632+0000] {dag.py:3722} INFO - Setting next_dagrun for tutorial_dag to None, run_after=None
[2024-10-20T16:31:00.668+0000] {processor.py:179} INFO - Processing /home/airflow/.local/lib/python3.8/site-packages/airflow/example_dags/tutorial_dag.py took 0.102 seconds
[2024-10-20T16:31:30.720+0000] {processor.py:157} INFO - Started process (PID=141) to work on /home/airflow/.local/lib/python3.8/site-packages/airflow/example_dags/tutorial_dag.py
[2024-10-20T16:31:30.721+0000] {processor.py:829} INFO - Processing file /home/airflow/.local/lib/python3.8/site-packages/airflow/example_dags/tutorial_dag.py for tasks to queue
[2024-10-20T16:31:30.723+0000] {logging_mixin.py:154} INFO - [2024-10-20T16:31:30.723+0000] {dagbag.py:536} INFO - Filling up the DagBag from /home/airflow/.local/lib/python3.8/site-packages/airflow/example_dags/tutorial_dag.py
[2024-10-20T16:31:30.728+0000] {processor.py:839} INFO - DAG(s) dict_keys(['tutorial_dag']) retrieved from /home/airflow/.local/lib/python3.8/site-packages/airflow/example_dags/tutorial_dag.py
[2024-10-20T16:31:30.750+0000] {logging_mixin.py:154} INFO - [2024-10-20T16:31:30.749+0000] {dag.py:2941} INFO - Sync 1 DAGs
[2024-10-20T16:31:30.762+0000] {logging_mixin.py:154} INFO - [2024-10-20T16:31:30.761+0000] {dag.py:3722} INFO - Setting next_dagrun for tutorial_dag to None, run_after=None
[2024-10-20T16:31:30.809+0000] {processor.py:179} INFO - Processing /home/airflow/.local/lib/python3.8/site-packages/airflow/example_dags/tutorial_dag.py took 0.091 seconds
[2024-10-20T16:32:01.479+0000] {processor.py:157} INFO - Started process (PID=197) to work on /home/airflow/.local/lib/python3.8/site-packages/airflow/example_dags/tutorial_dag.py
[2024-10-20T16:32:01.480+0000] {processor.py:829} INFO - Processing file /home/airflow/.local/lib/python3.8/site-packages/airflow/example_dags/tutorial_dag.py for tasks to queue
[2024-10-20T16:32:01.482+0000] {logging_mixin.py:154} INFO - [2024-10-20T16:32:01.481+0000] {dagbag.py:536} INFO - Filling up the DagBag from /home/airflow/.local/lib/python3.8/site-packages/airflow/example_dags/tutorial_dag.py
[2024-10-20T16:32:01.488+0000] {processor.py:839} INFO - DAG(s) dict_keys(['tutorial_dag']) retrieved from /home/airflow/.local/lib/python3.8/site-packages/airflow/example_dags/tutorial_dag.py
[2024-10-20T16:32:01.517+0000] {logging_mixin.py:154} INFO - [2024-10-20T16:32:01.517+0000] {dag.py:2941} INFO - Sync 1 DAGs
[2024-10-20T16:32:01.531+0000] {logging_mixin.py:154} INFO - [2024-10-20T16:32:01.531+0000] {dag.py:3722} INFO - Setting next_dagrun for tutorial_dag to None, run_after=None
[2024-10-20T16:32:01.567+0000] {processor.py:179} INFO - Processing /home/airflow/.local/lib/python3.8/site-packages/airflow/example_dags/tutorial_dag.py took 0.091 seconds
[2024-10-20T16:32:32.066+0000] {processor.py:157} INFO - Started process (PID=253) to work on /home/airflow/.local/lib/python3.8/site-packages/airflow/example_dags/tutorial_dag.py
[2024-10-20T16:32:32.066+0000] {processor.py:829} INFO - Processing file /home/airflow/.local/lib/python3.8/site-packages/airflow/example_dags/tutorial_dag.py for tasks to queue
[2024-10-20T16:32:32.069+0000] {logging_mixin.py:154} INFO - [2024-10-20T16:32:32.069+0000] {dagbag.py:536} INFO - Filling up the DagBag from /home/airflow/.local/lib/python3.8/site-packages/airflow/example_dags/tutorial_dag.py
[2024-10-20T16:32:32.074+0000] {processor.py:839} INFO - DAG(s) dict_keys(['tutorial_dag']) retrieved from /home/airflow/.local/lib/python3.8/site-packages/airflow/example_dags/tutorial_dag.py
[2024-10-20T16:32:32.097+0000] {logging_mixin.py:154} INFO - [2024-10-20T16:32:32.096+0000] {dag.py:2941} INFO - Sync 1 DAGs
[2024-10-20T16:32:32.110+0000] {logging_mixin.py:154} INFO - [2024-10-20T16:32:32.109+0000] {dag.py:3722} INFO - Setting next_dagrun for tutorial_dag to None, run_after=None
[2024-10-20T16:32:32.142+0000] {processor.py:179} INFO - Processing /home/airflow/.local/lib/python3.8/site-packages/airflow/example_dags/tutorial_dag.py took 0.079 seconds
[2024-10-20T16:33:02.229+0000] {processor.py:157} INFO - Started process (PID=316) to work on /home/airflow/.local/lib/python3.8/site-packages/airflow/example_dags/tutorial_dag.py
[2024-10-20T16:33:02.230+0000] {processor.py:829} INFO - Processing file /home/airflow/.local/lib/python3.8/site-packages/airflow/example_dags/tutorial_dag.py for tasks to queue
[2024-10-20T16:33:02.233+0000] {logging_mixin.py:154} INFO - [2024-10-20T16:33:02.233+0000] {dagbag.py:536} INFO - Filling up the DagBag from /home/airflow/.local/lib/python3.8/site-packages/airflow/example_dags/tutorial_dag.py
[2024-10-20T16:33:02.239+0000] {processor.py:839} INFO - DAG(s) dict_keys(['tutorial_dag']) retrieved from /home/airflow/.local/lib/python3.8/site-packages/airflow/example_dags/tutorial_dag.py
[2024-10-20T16:33:02.259+0000] {logging_mixin.py:154} INFO - [2024-10-20T16:33:02.259+0000] {dag.py:2941} INFO - Sync 1 DAGs
[2024-10-20T16:33:02.273+0000] {logging_mixin.py:154} INFO - [2024-10-20T16:33:02.273+0000] {dag.py:3722} INFO - Setting next_dagrun for tutorial_dag to None, run_after=None
[2024-10-20T16:33:02.297+0000] {processor.py:179} INFO - Processing /home/airflow/.local/lib/python3.8/site-packages/airflow/example_dags/tutorial_dag.py took 0.071 seconds
[2024-10-20T16:34:24.460+0000] {processor.py:157} INFO - Started process (PID=88) to work on /home/airflow/.local/lib/python3.8/site-packages/airflow/example_dags/tutorial_dag.py
[2024-10-20T16:34:24.461+0000] {processor.py:829} INFO - Processing file /home/airflow/.local/lib/python3.8/site-packages/airflow/example_dags/tutorial_dag.py for tasks to queue
[2024-10-20T16:34:24.465+0000] {logging_mixin.py:154} INFO - [2024-10-20T16:34:24.464+0000] {dagbag.py:536} INFO - Filling up the DagBag from /home/airflow/.local/lib/python3.8/site-packages/airflow/example_dags/tutorial_dag.py
[2024-10-20T16:34:24.475+0000] {processor.py:839} INFO - DAG(s) dict_keys(['tutorial_dag']) retrieved from /home/airflow/.local/lib/python3.8/site-packages/airflow/example_dags/tutorial_dag.py
[2024-10-20T16:34:24.511+0000] {logging_mixin.py:154} INFO - [2024-10-20T16:34:24.511+0000] {dag.py:2941} INFO - Sync 1 DAGs
[2024-10-20T16:34:24.530+0000] {logging_mixin.py:154} INFO - [2024-10-20T16:34:24.529+0000] {dag.py:3722} INFO - Setting next_dagrun for tutorial_dag to None, run_after=None
[2024-10-20T16:34:24.569+0000] {processor.py:179} INFO - Processing /home/airflow/.local/lib/python3.8/site-packages/airflow/example_dags/tutorial_dag.py took 0.113 seconds
[2024-10-20T16:34:54.723+0000] {processor.py:157} INFO - Started process (PID=142) to work on /home/airflow/.local/lib/python3.8/site-packages/airflow/example_dags/tutorial_dag.py
[2024-10-20T16:34:54.724+0000] {processor.py:829} INFO - Processing file /home/airflow/.local/lib/python3.8/site-packages/airflow/example_dags/tutorial_dag.py for tasks to queue
[2024-10-20T16:34:54.728+0000] {logging_mixin.py:154} INFO - [2024-10-20T16:34:54.728+0000] {dagbag.py:536} INFO - Filling up the DagBag from /home/airflow/.local/lib/python3.8/site-packages/airflow/example_dags/tutorial_dag.py
[2024-10-20T16:34:54.733+0000] {processor.py:839} INFO - DAG(s) dict_keys(['tutorial_dag']) retrieved from /home/airflow/.local/lib/python3.8/site-packages/airflow/example_dags/tutorial_dag.py
[2024-10-20T16:34:54.761+0000] {logging_mixin.py:154} INFO - [2024-10-20T16:34:54.760+0000] {dag.py:2941} INFO - Sync 1 DAGs
[2024-10-20T16:34:54.777+0000] {logging_mixin.py:154} INFO - [2024-10-20T16:34:54.776+0000] {dag.py:3722} INFO - Setting next_dagrun for tutorial_dag to None, run_after=None
[2024-10-20T16:34:54.806+0000] {processor.py:179} INFO - Processing /home/airflow/.local/lib/python3.8/site-packages/airflow/example_dags/tutorial_dag.py took 0.088 seconds
[2024-10-20T16:35:25.093+0000] {processor.py:157} INFO - Started process (PID=198) to work on /home/airflow/.local/lib/python3.8/site-packages/airflow/example_dags/tutorial_dag.py
[2024-10-20T16:35:25.095+0000] {processor.py:829} INFO - Processing file /home/airflow/.local/lib/python3.8/site-packages/airflow/example_dags/tutorial_dag.py for tasks to queue
[2024-10-20T16:35:25.098+0000] {logging_mixin.py:154} INFO - [2024-10-20T16:35:25.097+0000] {dagbag.py:536} INFO - Filling up the DagBag from /home/airflow/.local/lib/python3.8/site-packages/airflow/example_dags/tutorial_dag.py
[2024-10-20T16:35:25.103+0000] {processor.py:839} INFO - DAG(s) dict_keys(['tutorial_dag']) retrieved from /home/airflow/.local/lib/python3.8/site-packages/airflow/example_dags/tutorial_dag.py
[2024-10-20T16:35:25.124+0000] {logging_mixin.py:154} INFO - [2024-10-20T16:35:25.123+0000] {dag.py:2941} INFO - Sync 1 DAGs
[2024-10-20T16:35:25.135+0000] {logging_mixin.py:154} INFO - [2024-10-20T16:35:25.135+0000] {dag.py:3722} INFO - Setting next_dagrun for tutorial_dag to None, run_after=None
[2024-10-20T16:35:25.161+0000] {processor.py:179} INFO - Processing /home/airflow/.local/lib/python3.8/site-packages/airflow/example_dags/tutorial_dag.py took 0.071 seconds
[2024-10-20T16:35:55.590+0000] {processor.py:157} INFO - Started process (PID=254) to work on /home/airflow/.local/lib/python3.8/site-packages/airflow/example_dags/tutorial_dag.py
[2024-10-20T16:35:55.591+0000] {processor.py:829} INFO - Processing file /home/airflow/.local/lib/python3.8/site-packages/airflow/example_dags/tutorial_dag.py for tasks to queue
[2024-10-20T16:35:55.594+0000] {logging_mixin.py:154} INFO - [2024-10-20T16:35:55.593+0000] {dagbag.py:536} INFO - Filling up the DagBag from /home/airflow/.local/lib/python3.8/site-packages/airflow/example_dags/tutorial_dag.py
[2024-10-20T16:35:55.598+0000] {processor.py:839} INFO - DAG(s) dict_keys(['tutorial_dag']) retrieved from /home/airflow/.local/lib/python3.8/site-packages/airflow/example_dags/tutorial_dag.py
[2024-10-20T16:35:55.620+0000] {logging_mixin.py:154} INFO - [2024-10-20T16:35:55.619+0000] {dag.py:2941} INFO - Sync 1 DAGs
[2024-10-20T16:35:55.632+0000] {logging_mixin.py:154} INFO - [2024-10-20T16:35:55.631+0000] {dag.py:3722} INFO - Setting next_dagrun for tutorial_dag to None, run_after=None
[2024-10-20T16:35:55.653+0000] {processor.py:179} INFO - Processing /home/airflow/.local/lib/python3.8/site-packages/airflow/example_dags/tutorial_dag.py took 0.066 seconds
[2024-10-20T16:36:26.017+0000] {processor.py:157} INFO - Started process (PID=310) to work on /home/airflow/.local/lib/python3.8/site-packages/airflow/example_dags/tutorial_dag.py
[2024-10-20T16:36:26.018+0000] {processor.py:829} INFO - Processing file /home/airflow/.local/lib/python3.8/site-packages/airflow/example_dags/tutorial_dag.py for tasks to queue
[2024-10-20T16:36:26.021+0000] {logging_mixin.py:154} INFO - [2024-10-20T16:36:26.020+0000] {dagbag.py:536} INFO - Filling up the DagBag from /home/airflow/.local/lib/python3.8/site-packages/airflow/example_dags/tutorial_dag.py
[2024-10-20T16:36:26.026+0000] {processor.py:839} INFO - DAG(s) dict_keys(['tutorial_dag']) retrieved from /home/airflow/.local/lib/python3.8/site-packages/airflow/example_dags/tutorial_dag.py
[2024-10-20T16:36:26.049+0000] {logging_mixin.py:154} INFO - [2024-10-20T16:36:26.048+0000] {dag.py:2941} INFO - Sync 1 DAGs
[2024-10-20T16:36:26.064+0000] {logging_mixin.py:154} INFO - [2024-10-20T16:36:26.064+0000] {dag.py:3722} INFO - Setting next_dagrun for tutorial_dag to None, run_after=None
[2024-10-20T16:36:26.087+0000] {processor.py:179} INFO - Processing /home/airflow/.local/lib/python3.8/site-packages/airflow/example_dags/tutorial_dag.py took 0.073 seconds
[2024-10-20T16:36:56.204+0000] {processor.py:157} INFO - Started process (PID=368) to work on /home/airflow/.local/lib/python3.8/site-packages/airflow/example_dags/tutorial_dag.py
[2024-10-20T16:36:56.205+0000] {processor.py:829} INFO - Processing file /home/airflow/.local/lib/python3.8/site-packages/airflow/example_dags/tutorial_dag.py for tasks to queue
[2024-10-20T16:36:56.207+0000] {logging_mixin.py:154} INFO - [2024-10-20T16:36:56.207+0000] {dagbag.py:536} INFO - Filling up the DagBag from /home/airflow/.local/lib/python3.8/site-packages/airflow/example_dags/tutorial_dag.py
[2024-10-20T16:36:56.213+0000] {processor.py:839} INFO - DAG(s) dict_keys(['tutorial_dag']) retrieved from /home/airflow/.local/lib/python3.8/site-packages/airflow/example_dags/tutorial_dag.py
[2024-10-20T16:36:56.236+0000] {logging_mixin.py:154} INFO - [2024-10-20T16:36:56.236+0000] {dag.py:2941} INFO - Sync 1 DAGs
[2024-10-20T16:36:56.251+0000] {logging_mixin.py:154} INFO - [2024-10-20T16:36:56.251+0000] {dag.py:3722} INFO - Setting next_dagrun for tutorial_dag to None, run_after=None
[2024-10-20T16:36:56.276+0000] {processor.py:179} INFO - Processing /home/airflow/.local/lib/python3.8/site-packages/airflow/example_dags/tutorial_dag.py took 0.074 seconds
[2024-10-20T16:37:26.603+0000] {processor.py:157} INFO - Started process (PID=431) to work on /home/airflow/.local/lib/python3.8/site-packages/airflow/example_dags/tutorial_dag.py
[2024-10-20T16:37:26.604+0000] {processor.py:829} INFO - Processing file /home/airflow/.local/lib/python3.8/site-packages/airflow/example_dags/tutorial_dag.py for tasks to queue
[2024-10-20T16:37:26.607+0000] {logging_mixin.py:154} INFO - [2024-10-20T16:37:26.607+0000] {dagbag.py:536} INFO - Filling up the DagBag from /home/airflow/.local/lib/python3.8/site-packages/airflow/example_dags/tutorial_dag.py
[2024-10-20T16:37:26.611+0000] {processor.py:839} INFO - DAG(s) dict_keys(['tutorial_dag']) retrieved from /home/airflow/.local/lib/python3.8/site-packages/airflow/example_dags/tutorial_dag.py
[2024-10-20T16:37:26.635+0000] {logging_mixin.py:154} INFO - [2024-10-20T16:37:26.634+0000] {dag.py:2941} INFO - Sync 1 DAGs
[2024-10-20T16:37:26.649+0000] {logging_mixin.py:154} INFO - [2024-10-20T16:37:26.648+0000] {dag.py:3722} INFO - Setting next_dagrun for tutorial_dag to None, run_after=None
[2024-10-20T16:37:26.673+0000] {processor.py:179} INFO - Processing /home/airflow/.local/lib/python3.8/site-packages/airflow/example_dags/tutorial_dag.py took 0.073 seconds
[2024-10-20T16:37:57.073+0000] {processor.py:157} INFO - Started process (PID=493) to work on /home/airflow/.local/lib/python3.8/site-packages/airflow/example_dags/tutorial_dag.py
[2024-10-20T16:37:57.074+0000] {processor.py:829} INFO - Processing file /home/airflow/.local/lib/python3.8/site-packages/airflow/example_dags/tutorial_dag.py for tasks to queue
[2024-10-20T16:37:57.077+0000] {logging_mixin.py:154} INFO - [2024-10-20T16:37:57.076+0000] {dagbag.py:536} INFO - Filling up the DagBag from /home/airflow/.local/lib/python3.8/site-packages/airflow/example_dags/tutorial_dag.py
[2024-10-20T16:37:57.083+0000] {processor.py:839} INFO - DAG(s) dict_keys(['tutorial_dag']) retrieved from /home/airflow/.local/lib/python3.8/site-packages/airflow/example_dags/tutorial_dag.py
[2024-10-20T16:37:57.109+0000] {logging_mixin.py:154} INFO - [2024-10-20T16:37:57.109+0000] {dag.py:2941} INFO - Sync 1 DAGs
[2024-10-20T16:37:57.126+0000] {logging_mixin.py:154} INFO - [2024-10-20T16:37:57.125+0000] {dag.py:3722} INFO - Setting next_dagrun for tutorial_dag to None, run_after=None
[2024-10-20T16:37:57.156+0000] {processor.py:179} INFO - Processing /home/airflow/.local/lib/python3.8/site-packages/airflow/example_dags/tutorial_dag.py took 0.087 seconds
[2024-10-20T16:39:43.994+0000] {processor.py:157} INFO - Started process (PID=88) to work on /home/airflow/.local/lib/python3.8/site-packages/airflow/example_dags/tutorial_dag.py
[2024-10-20T16:39:43.996+0000] {processor.py:829} INFO - Processing file /home/airflow/.local/lib/python3.8/site-packages/airflow/example_dags/tutorial_dag.py for tasks to queue
[2024-10-20T16:39:44.000+0000] {logging_mixin.py:154} INFO - [2024-10-20T16:39:43.999+0000] {dagbag.py:536} INFO - Filling up the DagBag from /home/airflow/.local/lib/python3.8/site-packages/airflow/example_dags/tutorial_dag.py
[2024-10-20T16:39:44.018+0000] {processor.py:839} INFO - DAG(s) dict_keys(['tutorial_dag']) retrieved from /home/airflow/.local/lib/python3.8/site-packages/airflow/example_dags/tutorial_dag.py
[2024-10-20T16:39:44.054+0000] {logging_mixin.py:154} INFO - [2024-10-20T16:39:44.054+0000] {dag.py:2941} INFO - Sync 1 DAGs
[2024-10-20T16:39:44.069+0000] {logging_mixin.py:154} INFO - [2024-10-20T16:39:44.068+0000] {dag.py:3722} INFO - Setting next_dagrun for tutorial_dag to None, run_after=None
[2024-10-20T16:39:44.102+0000] {processor.py:179} INFO - Processing /home/airflow/.local/lib/python3.8/site-packages/airflow/example_dags/tutorial_dag.py took 0.119 seconds
[2024-10-20T16:40:15.036+0000] {processor.py:157} INFO - Started process (PID=150) to work on /home/airflow/.local/lib/python3.8/site-packages/airflow/example_dags/tutorial_dag.py
[2024-10-20T16:40:15.037+0000] {processor.py:829} INFO - Processing file /home/airflow/.local/lib/python3.8/site-packages/airflow/example_dags/tutorial_dag.py for tasks to queue
[2024-10-20T16:40:15.039+0000] {logging_mixin.py:154} INFO - [2024-10-20T16:40:15.039+0000] {dagbag.py:536} INFO - Filling up the DagBag from /home/airflow/.local/lib/python3.8/site-packages/airflow/example_dags/tutorial_dag.py
[2024-10-20T16:40:15.045+0000] {processor.py:839} INFO - DAG(s) dict_keys(['tutorial_dag']) retrieved from /home/airflow/.local/lib/python3.8/site-packages/airflow/example_dags/tutorial_dag.py
[2024-10-20T16:40:15.069+0000] {logging_mixin.py:154} INFO - [2024-10-20T16:40:15.069+0000] {dag.py:2941} INFO - Sync 1 DAGs
[2024-10-20T16:40:15.083+0000] {logging_mixin.py:154} INFO - [2024-10-20T16:40:15.083+0000] {dag.py:3722} INFO - Setting next_dagrun for tutorial_dag to None, run_after=None
[2024-10-20T16:40:15.108+0000] {processor.py:179} INFO - Processing /home/airflow/.local/lib/python3.8/site-packages/airflow/example_dags/tutorial_dag.py took 0.075 seconds
[2024-10-20T16:40:45.381+0000] {processor.py:157} INFO - Started process (PID=205) to work on /home/airflow/.local/lib/python3.8/site-packages/airflow/example_dags/tutorial_dag.py
[2024-10-20T16:40:45.382+0000] {processor.py:829} INFO - Processing file /home/airflow/.local/lib/python3.8/site-packages/airflow/example_dags/tutorial_dag.py for tasks to queue
[2024-10-20T16:40:45.385+0000] {logging_mixin.py:154} INFO - [2024-10-20T16:40:45.385+0000] {dagbag.py:536} INFO - Filling up the DagBag from /home/airflow/.local/lib/python3.8/site-packages/airflow/example_dags/tutorial_dag.py
[2024-10-20T16:40:45.391+0000] {processor.py:839} INFO - DAG(s) dict_keys(['tutorial_dag']) retrieved from /home/airflow/.local/lib/python3.8/site-packages/airflow/example_dags/tutorial_dag.py
[2024-10-20T16:40:45.418+0000] {logging_mixin.py:154} INFO - [2024-10-20T16:40:45.417+0000] {dag.py:2941} INFO - Sync 1 DAGs
[2024-10-20T16:40:45.436+0000] {logging_mixin.py:154} INFO - [2024-10-20T16:40:45.436+0000] {dag.py:3722} INFO - Setting next_dagrun for tutorial_dag to None, run_after=None
[2024-10-20T16:40:45.463+0000] {processor.py:179} INFO - Processing /home/airflow/.local/lib/python3.8/site-packages/airflow/example_dags/tutorial_dag.py took 0.084 seconds
[2024-10-20T16:41:15.633+0000] {processor.py:157} INFO - Started process (PID=261) to work on /home/airflow/.local/lib/python3.8/site-packages/airflow/example_dags/tutorial_dag.py
[2024-10-20T16:41:15.634+0000] {processor.py:829} INFO - Processing file /home/airflow/.local/lib/python3.8/site-packages/airflow/example_dags/tutorial_dag.py for tasks to queue
[2024-10-20T16:41:15.636+0000] {logging_mixin.py:154} INFO - [2024-10-20T16:41:15.636+0000] {dagbag.py:536} INFO - Filling up the DagBag from /home/airflow/.local/lib/python3.8/site-packages/airflow/example_dags/tutorial_dag.py
[2024-10-20T16:41:15.642+0000] {processor.py:839} INFO - DAG(s) dict_keys(['tutorial_dag']) retrieved from /home/airflow/.local/lib/python3.8/site-packages/airflow/example_dags/tutorial_dag.py
[2024-10-20T16:41:15.662+0000] {logging_mixin.py:154} INFO - [2024-10-20T16:41:15.662+0000] {dag.py:2941} INFO - Sync 1 DAGs
[2024-10-20T16:41:15.675+0000] {logging_mixin.py:154} INFO - [2024-10-20T16:41:15.674+0000] {dag.py:3722} INFO - Setting next_dagrun for tutorial_dag to None, run_after=None
[2024-10-20T16:41:15.698+0000] {processor.py:179} INFO - Processing /home/airflow/.local/lib/python3.8/site-packages/airflow/example_dags/tutorial_dag.py took 0.068 seconds
[2024-10-20T16:42:43.001+0000] {processor.py:157} INFO - Started process (PID=88) to work on /home/airflow/.local/lib/python3.8/site-packages/airflow/example_dags/tutorial_dag.py
[2024-10-20T16:42:43.002+0000] {processor.py:829} INFO - Processing file /home/airflow/.local/lib/python3.8/site-packages/airflow/example_dags/tutorial_dag.py for tasks to queue
[2024-10-20T16:42:43.004+0000] {logging_mixin.py:154} INFO - [2024-10-20T16:42:43.004+0000] {dagbag.py:536} INFO - Filling up the DagBag from /home/airflow/.local/lib/python3.8/site-packages/airflow/example_dags/tutorial_dag.py
[2024-10-20T16:42:43.013+0000] {processor.py:839} INFO - DAG(s) dict_keys(['tutorial_dag']) retrieved from /home/airflow/.local/lib/python3.8/site-packages/airflow/example_dags/tutorial_dag.py
[2024-10-20T16:42:43.044+0000] {logging_mixin.py:154} INFO - [2024-10-20T16:42:43.044+0000] {dag.py:2941} INFO - Sync 1 DAGs
[2024-10-20T16:42:43.058+0000] {logging_mixin.py:154} INFO - [2024-10-20T16:42:43.058+0000] {dag.py:3722} INFO - Setting next_dagrun for tutorial_dag to None, run_after=None
[2024-10-20T16:42:43.096+0000] {processor.py:179} INFO - Processing /home/airflow/.local/lib/python3.8/site-packages/airflow/example_dags/tutorial_dag.py took 0.098 seconds
[2024-10-20T16:43:13.201+0000] {processor.py:157} INFO - Started process (PID=142) to work on /home/airflow/.local/lib/python3.8/site-packages/airflow/example_dags/tutorial_dag.py
[2024-10-20T16:43:13.202+0000] {processor.py:829} INFO - Processing file /home/airflow/.local/lib/python3.8/site-packages/airflow/example_dags/tutorial_dag.py for tasks to queue
[2024-10-20T16:43:13.205+0000] {logging_mixin.py:154} INFO - [2024-10-20T16:43:13.205+0000] {dagbag.py:536} INFO - Filling up the DagBag from /home/airflow/.local/lib/python3.8/site-packages/airflow/example_dags/tutorial_dag.py
[2024-10-20T16:43:13.211+0000] {processor.py:839} INFO - DAG(s) dict_keys(['tutorial_dag']) retrieved from /home/airflow/.local/lib/python3.8/site-packages/airflow/example_dags/tutorial_dag.py
[2024-10-20T16:43:13.237+0000] {logging_mixin.py:154} INFO - [2024-10-20T16:43:13.237+0000] {dag.py:2941} INFO - Sync 1 DAGs
[2024-10-20T16:43:13.253+0000] {logging_mixin.py:154} INFO - [2024-10-20T16:43:13.253+0000] {dag.py:3722} INFO - Setting next_dagrun for tutorial_dag to None, run_after=None
[2024-10-20T16:43:13.287+0000] {processor.py:179} INFO - Processing /home/airflow/.local/lib/python3.8/site-packages/airflow/example_dags/tutorial_dag.py took 0.089 seconds
[2024-10-20T16:43:43.582+0000] {processor.py:157} INFO - Started process (PID=198) to work on /home/airflow/.local/lib/python3.8/site-packages/airflow/example_dags/tutorial_dag.py
[2024-10-20T16:43:43.584+0000] {processor.py:829} INFO - Processing file /home/airflow/.local/lib/python3.8/site-packages/airflow/example_dags/tutorial_dag.py for tasks to queue
[2024-10-20T16:43:43.588+0000] {logging_mixin.py:154} INFO - [2024-10-20T16:43:43.587+0000] {dagbag.py:536} INFO - Filling up the DagBag from /home/airflow/.local/lib/python3.8/site-packages/airflow/example_dags/tutorial_dag.py
[2024-10-20T16:43:43.597+0000] {processor.py:839} INFO - DAG(s) dict_keys(['tutorial_dag']) retrieved from /home/airflow/.local/lib/python3.8/site-packages/airflow/example_dags/tutorial_dag.py
[2024-10-20T16:43:43.632+0000] {logging_mixin.py:154} INFO - [2024-10-20T16:43:43.631+0000] {dag.py:2941} INFO - Sync 1 DAGs
[2024-10-20T16:43:43.650+0000] {logging_mixin.py:154} INFO - [2024-10-20T16:43:43.650+0000] {dag.py:3722} INFO - Setting next_dagrun for tutorial_dag to None, run_after=None
[2024-10-20T16:43:43.681+0000] {processor.py:179} INFO - Processing /home/airflow/.local/lib/python3.8/site-packages/airflow/example_dags/tutorial_dag.py took 0.102 seconds
[2024-10-20T16:44:14.010+0000] {processor.py:157} INFO - Started process (PID=254) to work on /home/airflow/.local/lib/python3.8/site-packages/airflow/example_dags/tutorial_dag.py
[2024-10-20T16:44:14.011+0000] {processor.py:829} INFO - Processing file /home/airflow/.local/lib/python3.8/site-packages/airflow/example_dags/tutorial_dag.py for tasks to queue
[2024-10-20T16:44:14.014+0000] {logging_mixin.py:154} INFO - [2024-10-20T16:44:14.014+0000] {dagbag.py:536} INFO - Filling up the DagBag from /home/airflow/.local/lib/python3.8/site-packages/airflow/example_dags/tutorial_dag.py
[2024-10-20T16:44:14.021+0000] {processor.py:839} INFO - DAG(s) dict_keys(['tutorial_dag']) retrieved from /home/airflow/.local/lib/python3.8/site-packages/airflow/example_dags/tutorial_dag.py
[2024-10-20T16:44:14.046+0000] {logging_mixin.py:154} INFO - [2024-10-20T16:44:14.046+0000] {dag.py:2941} INFO - Sync 1 DAGs
[2024-10-20T16:44:14.060+0000] {logging_mixin.py:154} INFO - [2024-10-20T16:44:14.059+0000] {dag.py:3722} INFO - Setting next_dagrun for tutorial_dag to None, run_after=None
[2024-10-20T16:44:14.086+0000] {processor.py:179} INFO - Processing /home/airflow/.local/lib/python3.8/site-packages/airflow/example_dags/tutorial_dag.py took 0.079 seconds
[2024-10-20T16:44:44.851+0000] {processor.py:157} INFO - Started process (PID=310) to work on /home/airflow/.local/lib/python3.8/site-packages/airflow/example_dags/tutorial_dag.py
[2024-10-20T16:44:44.852+0000] {processor.py:829} INFO - Processing file /home/airflow/.local/lib/python3.8/site-packages/airflow/example_dags/tutorial_dag.py for tasks to queue
[2024-10-20T16:44:44.854+0000] {logging_mixin.py:154} INFO - [2024-10-20T16:44:44.854+0000] {dagbag.py:536} INFO - Filling up the DagBag from /home/airflow/.local/lib/python3.8/site-packages/airflow/example_dags/tutorial_dag.py
[2024-10-20T16:44:44.860+0000] {processor.py:839} INFO - DAG(s) dict_keys(['tutorial_dag']) retrieved from /home/airflow/.local/lib/python3.8/site-packages/airflow/example_dags/tutorial_dag.py
[2024-10-20T16:44:44.882+0000] {logging_mixin.py:154} INFO - [2024-10-20T16:44:44.882+0000] {dag.py:2941} INFO - Sync 1 DAGs
[2024-10-20T16:44:44.897+0000] {logging_mixin.py:154} INFO - [2024-10-20T16:44:44.897+0000] {dag.py:3722} INFO - Setting next_dagrun for tutorial_dag to None, run_after=None
[2024-10-20T16:44:44.922+0000] {processor.py:179} INFO - Processing /home/airflow/.local/lib/python3.8/site-packages/airflow/example_dags/tutorial_dag.py took 0.073 seconds
[2024-10-20T16:45:52.127+0000] {processor.py:157} INFO - Started process (PID=90) to work on /home/airflow/.local/lib/python3.8/site-packages/airflow/example_dags/tutorial_dag.py
[2024-10-20T16:45:52.128+0000] {processor.py:829} INFO - Processing file /home/airflow/.local/lib/python3.8/site-packages/airflow/example_dags/tutorial_dag.py for tasks to queue
[2024-10-20T16:45:52.132+0000] {logging_mixin.py:154} INFO - [2024-10-20T16:45:52.132+0000] {dagbag.py:536} INFO - Filling up the DagBag from /home/airflow/.local/lib/python3.8/site-packages/airflow/example_dags/tutorial_dag.py
[2024-10-20T16:45:52.143+0000] {processor.py:839} INFO - DAG(s) dict_keys(['tutorial_dag']) retrieved from /home/airflow/.local/lib/python3.8/site-packages/airflow/example_dags/tutorial_dag.py
[2024-10-20T16:45:52.181+0000] {logging_mixin.py:154} INFO - [2024-10-20T16:45:52.181+0000] {dag.py:2941} INFO - Sync 1 DAGs
[2024-10-20T16:45:52.196+0000] {logging_mixin.py:154} INFO - [2024-10-20T16:45:52.196+0000] {dag.py:3722} INFO - Setting next_dagrun for tutorial_dag to None, run_after=None
[2024-10-20T16:45:52.231+0000] {processor.py:179} INFO - Processing /home/airflow/.local/lib/python3.8/site-packages/airflow/example_dags/tutorial_dag.py took 0.108 seconds
[2024-10-20T16:46:22.883+0000] {processor.py:157} INFO - Started process (PID=148) to work on /home/airflow/.local/lib/python3.8/site-packages/airflow/example_dags/tutorial_dag.py
[2024-10-20T16:46:22.884+0000] {processor.py:829} INFO - Processing file /home/airflow/.local/lib/python3.8/site-packages/airflow/example_dags/tutorial_dag.py for tasks to queue
[2024-10-20T16:46:22.886+0000] {logging_mixin.py:154} INFO - [2024-10-20T16:46:22.886+0000] {dagbag.py:536} INFO - Filling up the DagBag from /home/airflow/.local/lib/python3.8/site-packages/airflow/example_dags/tutorial_dag.py
[2024-10-20T16:46:22.890+0000] {processor.py:839} INFO - DAG(s) dict_keys(['tutorial_dag']) retrieved from /home/airflow/.local/lib/python3.8/site-packages/airflow/example_dags/tutorial_dag.py
[2024-10-20T16:46:22.911+0000] {logging_mixin.py:154} INFO - [2024-10-20T16:46:22.911+0000] {dag.py:2941} INFO - Sync 1 DAGs
[2024-10-20T16:46:22.923+0000] {logging_mixin.py:154} INFO - [2024-10-20T16:46:22.923+0000] {dag.py:3722} INFO - Setting next_dagrun for tutorial_dag to None, run_after=None
[2024-10-20T16:46:22.946+0000] {processor.py:179} INFO - Processing /home/airflow/.local/lib/python3.8/site-packages/airflow/example_dags/tutorial_dag.py took 0.065 seconds
[2024-10-20T16:47:56.679+0000] {processor.py:157} INFO - Started process (PID=90) to work on /home/airflow/.local/lib/python3.8/site-packages/airflow/example_dags/tutorial_dag.py
[2024-10-20T16:47:56.681+0000] {processor.py:829} INFO - Processing file /home/airflow/.local/lib/python3.8/site-packages/airflow/example_dags/tutorial_dag.py for tasks to queue
[2024-10-20T16:47:56.683+0000] {logging_mixin.py:154} INFO - [2024-10-20T16:47:56.683+0000] {dagbag.py:536} INFO - Filling up the DagBag from /home/airflow/.local/lib/python3.8/site-packages/airflow/example_dags/tutorial_dag.py
[2024-10-20T16:47:56.692+0000] {processor.py:839} INFO - DAG(s) dict_keys(['tutorial_dag']) retrieved from /home/airflow/.local/lib/python3.8/site-packages/airflow/example_dags/tutorial_dag.py
[2024-10-20T16:47:56.727+0000] {logging_mixin.py:154} INFO - [2024-10-20T16:47:56.727+0000] {dag.py:2941} INFO - Sync 1 DAGs
[2024-10-20T16:47:56.744+0000] {logging_mixin.py:154} INFO - [2024-10-20T16:47:56.744+0000] {dag.py:3722} INFO - Setting next_dagrun for tutorial_dag to None, run_after=None
[2024-10-20T16:47:56.777+0000] {processor.py:179} INFO - Processing /home/airflow/.local/lib/python3.8/site-packages/airflow/example_dags/tutorial_dag.py took 0.101 seconds
[2024-10-20T16:48:27.374+0000] {processor.py:157} INFO - Started process (PID=148) to work on /home/airflow/.local/lib/python3.8/site-packages/airflow/example_dags/tutorial_dag.py
[2024-10-20T16:48:27.375+0000] {processor.py:829} INFO - Processing file /home/airflow/.local/lib/python3.8/site-packages/airflow/example_dags/tutorial_dag.py for tasks to queue
[2024-10-20T16:48:27.378+0000] {logging_mixin.py:154} INFO - [2024-10-20T16:48:27.377+0000] {dagbag.py:536} INFO - Filling up the DagBag from /home/airflow/.local/lib/python3.8/site-packages/airflow/example_dags/tutorial_dag.py
[2024-10-20T16:48:27.383+0000] {processor.py:839} INFO - DAG(s) dict_keys(['tutorial_dag']) retrieved from /home/airflow/.local/lib/python3.8/site-packages/airflow/example_dags/tutorial_dag.py
[2024-10-20T16:48:27.406+0000] {logging_mixin.py:154} INFO - [2024-10-20T16:48:27.405+0000] {dag.py:2941} INFO - Sync 1 DAGs
[2024-10-20T16:48:27.418+0000] {logging_mixin.py:154} INFO - [2024-10-20T16:48:27.418+0000] {dag.py:3722} INFO - Setting next_dagrun for tutorial_dag to None, run_after=None
[2024-10-20T16:48:27.441+0000] {processor.py:179} INFO - Processing /home/airflow/.local/lib/python3.8/site-packages/airflow/example_dags/tutorial_dag.py took 0.070 seconds
[2024-10-20T16:58:38.489+0000] {processor.py:157} INFO - Started process (PID=102) to work on /home/airflow/.local/lib/python3.8/site-packages/airflow/example_dags/tutorial_dag.py
[2024-10-20T16:58:38.492+0000] {processor.py:829} INFO - Processing file /home/airflow/.local/lib/python3.8/site-packages/airflow/example_dags/tutorial_dag.py for tasks to queue
[2024-10-20T16:58:38.495+0000] {logging_mixin.py:154} INFO - [2024-10-20T16:58:38.495+0000] {dagbag.py:536} INFO - Filling up the DagBag from /home/airflow/.local/lib/python3.8/site-packages/airflow/example_dags/tutorial_dag.py
[2024-10-20T16:58:38.508+0000] {processor.py:839} INFO - DAG(s) dict_keys(['tutorial_dag']) retrieved from /home/airflow/.local/lib/python3.8/site-packages/airflow/example_dags/tutorial_dag.py
[2024-10-20T16:58:38.549+0000] {logging_mixin.py:154} INFO - [2024-10-20T16:58:38.549+0000] {dag.py:2941} INFO - Sync 1 DAGs
[2024-10-20T16:58:38.569+0000] {logging_mixin.py:154} INFO - [2024-10-20T16:58:38.569+0000] {dag.py:3722} INFO - Setting next_dagrun for tutorial_dag to None, run_after=None
[2024-10-20T16:58:38.605+0000] {processor.py:179} INFO - Processing /home/airflow/.local/lib/python3.8/site-packages/airflow/example_dags/tutorial_dag.py took 0.119 seconds
[2024-10-20T17:00:36.391+0000] {processor.py:157} INFO - Started process (PID=90) to work on /home/airflow/.local/lib/python3.8/site-packages/airflow/example_dags/tutorial_dag.py
[2024-10-20T17:00:36.392+0000] {processor.py:829} INFO - Processing file /home/airflow/.local/lib/python3.8/site-packages/airflow/example_dags/tutorial_dag.py for tasks to queue
[2024-10-20T17:00:36.396+0000] {logging_mixin.py:154} INFO - [2024-10-20T17:00:36.396+0000] {dagbag.py:536} INFO - Filling up the DagBag from /home/airflow/.local/lib/python3.8/site-packages/airflow/example_dags/tutorial_dag.py
[2024-10-20T17:00:36.412+0000] {processor.py:839} INFO - DAG(s) dict_keys(['tutorial_dag']) retrieved from /home/airflow/.local/lib/python3.8/site-packages/airflow/example_dags/tutorial_dag.py
[2024-10-20T17:00:36.469+0000] {logging_mixin.py:154} INFO - [2024-10-20T17:00:36.469+0000] {dag.py:2941} INFO - Sync 1 DAGs
[2024-10-20T17:00:36.504+0000] {logging_mixin.py:154} INFO - [2024-10-20T17:00:36.503+0000] {dag.py:3722} INFO - Setting next_dagrun for tutorial_dag to None, run_after=None
[2024-10-20T17:00:36.554+0000] {processor.py:179} INFO - Processing /home/airflow/.local/lib/python3.8/site-packages/airflow/example_dags/tutorial_dag.py took 0.167 seconds
[2024-10-20T17:01:07.116+0000] {processor.py:157} INFO - Started process (PID=151) to work on /home/airflow/.local/lib/python3.8/site-packages/airflow/example_dags/tutorial_dag.py
[2024-10-20T17:01:07.117+0000] {processor.py:829} INFO - Processing file /home/airflow/.local/lib/python3.8/site-packages/airflow/example_dags/tutorial_dag.py for tasks to queue
[2024-10-20T17:01:07.119+0000] {logging_mixin.py:154} INFO - [2024-10-20T17:01:07.119+0000] {dagbag.py:536} INFO - Filling up the DagBag from /home/airflow/.local/lib/python3.8/site-packages/airflow/example_dags/tutorial_dag.py
[2024-10-20T17:01:07.123+0000] {processor.py:839} INFO - DAG(s) dict_keys(['tutorial_dag']) retrieved from /home/airflow/.local/lib/python3.8/site-packages/airflow/example_dags/tutorial_dag.py
[2024-10-20T17:01:07.142+0000] {logging_mixin.py:154} INFO - [2024-10-20T17:01:07.142+0000] {dag.py:2941} INFO - Sync 1 DAGs
[2024-10-20T17:01:07.153+0000] {logging_mixin.py:154} INFO - [2024-10-20T17:01:07.153+0000] {dag.py:3722} INFO - Setting next_dagrun for tutorial_dag to None, run_after=None
[2024-10-20T17:01:07.172+0000] {processor.py:179} INFO - Processing /home/airflow/.local/lib/python3.8/site-packages/airflow/example_dags/tutorial_dag.py took 0.058 seconds
[2024-10-20T17:01:37.792+0000] {processor.py:157} INFO - Started process (PID=209) to work on /home/airflow/.local/lib/python3.8/site-packages/airflow/example_dags/tutorial_dag.py
[2024-10-20T17:01:37.793+0000] {processor.py:829} INFO - Processing file /home/airflow/.local/lib/python3.8/site-packages/airflow/example_dags/tutorial_dag.py for tasks to queue
[2024-10-20T17:01:37.794+0000] {logging_mixin.py:154} INFO - [2024-10-20T17:01:37.794+0000] {dagbag.py:536} INFO - Filling up the DagBag from /home/airflow/.local/lib/python3.8/site-packages/airflow/example_dags/tutorial_dag.py
[2024-10-20T17:01:37.801+0000] {processor.py:839} INFO - DAG(s) dict_keys(['tutorial_dag']) retrieved from /home/airflow/.local/lib/python3.8/site-packages/airflow/example_dags/tutorial_dag.py
[2024-10-20T17:01:37.830+0000] {logging_mixin.py:154} INFO - [2024-10-20T17:01:37.830+0000] {dag.py:2941} INFO - Sync 1 DAGs
[2024-10-20T17:01:37.846+0000] {logging_mixin.py:154} INFO - [2024-10-20T17:01:37.845+0000] {dag.py:3722} INFO - Setting next_dagrun for tutorial_dag to None, run_after=None
[2024-10-20T17:01:37.876+0000] {processor.py:179} INFO - Processing /home/airflow/.local/lib/python3.8/site-packages/airflow/example_dags/tutorial_dag.py took 0.090 seconds
[2024-10-20T17:02:08.817+0000] {processor.py:157} INFO - Started process (PID=278) to work on /home/airflow/.local/lib/python3.8/site-packages/airflow/example_dags/tutorial_dag.py
[2024-10-20T17:02:08.818+0000] {processor.py:829} INFO - Processing file /home/airflow/.local/lib/python3.8/site-packages/airflow/example_dags/tutorial_dag.py for tasks to queue
[2024-10-20T17:02:08.820+0000] {logging_mixin.py:154} INFO - [2024-10-20T17:02:08.819+0000] {dagbag.py:536} INFO - Filling up the DagBag from /home/airflow/.local/lib/python3.8/site-packages/airflow/example_dags/tutorial_dag.py
[2024-10-20T17:02:08.825+0000] {processor.py:839} INFO - DAG(s) dict_keys(['tutorial_dag']) retrieved from /home/airflow/.local/lib/python3.8/site-packages/airflow/example_dags/tutorial_dag.py
[2024-10-20T17:02:08.850+0000] {logging_mixin.py:154} INFO - [2024-10-20T17:02:08.850+0000] {dag.py:2941} INFO - Sync 1 DAGs
[2024-10-20T17:02:08.865+0000] {logging_mixin.py:154} INFO - [2024-10-20T17:02:08.865+0000] {dag.py:3722} INFO - Setting next_dagrun for tutorial_dag to None, run_after=None
[2024-10-20T17:02:08.932+0000] {processor.py:179} INFO - Processing /home/airflow/.local/lib/python3.8/site-packages/airflow/example_dags/tutorial_dag.py took 0.118 seconds
[2024-10-20T17:02:39.675+0000] {processor.py:157} INFO - Started process (PID=336) to work on /home/airflow/.local/lib/python3.8/site-packages/airflow/example_dags/tutorial_dag.py
[2024-10-20T17:02:39.676+0000] {processor.py:829} INFO - Processing file /home/airflow/.local/lib/python3.8/site-packages/airflow/example_dags/tutorial_dag.py for tasks to queue
[2024-10-20T17:02:39.677+0000] {logging_mixin.py:154} INFO - [2024-10-20T17:02:39.677+0000] {dagbag.py:536} INFO - Filling up the DagBag from /home/airflow/.local/lib/python3.8/site-packages/airflow/example_dags/tutorial_dag.py
[2024-10-20T17:02:39.682+0000] {processor.py:839} INFO - DAG(s) dict_keys(['tutorial_dag']) retrieved from /home/airflow/.local/lib/python3.8/site-packages/airflow/example_dags/tutorial_dag.py
[2024-10-20T17:02:39.706+0000] {logging_mixin.py:154} INFO - [2024-10-20T17:02:39.706+0000] {dag.py:2941} INFO - Sync 1 DAGs
[2024-10-20T17:02:39.720+0000] {logging_mixin.py:154} INFO - [2024-10-20T17:02:39.720+0000] {dag.py:3722} INFO - Setting next_dagrun for tutorial_dag to None, run_after=None
[2024-10-20T17:02:39.750+0000] {processor.py:179} INFO - Processing /home/airflow/.local/lib/python3.8/site-packages/airflow/example_dags/tutorial_dag.py took 0.079 seconds
[2024-10-20T17:03:10.441+0000] {processor.py:157} INFO - Started process (PID=394) to work on /home/airflow/.local/lib/python3.8/site-packages/airflow/example_dags/tutorial_dag.py
[2024-10-20T17:03:10.442+0000] {processor.py:829} INFO - Processing file /home/airflow/.local/lib/python3.8/site-packages/airflow/example_dags/tutorial_dag.py for tasks to queue
[2024-10-20T17:03:10.444+0000] {logging_mixin.py:154} INFO - [2024-10-20T17:03:10.443+0000] {dagbag.py:536} INFO - Filling up the DagBag from /home/airflow/.local/lib/python3.8/site-packages/airflow/example_dags/tutorial_dag.py
[2024-10-20T17:03:10.448+0000] {processor.py:839} INFO - DAG(s) dict_keys(['tutorial_dag']) retrieved from /home/airflow/.local/lib/python3.8/site-packages/airflow/example_dags/tutorial_dag.py
[2024-10-20T17:03:10.470+0000] {logging_mixin.py:154} INFO - [2024-10-20T17:03:10.469+0000] {dag.py:2941} INFO - Sync 1 DAGs
[2024-10-20T17:03:10.482+0000] {logging_mixin.py:154} INFO - [2024-10-20T17:03:10.482+0000] {dag.py:3722} INFO - Setting next_dagrun for tutorial_dag to None, run_after=None
[2024-10-20T17:03:10.504+0000] {processor.py:179} INFO - Processing /home/airflow/.local/lib/python3.8/site-packages/airflow/example_dags/tutorial_dag.py took 0.065 seconds
[2024-10-20T17:03:40.789+0000] {processor.py:157} INFO - Started process (PID=452) to work on /home/airflow/.local/lib/python3.8/site-packages/airflow/example_dags/tutorial_dag.py
[2024-10-20T17:03:40.790+0000] {processor.py:829} INFO - Processing file /home/airflow/.local/lib/python3.8/site-packages/airflow/example_dags/tutorial_dag.py for tasks to queue
[2024-10-20T17:03:40.791+0000] {logging_mixin.py:154} INFO - [2024-10-20T17:03:40.791+0000] {dagbag.py:536} INFO - Filling up the DagBag from /home/airflow/.local/lib/python3.8/site-packages/airflow/example_dags/tutorial_dag.py
[2024-10-20T17:03:40.795+0000] {processor.py:839} INFO - DAG(s) dict_keys(['tutorial_dag']) retrieved from /home/airflow/.local/lib/python3.8/site-packages/airflow/example_dags/tutorial_dag.py
[2024-10-20T17:03:40.814+0000] {logging_mixin.py:154} INFO - [2024-10-20T17:03:40.813+0000] {dag.py:2941} INFO - Sync 1 DAGs
[2024-10-20T17:03:40.824+0000] {logging_mixin.py:154} INFO - [2024-10-20T17:03:40.824+0000] {dag.py:3722} INFO - Setting next_dagrun for tutorial_dag to None, run_after=None
[2024-10-20T17:03:40.843+0000] {processor.py:179} INFO - Processing /home/airflow/.local/lib/python3.8/site-packages/airflow/example_dags/tutorial_dag.py took 0.056 seconds
[2024-10-20T17:04:10.978+0000] {processor.py:157} INFO - Started process (PID=510) to work on /home/airflow/.local/lib/python3.8/site-packages/airflow/example_dags/tutorial_dag.py
[2024-10-20T17:04:10.980+0000] {processor.py:829} INFO - Processing file /home/airflow/.local/lib/python3.8/site-packages/airflow/example_dags/tutorial_dag.py for tasks to queue
[2024-10-20T17:04:10.980+0000] {logging_mixin.py:154} INFO - [2024-10-20T17:04:10.980+0000] {dagbag.py:536} INFO - Filling up the DagBag from /home/airflow/.local/lib/python3.8/site-packages/airflow/example_dags/tutorial_dag.py
[2024-10-20T17:04:10.985+0000] {processor.py:839} INFO - DAG(s) dict_keys(['tutorial_dag']) retrieved from /home/airflow/.local/lib/python3.8/site-packages/airflow/example_dags/tutorial_dag.py
[2024-10-20T17:04:11.008+0000] {logging_mixin.py:154} INFO - [2024-10-20T17:04:11.008+0000] {dag.py:2941} INFO - Sync 1 DAGs
[2024-10-20T17:04:11.022+0000] {logging_mixin.py:154} INFO - [2024-10-20T17:04:11.022+0000] {dag.py:3722} INFO - Setting next_dagrun for tutorial_dag to None, run_after=None
[2024-10-20T17:04:11.043+0000] {processor.py:179} INFO - Processing /home/airflow/.local/lib/python3.8/site-packages/airflow/example_dags/tutorial_dag.py took 0.069 seconds
[2024-10-20T17:04:41.541+0000] {processor.py:157} INFO - Started process (PID=567) to work on /home/airflow/.local/lib/python3.8/site-packages/airflow/example_dags/tutorial_dag.py
[2024-10-20T17:04:41.541+0000] {processor.py:829} INFO - Processing file /home/airflow/.local/lib/python3.8/site-packages/airflow/example_dags/tutorial_dag.py for tasks to queue
[2024-10-20T17:04:41.543+0000] {logging_mixin.py:154} INFO - [2024-10-20T17:04:41.542+0000] {dagbag.py:536} INFO - Filling up the DagBag from /home/airflow/.local/lib/python3.8/site-packages/airflow/example_dags/tutorial_dag.py
[2024-10-20T17:04:41.548+0000] {processor.py:839} INFO - DAG(s) dict_keys(['tutorial_dag']) retrieved from /home/airflow/.local/lib/python3.8/site-packages/airflow/example_dags/tutorial_dag.py
[2024-10-20T17:04:41.569+0000] {logging_mixin.py:154} INFO - [2024-10-20T17:04:41.569+0000] {dag.py:2941} INFO - Sync 1 DAGs
[2024-10-20T17:04:41.585+0000] {logging_mixin.py:154} INFO - [2024-10-20T17:04:41.585+0000] {dag.py:3722} INFO - Setting next_dagrun for tutorial_dag to None, run_after=None
[2024-10-20T17:04:41.619+0000] {processor.py:179} INFO - Processing /home/airflow/.local/lib/python3.8/site-packages/airflow/example_dags/tutorial_dag.py took 0.083 seconds
[2024-10-20T17:05:11.715+0000] {processor.py:157} INFO - Started process (PID=624) to work on /home/airflow/.local/lib/python3.8/site-packages/airflow/example_dags/tutorial_dag.py
[2024-10-20T17:05:11.717+0000] {processor.py:829} INFO - Processing file /home/airflow/.local/lib/python3.8/site-packages/airflow/example_dags/tutorial_dag.py for tasks to queue
[2024-10-20T17:05:11.719+0000] {logging_mixin.py:154} INFO - [2024-10-20T17:05:11.718+0000] {dagbag.py:536} INFO - Filling up the DagBag from /home/airflow/.local/lib/python3.8/site-packages/airflow/example_dags/tutorial_dag.py
[2024-10-20T17:05:11.724+0000] {processor.py:839} INFO - DAG(s) dict_keys(['tutorial_dag']) retrieved from /home/airflow/.local/lib/python3.8/site-packages/airflow/example_dags/tutorial_dag.py
[2024-10-20T17:05:11.759+0000] {logging_mixin.py:154} INFO - [2024-10-20T17:05:11.759+0000] {dag.py:2941} INFO - Sync 1 DAGs
[2024-10-20T17:05:11.780+0000] {logging_mixin.py:154} INFO - [2024-10-20T17:05:11.780+0000] {dag.py:3722} INFO - Setting next_dagrun for tutorial_dag to None, run_after=None
[2024-10-20T17:05:11.833+0000] {processor.py:179} INFO - Processing /home/airflow/.local/lib/python3.8/site-packages/airflow/example_dags/tutorial_dag.py took 0.125 seconds
[2024-10-20T17:05:42.226+0000] {processor.py:157} INFO - Started process (PID=682) to work on /home/airflow/.local/lib/python3.8/site-packages/airflow/example_dags/tutorial_dag.py
[2024-10-20T17:05:42.227+0000] {processor.py:829} INFO - Processing file /home/airflow/.local/lib/python3.8/site-packages/airflow/example_dags/tutorial_dag.py for tasks to queue
[2024-10-20T17:05:42.228+0000] {logging_mixin.py:154} INFO - [2024-10-20T17:05:42.227+0000] {dagbag.py:536} INFO - Filling up the DagBag from /home/airflow/.local/lib/python3.8/site-packages/airflow/example_dags/tutorial_dag.py
[2024-10-20T17:05:42.231+0000] {processor.py:839} INFO - DAG(s) dict_keys(['tutorial_dag']) retrieved from /home/airflow/.local/lib/python3.8/site-packages/airflow/example_dags/tutorial_dag.py
[2024-10-20T17:05:42.251+0000] {logging_mixin.py:154} INFO - [2024-10-20T17:05:42.251+0000] {dag.py:2941} INFO - Sync 1 DAGs
[2024-10-20T17:05:42.262+0000] {logging_mixin.py:154} INFO - [2024-10-20T17:05:42.262+0000] {dag.py:3722} INFO - Setting next_dagrun for tutorial_dag to None, run_after=None
[2024-10-20T17:05:42.284+0000] {processor.py:179} INFO - Processing /home/airflow/.local/lib/python3.8/site-packages/airflow/example_dags/tutorial_dag.py took 0.061 seconds
[2024-10-20T17:06:12.903+0000] {processor.py:157} INFO - Started process (PID=748) to work on /home/airflow/.local/lib/python3.8/site-packages/airflow/example_dags/tutorial_dag.py
[2024-10-20T17:06:12.904+0000] {processor.py:829} INFO - Processing file /home/airflow/.local/lib/python3.8/site-packages/airflow/example_dags/tutorial_dag.py for tasks to queue
[2024-10-20T17:06:12.905+0000] {logging_mixin.py:154} INFO - [2024-10-20T17:06:12.904+0000] {dagbag.py:536} INFO - Filling up the DagBag from /home/airflow/.local/lib/python3.8/site-packages/airflow/example_dags/tutorial_dag.py
[2024-10-20T17:06:12.909+0000] {processor.py:839} INFO - DAG(s) dict_keys(['tutorial_dag']) retrieved from /home/airflow/.local/lib/python3.8/site-packages/airflow/example_dags/tutorial_dag.py
[2024-10-20T17:06:12.931+0000] {logging_mixin.py:154} INFO - [2024-10-20T17:06:12.931+0000] {dag.py:2941} INFO - Sync 1 DAGs
[2024-10-20T17:06:12.943+0000] {logging_mixin.py:154} INFO - [2024-10-20T17:06:12.943+0000] {dag.py:3722} INFO - Setting next_dagrun for tutorial_dag to None, run_after=None
[2024-10-20T17:06:12.966+0000] {processor.py:179} INFO - Processing /home/airflow/.local/lib/python3.8/site-packages/airflow/example_dags/tutorial_dag.py took 0.066 seconds
[2024-10-20T17:06:43.662+0000] {processor.py:157} INFO - Started process (PID=806) to work on /home/airflow/.local/lib/python3.8/site-packages/airflow/example_dags/tutorial_dag.py
[2024-10-20T17:06:43.663+0000] {processor.py:829} INFO - Processing file /home/airflow/.local/lib/python3.8/site-packages/airflow/example_dags/tutorial_dag.py for tasks to queue
[2024-10-20T17:06:43.664+0000] {logging_mixin.py:154} INFO - [2024-10-20T17:06:43.664+0000] {dagbag.py:536} INFO - Filling up the DagBag from /home/airflow/.local/lib/python3.8/site-packages/airflow/example_dags/tutorial_dag.py
[2024-10-20T17:06:43.668+0000] {processor.py:839} INFO - DAG(s) dict_keys(['tutorial_dag']) retrieved from /home/airflow/.local/lib/python3.8/site-packages/airflow/example_dags/tutorial_dag.py
[2024-10-20T17:06:43.691+0000] {logging_mixin.py:154} INFO - [2024-10-20T17:06:43.691+0000] {dag.py:2941} INFO - Sync 1 DAGs
[2024-10-20T17:06:43.703+0000] {logging_mixin.py:154} INFO - [2024-10-20T17:06:43.702+0000] {dag.py:3722} INFO - Setting next_dagrun for tutorial_dag to None, run_after=None
[2024-10-20T17:06:43.723+0000] {processor.py:179} INFO - Processing /home/airflow/.local/lib/python3.8/site-packages/airflow/example_dags/tutorial_dag.py took 0.064 seconds
[2024-10-20T17:07:14.379+0000] {processor.py:157} INFO - Started process (PID=876) to work on /home/airflow/.local/lib/python3.8/site-packages/airflow/example_dags/tutorial_dag.py
[2024-10-20T17:07:14.380+0000] {processor.py:829} INFO - Processing file /home/airflow/.local/lib/python3.8/site-packages/airflow/example_dags/tutorial_dag.py for tasks to queue
[2024-10-20T17:07:14.381+0000] {logging_mixin.py:154} INFO - [2024-10-20T17:07:14.381+0000] {dagbag.py:536} INFO - Filling up the DagBag from /home/airflow/.local/lib/python3.8/site-packages/airflow/example_dags/tutorial_dag.py
[2024-10-20T17:07:14.386+0000] {processor.py:839} INFO - DAG(s) dict_keys(['tutorial_dag']) retrieved from /home/airflow/.local/lib/python3.8/site-packages/airflow/example_dags/tutorial_dag.py
[2024-10-20T17:07:14.411+0000] {logging_mixin.py:154} INFO - [2024-10-20T17:07:14.411+0000] {dag.py:2941} INFO - Sync 1 DAGs
[2024-10-20T17:07:14.422+0000] {logging_mixin.py:154} INFO - [2024-10-20T17:07:14.422+0000] {dag.py:3722} INFO - Setting next_dagrun for tutorial_dag to None, run_after=None
[2024-10-20T17:07:14.445+0000] {processor.py:179} INFO - Processing /home/airflow/.local/lib/python3.8/site-packages/airflow/example_dags/tutorial_dag.py took 0.069 seconds
[2024-10-20T17:07:45.169+0000] {processor.py:157} INFO - Started process (PID=960) to work on /home/airflow/.local/lib/python3.8/site-packages/airflow/example_dags/tutorial_dag.py
[2024-10-20T17:07:45.173+0000] {processor.py:829} INFO - Processing file /home/airflow/.local/lib/python3.8/site-packages/airflow/example_dags/tutorial_dag.py for tasks to queue
[2024-10-20T17:07:45.176+0000] {logging_mixin.py:154} INFO - [2024-10-20T17:07:45.176+0000] {dagbag.py:536} INFO - Filling up the DagBag from /home/airflow/.local/lib/python3.8/site-packages/airflow/example_dags/tutorial_dag.py
[2024-10-20T17:07:45.188+0000] {processor.py:839} INFO - DAG(s) dict_keys(['tutorial_dag']) retrieved from /home/airflow/.local/lib/python3.8/site-packages/airflow/example_dags/tutorial_dag.py
[2024-10-20T17:07:45.249+0000] {logging_mixin.py:154} INFO - [2024-10-20T17:07:45.249+0000] {dag.py:2941} INFO - Sync 1 DAGs
[2024-10-20T17:07:45.286+0000] {logging_mixin.py:154} INFO - [2024-10-20T17:07:45.286+0000] {dag.py:3722} INFO - Setting next_dagrun for tutorial_dag to None, run_after=None
[2024-10-20T17:07:45.353+0000] {processor.py:179} INFO - Processing /home/airflow/.local/lib/python3.8/site-packages/airflow/example_dags/tutorial_dag.py took 0.195 seconds
[2024-10-20T17:09:00.949+0000] {processor.py:157} INFO - Started process (PID=90) to work on /home/airflow/.local/lib/python3.8/site-packages/airflow/example_dags/tutorial_dag.py
[2024-10-20T17:09:00.951+0000] {processor.py:829} INFO - Processing file /home/airflow/.local/lib/python3.8/site-packages/airflow/example_dags/tutorial_dag.py for tasks to queue
[2024-10-20T17:09:00.954+0000] {logging_mixin.py:154} INFO - [2024-10-20T17:09:00.953+0000] {dagbag.py:536} INFO - Filling up the DagBag from /home/airflow/.local/lib/python3.8/site-packages/airflow/example_dags/tutorial_dag.py
[2024-10-20T17:09:00.963+0000] {processor.py:839} INFO - DAG(s) dict_keys(['tutorial_dag']) retrieved from /home/airflow/.local/lib/python3.8/site-packages/airflow/example_dags/tutorial_dag.py
[2024-10-20T17:09:00.994+0000] {logging_mixin.py:154} INFO - [2024-10-20T17:09:00.994+0000] {dag.py:2941} INFO - Sync 1 DAGs
[2024-10-20T17:09:01.009+0000] {logging_mixin.py:154} INFO - [2024-10-20T17:09:01.009+0000] {dag.py:3722} INFO - Setting next_dagrun for tutorial_dag to None, run_after=None
[2024-10-20T17:09:01.035+0000] {processor.py:179} INFO - Processing /home/airflow/.local/lib/python3.8/site-packages/airflow/example_dags/tutorial_dag.py took 0.090 seconds
[2024-10-20T17:09:31.755+0000] {processor.py:157} INFO - Started process (PID=148) to work on /home/airflow/.local/lib/python3.8/site-packages/airflow/example_dags/tutorial_dag.py
[2024-10-20T17:09:31.756+0000] {processor.py:829} INFO - Processing file /home/airflow/.local/lib/python3.8/site-packages/airflow/example_dags/tutorial_dag.py for tasks to queue
[2024-10-20T17:09:31.759+0000] {logging_mixin.py:154} INFO - [2024-10-20T17:09:31.758+0000] {dagbag.py:536} INFO - Filling up the DagBag from /home/airflow/.local/lib/python3.8/site-packages/airflow/example_dags/tutorial_dag.py
[2024-10-20T17:09:31.764+0000] {processor.py:839} INFO - DAG(s) dict_keys(['tutorial_dag']) retrieved from /home/airflow/.local/lib/python3.8/site-packages/airflow/example_dags/tutorial_dag.py
[2024-10-20T17:09:31.792+0000] {logging_mixin.py:154} INFO - [2024-10-20T17:09:31.792+0000] {dag.py:2941} INFO - Sync 1 DAGs
[2024-10-20T17:09:31.806+0000] {logging_mixin.py:154} INFO - [2024-10-20T17:09:31.805+0000] {dag.py:3722} INFO - Setting next_dagrun for tutorial_dag to None, run_after=None
[2024-10-20T17:09:31.830+0000] {processor.py:179} INFO - Processing /home/airflow/.local/lib/python3.8/site-packages/airflow/example_dags/tutorial_dag.py took 0.078 seconds
[2024-10-20T17:10:02.836+0000] {processor.py:157} INFO - Started process (PID=206) to work on /home/airflow/.local/lib/python3.8/site-packages/airflow/example_dags/tutorial_dag.py
[2024-10-20T17:10:02.837+0000] {processor.py:829} INFO - Processing file /home/airflow/.local/lib/python3.8/site-packages/airflow/example_dags/tutorial_dag.py for tasks to queue
[2024-10-20T17:10:02.842+0000] {logging_mixin.py:154} INFO - [2024-10-20T17:10:02.842+0000] {dagbag.py:536} INFO - Filling up the DagBag from /home/airflow/.local/lib/python3.8/site-packages/airflow/example_dags/tutorial_dag.py
[2024-10-20T17:10:02.853+0000] {processor.py:839} INFO - DAG(s) dict_keys(['tutorial_dag']) retrieved from /home/airflow/.local/lib/python3.8/site-packages/airflow/example_dags/tutorial_dag.py
[2024-10-20T17:10:02.885+0000] {logging_mixin.py:154} INFO - [2024-10-20T17:10:02.884+0000] {dag.py:2941} INFO - Sync 1 DAGs
[2024-10-20T17:10:02.900+0000] {logging_mixin.py:154} INFO - [2024-10-20T17:10:02.900+0000] {dag.py:3722} INFO - Setting next_dagrun for tutorial_dag to None, run_after=None
[2024-10-20T17:10:02.924+0000] {processor.py:179} INFO - Processing /home/airflow/.local/lib/python3.8/site-packages/airflow/example_dags/tutorial_dag.py took 0.092 seconds
[2024-10-20T17:10:33.383+0000] {processor.py:157} INFO - Started process (PID=264) to work on /home/airflow/.local/lib/python3.8/site-packages/airflow/example_dags/tutorial_dag.py
[2024-10-20T17:10:33.384+0000] {processor.py:829} INFO - Processing file /home/airflow/.local/lib/python3.8/site-packages/airflow/example_dags/tutorial_dag.py for tasks to queue
[2024-10-20T17:10:33.386+0000] {logging_mixin.py:154} INFO - [2024-10-20T17:10:33.386+0000] {dagbag.py:536} INFO - Filling up the DagBag from /home/airflow/.local/lib/python3.8/site-packages/airflow/example_dags/tutorial_dag.py
[2024-10-20T17:10:33.391+0000] {processor.py:839} INFO - DAG(s) dict_keys(['tutorial_dag']) retrieved from /home/airflow/.local/lib/python3.8/site-packages/airflow/example_dags/tutorial_dag.py
[2024-10-20T17:10:33.412+0000] {logging_mixin.py:154} INFO - [2024-10-20T17:10:33.412+0000] {dag.py:2941} INFO - Sync 1 DAGs
[2024-10-20T17:10:33.424+0000] {logging_mixin.py:154} INFO - [2024-10-20T17:10:33.424+0000] {dag.py:3722} INFO - Setting next_dagrun for tutorial_dag to None, run_after=None
[2024-10-20T17:10:33.446+0000] {processor.py:179} INFO - Processing /home/airflow/.local/lib/python3.8/site-packages/airflow/example_dags/tutorial_dag.py took 0.065 seconds
[2024-10-20T17:11:04.244+0000] {processor.py:157} INFO - Started process (PID=322) to work on /home/airflow/.local/lib/python3.8/site-packages/airflow/example_dags/tutorial_dag.py
[2024-10-20T17:11:04.245+0000] {processor.py:829} INFO - Processing file /home/airflow/.local/lib/python3.8/site-packages/airflow/example_dags/tutorial_dag.py for tasks to queue
[2024-10-20T17:11:04.247+0000] {logging_mixin.py:154} INFO - [2024-10-20T17:11:04.246+0000] {dagbag.py:536} INFO - Filling up the DagBag from /home/airflow/.local/lib/python3.8/site-packages/airflow/example_dags/tutorial_dag.py
[2024-10-20T17:11:04.252+0000] {processor.py:839} INFO - DAG(s) dict_keys(['tutorial_dag']) retrieved from /home/airflow/.local/lib/python3.8/site-packages/airflow/example_dags/tutorial_dag.py
[2024-10-20T17:11:04.277+0000] {logging_mixin.py:154} INFO - [2024-10-20T17:11:04.277+0000] {dag.py:2941} INFO - Sync 1 DAGs
[2024-10-20T17:11:04.291+0000] {logging_mixin.py:154} INFO - [2024-10-20T17:11:04.290+0000] {dag.py:3722} INFO - Setting next_dagrun for tutorial_dag to None, run_after=None
[2024-10-20T17:11:04.313+0000] {processor.py:179} INFO - Processing /home/airflow/.local/lib/python3.8/site-packages/airflow/example_dags/tutorial_dag.py took 0.073 seconds
[2024-10-20T17:11:34.800+0000] {processor.py:157} INFO - Started process (PID=380) to work on /home/airflow/.local/lib/python3.8/site-packages/airflow/example_dags/tutorial_dag.py
[2024-10-20T17:11:34.802+0000] {processor.py:829} INFO - Processing file /home/airflow/.local/lib/python3.8/site-packages/airflow/example_dags/tutorial_dag.py for tasks to queue
[2024-10-20T17:11:34.804+0000] {logging_mixin.py:154} INFO - [2024-10-20T17:11:34.803+0000] {dagbag.py:536} INFO - Filling up the DagBag from /home/airflow/.local/lib/python3.8/site-packages/airflow/example_dags/tutorial_dag.py
[2024-10-20T17:11:34.809+0000] {processor.py:839} INFO - DAG(s) dict_keys(['tutorial_dag']) retrieved from /home/airflow/.local/lib/python3.8/site-packages/airflow/example_dags/tutorial_dag.py
[2024-10-20T17:11:34.830+0000] {logging_mixin.py:154} INFO - [2024-10-20T17:11:34.830+0000] {dag.py:2941} INFO - Sync 1 DAGs
[2024-10-20T17:11:34.843+0000] {logging_mixin.py:154} INFO - [2024-10-20T17:11:34.842+0000] {dag.py:3722} INFO - Setting next_dagrun for tutorial_dag to None, run_after=None
[2024-10-20T17:11:34.866+0000] {processor.py:179} INFO - Processing /home/airflow/.local/lib/python3.8/site-packages/airflow/example_dags/tutorial_dag.py took 0.068 seconds
[2024-10-20T17:12:05.506+0000] {processor.py:157} INFO - Started process (PID=446) to work on /home/airflow/.local/lib/python3.8/site-packages/airflow/example_dags/tutorial_dag.py
[2024-10-20T17:12:05.507+0000] {processor.py:829} INFO - Processing file /home/airflow/.local/lib/python3.8/site-packages/airflow/example_dags/tutorial_dag.py for tasks to queue
[2024-10-20T17:12:05.509+0000] {logging_mixin.py:154} INFO - [2024-10-20T17:12:05.509+0000] {dagbag.py:536} INFO - Filling up the DagBag from /home/airflow/.local/lib/python3.8/site-packages/airflow/example_dags/tutorial_dag.py
[2024-10-20T17:12:05.514+0000] {processor.py:839} INFO - DAG(s) dict_keys(['tutorial_dag']) retrieved from /home/airflow/.local/lib/python3.8/site-packages/airflow/example_dags/tutorial_dag.py
[2024-10-20T17:12:05.535+0000] {logging_mixin.py:154} INFO - [2024-10-20T17:12:05.535+0000] {dag.py:2941} INFO - Sync 1 DAGs
[2024-10-20T17:12:05.547+0000] {logging_mixin.py:154} INFO - [2024-10-20T17:12:05.547+0000] {dag.py:3722} INFO - Setting next_dagrun for tutorial_dag to None, run_after=None
[2024-10-20T17:12:05.569+0000] {processor.py:179} INFO - Processing /home/airflow/.local/lib/python3.8/site-packages/airflow/example_dags/tutorial_dag.py took 0.066 seconds
[2024-10-20T17:12:36.331+0000] {processor.py:157} INFO - Started process (PID=504) to work on /home/airflow/.local/lib/python3.8/site-packages/airflow/example_dags/tutorial_dag.py
[2024-10-20T17:12:36.332+0000] {processor.py:829} INFO - Processing file /home/airflow/.local/lib/python3.8/site-packages/airflow/example_dags/tutorial_dag.py for tasks to queue
[2024-10-20T17:12:36.335+0000] {logging_mixin.py:154} INFO - [2024-10-20T17:12:36.335+0000] {dagbag.py:536} INFO - Filling up the DagBag from /home/airflow/.local/lib/python3.8/site-packages/airflow/example_dags/tutorial_dag.py
[2024-10-20T17:12:36.341+0000] {processor.py:839} INFO - DAG(s) dict_keys(['tutorial_dag']) retrieved from /home/airflow/.local/lib/python3.8/site-packages/airflow/example_dags/tutorial_dag.py
[2024-10-20T17:12:36.366+0000] {logging_mixin.py:154} INFO - [2024-10-20T17:12:36.365+0000] {dag.py:2941} INFO - Sync 1 DAGs
[2024-10-20T17:12:36.380+0000] {logging_mixin.py:154} INFO - [2024-10-20T17:12:36.380+0000] {dag.py:3722} INFO - Setting next_dagrun for tutorial_dag to None, run_after=None
[2024-10-20T17:12:36.408+0000] {processor.py:179} INFO - Processing /home/airflow/.local/lib/python3.8/site-packages/airflow/example_dags/tutorial_dag.py took 0.080 seconds
[2024-10-20T17:13:06.910+0000] {processor.py:157} INFO - Started process (PID=580) to work on /home/airflow/.local/lib/python3.8/site-packages/airflow/example_dags/tutorial_dag.py
[2024-10-20T17:13:06.911+0000] {processor.py:829} INFO - Processing file /home/airflow/.local/lib/python3.8/site-packages/airflow/example_dags/tutorial_dag.py for tasks to queue
[2024-10-20T17:13:06.913+0000] {logging_mixin.py:154} INFO - [2024-10-20T17:13:06.913+0000] {dagbag.py:536} INFO - Filling up the DagBag from /home/airflow/.local/lib/python3.8/site-packages/airflow/example_dags/tutorial_dag.py
[2024-10-20T17:13:06.918+0000] {processor.py:839} INFO - DAG(s) dict_keys(['tutorial_dag']) retrieved from /home/airflow/.local/lib/python3.8/site-packages/airflow/example_dags/tutorial_dag.py
[2024-10-20T17:13:06.938+0000] {logging_mixin.py:154} INFO - [2024-10-20T17:13:06.938+0000] {dag.py:2941} INFO - Sync 1 DAGs
[2024-10-20T17:13:06.950+0000] {logging_mixin.py:154} INFO - [2024-10-20T17:13:06.950+0000] {dag.py:3722} INFO - Setting next_dagrun for tutorial_dag to None, run_after=None
[2024-10-20T17:13:06.973+0000] {processor.py:179} INFO - Processing /home/airflow/.local/lib/python3.8/site-packages/airflow/example_dags/tutorial_dag.py took 0.066 seconds
[2024-10-20T17:14:36.670+0000] {processor.py:157} INFO - Started process (PID=90) to work on /home/airflow/.local/lib/python3.8/site-packages/airflow/example_dags/tutorial_dag.py
[2024-10-20T17:14:36.671+0000] {processor.py:829} INFO - Processing file /home/airflow/.local/lib/python3.8/site-packages/airflow/example_dags/tutorial_dag.py for tasks to queue
[2024-10-20T17:14:36.674+0000] {logging_mixin.py:154} INFO - [2024-10-20T17:14:36.674+0000] {dagbag.py:536} INFO - Filling up the DagBag from /home/airflow/.local/lib/python3.8/site-packages/airflow/example_dags/tutorial_dag.py
[2024-10-20T17:14:36.685+0000] {processor.py:839} INFO - DAG(s) dict_keys(['tutorial_dag']) retrieved from /home/airflow/.local/lib/python3.8/site-packages/airflow/example_dags/tutorial_dag.py
[2024-10-20T17:14:36.719+0000] {logging_mixin.py:154} INFO - [2024-10-20T17:14:36.719+0000] {dag.py:2941} INFO - Sync 1 DAGs
[2024-10-20T17:14:36.733+0000] {logging_mixin.py:154} INFO - [2024-10-20T17:14:36.732+0000] {dag.py:3722} INFO - Setting next_dagrun for tutorial_dag to None, run_after=None
[2024-10-20T17:14:36.761+0000] {processor.py:179} INFO - Processing /home/airflow/.local/lib/python3.8/site-packages/airflow/example_dags/tutorial_dag.py took 0.094 seconds
[2024-10-20T17:15:07.889+0000] {processor.py:157} INFO - Started process (PID=148) to work on /home/airflow/.local/lib/python3.8/site-packages/airflow/example_dags/tutorial_dag.py
[2024-10-20T17:15:07.891+0000] {processor.py:829} INFO - Processing file /home/airflow/.local/lib/python3.8/site-packages/airflow/example_dags/tutorial_dag.py for tasks to queue
[2024-10-20T17:15:07.893+0000] {logging_mixin.py:154} INFO - [2024-10-20T17:15:07.893+0000] {dagbag.py:536} INFO - Filling up the DagBag from /home/airflow/.local/lib/python3.8/site-packages/airflow/example_dags/tutorial_dag.py
[2024-10-20T17:15:07.900+0000] {processor.py:839} INFO - DAG(s) dict_keys(['tutorial_dag']) retrieved from /home/airflow/.local/lib/python3.8/site-packages/airflow/example_dags/tutorial_dag.py
[2024-10-20T17:15:07.923+0000] {logging_mixin.py:154} INFO - [2024-10-20T17:15:07.923+0000] {dag.py:2941} INFO - Sync 1 DAGs
[2024-10-20T17:15:07.942+0000] {logging_mixin.py:154} INFO - [2024-10-20T17:15:07.941+0000] {dag.py:3722} INFO - Setting next_dagrun for tutorial_dag to None, run_after=None
[2024-10-20T17:15:07.969+0000] {processor.py:179} INFO - Processing /home/airflow/.local/lib/python3.8/site-packages/airflow/example_dags/tutorial_dag.py took 0.083 seconds
[2024-10-20T17:15:38.969+0000] {processor.py:157} INFO - Started process (PID=206) to work on /home/airflow/.local/lib/python3.8/site-packages/airflow/example_dags/tutorial_dag.py
[2024-10-20T17:15:38.971+0000] {processor.py:829} INFO - Processing file /home/airflow/.local/lib/python3.8/site-packages/airflow/example_dags/tutorial_dag.py for tasks to queue
[2024-10-20T17:15:38.973+0000] {logging_mixin.py:154} INFO - [2024-10-20T17:15:38.973+0000] {dagbag.py:536} INFO - Filling up the DagBag from /home/airflow/.local/lib/python3.8/site-packages/airflow/example_dags/tutorial_dag.py
[2024-10-20T17:15:38.979+0000] {processor.py:839} INFO - DAG(s) dict_keys(['tutorial_dag']) retrieved from /home/airflow/.local/lib/python3.8/site-packages/airflow/example_dags/tutorial_dag.py
[2024-10-20T17:15:39.003+0000] {logging_mixin.py:154} INFO - [2024-10-20T17:15:39.002+0000] {dag.py:2941} INFO - Sync 1 DAGs
[2024-10-20T17:15:39.016+0000] {logging_mixin.py:154} INFO - [2024-10-20T17:15:39.016+0000] {dag.py:3722} INFO - Setting next_dagrun for tutorial_dag to None, run_after=None
[2024-10-20T17:15:39.043+0000] {processor.py:179} INFO - Processing /home/airflow/.local/lib/python3.8/site-packages/airflow/example_dags/tutorial_dag.py took 0.077 seconds
[2024-10-20T17:16:09.666+0000] {processor.py:157} INFO - Started process (PID=280) to work on /home/airflow/.local/lib/python3.8/site-packages/airflow/example_dags/tutorial_dag.py
[2024-10-20T17:16:09.667+0000] {processor.py:829} INFO - Processing file /home/airflow/.local/lib/python3.8/site-packages/airflow/example_dags/tutorial_dag.py for tasks to queue
[2024-10-20T17:16:09.669+0000] {logging_mixin.py:154} INFO - [2024-10-20T17:16:09.669+0000] {dagbag.py:536} INFO - Filling up the DagBag from /home/airflow/.local/lib/python3.8/site-packages/airflow/example_dags/tutorial_dag.py
[2024-10-20T17:16:09.674+0000] {processor.py:839} INFO - DAG(s) dict_keys(['tutorial_dag']) retrieved from /home/airflow/.local/lib/python3.8/site-packages/airflow/example_dags/tutorial_dag.py
[2024-10-20T17:16:09.695+0000] {logging_mixin.py:154} INFO - [2024-10-20T17:16:09.695+0000] {dag.py:2941} INFO - Sync 1 DAGs
[2024-10-20T17:16:09.707+0000] {logging_mixin.py:154} INFO - [2024-10-20T17:16:09.707+0000] {dag.py:3722} INFO - Setting next_dagrun for tutorial_dag to None, run_after=None
[2024-10-20T17:16:09.730+0000] {processor.py:179} INFO - Processing /home/airflow/.local/lib/python3.8/site-packages/airflow/example_dags/tutorial_dag.py took 0.067 seconds
[2024-10-20T17:16:40.132+0000] {processor.py:157} INFO - Started process (PID=339) to work on /home/airflow/.local/lib/python3.8/site-packages/airflow/example_dags/tutorial_dag.py
[2024-10-20T17:16:40.133+0000] {processor.py:829} INFO - Processing file /home/airflow/.local/lib/python3.8/site-packages/airflow/example_dags/tutorial_dag.py for tasks to queue
[2024-10-20T17:16:40.135+0000] {logging_mixin.py:154} INFO - [2024-10-20T17:16:40.135+0000] {dagbag.py:536} INFO - Filling up the DagBag from /home/airflow/.local/lib/python3.8/site-packages/airflow/example_dags/tutorial_dag.py
[2024-10-20T17:16:40.139+0000] {processor.py:839} INFO - DAG(s) dict_keys(['tutorial_dag']) retrieved from /home/airflow/.local/lib/python3.8/site-packages/airflow/example_dags/tutorial_dag.py
[2024-10-20T17:16:40.157+0000] {logging_mixin.py:154} INFO - [2024-10-20T17:16:40.157+0000] {dag.py:2941} INFO - Sync 1 DAGs
[2024-10-20T17:16:40.168+0000] {logging_mixin.py:154} INFO - [2024-10-20T17:16:40.168+0000] {dag.py:3722} INFO - Setting next_dagrun for tutorial_dag to None, run_after=None
[2024-10-20T17:16:40.186+0000] {processor.py:179} INFO - Processing /home/airflow/.local/lib/python3.8/site-packages/airflow/example_dags/tutorial_dag.py took 0.057 seconds
